axmlPath: /home/santapark/Extended3/DEEPerence/reEx/sample57.apk@devRoot-D-R.apk.obfuscated_flattened/AndroidManifest.xml
launchable-activity: name='com.mobi.datadesignstudio.FirstScreenActivity'  label='Harit Path' icon=''
{SERVICE, com.mobi.backgroundservice.LocationSharingJobService}
{RECEIVER, com.mobi.backgroundservice.LocationSharingServiceReceiver, android.intent.action.BOOT_COMPLETED}
{SERVICE, com.mobi.backgroundservice.BackgroundLocationTracking}
{ACTIVITY, com.mobi.datadesignstudio.FullScreenImageActivity}
{ACTIVITY, com.mobi.datadesignstudio.HelpActivity}
{ACTIVITY, com.mobi.datadesignstudio.AddGridActivity}
{ACTIVITY, com.mobi.datadesignstudio.FirstScreenActivity, android.intent.action.CALL_PRIVILEGED, android.intent.action.MAIN}
{ACTIVITY, com.mobi.datadesignstudio.MainActivity}
{ACTIVITY, com.mobi.datadesignstudio.LoginActivity}
{ACTIVITY, com.eze.api.EzeAPIActivity}
{ACTIVITY, com.mobi.datadesignstudio.CheckoutActivity}
{ACTIVITY, com.mobi.datadesignstudio.DisplayReportActivity}
{ACTIVITY, com.mobi.datadesignstudio.SurveyTypes}
{ACTIVITY, com.mobi.menu.ChangePassword}
{ACTIVITY, com.mobi.menu.ForgetPassword}
{ACTIVITY, com.mobi.menu.PendingFileList}
{ACTIVITY, com.mobi.datadesignstudio.ShowGridTable}
{ACTIVITY, com.mobi.datadesignstudio.SubMenuActivity}
{ACTIVITY, com.mobi.datadesignstudio.VideoScreenActivity}
{SERVICE, com.mobi.backgroundservice.BackgroundDataSenderService}
{RECEIVER, com.mobi.backgroundservice.MyBroadcCastRecever, android.net.conn.CONNECTIVITY_CHANGE, android.net.wifi.WIFI_STATE_CHANGED, ACTION_SERVICE_STARTED}
{ACTIVITY, com.mobi.datadesignstudio.WebViewReport}
{ACTIVITY, com.mobi.datadesignstudio.NotificationView}
{ACTIVITY, com.mobi.datadesignstudio.UserLocation}
{ACTIVITY, com.mobi.datadesignstudio.RegisterActivity}
{ACTIVITY, com.mobi.datadesignstudio.ValidateOTP}
{ACTIVITY, com.mobi.files.offline.ShowOfflineFileDetails}
{ACTIVITY, com.mobi.paymentUtility.paymentActivity.InitialScreenActivity}
{ACTIVITY, com.mobi.paymentUtility.paymentActivity.StatusActivity}
{ACTIVITY, com.mobi.paymentUtility.paymentActivity.WebViewActivity}
{ACTIVITY, com.mobi.datadesignstudio.MapsActivity}
{SERVICE, com.mobi.Notification.firebase.AppSavyFirebaseMessagingService, com.google.firebase.MESSAGING_EVENT}
{SERVICE, com.mobi.Notification.firebase.AppSavyFirebaseIDService, com.google.firebase.INSTANCE_ID_EVENT}
{ACTIVITY, com.mobi.datadesignstudio.PrinterActivity}
{ACTIVITY, com.mobi.aesPrinter.tempproject.MainActivity}
{ACTIVITY, com.mobi.datadesignstudio.PassCodeActivity}
{SERVICE, com.mobi.backgroundservice.LocationUpdateService}
{ACTIVITY, com.mobi.registration.MobileValidateActivity}
{ACTIVITY, com.mobi.registration.AppSavyLoginActivity}
{ACTIVITY, com.mobi.registration.AppSavySignUp}
{ACTIVITY, com.mobi.registration.AppSavyProfileActivity}
{ACTIVITY, com.mobi.registration.ResetAppSavyPassword}
{ACTIVITY, com.mobi.registration.ChangeAppSavyPassword}
{ACTIVITY, com.mobi.registration.ForgotAppSavyPassword}
{ACTIVITY, com.mobi.registration.ContactAdminActivity}
{ACTIVITY, com.mobi.webVideoPlayer.WebVideoActivity}
{SERVICE, com.mobi.speechtotext.SpeechService}
{ACTIVITY, com.mobi.speechtotext.MobiSpeechText}
{SERVICE, com.google.firebase.messaging.FirebaseMessagingService, com.google.firebase.MESSAGING_EVENT}
{SERVICE, com.google.firebase.components.ComponentDiscoveryService}
{RECEIVER, com.google.android.gms.measurement.AppMeasurementReceiver}
{RECEIVER, com.google.android.gms.measurement.AppMeasurementInstallReferrerReceiver, com.android.vending.INSTALL_REFERRER}
{SERVICE, com.google.android.gms.measurement.AppMeasurementService}
{SERVICE, com.google.android.gms.measurement.AppMeasurementJobService}
{RECEIVER, com.google.firebase.iid.FirebaseInstanceIdReceiver, com.google.android.c2dm.intent.RECEIVE}
{SERVICE, com.google.firebase.iid.FirebaseInstanceIdService, com.google.firebase.INSTANCE_ID_EVENT}
{ACTIVITY, com.google.android.gms.common.api.GoogleApiActivity}
{SERVICE, com.mobi.backgroundservice.LocationSharingJobService}
{RECEIVER, com.mobi.backgroundservice.LocationSharingServiceReceiver, android.intent.action.BOOT_COMPLETED}
{SERVICE, com.mobi.backgroundservice.BackgroundLocationTracking}
{ACTIVITY, com.mobi.datadesignstudio.FullScreenImageActivity}
{ACTIVITY, com.mobi.datadesignstudio.HelpActivity}
{ACTIVITY, com.mobi.datadesignstudio.AddGridActivity}
{ACTIVITY, com.mobi.datadesignstudio.FirstScreenActivity, android.intent.action.CALL_PRIVILEGED, android.intent.action.MAIN}
{ACTIVITY, com.mobi.datadesignstudio.MainActivity}
{ACTIVITY, com.mobi.datadesignstudio.LoginActivity}
{ACTIVITY, com.eze.api.EzeAPIActivity}
{ACTIVITY, com.mobi.datadesignstudio.CheckoutActivity}
{ACTIVITY, com.mobi.datadesignstudio.DisplayReportActivity}
{ACTIVITY, com.mobi.datadesignstudio.SurveyTypes}
{ACTIVITY, com.mobi.menu.ChangePassword}
{ACTIVITY, com.mobi.menu.ForgetPassword}
{ACTIVITY, com.mobi.menu.PendingFileList}
{ACTIVITY, com.mobi.datadesignstudio.ShowGridTable}
{ACTIVITY, com.mobi.datadesignstudio.SubMenuActivity}
{ACTIVITY, com.mobi.datadesignstudio.VideoScreenActivity}
{SERVICE, com.mobi.backgroundservice.BackgroundDataSenderService}
{RECEIVER, com.mobi.backgroundservice.MyBroadcCastRecever, android.net.conn.CONNECTIVITY_CHANGE, android.net.wifi.WIFI_STATE_CHANGED, ACTION_SERVICE_STARTED}
{ACTIVITY, com.mobi.datadesignstudio.WebViewReport}
{ACTIVITY, com.mobi.datadesignstudio.NotificationView}
{ACTIVITY, com.mobi.datadesignstudio.UserLocation}
{ACTIVITY, com.mobi.datadesignstudio.RegisterActivity}
{ACTIVITY, com.mobi.datadesignstudio.ValidateOTP}
{ACTIVITY, com.mobi.files.offline.ShowOfflineFileDetails}
{ACTIVITY, com.mobi.paymentUtility.paymentActivity.InitialScreenActivity}
{ACTIVITY, com.mobi.paymentUtility.paymentActivity.StatusActivity}
{ACTIVITY, com.mobi.paymentUtility.paymentActivity.WebViewActivity}
{ACTIVITY, com.mobi.datadesignstudio.MapsActivity}
{SERVICE, com.mobi.Notification.firebase.AppSavyFirebaseMessagingService, com.google.firebase.MESSAGING_EVENT}
{SERVICE, com.mobi.Notification.firebase.AppSavyFirebaseIDService, com.google.firebase.INSTANCE_ID_EVENT}
{ACTIVITY, com.mobi.datadesignstudio.PrinterActivity}
{ACTIVITY, com.mobi.aesPrinter.tempproject.MainActivity}
{ACTIVITY, com.mobi.datadesignstudio.PassCodeActivity}
{SERVICE, com.mobi.backgroundservice.LocationUpdateService}
{ACTIVITY, com.mobi.registration.MobileValidateActivity}
{ACTIVITY, com.mobi.registration.AppSavyLoginActivity}
{ACTIVITY, com.mobi.registration.AppSavySignUp}
{ACTIVITY, com.mobi.registration.AppSavyProfileActivity}
{ACTIVITY, com.mobi.registration.ResetAppSavyPassword}
{ACTIVITY, com.mobi.registration.ChangeAppSavyPassword}
{ACTIVITY, com.mobi.registration.ForgotAppSavyPassword}
{ACTIVITY, com.mobi.registration.ContactAdminActivity}
{ACTIVITY, com.mobi.webVideoPlayer.WebVideoActivity}
{SERVICE, com.mobi.speechtotext.SpeechService}
{ACTIVITY, com.mobi.speechtotext.MobiSpeechText}
{SERVICE, com.google.firebase.messaging.FirebaseMessagingService, com.google.firebase.MESSAGING_EVENT}
{SERVICE, com.google.firebase.components.ComponentDiscoveryService}
{RECEIVER, com.google.android.gms.measurement.AppMeasurementReceiver}
{RECEIVER, com.google.android.gms.measurement.AppMeasurementInstallReferrerReceiver, com.android.vending.INSTALL_REFERRER}
{SERVICE, com.google.android.gms.measurement.AppMeasurementService}
{SERVICE, com.google.android.gms.measurement.AppMeasurementJobService}
{RECEIVER, com.google.firebase.iid.FirebaseInstanceIdReceiver, com.google.android.c2dm.intent.RECEIVE}
{SERVICE, com.google.firebase.iid.FirebaseInstanceIdService, com.google.firebase.INSTANCE_ID_EVENT}
{ACTIVITY, com.google.android.gms.common.api.GoogleApiActivity}
_getAllDexFiles: /home/santapark/Extended3/DEEPerence/reEx/sample57.apk@devRoot-D-R.apk.obfuscated_flattened/classes.dex
----------------/home/santapark/Extended3/DEEPerence/reEx/sample57.apk@devRoot-D-R.apk.obfuscated_flattened.apk
dexFile = org.jf.dexlib2.dexbacked.DexBackedDexFile@4612b856
com.mobi.NhaiGreenH
com.mobi.datadesignstudio.FirstScreenActivity
debuggable: true
159ceeed: (Not Installed) Trying remove : true
159ceeed: -- Success
3601a6ff: (Not Installed) Trying remove : true
3601a6ff: -- Success
Installing apk: /home/santapark/Extended3/DEEPerence/reEx/sample57.apk@devRoot-D-R.apk.obfuscated_flattened.apk
46604b9f: (Not Installed) Trying remove : true
46604b9f: -- Success
b29e6a69: (Not Installed) Trying remove : true
b29e6a69: -- Success
Installing apk: /home/santapark/Extended3/DEEPerence/reEx/sample57.apk@devRoot-D-R.apk.obfuscated_flattened.apk
Installing apk: /home/santapark/Extended3/DEEPerence/reEx/sample57.apk@devRoot-D-R.apk.obfuscated_flattened.apk
axmlPath: /home/santapark/Extended3/DEEPerence/reEx/sample57.apk@devRoot-D-R.apk.obfuscated_flattened_46604b9f/AndroidManifest.xml
outDir: /home/santapark/Extended3/DEEPerence/reEx/sample57.apk@devRoot-D-R.apk.obfuscated_flattened_46604b9f/sample57.apk@devRoot-D-R.apk.obfuscated_flattened.apk
3601a6ff: Installation Success
159ceeed: Installation Success
b29e6a69: Installation Success
46604b9f: Installing repackaged apk File: 
Installing apk: /home/santapark/Extended3/DEEPerence/reEx/sample57.apk@devRoot-D-R.apk.obfuscated_flattened_46604b9f/signed_sample57.apk@devRoot-D-R.apk.obfuscated_flattened.apk
46604b9f: Installation Success
46604b9f: startApplication called! - devTamper
3601a6ff: startApplication called! - devRef
b29e6a69: startApplication called! - devRoot
159ceeed: startApplication called! - devDebug
159ceeed: Collecting logcat... (/home/santapark/Extended3/DEEPerence/reEx/devDebug_sample57@devRoot-D-R.obfuscated_flattened.ilog)
3601a6ff: Collecting logcat... (/home/santapark/Extended3/DEEPerence/reEx/devRef_sample57@devRoot-D-R.obfuscated_flattened.ilog)
46604b9f: Collecting logcat... (/home/santapark/Extended3/DEEPerence/reEx/devTamper_sample57@devRoot-D-R.obfuscated_flattened.ilog)
b29e6a69: Collecting logcat... (/home/santapark/Extended3/DEEPerence/reEx/devRoot_sample57@devRoot-D-R.obfuscated_flattened.ilog)
46604b9f: Running Application: com.mobi.NhaiGreenH
b29e6a69: Running Application: com.mobi.NhaiGreenH
3601a6ff: Running Application: com.mobi.NhaiGreenH
PIDs--------------------------------------------------------------------------
u0_a215        8643    423 14668248 105840 0                  0 S com.mobi.NhaiGreenH
forward tcp:35535 jdwp:8643
[*]Found JDWP Target: 8643
159ceeed: Running Application: com.mobi.NhaiGreenH
PIDs--------------------------------------------------------------------------
u0_a215        8643    423 14864988 143388 0                  0 S com.mobi.NhaiGreenH
159ceeed: Tryging attach jdb to 8643
jdb -connect com.sun.jdi.SocketAttach:hostname=localhost,port=35535
b29e6a69: Running is done - starting comparing... : 10001
b29e6a69: Terminated logcat thread...by itself
b29e6a69: Top-activity: com.mobi.NhaiGreenH/com.mobi.registration.MobileValidateActivity
PIDs--------------------------------------------------------------------------
u0_a3770       2486    425 14911168 141648 0                  0 S com.mobi.NhaiGreenH
b29e6a69: savedPid = 2486
PIDs--------------------------------------------------------------------------
u0_a3770       2486    425 14911168 141648 0                  0 S com.mobi.NhaiGreenH
b29e6a69: savedPid2 = 2486
Stopping app: com.mobi.NhaiGreenH
Tryging remove : uninstall com.mobi.NhaiGreenH(com.mobi.NhaiGreenH)
b29e6a69: Remove Success
b29e6a69: ilog file size: 23500516
b29e6a69: End of collecting logcat...
46604b9f: Running is done - starting comparing... : 10001
46604b9f: Terminated logcat thread...by itself
46604b9f: Top-activity: com.mobi.NhaiGreenH/com.mobi.registration.MobileValidateActivity
PIDs--------------------------------------------------------------------------
u0_a763       26855    427 15136980 139336 0                  0 S com.mobi.NhaiGreenH
46604b9f: savedPid = 26855
PIDs--------------------------------------------------------------------------
u0_a763       26855    427 15136980 139336 0                  0 S com.mobi.NhaiGreenH
46604b9f: savedPid2 = 26855
Stopping app: com.mobi.NhaiGreenH
Tryging remove : uninstall com.mobi.NhaiGreenH(com.mobi.NhaiGreenH)
46604b9f: Remove Success
46604b9f: ilog file size: 43147469
46604b9f: End of collecting logcat...
3601a6ff: Top-activity: com.mobi.NhaiGreenH/com.mobi.registration.MobileValidateActivity
PIDs--------------------------------------------------------------------------
u0_a236        1171    417 15073560 141352 0                  0 S com.mobi.NhaiGreenH
3601a6ff: savedPid = 1171
3601a6ff: Terminated logcat thread...by itself
PIDs--------------------------------------------------------------------------
u0_a236        1171    417 15073560 141352 0                  0 S com.mobi.NhaiGreenH
3601a6ff: savedPid2 = 1171
Stopping app: com.mobi.NhaiGreenH
Tryging remove : uninstall com.mobi.NhaiGreenH(com.mobi.NhaiGreenH)
3601a6ff: Remove Success
3601a6ff: ilog file size: 44502474
3601a6ff: End of collecting logcat...
159ceeed: Top-activity: com.mobi.NhaiGreenH/com.mobi.registration.MobileValidateActivity
PIDs--------------------------------------------------------------------------
u0_a215        8643    423 14931156 156064 0                  0 S com.mobi.NhaiGreenH
159ceeed: savedPid = 8643
159ceeed: Terminated logcat thread...by itself
PIDs--------------------------------------------------------------------------
u0_a215        8643    423 14931156 156064 0                  0 S com.mobi.NhaiGreenH
159ceeed: savedPid2 = 8643
Stopping app: com.mobi.NhaiGreenH
Tryging remove : uninstall com.mobi.NhaiGreenH(com.mobi.NhaiGreenH)
159ceeed: Remove Success
159ceeed: ilog file size: 45026448
159ceeed: End of collecting logcat...
HPFinder's try count remains: 29
46604b9f: isFailedToLaunch: com.mobi.NhaiGreenH/com.mobi.registration.MobileValidateActivity
46604b9f: 	--result: Good :)
46604b9f: isFailedToLaunch: com.mobi.NhaiGreenH/com.mobi.registration.MobileValidateActivity
46604b9f: 	--result: Good :)
b29e6a69: isFailedToLaunch: com.mobi.NhaiGreenH/com.mobi.registration.MobileValidateActivity
b29e6a69: 	--result: Good :)
b29e6a69: isFailedToLaunch: com.mobi.NhaiGreenH/com.mobi.registration.MobileValidateActivity
b29e6a69: 	--result: Good :)
159ceeed: isFailedToLaunch: com.mobi.NhaiGreenH/com.mobi.registration.MobileValidateActivity
159ceeed: 	--result: Good :)
159ceeed: isFailedToLaunch: com.mobi.NhaiGreenH/com.mobi.registration.MobileValidateActivity
159ceeed: 	--result: Good :)
ExitReason-Code: 1 (/home/santapark/Extended3/DEEPerence/reEx/devRef_sample57@devRoot-D-R.obfuscated_flattened.ilog)
ExitReason-Code: 1 (/home/santapark/Extended3/DEEPerence/reEx/devRef_sample57@devRoot-D-R.obfuscated_flattened.ilog)
ExitReason-Code: 1 (/home/santapark/Extended3/DEEPerence/reEx/devRef_sample57@devRoot-D-R.obfuscated_flattened.ilog)
ExitReason-Code: 1 (/home/santapark/Extended3/DEEPerence/reEx/devRoot_sample57@devRoot-D-R.obfuscated_flattened.ilog)
ExitReason-Code: 1 (/home/santapark/Extended3/DEEPerence/reEx/devTamper_sample57@devRoot-D-R.obfuscated_flattened.ilog)
ExitReason-Code: 1 (/home/santapark/Extended3/DEEPerence/reEx/devDebug_sample57@devRoot-D-R.obfuscated_flattened.ilog)
[*] FlowManager: adjust finished.
Action is completely same :)
android.app.AlertDialog$Builder/show:()Landroid/app/AlertDialog;:6187b4		=(rels)=>		1
[*] Unique action: 1:68398 : <<CALL>> : com.mobi.registration.MobileValidateActivity/rootAlertDialog:()V:6187b4  =>  android.app.AlertDialog$Builder/show:()Landroid/app/AlertDialog;:19e3bc
	1:compareBackwardBranch: 1:66309 : <<BRANCH>> : com.mobi.registration.MobileValidateActivity/onCreate:(Landroid/os/Bundle;)V:61335a  =>  com.mobi.registration.MobileValidateActivity/onCreate:(Landroid/os/Bundle;)V:61336e
Entry: 6132b8
com.mobi.registration.MobileValidateActivity/onCreate:(Landroid/os/Bundle;)V: 61335a -> 61336e
		com.mobi.registration.MobileValidateActivity/onCreate:(Landroid/os/Bundle;)V: a2 -> b6
addPatchReadme: java.lang.Class<com.mobi.registration.MobileValidateActivity>onCreate(Landroid/os/Bundle;)V a2 t
b29e6a69: [+] Patches found in this round: 1
b29e6a69: [*] Found Patch size: 1
ExitReason-Code: 1 (/home/santapark/Extended3/DEEPerence/reEx/devRoot_sample57@devRoot-D-R.obfuscated_flattened.ilog)
b29e6a69: 	@@@Found patch addr: 61336a
b29e6a69: Querying offset: 61335a
b29e6a69: 	--Add method name to patch = com.mobi.registration.MobileValidateActivity/onCreate:(Landroid/os/Bundle;)V 	61335a
[*] FlowManager: adjust finished.
Action is completely same :)
Action is completely same :)
46604b9f: There is no difference. (tryAgain=false)
[*] FlowManager: adjust finished.
Action is completely same :)
Action is completely same :)
159ceeed: There is no difference. (tryAgain=false)
Devices presenting anti-analysis: 
	devRoot
b29e6a69: patching method: com.mobi.registration.MobileValidateActivity/onCreate:(Landroid/os/Bundle;)V
b29e6a69: outDir - /home/santapark/Extended3/DEEPerence/reEx/sample57.apk@devRoot-D-R.apk.obfuscated_flattened_devRoot
Wow!!!!!  --  com.mobi.registration.MobileValidateActivity/onCreate:(Landroid/os/Bundle;)V
fallthrough: a8
branchTarget: b6
label = sswitch_data_1
GOTO -- a8 	b6
axmlPath: /home/santapark/Extended3/DEEPerence/reEx/sample57.apk@devRoot-D-R.apk.obfuscated_flattened_devRoot/AndroidManifest.xml
outDir: /home/santapark/Extended3/DEEPerence/reEx/sample57.apk@devRoot-D-R.apk.obfuscated_flattened_devRoot/sample57.apk@devRoot-D-R.apk.obfuscated_flattened.apk
b29e6a69: Patched APK File: /home/santapark/Extended3/DEEPerence/reEx/sample57.apk@devRoot-D-R.apk.obfuscated_flattened_devRoot/signed_sample57.apk@devRoot-D-R.apk.obfuscated_flattened.apk
b29e6a69: First address of Lcom/mobi/registration/MobileValidateActivity;->onCreate(Landroid/os/Bundle;)V = 6132c8
b29e6a69: Address - Lcom/mobi/registration/MobileValidateActivity;->onCreate(Landroid/os/Bundle;)V@a2	 lastOffset = 5b8
b29e6a69: Instruction@@: SPARSE_SWITCH
b29e6a69: (Not Installed) Trying remove : true
Installing apk: /home/santapark/Extended3/DEEPerence/reEx/sample57.apk@devRoot-D-R.apk.obfuscated_flattened_devRoot/signed_sample57.apk@devRoot-D-R.apk.obfuscated_flattened.apk
b29e6a69: Installation Success
b29e6a69: startApplication called! - devRoot
b29e6a69: Collecting logcat... (/home/santapark/Extended3/DEEPerence/reEx/devRoot_sample57@devRoot-D-R.obfuscated_flattened.ilog)
b29e6a69: Running Application: com.mobi.NhaiGreenH
b29e6a69: Running is done - starting comparing... : 10001
b29e6a69: Terminated logcat thread...by itself
b29e6a69: Top-activity: com.android.launcher3/.Launcher
PIDs--------------------------------------------------------------------------
b29e6a69: savedPid = null
PIDs--------------------------------------------------------------------------
b29e6a69: savedPid2 = null
Stopping app: com.mobi.NhaiGreenH
Tryging remove : uninstall com.mobi.NhaiGreenH(com.mobi.NhaiGreenH)
b29e6a69: Remove Success
b29e6a69: ilog file size: 23506223
b29e6a69: End of collecting logcat...
HPFinder's try count remains: 28
b29e6a69: isFailedToLaunch: com.android.launcher3/.Launcher
b29e6a69: 	--result: Failed :( (1)
b29e6a69: /home/santapark/Extended3/DEEPerence/reEx/sample57.apk@devRoot-D-R.apk.obfuscated_flattened.apk launch is failed on devRoot
b29e6a69: Failed Patch: 61336a
b29e6a69: isFailedToLaunch: com.android.launcher3/.Launcher
b29e6a69: 	--result: Failed :( (1)
[*] FlowManager: adjust finished.
-- current localPatchFilter: 61335a
Action is completely same :)
android.app.AlertDialog$Builder/show:()Landroid/app/AlertDialog;:6187b4		=(rels)=>		1
[*] Unique action: 1:68398 : <<CALL>> : com.mobi.registration.MobileValidateActivity/rootAlertDialog:()V:6187b4  =>  android.app.AlertDialog$Builder/show:()Landroid/app/AlertDialog;:19e3bc
	1:compareBackwardBranch: 1:66311 : <<BRANCH>> : com.mobi.registration.MobileValidateActivity/onCreate:(Landroid/os/Bundle;)V:613382  =>  com.mobi.registration.MobileValidateActivity/onCreate:(Landroid/os/Bundle;)V:61338a
Entry: 6132b8
com.mobi.registration.MobileValidateActivity/onCreate:(Landroid/os/Bundle;)V: 613382 -> 61338a
		com.mobi.registration.MobileValidateActivity/onCreate:(Landroid/os/Bundle;)V: ca -> d2
addPatchReadme: java.lang.Class<com.mobi.registration.MobileValidateActivity>onCreate(Landroid/os/Bundle;)V ca t
b29e6a69: [+] Patches found in this round: 1
b29e6a69: [*] Found Patch size: 1
ExitReason-Code: 1 (/home/santapark/Extended3/DEEPerence/reEx/devRoot_sample57@devRoot-D-R.obfuscated_flattened.ilog)
b29e6a69: @@localPatchFilter -- 61336a
b29e6a69: 	@@@Found patch addr: 613392
b29e6a69: Querying offset: 613382
b29e6a69: 	--Add method name to patch = com.mobi.registration.MobileValidateActivity/onCreate:(Landroid/os/Bundle;)V 	613382
Devices presenting anti-analysis: 
	devRoot
b29e6a69: patching method: com.mobi.registration.MobileValidateActivity/onCreate:(Landroid/os/Bundle;)V
b29e6a69: outDir - /home/santapark/Extended3/DEEPerence/reEx/sample57.apk@devRoot-D-R.apk.obfuscated_flattened_devRoot
Wow!!!!!  --  com.mobi.registration.MobileValidateActivity/onCreate:(Landroid/os/Bundle;)V
fallthrough: d0
branchTarget: d2
label = sswitch_data_2
GOTO -- d0 	d2
axmlPath: /home/santapark/Extended3/DEEPerence/reEx/sample57.apk@devRoot-D-R.apk.obfuscated_flattened_devRoot/AndroidManifest.xml
outDir: /home/santapark/Extended3/DEEPerence/reEx/sample57.apk@devRoot-D-R.apk.obfuscated_flattened_devRoot/sample57.apk@devRoot-D-R.apk.obfuscated_flattened.apk
b29e6a69: Patched APK File: /home/santapark/Extended3/DEEPerence/reEx/sample57.apk@devRoot-D-R.apk.obfuscated_flattened_devRoot/signed_sample57.apk@devRoot-D-R.apk.obfuscated_flattened.apk
b29e6a69: First address of Lcom/mobi/registration/MobileValidateActivity;->onCreate(Landroid/os/Bundle;)V = 6132c8
b29e6a69: Address - Lcom/mobi/registration/MobileValidateActivity;->onCreate(Landroid/os/Bundle;)V@ca	 lastOffset = 5b8
b29e6a69: Instruction@@: SPARSE_SWITCH
b29e6a69: (Not Installed) Trying remove : true
Installing apk: /home/santapark/Extended3/DEEPerence/reEx/sample57.apk@devRoot-D-R.apk.obfuscated_flattened_devRoot/signed_sample57.apk@devRoot-D-R.apk.obfuscated_flattened.apk
b29e6a69: Installation Success
b29e6a69: startApplication called! - devRoot
b29e6a69: Collecting logcat... (/home/santapark/Extended3/DEEPerence/reEx/devRoot_sample57@devRoot-D-R.obfuscated_flattened.ilog)
b29e6a69: Running Application: com.mobi.NhaiGreenH
b29e6a69: Running is done - starting comparing... : 10001
b29e6a69: Terminated logcat thread...by itself
b29e6a69: Top-activity: com.android.launcher3/.Launcher
PIDs--------------------------------------------------------------------------
b29e6a69: savedPid = null
PIDs--------------------------------------------------------------------------
b29e6a69: savedPid2 = null
Stopping app: com.mobi.NhaiGreenH
Tryging remove : uninstall com.mobi.NhaiGreenH(com.mobi.NhaiGreenH)
b29e6a69: Remove Success
b29e6a69: ilog file size: 24225812
b29e6a69: End of collecting logcat...
HPFinder's try count remains: 27
b29e6a69: isFailedToLaunch: com.android.launcher3/.Launcher
b29e6a69: 	--result: Failed :( (1)
b29e6a69: /home/santapark/Extended3/DEEPerence/reEx/sample57.apk@devRoot-D-R.apk.obfuscated_flattened.apk launch is failed on devRoot
b29e6a69: Failed Patch: 613392
b29e6a69: isFailedToLaunch: com.android.launcher3/.Launcher
b29e6a69: 	--result: Failed :( (1)
[*] FlowManager: adjust finished.
-- current localPatchFilter: 613382
-- current localPatchFilter: 61335a
Action is completely same :)
android.app.AlertDialog$Builder/show:()Landroid/app/AlertDialog;:6187b4		=(rels)=>		1
[*] Unique action: 1:68398 : <<CALL>> : com.mobi.registration.MobileValidateActivity/rootAlertDialog:()V:6187b4  =>  android.app.AlertDialog$Builder/show:()Landroid/app/AlertDialog;:19e3bc
	1:compareBackwardBranch: 1:66313 : <<BRANCH>> : com.mobi.registration.MobileValidateActivity/onCreate:(Landroid/os/Bundle;)V:61339e  =>  com.mobi.registration.MobileValidateActivity/onCreate:(Landroid/os/Bundle;)V:6133b8
Entry: 6132b8
com.mobi.registration.MobileValidateActivity/onCreate:(Landroid/os/Bundle;)V: 61339e -> 6133b8
		com.mobi.registration.MobileValidateActivity/onCreate:(Landroid/os/Bundle;)V: e6 -> 100
addPatchReadme: java.lang.Class<com.mobi.registration.MobileValidateActivity>onCreate(Landroid/os/Bundle;)V e6 t
b29e6a69: [+] Patches found in this round: 1
b29e6a69: [*] Found Patch size: 1
ExitReason-Code: 1 (/home/santapark/Extended3/DEEPerence/reEx/devRoot_sample57@devRoot-D-R.obfuscated_flattened.ilog)
b29e6a69: @@localPatchFilter -- 613392
b29e6a69: @@localPatchFilter -- 61336a
b29e6a69: 	@@@Found patch addr: 6133ae
b29e6a69: Querying offset: 61339e
b29e6a69: 	--Add method name to patch = com.mobi.registration.MobileValidateActivity/onCreate:(Landroid/os/Bundle;)V 	61339e
Devices presenting anti-analysis: 
	devRoot
b29e6a69: patching method: com.mobi.registration.MobileValidateActivity/onCreate:(Landroid/os/Bundle;)V
b29e6a69: outDir - /home/santapark/Extended3/DEEPerence/reEx/sample57.apk@devRoot-D-R.apk.obfuscated_flattened_devRoot
Wow!!!!!  --  com.mobi.registration.MobileValidateActivity/onCreate:(Landroid/os/Bundle;)V
fallthrough: ec
branchTarget: 100
label = sswitch_data_3
GOTO -- ec 	100
axmlPath: /home/santapark/Extended3/DEEPerence/reEx/sample57.apk@devRoot-D-R.apk.obfuscated_flattened_devRoot/AndroidManifest.xml
outDir: /home/santapark/Extended3/DEEPerence/reEx/sample57.apk@devRoot-D-R.apk.obfuscated_flattened_devRoot/sample57.apk@devRoot-D-R.apk.obfuscated_flattened.apk
b29e6a69: Patched APK File: /home/santapark/Extended3/DEEPerence/reEx/sample57.apk@devRoot-D-R.apk.obfuscated_flattened_devRoot/signed_sample57.apk@devRoot-D-R.apk.obfuscated_flattened.apk
b29e6a69: First address of Lcom/mobi/registration/MobileValidateActivity;->onCreate(Landroid/os/Bundle;)V = 6132c8
b29e6a69: Address - Lcom/mobi/registration/MobileValidateActivity;->onCreate(Landroid/os/Bundle;)V@e6	 lastOffset = 5b8
b29e6a69: Instruction@@: SPARSE_SWITCH
b29e6a69: (Not Installed) Trying remove : true
Installing apk: /home/santapark/Extended3/DEEPerence/reEx/sample57.apk@devRoot-D-R.apk.obfuscated_flattened_devRoot/signed_sample57.apk@devRoot-D-R.apk.obfuscated_flattened.apk
b29e6a69: Installation Success
b29e6a69: startApplication called! - devRoot
b29e6a69: Collecting logcat... (/home/santapark/Extended3/DEEPerence/reEx/devRoot_sample57@devRoot-D-R.obfuscated_flattened.ilog)
b29e6a69: Running Application: com.mobi.NhaiGreenH
b29e6a69: Running is done - starting comparing... : 10001
b29e6a69: Terminated logcat thread...by itself
b29e6a69: Top-activity: com.android.launcher3/.Launcher
PIDs--------------------------------------------------------------------------
b29e6a69: savedPid = null
PIDs--------------------------------------------------------------------------
b29e6a69: savedPid2 = null
Stopping app: com.mobi.NhaiGreenH
Tryging remove : uninstall com.mobi.NhaiGreenH(com.mobi.NhaiGreenH)
b29e6a69: Remove Success
b29e6a69: ilog file size: 25394076
b29e6a69: End of collecting logcat...
HPFinder's try count remains: 26
b29e6a69: isFailedToLaunch: com.android.launcher3/.Launcher
b29e6a69: 	--result: Failed :( (1)
b29e6a69: /home/santapark/Extended3/DEEPerence/reEx/sample57.apk@devRoot-D-R.apk.obfuscated_flattened.apk launch is failed on devRoot
b29e6a69: Failed Patch: 6133ae
b29e6a69: isFailedToLaunch: com.android.launcher3/.Launcher
b29e6a69: 	--result: Failed :( (1)
[*] FlowManager: adjust finished.
-- current localPatchFilter: 613382
-- current localPatchFilter: 61335a
-- current localPatchFilter: 61339e
Action is completely same :)
android.app.AlertDialog$Builder/show:()Landroid/app/AlertDialog;:6187b4		=(rels)=>		1
[*] Unique action: 1:68398 : <<CALL>> : com.mobi.registration.MobileValidateActivity/rootAlertDialog:()V:6187b4  =>  android.app.AlertDialog$Builder/show:()Landroid/app/AlertDialog;:19e3bc
	1:compareBackwardBranch: 1:164792 : <<BRANCH>> : com.mobi.registration.MobileValidateActivity/onCreate:(Landroid/os/Bundle;)V:6133ca  =>  com.mobi.registration.MobileValidateActivity/onCreate:(Landroid/os/Bundle;)V:6133b2
Entry: 6132b8
com.mobi.registration.MobileValidateActivity/onCreate:(Landroid/os/Bundle;)V: 6133ca -> 6133b2
		com.mobi.registration.MobileValidateActivity/onCreate:(Landroid/os/Bundle;)V: 112 -> fa
addPatchReadme: java.lang.Class<com.mobi.registration.MobileValidateActivity>onCreate(Landroid/os/Bundle;)V 112 t
b29e6a69: [+] Patches found in this round: 1
b29e6a69: [*] Found Patch size: 1
ExitReason-Code: 1 (/home/santapark/Extended3/DEEPerence/reEx/devRoot_sample57@devRoot-D-R.obfuscated_flattened.ilog)
b29e6a69: @@localPatchFilter -- 613392
b29e6a69: @@localPatchFilter -- 61336a
b29e6a69: @@localPatchFilter -- 6133ae
b29e6a69: 	@@@Found patch addr: 6133da
b29e6a69: Querying offset: 6133ca
b29e6a69: 	--Add method name to patch = com.mobi.registration.MobileValidateActivity/onCreate:(Landroid/os/Bundle;)V 	6133ca
Devices presenting anti-analysis: 
	devRoot
b29e6a69: patching method: com.mobi.registration.MobileValidateActivity/onCreate:(Landroid/os/Bundle;)V
b29e6a69: outDir - /home/santapark/Extended3/DEEPerence/reEx/sample57.apk@devRoot-D-R.apk.obfuscated_flattened_devRoot
Wow!!!!!  --  com.mobi.registration.MobileValidateActivity/onCreate:(Landroid/os/Bundle;)V
fallthrough: 116
branchTarget: fa
label = cond_0
GOTO -- 116 	fa
axmlPath: /home/santapark/Extended3/DEEPerence/reEx/sample57.apk@devRoot-D-R.apk.obfuscated_flattened_devRoot/AndroidManifest.xml
outDir: /home/santapark/Extended3/DEEPerence/reEx/sample57.apk@devRoot-D-R.apk.obfuscated_flattened_devRoot/sample57.apk@devRoot-D-R.apk.obfuscated_flattened.apk
b29e6a69: Patched APK File: /home/santapark/Extended3/DEEPerence/reEx/sample57.apk@devRoot-D-R.apk.obfuscated_flattened_devRoot/signed_sample57.apk@devRoot-D-R.apk.obfuscated_flattened.apk
b29e6a69: First address of Lcom/mobi/registration/MobileValidateActivity;->onCreate(Landroid/os/Bundle;)V = 6132c8
b29e6a69: Address - Lcom/mobi/registration/MobileValidateActivity;->onCreate(Landroid/os/Bundle;)V@112	 lastOffset = 5b8
b29e6a69: Instruction@@: IF_EQZ
b29e6a69: (Not Installed) Trying remove : true
Installing apk: /home/santapark/Extended3/DEEPerence/reEx/sample57.apk@devRoot-D-R.apk.obfuscated_flattened_devRoot/signed_sample57.apk@devRoot-D-R.apk.obfuscated_flattened.apk
b29e6a69: Installation Success
b29e6a69: startApplication called! - devRoot
b29e6a69: Collecting logcat... (/home/santapark/Extended3/DEEPerence/reEx/devRoot_sample57@devRoot-D-R.obfuscated_flattened.ilog)
b29e6a69: Running Application: com.mobi.NhaiGreenH
b29e6a69: Running is done - starting comparing... : 10001
b29e6a69: Terminated logcat thread...by itself
b29e6a69: Top-activity: com.mobi.NhaiGreenH/com.mobi.registration.MobileValidateActivity
PIDs--------------------------------------------------------------------------
u0_a3774       2975    425 14967080 140164 0                  0 S com.mobi.NhaiGreenH
b29e6a69: savedPid = 2975
PIDs--------------------------------------------------------------------------
u0_a3774       2975    425 14967080 140164 0                  0 S com.mobi.NhaiGreenH
b29e6a69: savedPid2 = 2975
Stopping app: com.mobi.NhaiGreenH
Tryging remove : uninstall com.mobi.NhaiGreenH(com.mobi.NhaiGreenH)
b29e6a69: Remove Success
b29e6a69: ilog file size: 22608995
b29e6a69: End of collecting logcat...
HPFinder's try count remains: 25
b29e6a69: isFailedToLaunch: com.mobi.NhaiGreenH/com.mobi.registration.MobileValidateActivity
b29e6a69: 	--result: Good :)
b29e6a69: isFailedToLaunch: com.mobi.NhaiGreenH/com.mobi.registration.MobileValidateActivity
b29e6a69: 	--result: Good :)
ExitReason-Code: 1 (/home/santapark/Extended3/DEEPerence/reEx/devRef_sample57@devRoot-D-R.obfuscated_flattened.ilog)
ExitReason-Code: 1 (/home/santapark/Extended3/DEEPerence/reEx/devRoot_sample57@devRoot-D-R.obfuscated_flattened.ilog)
b29e6a69: adding filter -- 6133ca
[*] FlowManager: adjust finished.
-- current localPatchFilter: 6133ca
Action is completely same :)
Action is completely same :)
b29e6a69: There is no difference. (tryAgain=false)
-- HPFinder will be done in this iteration :)
hasAntiAnalysis? - devTamper: false on com.mobi.datadesignstudio.FirstScreenActivity
hasAntiAnalysis? - devRoot: true on com.mobi.datadesignstudio.FirstScreenActivity
	isRemovedThem? - devRoot: true on com.mobi.datadesignstudio.FirstScreenActivity	-	tryCount: 4
hasAntiAnalysis? - devDebug: false on com.mobi.datadesignstudio.FirstScreenActivity
*****REPORT: com.mobi.NhaiGreenH
* Package name: com.mobi.NhaiGreenH
* Running time: 428
* FileSize: 9478509
devTamper : 43147469
devRef : 44502474
devRoot : 22608995
devDebug : 45026448
hasAntiAnalysis? - devTamper: false on com.mobi.datadesignstudio.FirstScreenActivity
hasAntiAnalysis? - devRoot: true on com.mobi.datadesignstudio.FirstScreenActivity
	isRemovedThem? - devRoot: true on com.mobi.datadesignstudio.FirstScreenActivity	-	tryCount: 4
hasAntiAnalysis? - devDebug: false on com.mobi.datadesignstudio.FirstScreenActivity
46604b9f: trying remove : com.mobi.NhaiGreenH
3601a6ff: trying remove : com.mobi.NhaiGreenH
b29e6a69: trying remove : com.mobi.NhaiGreenH
159ceeed: trying remove : com.mobi.NhaiGreenH
159ceeed: (Not Installed) Trying remove : true
159ceeed: -- Success
159ceeed: result = true
3601a6ff: (Not Installed) Trying remove : true
3601a6ff: -- Success
3601a6ff: result = true
46604b9f: (Not Installed) Trying remove : true
46604b9f: -- Success
46604b9f: result = true
b29e6a69: (Not Installed) Trying remove : true
b29e6a69: -- Success
b29e6a69: result = true
3601a6ff: isFailedToLaunch: com.mobi.NhaiGreenH/com.mobi.registration.MobileValidateActivity
3601a6ff: 	--result: Good :)
