axmlPath: /home/santapark/Extended3/DEEPerence/reEx/9db8f07d24eab6e1a477ec5d0a233a70a50dc2e4f03281ef462d58b57dd6705a.apk@devRoot-D-R.apk.obfuscated/AndroidManifest.xml
launchable-activity: name='com.z4mod.z4root.z4root'  label='z4root' icon=''
{ACTIVITY, z4root, android.intent.action.MAIN}
{ACTIVITY, Phase1}
{ACTIVITY, Phase2}
{ACTIVITY, PhaseRemove}
{ACTIVITY, com.admob.android.ads.AdMobActivity}
{ACTIVITY, z4root, android.intent.action.MAIN}
{ACTIVITY, Phase1}
{ACTIVITY, Phase2}
{ACTIVITY, PhaseRemove}
{ACTIVITY, com.admob.android.ads.AdMobActivity}
_getAllDexFiles: /home/santapark/Extended3/DEEPerence/reEx/9db8f07d24eab6e1a477ec5d0a233a70a50dc2e4f03281ef462d58b57dd6705a.apk@devRoot-D-R.apk.obfuscated/classes.dex
----------------/home/santapark/Extended3/DEEPerence/reEx/9db8f07d24eab6e1a477ec5d0a233a70a50dc2e4f03281ef462d58b57dd6705a.apk@devRoot-D-R.apk.obfuscated.apk
dexFile = org.jf.dexlib2.dexbacked.DexBackedDexFile@1dfe2924
com.z4mod.z4root
com.z4mod.z4root.z4root
debuggable: false
b29e6a69: (Not Installed) Trying remove : true
b29e6a69: -- Success
159ceeed: (Not Installed) Trying remove : true
159ceeed: -- Success
46604b9f: (Not Installed) Trying remove : true
46604b9f: -- Success
3601a6ff: (Not Installed) Trying remove : true
3601a6ff: -- Success
Installing apk: /home/santapark/Extended3/DEEPerence/reEx/9db8f07d24eab6e1a477ec5d0a233a70a50dc2e4f03281ef462d58b57dd6705a.apk@devRoot-D-R.apk.obfuscated.apk
Installing apk: /home/santapark/Extended3/DEEPerence/reEx/9db8f07d24eab6e1a477ec5d0a233a70a50dc2e4f03281ef462d58b57dd6705a.apk@devRoot-D-R.apk.obfuscated.apk
Installing apk: /home/santapark/Extended3/DEEPerence/reEx/9db8f07d24eab6e1a477ec5d0a233a70a50dc2e4f03281ef462d58b57dd6705a.apk@devRoot-D-R.apk.obfuscated.apk
axmlPath: /home/santapark/Extended3/DEEPerence/reEx/9db8f07d24eab6e1a477ec5d0a233a70a50dc2e4f03281ef462d58b57dd6705a.apk@devRoot-D-R.apk.obfuscated_46604b9f/AndroidManifest.xml
outDir: /home/santapark/Extended3/DEEPerence/reEx/9db8f07d24eab6e1a477ec5d0a233a70a50dc2e4f03281ef462d58b57dd6705a.apk@devRoot-D-R.apk.obfuscated_46604b9f/9db8f07d24eab6e1a477ec5d0a233a70a50dc2e4f03281ef462d58b57dd6705a.apk@devRoot-D-R.apk.obfuscated.apk
46604b9f: Installing repackaged apk File: 
Installing apk: /home/santapark/Extended3/DEEPerence/reEx/9db8f07d24eab6e1a477ec5d0a233a70a50dc2e4f03281ef462d58b57dd6705a.apk@devRoot-D-R.apk.obfuscated_46604b9f/signed_9db8f07d24eab6e1a477ec5d0a233a70a50dc2e4f03281ef462d58b57dd6705a.apk@devRoot-D-R.apk.obfuscated.apk
159ceeed: Installation Success
3601a6ff: Installation Success
b29e6a69: Installation Success
46604b9f: Installation Success
46604b9f: startApplication called! - devTamper
3601a6ff: startApplication called! - devRef
b29e6a69: startApplication called! - devRoot
159ceeed: startApplication called! - devDebug
3601a6ff: Collecting logcat... (/home/santapark/Extended3/DEEPerence/reEx/devRef_9db8f07d24eab6e1a477ec5d0a233a70a50dc2e4f03281ef462d58b57dd6705a@devRoot-D-R.obfuscated.ilog)
b29e6a69: Collecting logcat... (/home/santapark/Extended3/DEEPerence/reEx/devRoot_9db8f07d24eab6e1a477ec5d0a233a70a50dc2e4f03281ef462d58b57dd6705a@devRoot-D-R.obfuscated.ilog)
46604b9f: Collecting logcat... (/home/santapark/Extended3/DEEPerence/reEx/devTamper_9db8f07d24eab6e1a477ec5d0a233a70a50dc2e4f03281ef462d58b57dd6705a@devRoot-D-R.obfuscated.ilog)
159ceeed: Collecting logcat... (/home/santapark/Extended3/DEEPerence/reEx/devDebug_9db8f07d24eab6e1a477ec5d0a233a70a50dc2e4f03281ef462d58b57dd6705a@devRoot-D-R.obfuscated.ilog)
b29e6a69: Running Application: com.z4mod.z4root
46604b9f: Running Application: com.z4mod.z4root
3601a6ff: Running Application: com.z4mod.z4root
PIDs--------------------------------------------------------------------------
u0_a828        2571    424 1036380 104444 0                   0 S com.z4mod.z4root:three
forward tcp:35535 jdwp:2571
[*]Found JDWP Target: 2571
159ceeed: Running Application: com.z4mod.z4root
3601a6ff: Running is done - starting comparing... : 10001
3601a6ff: Terminated logcat thread...by itself
b29e6a69: Running is done - starting comparing... : 10001
b29e6a69: Terminated logcat thread...by itself
159ceeed: Running is done - starting comparing... : 10001
159ceeed: Terminated logcat thread...by itself
46604b9f: Running is done - starting comparing... : 10001
46604b9f: Terminated logcat thread...by itself
46604b9f: Top-activity: com.z4mod.z4root/.z4root
3601a6ff: Top-activity: com.z4mod.z4root/.z4root
PIDs--------------------------------------------------------------------------
u0_a362       31909    426 1035428 101452 0                   0 S com.z4mod.z4root:three
46604b9f: savedPid = 31909
PIDs--------------------------------------------------------------------------
u0_a407         812    415 1034884 100536 0                   0 S com.z4mod.z4root:three
3601a6ff: savedPid = 812
159ceeed: Top-activity: com.z4mod.z4root/.z4root
PIDs--------------------------------------------------------------------------
u0_a362       31909    426 1035428 101452 0                   0 S com.z4mod.z4root:three
46604b9f: savedPid2 = 31909
Stopping app: com.z4mod.z4root
PIDs--------------------------------------------------------------------------
u0_a828        2571    424 1036400 103504 0                   0 S com.z4mod.z4root:three
159ceeed: savedPid = 2571
PIDs--------------------------------------------------------------------------
u0_a407         812    415 1034884 100536 0                   0 S com.z4mod.z4root:three
3601a6ff: savedPid2 = 812
Stopping app: com.z4mod.z4root
PIDs--------------------------------------------------------------------------
u0_a828        2571    424 1036400 103504 0                   0 S com.z4mod.z4root:three
159ceeed: savedPid2 = 2571
Stopping app: com.z4mod.z4root
b29e6a69: Top-activity: com.z4mod.z4root/.z4root
PIDs--------------------------------------------------------------------------
u0_a497       31292    431 1038828 106100 0                   0 S com.z4mod.z4root:three
b29e6a69: savedPid = 31292
PIDs--------------------------------------------------------------------------
u0_a497       31292    431 1038828 106100 0                   0 S com.z4mod.z4root:three
b29e6a69: savedPid2 = 31292
Stopping app: com.z4mod.z4root
Tryging remove : uninstall com.z4mod.z4root(com.z4mod.z4root)
3601a6ff: Remove Success
3601a6ff: ilog file size: 2515955
3601a6ff: End of collecting logcat...
Tryging remove : uninstall com.z4mod.z4root(com.z4mod.z4root)
159ceeed: Remove Success
159ceeed: ilog file size: 2515230
159ceeed: End of collecting logcat...
Tryging remove : uninstall com.z4mod.z4root(com.z4mod.z4root)
46604b9f: Remove Success
46604b9f: ilog file size: 2515230
46604b9f: End of collecting logcat...
Tryging remove : uninstall com.z4mod.z4root(com.z4mod.z4root)
b29e6a69: Remove Success
b29e6a69: ilog file size: 2540142
b29e6a69: End of collecting logcat...
HPFinder's try count remains: 29
Target PID : 812
Target PID : 812
Target PID : 812
ExitReason-Code: 1 (/home/santapark/Extended3/DEEPerence/reEx/devRef_9db8f07d24eab6e1a477ec5d0a233a70a50dc2e4f03281ef462d58b57dd6705a@devRoot-D-R.obfuscated.ilog)
Target PID : 31909
ExitReason-Code: 1 (/home/santapark/Extended3/DEEPerence/reEx/devRef_9db8f07d24eab6e1a477ec5d0a233a70a50dc2e4f03281ef462d58b57dd6705a@devRoot-D-R.obfuscated.ilog)
Target PID : 31292
ExitReason-Code: 1 (/home/santapark/Extended3/DEEPerence/reEx/devRef_9db8f07d24eab6e1a477ec5d0a233a70a50dc2e4f03281ef462d58b57dd6705a@devRoot-D-R.obfuscated.ilog)
Target PID : 2571
ExitReason-Code: 1 (/home/santapark/Extended3/DEEPerence/reEx/devTamper_9db8f07d24eab6e1a477ec5d0a233a70a50dc2e4f03281ef462d58b57dd6705a@devRoot-D-R.obfuscated.ilog)
ExitReason-Code: 1 (/home/santapark/Extended3/DEEPerence/reEx/devRoot_9db8f07d24eab6e1a477ec5d0a233a70a50dc2e4f03281ef462d58b57dd6705a@devRoot-D-R.obfuscated.ilog)
ExitReason-Code: 1 (/home/santapark/Extended3/DEEPerence/reEx/devDebug_9db8f07d24eab6e1a477ec5d0a233a70a50dc2e4f03281ef462d58b57dd6705a@devRoot-D-R.obfuscated.ilog)
[*] FlowManager: adjust finished.
Action is completely same :)
Action is completely same :)
46604b9f: There is no difference. (tryAgain=false)
[*] FlowManager: adjust finished.
Action is completely same :)
Action is completely same :)
b29e6a69: There is no difference. (tryAgain=false)
[*] FlowManager: adjust finished.
Action is completely same :)
Action is completely same :)
159ceeed: There is no difference. (tryAgain=false)
-- HPFinder will be done in this iteration :)
hasAntiAnalysis? - devTamper: false on com.z4mod.z4root.z4root
hasAntiAnalysis? - devRoot: false on com.z4mod.z4root.z4root
hasAntiAnalysis? - devDebug: false on com.z4mod.z4root.z4root
*****REPORT: com.z4mod.z4root
* Package name: com.z4mod.z4root
* Running time: 28
* FileSize: 1133100
devTamper : 2515230
devRef : 2515955
devRoot : 2540142
devDebug : 2515230
hasAntiAnalysis? - devTamper: false on com.z4mod.z4root.z4root
hasAntiAnalysis? - devRoot: false on com.z4mod.z4root.z4root
hasAntiAnalysis? - devDebug: false on com.z4mod.z4root.z4root
46604b9f: trying remove : com.z4mod.z4root
3601a6ff: trying remove : com.z4mod.z4root
b29e6a69: trying remove : com.z4mod.z4root
159ceeed: trying remove : com.z4mod.z4root
159ceeed: (Not Installed) Trying remove : true
159ceeed: -- Success
159ceeed: result = true
46604b9f: (Not Installed) Trying remove : true
46604b9f: -- Success
46604b9f: result = true
b29e6a69: (Not Installed) Trying remove : true
b29e6a69: -- Success
b29e6a69: result = true
3601a6ff: (Not Installed) Trying remove : true
3601a6ff: -- Success
3601a6ff: result = true
3601a6ff: isFailedToLaunch: com.z4mod.z4root/.z4root
3601a6ff: 	--result: Good :)
