axmlPath: /home/santapark/Extended3/DEEPerence/reEx/sample8.apk@devRoot-D-R@devDebug-D-R.apk.obfuscated_flattened/AndroidManifest.xml
launchable-activity: name='com.obs.android.messenger.MainActivity'  label='' icon=''
{ACTIVITY, com.obs.android.messenger.MainActivity, android.intent.action.MAIN}
{ACTIVITY, com.obs.mobile_tablet.components.CheckImageActivity}
{ACTIVITY, com.obs.mobile_tablet.transactions.deposits.DepositsCaptureImageActivity}
{ACTIVITY, com.obs.android.shared.RegistrationActivity}
{ACTIVITY, com.obs.android.messenger.MainActivity, android.intent.action.MAIN}
{ACTIVITY, com.obs.mobile_tablet.components.CheckImageActivity}
{ACTIVITY, com.obs.mobile_tablet.transactions.deposits.DepositsCaptureImageActivity}
{ACTIVITY, com.obs.android.shared.RegistrationActivity}
_getAllDexFiles: /home/santapark/Extended3/DEEPerence/reEx/sample8.apk@devRoot-D-R@devDebug-D-R.apk.obfuscated_flattened/classes.dex
----------------/home/santapark/Extended3/DEEPerence/reEx/sample8.apk@devRoot-D-R@devDebug-D-R.apk.obfuscated_flattened.apk
dexFile = org.jf.dexlib2.dexbacked.DexBackedDexFile@68dc098b
com.obs.android.olm.servis1st.prod
com.obs.android.messenger.MainActivity
debuggable: false
46604b9f: (Not Installed) Trying remove : true
46604b9f: -- Success
b29e6a69: (Not Installed) Trying remove : true
b29e6a69: -- Success
159ceeed: (Not Installed) Trying remove : true
159ceeed: -- Success
3601a6ff: (Not Installed) Trying remove : true
3601a6ff: -- Success
Installing apk: /home/santapark/Extended3/DEEPerence/reEx/sample8.apk@devRoot-D-R@devDebug-D-R.apk.obfuscated_flattened.apk
Installing apk: /home/santapark/Extended3/DEEPerence/reEx/sample8.apk@devRoot-D-R@devDebug-D-R.apk.obfuscated_flattened.apk
Installing apk: /home/santapark/Extended3/DEEPerence/reEx/sample8.apk@devRoot-D-R@devDebug-D-R.apk.obfuscated_flattened.apk
axmlPath: /home/santapark/Extended3/DEEPerence/reEx/sample8.apk@devRoot-D-R@devDebug-D-R.apk.obfuscated_flattened_46604b9f/AndroidManifest.xml
outDir: /home/santapark/Extended3/DEEPerence/reEx/sample8.apk@devRoot-D-R@devDebug-D-R.apk.obfuscated_flattened_46604b9f/sample8.apk@devRoot-D-R@devDebug-D-R.apk.obfuscated_flattened.apk
159ceeed: Installation Success
3601a6ff: Installation Success
b29e6a69: Installation Success
46604b9f: Installing repackaged apk File: 
Installing apk: /home/santapark/Extended3/DEEPerence/reEx/sample8.apk@devRoot-D-R@devDebug-D-R.apk.obfuscated_flattened_46604b9f/signed_sample8.apk@devRoot-D-R@devDebug-D-R.apk.obfuscated_flattened.apk
46604b9f: Installation Success
46604b9f: startApplication called! - devTamper
3601a6ff: startApplication called! - devRef
b29e6a69: startApplication called! - devRoot
159ceeed: startApplication called! - devDebug
159ceeed: Collecting logcat... (/home/santapark/Extended3/DEEPerence/reEx/devDebug_sample8@devRoot-D-R@devDebug-D-R.obfuscated_flattened.ilog)
b29e6a69: Collecting logcat... (/home/santapark/Extended3/DEEPerence/reEx/devRoot_sample8@devRoot-D-R@devDebug-D-R.obfuscated_flattened.ilog)
46604b9f: Collecting logcat... (/home/santapark/Extended3/DEEPerence/reEx/devTamper_sample8@devRoot-D-R@devDebug-D-R.obfuscated_flattened.ilog)
3601a6ff: Collecting logcat... (/home/santapark/Extended3/DEEPerence/reEx/devRef_sample8@devRoot-D-R@devDebug-D-R.obfuscated_flattened.ilog)
46604b9f: Running Application: com.obs.android.olm.servis1st.prod
b29e6a69: Running Application: com.obs.android.olm.servis1st.prod
3601a6ff: Running Application: com.obs.android.olm.servis1st.prod
PIDs--------------------------------------------------------------------------
u0_a762        3994    423 14399280 96084 0                   0 R com.obs.android.olm.servis1st.prod
forward tcp:35535 jdwp:3994
[*]Found JDWP Target: 3994
159ceeed: Running Application: com.obs.android.olm.servis1st.prod
PIDs--------------------------------------------------------------------------
u0_a762        4622    423 13745852 102232 0                  0 R com.obs.android.olm.servis1st.prod
159ceeed: pid changed(3994) --> 4622
46604b9f: Terminated logcat thread...by itself
b29e6a69: Terminated logcat thread...by itself
3601a6ff: Terminated logcat thread...by itself
46604b9f: Top-activity: com.obs.android.olm.servis1st.prod/com.obs.android.shared.RegistrationActivity
PIDs--------------------------------------------------------------------------
u0_a310        8925    425 14254288 170960 0                  0 S com.obs.android.olm.servis1st.prod
46604b9f: savedPid = 8925
PIDs--------------------------------------------------------------------------
u0_a310        8925    425 14254288 170960 0                  0 S com.obs.android.olm.servis1st.prod
46604b9f: savedPid2 = 8925
Stopping app: com.obs.android.olm.servis1st.prod
3601a6ff: Top-activity: com.obs.android.olm.servis1st.prod/com.obs.android.shared.RegistrationActivity
PIDs--------------------------------------------------------------------------
u0_a366       12718    414 14193764 171164 0                  0 S com.obs.android.olm.servis1st.prod
3601a6ff: savedPid = 12718
PIDs--------------------------------------------------------------------------
u0_a366       12718    414 14193764 171164 0                  0 S com.obs.android.olm.servis1st.prod
3601a6ff: savedPid2 = 12718
Stopping app: com.obs.android.olm.servis1st.prod
b29e6a69: Top-activity: com.obs.android.olm.servis1st.prod/com.obs.android.messenger.MainActivity
PIDs--------------------------------------------------------------------------
b29e6a69: savedPid = null
PIDs--------------------------------------------------------------------------
b29e6a69: savedPid2 = null
Stopping app: com.obs.android.olm.servis1st.prod
159ceeed: Terminated logcat thread...by itself
159ceeed: Top-activity: com.obs.android.olm.servis1st.prod/com.obs.android.messenger.MainActivity
PIDs--------------------------------------------------------------------------
159ceeed: savedPid = null
PIDs--------------------------------------------------------------------------
159ceeed: savedPid2 = null
Stopping app: com.obs.android.olm.servis1st.prod
Tryging remove : uninstall com.obs.android.olm.servis1st.prod(com.obs.android.olm.servis1st.prod)
46604b9f: Remove Success
46604b9f: ilog file size: 111735253
46604b9f: End of collecting logcat...
Tryging remove : uninstall com.obs.android.olm.servis1st.prod(com.obs.android.olm.servis1st.prod)
3601a6ff: Remove Success
3601a6ff: ilog file size: 194088798
3601a6ff: End of collecting logcat...
Tryging remove : uninstall com.obs.android.olm.servis1st.prod(com.obs.android.olm.servis1st.prod)
b29e6a69: Remove Success
b29e6a69: ilog file size: 51945791
b29e6a69: End of collecting logcat...
Tryging remove : uninstall com.obs.android.olm.servis1st.prod(com.obs.android.olm.servis1st.prod)
159ceeed: Remove Success
159ceeed: ilog file size: 60974957
159ceeed: End of collecting logcat...
HPFinder's try count remains: 29
Target PID : 12718
Target PID : 12718
Target PID : 12718
ExitReason-Code: 1 (/home/santapark/Extended3/DEEPerence/reEx/devRef_sample8@devRoot-D-R@devDebug-D-R.obfuscated_flattened.ilog)
Target PID : 
ExitReason-Code: 1 (/home/santapark/Extended3/DEEPerence/reEx/devRef_sample8@devRoot-D-R@devDebug-D-R.obfuscated_flattened.ilog)
Target PID : 8925
ExitReason-Code: 1 (/home/santapark/Extended3/DEEPerence/reEx/devRef_sample8@devRoot-D-R@devDebug-D-R.obfuscated_flattened.ilog)
Target PID : 
ExitReason-Code: 6 (/home/santapark/Extended3/DEEPerence/reEx/devDebug_sample8@devRoot-D-R@devDebug-D-R.obfuscated_flattened.ilog)
ExitReason-Code: 6 (/home/santapark/Extended3/DEEPerence/reEx/devRoot_sample8@devRoot-D-R@devDebug-D-R.obfuscated_flattened.ilog)
[*] FlowManager: adjust finished.
[GOOD]: Anti-analysis is identified! :) -- 1 --devRoot
android.widget.TextView/setText:(Ljava/lang/CharSequence;)V:3730b6		=(rels)=>		1
[*] Unique action: 1:96923 : <<CALL>> : com.obs.mobile_tablet.MainActivity/permissionsUpdate:(Lcom/obs/mobile_core/b/a/k;)V:3730b6  =>  android.widget.TextView/setText:(Ljava/lang/CharSequence;)V:29ee34
[*] FlowManager: adjust finished.
[GOOD]: Anti-analysis is identified! :) -- 1 --devDebug
android.widget.TextView/setText:(Ljava/lang/CharSequence;)V:3730b6		=(rels)=>		1
[*] Unique action: 1:96923 : <<CALL>> : com.obs.mobile_tablet.MainActivity/permissionsUpdate:(Lcom/obs/mobile_core/b/a/k;)V:3730b6  =>  android.widget.TextView/setText:(Ljava/lang/CharSequence;)V:29ee34
ExitReason-Code: 1 (/home/santapark/Extended3/DEEPerence/reEx/devTamper_sample8@devRoot-D-R@devDebug-D-R.obfuscated_flattened.ilog)
	1:compareBackwardBranch: 1:1134 : <<BRANCH>> : com.obs.android.shared.CBSApplication/b:(Landroid/content/Context;)Z:344c6c  =>  com.obs.android.shared.CBSApplication/b:(Landroid/content/Context;)Z:344c66
org.apache.http.impl.client.DefaultHttpClient/<init>:(Lorg/apache/http/conn/ClientConnectionManager;Lorg/apache/http/params/HttpParams;)V:3f80be		=(rels)=>		1
[*] Unique action: 1:26757 : <<CALL>> : org.c.a.a.b/<init>:()V:3f80be  =>  org.apache.http.impl.client.DefaultHttpClient/<init>:(Lorg/apache/http/conn/ClientConnectionManager;Lorg/apache/http/params/HttpParams;)V:31acc
	1:compareBackwardBranch: 1:1134 : <<BRANCH>> : com.obs.android.shared.CBSApplication/b:(Landroid/content/Context;)Z:344c6c  =>  com.obs.android.shared.CBSApplication/b:(Landroid/content/Context;)Z:344c66
android.widget.TextView/setText:(Ljava/lang/CharSequence;)V:28f0ca		=(rels)=>		1
[*] Unique action: 1:25507 : <<CALL>> : android.support.v7.widget.Toolbar/setTitle:(Ljava/lang/CharSequence;)V:28f0ca  =>  android.widget.TextView/setText:(Ljava/lang/CharSequence;)V:29ee34
	1:compareBackwardBranch: 1:1322 : <<BRANCH>> : com.obs.android.shared.a.a/a:(Landroid/content/Context;)Z:356698  =>  com.obs.android.shared.a.a/a:(Landroid/content/Context;)Z:356692
org.apache.http.impl.client.DefaultHttpClient/<init>:(Lorg/apache/http/conn/ClientConnectionManager;Lorg/apache/http/params/HttpParams;)V:3f80be		=(rels)=>		1
[*] Unique action: 1:26757 : <<CALL>> : org.c.a.a.b/<init>:()V:3f80be  =>  org.apache.http.impl.client.DefaultHttpClient/<init>:(Lorg/apache/http/conn/ClientConnectionManager;Lorg/apache/http/params/HttpParams;)V:31acc
	1:compareBackwardBranch: 1:1134 : <<BRANCH>> : com.obs.android.shared.CBSApplication/b:(Landroid/content/Context;)Z:344c6c  =>  com.obs.android.shared.CBSApplication/b:(Landroid/content/Context;)Z:344c66
android.view.View/setOnClickListener:(Landroid/view/View$OnClickListener;)V:34dffc		=(rels)=>		1
[*] Unique action: 1:114727 : <<CALL>> : com.obs.android.shared.RegistrationActivity$a/a:(Landroid/view/LayoutInflater;Landroid/view/ViewGroup;Landroid/os/Bundle;)Landroid/view/View;:34dffc  =>  android.view.View/setOnClickListener:(Landroid/view/View$OnClickListener;)V:1bf5f8
	1:compareBackwardBranch: 1:1322 : <<BRANCH>> : com.obs.android.shared.a.a/a:(Landroid/content/Context;)Z:356698  =>  com.obs.android.shared.a.a/a:(Landroid/content/Context;)Z:356692
android.widget.TextView/setText:(Ljava/lang/CharSequence;)V:28f0ca		=(rels)=>		1
[*] Unique action: 1:25507 : <<CALL>> : android.support.v7.widget.Toolbar/setTitle:(Ljava/lang/CharSequence;)V:28f0ca  =>  android.widget.TextView/setText:(Ljava/lang/CharSequence;)V:29ee34
	1:compareBackwardBranch: 1:1322 : <<BRANCH>> : com.obs.android.shared.a.a/a:(Landroid/content/Context;)Z:356698  =>  com.obs.android.shared.a.a/a:(Landroid/content/Context;)Z:356692
android.view.View/setOnClickListener:(Landroid/view/View$OnClickListener;)V:34dffc		=(rels)=>		1
[*] Unique action: 1:114727 : <<CALL>> : com.obs.android.shared.RegistrationActivity$a/a:(Landroid/view/LayoutInflater;Landroid/view/ViewGroup;Landroid/os/Bundle;)Landroid/view/View;:34dffc  =>  android.view.View/setOnClickListener:(Landroid/view/View$OnClickListener;)V:1bf5f8
	1:compareBackwardBranch: 1:1134 : <<BRANCH>> : com.obs.android.shared.CBSApplication/b:(Landroid/content/Context;)Z:344c6c  =>  com.obs.android.shared.CBSApplication/b:(Landroid/content/Context;)Z:344c66
android.widget.TextView/setText:(Ljava/lang/CharSequence;)V:3727be		=(rels)=>		1
[*] Unique action: 1:88260 : <<CALL>> : com.obs.mobile_tablet.MainActivity/a:(Landroid/view/LayoutInflater;Landroid/view/ViewGroup;Landroid/os/Bundle;)Landroid/view/View;:3727be  =>  android.widget.TextView/setText:(Ljava/lang/CharSequence;)V:29ee34
	1:compareBackwardBranch: 1:1322 : <<BRANCH>> : com.obs.android.shared.a.a/a:(Landroid/content/Context;)Z:356698  =>  com.obs.android.shared.a.a/a:(Landroid/content/Context;)Z:356692
android.widget.TextView/setText:(Ljava/lang/CharSequence;)V:3727be		=(rels)=>		1
[*] Unique action: 1:88260 : <<CALL>> : com.obs.mobile_tablet.MainActivity/a:(Landroid/view/LayoutInflater;Landroid/view/ViewGroup;Landroid/os/Bundle;)Landroid/view/View;:3727be  =>  android.widget.TextView/setText:(Ljava/lang/CharSequence;)V:29ee34
	1:compareBackwardBranch: 1:1134 : <<BRANCH>> : com.obs.android.shared.CBSApplication/b:(Landroid/content/Context;)Z:344c6c  =>  com.obs.android.shared.CBSApplication/b:(Landroid/content/Context;)Z:344c66
android.widget.TextView/setText:(Ljava/lang/CharSequence;)V:37271e		=(rels)=>		1
[*] Unique action: 1:88241 : <<CALL>> : com.obs.mobile_tablet.MainActivity/a:(Landroid/view/LayoutInflater;Landroid/view/ViewGroup;Landroid/os/Bundle;)Landroid/view/View;:37271e  =>  android.widget.TextView/setText:(Ljava/lang/CharSequence;)V:29ee34
	1:compareBackwardBranch: 1:1322 : <<BRANCH>> : com.obs.android.shared.a.a/a:(Landroid/content/Context;)Z:356698  =>  com.obs.android.shared.a.a/a:(Landroid/content/Context;)Z:356692
android.widget.TextView/setText:(Ljava/lang/CharSequence;)V:37271e		=(rels)=>		1
[*] Unique action: 1:88241 : <<CALL>> : com.obs.mobile_tablet.MainActivity/a:(Landroid/view/LayoutInflater;Landroid/view/ViewGroup;Landroid/os/Bundle;)Landroid/view/View;:37271e  =>  android.widget.TextView/setText:(Ljava/lang/CharSequence;)V:29ee34
	1:compareBackwardBranch: 1:1134 : <<BRANCH>> : com.obs.android.shared.CBSApplication/b:(Landroid/content/Context;)Z:344c6c  =>  com.obs.android.shared.CBSApplication/b:(Landroid/content/Context;)Z:344c66
android.view.View/setOnClickListener:(Landroid/view/View$OnClickListener;)V:390c10		=(rels)=>		1
[*] Unique action: 1:94528 : <<CALL>> : com.obs.mobile_tablet.navigation.MainNavigation_ViewBinding/<init>:(Lcom/obs/mobile_tablet/navigation/MainNavigation;Landroid/view/View;)V:390c10  =>  android.view.View/setOnClickListener:(Landroid/view/View$OnClickListener;)V:1bf5f8
	1:compareBackwardBranch: 1:1322 : <<BRANCH>> : com.obs.android.shared.a.a/a:(Landroid/content/Context;)Z:356698  =>  com.obs.android.shared.a.a/a:(Landroid/content/Context;)Z:356692
android.view.View/setOnClickListener:(Landroid/view/View$OnClickListener;)V:390c10		=(rels)=>		1
[*] Unique action: 1:94528 : <<CALL>> : com.obs.mobile_tablet.navigation.MainNavigation_ViewBinding/<init>:(Lcom/obs/mobile_tablet/navigation/MainNavigation;Landroid/view/View;)V:390c10  =>  android.view.View/setOnClickListener:(Landroid/view/View$OnClickListener;)V:1bf5f8
	1:compareBackwardBranch: 1:1134 : <<BRANCH>> : com.obs.android.shared.CBSApplication/b:(Landroid/content/Context;)Z:344c6c  =>  com.obs.android.shared.CBSApplication/b:(Landroid/content/Context;)Z:344c66
android.widget.TextView/setText:(Ljava/lang/CharSequence;)V:35109e		=(rels)=>		1
[*] Unique action: 1:112592 : <<CALL>> : com.obs.android.shared.RegistrationActivity$e/a:(Landroid/view/LayoutInflater;Landroid/view/ViewGroup;Landroid/os/Bundle;)Landroid/view/View;:35109e  =>  android.widget.TextView/setText:(Ljava/lang/CharSequence;)V:29ee34
	1:compareBackwardBranch: 1:1322 : <<BRANCH>> : com.obs.android.shared.a.a/a:(Landroid/content/Context;)Z:356698  =>  com.obs.android.shared.a.a/a:(Landroid/content/Context;)Z:356692
android.widget.TextView/setText:(Ljava/lang/CharSequence;)V:35109e		=(rels)=>		1
[*] Unique action: 1:112592 : <<CALL>> : com.obs.android.shared.RegistrationActivity$e/a:(Landroid/view/LayoutInflater;Landroid/view/ViewGroup;Landroid/os/Bundle;)Landroid/view/View;:35109e  =>  android.widget.TextView/setText:(Ljava/lang/CharSequence;)V:29ee34
	1:compareBackwardBranch: 1:1134 : <<BRANCH>> : com.obs.android.shared.CBSApplication/b:(Landroid/content/Context;)Z:344c6c  =>  com.obs.android.shared.CBSApplication/b:(Landroid/content/Context;)Z:344c66
android.view.View/setOnClickListener:(Landroid/view/View$OnClickListener;)V:390b52		=(rels)=>		1
[*] Unique action: 1:94510 : <<CALL>> : com.obs.mobile_tablet.navigation.MainNavigation_ViewBinding/<init>:(Lcom/obs/mobile_tablet/navigation/MainNavigation;Landroid/view/View;)V:390b52  =>  android.view.View/setOnClickListener:(Landroid/view/View$OnClickListener;)V:1bf5f8
	1:compareBackwardBranch: 1:1322 : <<BRANCH>> : com.obs.android.shared.a.a/a:(Landroid/content/Context;)Z:356698  =>  com.obs.android.shared.a.a/a:(Landroid/content/Context;)Z:356692
android.view.View/setOnClickListener:(Landroid/view/View$OnClickListener;)V:390b52		=(rels)=>		1
[*] Unique action: 1:94510 : <<CALL>> : com.obs.mobile_tablet.navigation.MainNavigation_ViewBinding/<init>:(Lcom/obs/mobile_tablet/navigation/MainNavigation;Landroid/view/View;)V:390b52  =>  android.view.View/setOnClickListener:(Landroid/view/View$OnClickListener;)V:1bf5f8
	1:compareBackwardBranch: 1:1134 : <<BRANCH>> : com.obs.android.shared.CBSApplication/b:(Landroid/content/Context;)Z:344c6c  =>  com.obs.android.shared.CBSApplication/b:(Landroid/content/Context;)Z:344c66
android.view.ViewGroup/addView:(Landroid/view/View;Landroid/view/ViewGroup$LayoutParams;)V:28d066		=(rels)=>		1
[*] Unique action: 1:25499 : <<CALL>> : android.support.v7.widget.Toolbar/a:(Landroid/view/View;Z)V:28d066  =>  android.view.ViewGroup/addView:(Landroid/view/View;Landroid/view/ViewGroup$LayoutParams;)V:195988
	1:compareBackwardBranch: 1:1134 : <<BRANCH>> : com.obs.android.shared.CBSApplication/b:(Landroid/content/Context;)Z:344c6c  =>  com.obs.android.shared.CBSApplication/b:(Landroid/content/Context;)Z:344c66
android.view.ViewGroup/addView:(Landroid/view/View;)V:2979c6		=(rels)=>		1
[*] Unique action: 1:87894 : <<CALL>> : android.support.v7.widget.aw/a:(Landroid/view/View;)V:2979c6  =>  android.view.ViewGroup/addView:(Landroid/view/View;)V:19596c
	1:compareBackwardBranch: 1:1322 : <<BRANCH>> : com.obs.android.shared.a.a/a:(Landroid/content/Context;)Z:356698  =>  com.obs.android.shared.a.a/a:(Landroid/content/Context;)Z:356692
android.view.ViewGroup/addView:(Landroid/view/View;Landroid/view/ViewGroup$LayoutParams;)V:28d066		=(rels)=>		1
[*] Unique action: 1:25499 : <<CALL>> : android.support.v7.widget.Toolbar/a:(Landroid/view/View;Z)V:28d066  =>  android.view.ViewGroup/addView:(Landroid/view/View;Landroid/view/ViewGroup$LayoutParams;)V:195988
	1:compareBackwardBranch: 1:1322 : <<BRANCH>> : com.obs.android.shared.a.a/a:(Landroid/content/Context;)Z:356698  =>  com.obs.android.shared.a.a/a:(Landroid/content/Context;)Z:356692
android.view.ViewGroup/addView:(Landroid/view/View;)V:2979c6		=(rels)=>		1
[*] Unique action: 1:87894 : <<CALL>> : android.support.v7.widget.aw/a:(Landroid/view/View;)V:2979c6  =>  android.view.ViewGroup/addView:(Landroid/view/View;)V:19596c
	1:compareBackwardBranch: 1:1134 : <<BRANCH>> : com.obs.android.shared.CBSApplication/b:(Landroid/content/Context;)Z:344c6c  =>  com.obs.android.shared.CBSApplication/b:(Landroid/content/Context;)Z:344c66
android.view.View/setOnClickListener:(Landroid/view/View$OnClickListener;)V:3724f8		=(rels)=>		1
[*] Unique action: 1:87780 : <<CALL>> : com.obs.mobile_tablet.MainActivity/a:(Landroid/view/LayoutInflater;Landroid/view/ViewGroup;Landroid/os/Bundle;)Landroid/view/View;:3724f8  =>  android.view.View/setOnClickListener:(Landroid/view/View$OnClickListener;)V:1bf5f8
	1:compareBackwardBranch: 1:1322 : <<BRANCH>> : com.obs.android.shared.a.a/a:(Landroid/content/Context;)Z:356698  =>  com.obs.android.shared.a.a/a:(Landroid/content/Context;)Z:356692
android.view.View/setOnClickListener:(Landroid/view/View$OnClickListener;)V:3724f8		=(rels)=>		1
[*] Unique action: 1:87780 : <<CALL>> : com.obs.mobile_tablet.MainActivity/a:(Landroid/view/LayoutInflater;Landroid/view/ViewGroup;Landroid/os/Bundle;)Landroid/view/View;:3724f8  =>  android.view.View/setOnClickListener:(Landroid/view/View$OnClickListener;)V:1bf5f8
	1:compareBackwardBranch: 1:1134 : <<BRANCH>> : com.obs.android.shared.CBSApplication/b:(Landroid/content/Context;)Z:344c6c  =>  com.obs.android.shared.CBSApplication/b:(Landroid/content/Context;)Z:344c66
android.view.View/setOnClickListener:(Landroid/view/View$OnClickListener;)V:390c36		=(rels)=>		1
[*] Unique action: 1:94536 : <<CALL>> : com.obs.mobile_tablet.navigation.MainNavigation_ViewBinding/<init>:(Lcom/obs/mobile_tablet/navigation/MainNavigation;Landroid/view/View;)V:390c36  =>  android.view.View/setOnClickListener:(Landroid/view/View$OnClickListener;)V:1bf5f8
	1:compareBackwardBranch: 1:1322 : <<BRANCH>> : com.obs.android.shared.a.a/a:(Landroid/content/Context;)Z:356698  =>  com.obs.android.shared.a.a/a:(Landroid/content/Context;)Z:356692
android.view.View/setOnClickListener:(Landroid/view/View$OnClickListener;)V:390c36		=(rels)=>		1
[*] Unique action: 1:94536 : <<CALL>> : com.obs.mobile_tablet.navigation.MainNavigation_ViewBinding/<init>:(Lcom/obs/mobile_tablet/navigation/MainNavigation;Landroid/view/View;)V:390c36  =>  android.view.View/setOnClickListener:(Landroid/view/View$OnClickListener;)V:1bf5f8
	1:compareBackwardBranch: 1:1134 : <<BRANCH>> : com.obs.android.shared.CBSApplication/b:(Landroid/content/Context;)Z:344c6c  =>  com.obs.android.shared.CBSApplication/b:(Landroid/content/Context;)Z:344c66
android.view.View/setOnClickListener:(Landroid/view/View$OnClickListener;)V:28ee3a		=(rels)=>		1
[*] Unique action: 1:25079 : <<CALL>> : android.support.v7.widget.Toolbar/setNavigationOnClickListener:(Landroid/view/View$OnClickListener;)V:28ee3a  =>  android.view.View/setOnClickListener:(Landroid/view/View$OnClickListener;)V:1bf5f8
	1:compareBackwardBranch: 1:1322 : <<BRANCH>> : com.obs.android.shared.a.a/a:(Landroid/content/Context;)Z:356698  =>  com.obs.android.shared.a.a/a:(Landroid/content/Context;)Z:356692
android.view.View/setOnClickListener:(Landroid/view/View$OnClickListener;)V:28ee3a		=(rels)=>		1
[*] Unique action: 1:25079 : <<CALL>> : android.support.v7.widget.Toolbar/setNavigationOnClickListener:(Landroid/view/View$OnClickListener;)V:28ee3a  =>  android.view.View/setOnClickListener:(Landroid/view/View$OnClickListener;)V:1bf5f8
	1:compareBackwardBranch: 1:1134 : <<BRANCH>> : com.obs.android.shared.CBSApplication/b:(Landroid/content/Context;)Z:344c6c  =>  com.obs.android.shared.CBSApplication/b:(Landroid/content/Context;)Z:344c66
android.view.ViewGroup/addView:(Landroid/view/View;)V:342366		=(rels)=>		1
[*] Unique action: 1:27343 : <<CALL>> : com.obs.android.messenger.MainActivity/onCreate:(Landroid/os/Bundle;)V:342366  =>  android.view.ViewGroup/addView:(Landroid/view/View;)V:19596c
	1:compareBackwardBranch: 1:1322 : <<BRANCH>> : com.obs.android.shared.a.a/a:(Landroid/content/Context;)Z:356698  =>  com.obs.android.shared.a.a/a:(Landroid/content/Context;)Z:356692
android.view.ViewGroup/addView:(Landroid/view/View;)V:342366		=(rels)=>		1
[*] Unique action: 1:27343 : <<CALL>> : com.obs.android.messenger.MainActivity/onCreate:(Landroid/os/Bundle;)V:342366  =>  android.view.ViewGroup/addView:(Landroid/view/View;)V:19596c
	1:compareBackwardBranch: 1:1134 : <<BRANCH>> : com.obs.android.shared.CBSApplication/b:(Landroid/content/Context;)Z:344c6c  =>  com.obs.android.shared.CBSApplication/b:(Landroid/content/Context;)Z:344c66
android.view.ViewGroup/addView:(Landroid/view/View;ILandroid/view/ViewGroup$LayoutParams;)V:237d30		=(rels)=>		1
[*] Unique action: 1:26476 : <<CALL>> : android.support.constraint.ConstraintLayout/addView:(Landroid/view/View;ILandroid/view/ViewGroup$LayoutParams;)V:237d30  =>  android.view.ViewGroup/addView:(Landroid/view/View;ILandroid/view/ViewGroup$LayoutParams;)V:1959fc
	1:compareBackwardBranch: 1:1322 : <<BRANCH>> : com.obs.android.shared.a.a/a:(Landroid/content/Context;)Z:356698  =>  com.obs.android.shared.a.a/a:(Landroid/content/Context;)Z:356692
android.view.ViewGroup/addView:(Landroid/view/View;ILandroid/view/ViewGroup$LayoutParams;)V:237d30		=(rels)=>		1
[*] Unique action: 1:26476 : <<CALL>> : android.support.constraint.ConstraintLayout/addView:(Landroid/view/View;ILandroid/view/ViewGroup$LayoutParams;)V:237d30  =>  android.view.ViewGroup/addView:(Landroid/view/View;ILandroid/view/ViewGroup$LayoutParams;)V:1959fc
	1:compareBackwardBranch: 1:1134 : <<BRANCH>> : com.obs.android.shared.CBSApplication/b:(Landroid/content/Context;)Z:344c6c  =>  com.obs.android.shared.CBSApplication/b:(Landroid/content/Context;)Z:344c66
android.widget.TextView/setText:(Ljava/lang/CharSequence;)V:3724e4		=(rels)=>		1
[*] Unique action: 1:87772 : <<CALL>> : com.obs.mobile_tablet.MainActivity/a:(Landroid/view/LayoutInflater;Landroid/view/ViewGroup;Landroid/os/Bundle;)Landroid/view/View;:3724e4  =>  android.widget.TextView/setText:(Ljava/lang/CharSequence;)V:29ee34
	1:compareBackwardBranch: 1:1322 : <<BRANCH>> : com.obs.android.shared.a.a/a:(Landroid/content/Context;)Z:356698  =>  com.obs.android.shared.a.a/a:(Landroid/content/Context;)Z:356692
android.widget.TextView/setText:(Ljava/lang/CharSequence;)V:3724e4		=(rels)=>		1
[*] Unique action: 1:87772 : <<CALL>> : com.obs.mobile_tablet.MainActivity/a:(Landroid/view/LayoutInflater;Landroid/view/ViewGroup;Landroid/os/Bundle;)Landroid/view/View;:3724e4  =>  android.widget.TextView/setText:(Ljava/lang/CharSequence;)V:29ee34
[*] FlowManager: adjust finished.
	1:compareBackwardBranch: 1:1134 : <<BRANCH>> : com.obs.android.shared.CBSApplication/b:(Landroid/content/Context;)Z:344c6c  =>  com.obs.android.shared.CBSApplication/b:(Landroid/content/Context;)Z:344c66
android.os.Handler/postDelayed:(Ljava/lang/Runnable;J)Z:2b0718		=(rels)=>		1
[*] Unique action: 1:97816 : <<CALL>> : com.a.a.a/onActivityPaused:(Landroid/app/Activity;)V:2b0718  =>  android.os.Handler/postDelayed:(Ljava/lang/Runnable;J)Z:30ca84
Action is completely same :)
Action is completely same :)
46604b9f: There is no difference. (tryAgain=false)
	1:compareBackwardBranch: 1:1322 : <<BRANCH>> : com.obs.android.shared.a.a/a:(Landroid/content/Context;)Z:356698  =>  com.obs.android.shared.a.a/a:(Landroid/content/Context;)Z:356692
android.os.Handler/postDelayed:(Ljava/lang/Runnable;J)Z:2b0718		=(rels)=>		1
[*] Unique action: 1:97816 : <<CALL>> : com.a.a.a/onActivityPaused:(Landroid/app/Activity;)V:2b0718  =>  android.os.Handler/postDelayed:(Ljava/lang/Runnable;J)Z:30ca84
	1:compareBackwardBranch: 1:1134 : <<BRANCH>> : com.obs.android.shared.CBSApplication/b:(Landroid/content/Context;)Z:344c6c  =>  com.obs.android.shared.CBSApplication/b:(Landroid/content/Context;)Z:344c66
android.view.View/setOnClickListener:(Landroid/view/View$OnClickListener;)V:390b2c		=(rels)=>		1
[*] Unique action: 1:94500 : <<CALL>> : com.obs.mobile_tablet.navigation.MainNavigation_ViewBinding/<init>:(Lcom/obs/mobile_tablet/navigation/MainNavigation;Landroid/view/View;)V:390b2c  =>  android.view.View/setOnClickListener:(Landroid/view/View$OnClickListener;)V:1bf5f8
	1:compareBackwardBranch: 1:1322 : <<BRANCH>> : com.obs.android.shared.a.a/a:(Landroid/content/Context;)Z:356698  =>  com.obs.android.shared.a.a/a:(Landroid/content/Context;)Z:356692
android.view.View/setOnClickListener:(Landroid/view/View$OnClickListener;)V:390b2c		=(rels)=>		1
[*] Unique action: 1:94500 : <<CALL>> : com.obs.mobile_tablet.navigation.MainNavigation_ViewBinding/<init>:(Lcom/obs/mobile_tablet/navigation/MainNavigation;Landroid/view/View;)V:390b2c  =>  android.view.View/setOnClickListener:(Landroid/view/View$OnClickListener;)V:1bf5f8
	1:compareBackwardBranch: 1:1134 : <<BRANCH>> : com.obs.android.shared.CBSApplication/b:(Landroid/content/Context;)Z:344c6c  =>  com.obs.android.shared.CBSApplication/b:(Landroid/content/Context;)Z:344c66
android.view.ViewGroup/addView:(Landroid/view/View;)V:2501d0		=(rels)=>		1
[*] Unique action: 1:88270 : <<CALL>> : android.support.v4.a.n/a:(Landroid/support/v4/a/h;IIIZ)V:2501d0  =>  android.view.ViewGroup/addView:(Landroid/view/View;)V:19596c
	1:compareBackwardBranch: 1:1322 : <<BRANCH>> : com.obs.android.shared.a.a/a:(Landroid/content/Context;)Z:356698  =>  com.obs.android.shared.a.a/a:(Landroid/content/Context;)Z:356692
android.view.ViewGroup/addView:(Landroid/view/View;)V:2501d0		=(rels)=>		1
[*] Unique action: 1:88270 : <<CALL>> : android.support.v4.a.n/a:(Landroid/support/v4/a/h;IIIZ)V:2501d0  =>  android.view.ViewGroup/addView:(Landroid/view/View;)V:19596c
	1:compareBackwardBranch: 1:1134 : <<BRANCH>> : com.obs.android.shared.CBSApplication/b:(Landroid/content/Context;)Z:344c6c  =>  com.obs.android.shared.CBSApplication/b:(Landroid/content/Context;)Z:344c66
android.view.View/setOnClickListener:(Landroid/view/View$OnClickListener;)V:390cce		=(rels)=>		1
[*] Unique action: 1:94552 : <<CALL>> : com.obs.mobile_tablet.navigation.MainNavigation_ViewBinding/<init>:(Lcom/obs/mobile_tablet/navigation/MainNavigation;Landroid/view/View;)V:390cce  =>  android.view.View/setOnClickListener:(Landroid/view/View$OnClickListener;)V:1bf5f8
	1:compareBackwardBranch: 1:1322 : <<BRANCH>> : com.obs.android.shared.a.a/a:(Landroid/content/Context;)Z:356698  =>  com.obs.android.shared.a.a/a:(Landroid/content/Context;)Z:356692
android.view.View/setOnClickListener:(Landroid/view/View$OnClickListener;)V:390cce		=(rels)=>		1
[*] Unique action: 1:94552 : <<CALL>> : com.obs.mobile_tablet.navigation.MainNavigation_ViewBinding/<init>:(Lcom/obs/mobile_tablet/navigation/MainNavigation;Landroid/view/View;)V:390cce  =>  android.view.View/setOnClickListener:(Landroid/view/View$OnClickListener;)V:1bf5f8
	1:compareBackwardBranch: 1:1134 : <<BRANCH>> : com.obs.android.shared.CBSApplication/b:(Landroid/content/Context;)Z:344c6c  =>  com.obs.android.shared.CBSApplication/b:(Landroid/content/Context;)Z:344c66
android.view.View/setOnClickListener:(Landroid/view/View$OnClickListener;)V:27a61e		=(rels)=>		1
[*] Unique action: 1:107512 : <<CALL>> : android.support.v7.app.m/a:(Landroid/view/View;Landroid/util/AttributeSet;)V:27a61e  =>  android.view.View/setOnClickListener:(Landroid/view/View$OnClickListener;)V:1bf5f8
	1:compareBackwardBranch: 1:1322 : <<BRANCH>> : com.obs.android.shared.a.a/a:(Landroid/content/Context;)Z:356698  =>  com.obs.android.shared.a.a/a:(Landroid/content/Context;)Z:356692
android.view.View/setOnClickListener:(Landroid/view/View$OnClickListener;)V:27a61e		=(rels)=>		1
[*] Unique action: 1:107512 : <<CALL>> : android.support.v7.app.m/a:(Landroid/view/View;Landroid/util/AttributeSet;)V:27a61e  =>  android.view.View/setOnClickListener:(Landroid/view/View$OnClickListener;)V:1bf5f8
	1:compareBackwardBranch: 1:1134 : <<BRANCH>> : com.obs.android.shared.CBSApplication/b:(Landroid/content/Context;)Z:344c6c  =>  com.obs.android.shared.CBSApplication/b:(Landroid/content/Context;)Z:344c66
java.lang.System/exit:(I)V:344172		=(rels)=>		1
[*] Unique action: 1:693 : <<CALL>> : com.obs.android.shared.CBSApplication/b:()V:344172  =>  java.lang.System/exit:(I)V:ea908
	1:compareBackwardBranch: 1:1322 : <<BRANCH>> : com.obs.android.shared.a.a/a:(Landroid/content/Context;)Z:356698  =>  com.obs.android.shared.a.a/a:(Landroid/content/Context;)Z:356692
java.lang.System/exit:(I)V:344172		=(rels)=>		1
[*] Unique action: 1:1353 : <<CALL>> : com.obs.android.shared.CBSApplication/b:()V:344172  =>  java.lang.System/exit:(I)V:ea908
	1:compareBackwardBranch2: 1:1134 : <<BRANCH>> : com.obs.android.shared.CBSApplication/b:(Landroid/content/Context;)Z:344c6c  =>  com.obs.android.shared.CBSApplication/b:(Landroid/content/Context;)Z:344c66
Entry: 3442b0
com.obs.android.shared.CBSApplication/b:(Landroid/content/Context;)Z: 344c6c -> 344c66
		com.obs.android.shared.CBSApplication/b:(Landroid/content/Context;)Z: 9bc -> 9b6
addPatchReadme: java.lang.Class<com.obs.android.shared.CBSApplication>b(Landroid/content/Context;)Z 9bc t
b29e6a69: [+] Patches found in this round: 1
b29e6a69: [*] Found Patch size: 1
Target PID : 
	1:compareBackwardBranch2: 1:1322 : <<BRANCH>> : com.obs.android.shared.a.a/a:(Landroid/content/Context;)Z:356698  =>  com.obs.android.shared.a.a/a:(Landroid/content/Context;)Z:356692
Entry: 35650c
com.obs.android.shared.a.a/a:(Landroid/content/Context;)Z: 356698 -> 356692
		com.obs.android.shared.a.a/a:(Landroid/content/Context;)Z: 18c -> 186
addPatchReadme: java.lang.Class<com.obs.android.shared.a.a>a(Landroid/content/Context;)Z 18c t
159ceeed: [+] Patches found in this round: 1
159ceeed: [*] Found Patch size: 1
Target PID : 
ExitReason-Code: 6 (/home/santapark/Extended3/DEEPerence/reEx/devRoot_sample8@devRoot-D-R@devDebug-D-R.obfuscated_flattened.ilog)
b29e6a69: 	@@@Found patch addr: 344c7c
b29e6a69: Querying offset: 344c6c
b29e6a69: 	--Add method name to patch = com.obs.android.shared.CBSApplication/b:(Landroid/content/Context;)Z 	344c6c
ExitReason-Code: 6 (/home/santapark/Extended3/DEEPerence/reEx/devDebug_sample8@devRoot-D-R@devDebug-D-R.obfuscated_flattened.ilog)
159ceeed: 	@@@Found patch addr: 3566a8
159ceeed: Querying offset: 356698
159ceeed: 	--Add method name to patch = com.obs.android.shared.a.a/a:(Landroid/content/Context;)Z 	356698
Devices presenting anti-analysis: 
	devRoot
	devDebug
b29e6a69: patching method: com.obs.android.shared.CBSApplication/b:(Landroid/content/Context;)Z
b29e6a69: outDir - /home/santapark/Extended3/DEEPerence/reEx/sample8.apk@devRoot-D-R@devDebug-D-R.apk.obfuscated_flattened_devRoot
Wow!!!!!  --  com.obs.android.shared.CBSApplication/b:(Landroid/content/Context;)Z
fallthrough: 9c0
branchTarget: 9b6
label = cond_11
GOTO -- 9c0 	9b6
axmlPath: /home/santapark/Extended3/DEEPerence/reEx/sample8.apk@devRoot-D-R@devDebug-D-R.apk.obfuscated_flattened_devRoot/AndroidManifest.xml
outDir: /home/santapark/Extended3/DEEPerence/reEx/sample8.apk@devRoot-D-R@devDebug-D-R.apk.obfuscated_flattened_devRoot/sample8.apk@devRoot-D-R@devDebug-D-R.apk.obfuscated_flattened.apk
b29e6a69: Patched APK File: /home/santapark/Extended3/DEEPerence/reEx/sample8.apk@devRoot-D-R@devDebug-D-R.apk.obfuscated_flattened_devRoot/signed_sample8.apk@devRoot-D-R@devDebug-D-R.apk.obfuscated_flattened.apk
b29e6a69: First address of Lcom/obs/android/shared/CBSApplication;->b(Landroid/content/Context;)Z = 3442c0
b29e6a69: Address - Lcom/obs/android/shared/CBSApplication;->b(Landroid/content/Context;)Z@9bc	 lastOffset = 1b3c
b29e6a69: Instruction@@: IF_NEZ
159ceeed: patching method: com.obs.android.shared.a.a/a:(Landroid/content/Context;)Z
159ceeed: outDir - /home/santapark/Extended3/DEEPerence/reEx/sample8.apk@devRoot-D-R@devDebug-D-R.apk.obfuscated_flattened_devDebug
Wow!!!!!  --  com.obs.android.shared.a.a/a:(Landroid/content/Context;)Z
fallthrough: 190
branchTarget: 186
label = cond_1
GOTO -- 190 	186
axmlPath: /home/santapark/Extended3/DEEPerence/reEx/sample8.apk@devRoot-D-R@devDebug-D-R.apk.obfuscated_flattened_devDebug/AndroidManifest.xml
outDir: /home/santapark/Extended3/DEEPerence/reEx/sample8.apk@devRoot-D-R@devDebug-D-R.apk.obfuscated_flattened_devDebug/sample8.apk@devRoot-D-R@devDebug-D-R.apk.obfuscated_flattened.apk
159ceeed: Patched APK File: /home/santapark/Extended3/DEEPerence/reEx/sample8.apk@devRoot-D-R@devDebug-D-R.apk.obfuscated_flattened_devDebug/signed_sample8.apk@devRoot-D-R@devDebug-D-R.apk.obfuscated_flattened.apk
159ceeed: First address of Lcom/obs/android/shared/a/a;->a(Landroid/content/Context;)Z = 35651c
159ceeed: Address - Lcom/obs/android/shared/a/a;->a(Landroid/content/Context;)Z@18c	 lastOffset = 450
159ceeed: Instruction@@: IF_EQZ
b29e6a69: (Not Installed) Trying remove : true
159ceeed: (Not Installed) Trying remove : true
Installing apk: /home/santapark/Extended3/DEEPerence/reEx/sample8.apk@devRoot-D-R@devDebug-D-R.apk.obfuscated_flattened_devRoot/signed_sample8.apk@devRoot-D-R@devDebug-D-R.apk.obfuscated_flattened.apk
Installing apk: /home/santapark/Extended3/DEEPerence/reEx/sample8.apk@devRoot-D-R@devDebug-D-R.apk.obfuscated_flattened_devDebug/signed_sample8.apk@devRoot-D-R@devDebug-D-R.apk.obfuscated_flattened.apk
159ceeed: Installation Success
b29e6a69: Installation Success
b29e6a69: startApplication called! - devRoot
159ceeed: startApplication called! - devDebug
159ceeed: Collecting logcat... (/home/santapark/Extended3/DEEPerence/reEx/devDebug_sample8@devRoot-D-R@devDebug-D-R.obfuscated_flattened.ilog)
b29e6a69: Collecting logcat... (/home/santapark/Extended3/DEEPerence/reEx/devRoot_sample8@devRoot-D-R@devDebug-D-R.obfuscated_flattened.ilog)
b29e6a69: Running Application: com.obs.android.olm.servis1st.prod
PIDs--------------------------------------------------------------------------
u0_a763        8857    423 13798920 108440 0                  0 R com.obs.android.olm.servis1st.prod
forward tcp:35535 jdwp:8857
[*]Found JDWP Target: 8857
159ceeed: Running Application: com.obs.android.olm.servis1st.prod
PIDs--------------------------------------------------------------------------
u0_a763        8857    423 14091780 156444 0                  0 S com.obs.android.olm.servis1st.prod
159ceeed: Tryging attach jdb to 8857
jdb -connect com.sun.jdi.SocketAttach:hostname=localhost,port=35535
159ceeed: Running is done - starting comparing... : 10001
159ceeed: Terminated logcat thread...by itself
159ceeed: Top-activity: com.android.launcher3/.Launcher
PIDs--------------------------------------------------------------------------
159ceeed: savedPid = null
PIDs--------------------------------------------------------------------------
159ceeed: savedPid2 = null
Stopping app: com.obs.android.olm.servis1st.prod
Tryging remove : uninstall com.obs.android.olm.servis1st.prod(com.obs.android.olm.servis1st.prod)
159ceeed: Remove Success
159ceeed: ilog file size: 51568822
159ceeed: End of collecting logcat...
b29e6a69: Terminated logcat thread...by itself
b29e6a69: Top-activity: com.obs.android.olm.servis1st.prod/com.obs.android.shared.RegistrationActivity
PIDs--------------------------------------------------------------------------
u0_a429       28238    430 14285332 178280 0                  0 S com.obs.android.olm.servis1st.prod
b29e6a69: savedPid = 28238
PIDs--------------------------------------------------------------------------
u0_a429       28238    430 14285332 178280 0                  0 S com.obs.android.olm.servis1st.prod
b29e6a69: savedPid2 = 28238
Stopping app: com.obs.android.olm.servis1st.prod
Tryging remove : uninstall com.obs.android.olm.servis1st.prod(com.obs.android.olm.servis1st.prod)
b29e6a69: Remove Success
b29e6a69: ilog file size: 190587360
b29e6a69: End of collecting logcat...
HPFinder's try count remains: 28
Target PID : 12718
Target PID : 12718
ExitReason-Code: 1 (/home/santapark/Extended3/DEEPerence/reEx/devRef_sample8@devRoot-D-R@devDebug-D-R.obfuscated_flattened.ilog)
Target PID : 
ExitReason-Code: 1 (/home/santapark/Extended3/DEEPerence/reEx/devRef_sample8@devRoot-D-R@devDebug-D-R.obfuscated_flattened.ilog)
Target PID : 28238
ExitReason-Code: 6 (/home/santapark/Extended3/DEEPerence/reEx/devDebug_sample8@devRoot-D-R@devDebug-D-R.obfuscated_flattened.ilog)
159ceeed: adding filter -- 356698
ExitReason-Code: 1 (/home/santapark/Extended3/DEEPerence/reEx/devRoot_sample8@devRoot-D-R@devDebug-D-R.obfuscated_flattened.ilog)
b29e6a69: adding filter -- 344c6c
[*] FlowManager: adjust finished.
-- current localPatchFilter: 356698
Action is completely same :)
java.lang.System/exit:(I)V:344172		=(rels)=>		1
[*] Unique action: 16:255707 : <<CALL>> : com.obs.android.shared.CBSApplication/b:()V:344172  =>  java.lang.System/exit:(I)V:ea908
	1:compareBackwardBranch2: 14:1279 : <<BRANCH>> : com.obs.android.shared.a.a$1/run:()V:356366  =>  com.obs.android.shared.a.a$1/run:()V:35637c
Entry: 3562c4
com.obs.android.shared.a.a$1/run:()V: 356366 -> 35637c
		com.obs.android.shared.a.a$1/run:()V: a2 -> b8
addPatchReadme: java.lang.Class<com.obs.android.shared.a.a$1>run()V a2 t
159ceeed: [+] Patches found in this round: 1
159ceeed: [*] Found Patch size: 1
Target PID : 
ExitReason-Code: 6 (/home/santapark/Extended3/DEEPerence/reEx/devDebug_sample8@devRoot-D-R@devDebug-D-R.obfuscated_flattened.ilog)
159ceeed: @@localPatchFilter -- 3566a8
159ceeed: 	@@@Found patch addr: 356376
159ceeed: Querying offset: 356366
159ceeed: 	--Add method name to patch = com.obs.android.shared.a.a$1/run:()V 	356366
[*] FlowManager: adjust finished.
-- current localPatchFilter: 344c6c
Action is completely same :)
Action is completely same :)
b29e6a69: There is no difference. (tryAgain=false)
Devices presenting anti-analysis: 
	devDebug
159ceeed: patching method: com.obs.android.shared.a.a/a:(Landroid/content/Context;)Z
159ceeed: patching method: com.obs.android.shared.a.a$1/run:()V
159ceeed: outDir - /home/santapark/Extended3/DEEPerence/reEx/sample8.apk@devRoot-D-R@devDebug-D-R.apk.obfuscated_flattened_devDebug
Wow!!!!!  --  com.obs.android.shared.a.a$1/run:()V
fallthrough: a6
branchTarget: b8
label = cond_0
GOTO -- a6 	b8
Wow!!!!!  --  com.obs.android.shared.a.a/a:(Landroid/content/Context;)Z
fallthrough: 190
branchTarget: 186
label = cond_1
GOTO -- 190 	186
axmlPath: /home/santapark/Extended3/DEEPerence/reEx/sample8.apk@devRoot-D-R@devDebug-D-R.apk.obfuscated_flattened_devDebug/AndroidManifest.xml
outDir: /home/santapark/Extended3/DEEPerence/reEx/sample8.apk@devRoot-D-R@devDebug-D-R.apk.obfuscated_flattened_devDebug/sample8.apk@devRoot-D-R@devDebug-D-R.apk.obfuscated_flattened.apk
159ceeed: Patched APK File: /home/santapark/Extended3/DEEPerence/reEx/sample8.apk@devRoot-D-R@devDebug-D-R.apk.obfuscated_flattened_devDebug/signed_sample8.apk@devRoot-D-R@devDebug-D-R.apk.obfuscated_flattened.apk
159ceeed: First address of Lcom/obs/android/shared/a/a;->a(Landroid/content/Context;)Z = 35651c
159ceeed: Address - Lcom/obs/android/shared/a/a;->a(Landroid/content/Context;)Z@18c	 lastOffset = 450
159ceeed: Instruction@@: IF_EQZ
159ceeed: First address of Lcom/obs/android/shared/a/a$1;->run()V = 3562d4
159ceeed: Address - Lcom/obs/android/shared/a/a$1;->run()V@a2	 lastOffset = 164
159ceeed: Instruction@@: IF_EQZ
159ceeed: (Not Installed) Trying remove : true
Installing apk: /home/santapark/Extended3/DEEPerence/reEx/sample8.apk@devRoot-D-R@devDebug-D-R.apk.obfuscated_flattened_devDebug/signed_sample8.apk@devRoot-D-R@devDebug-D-R.apk.obfuscated_flattened.apk
159ceeed: Installation Success
159ceeed: startApplication called! - devDebug
159ceeed: Collecting logcat... (/home/santapark/Extended3/DEEPerence/reEx/devDebug_sample8@devRoot-D-R@devDebug-D-R.obfuscated_flattened.ilog)
PIDs--------------------------------------------------------------------------
u0_a764        8990    423 13798920 108388 0                  0 S com.obs.android.olm.servis1st.prod
forward tcp:35535 jdwp:8990
[*]Found JDWP Target: 8990
159ceeed: Running Application: com.obs.android.olm.servis1st.prod
PIDs--------------------------------------------------------------------------
u0_a764        8990    423 14126660 155468 0                  0 S com.obs.android.olm.servis1st.prod
159ceeed: Tryging attach jdb to 8990
jdb -connect com.sun.jdi.SocketAttach:hostname=localhost,port=35535
159ceeed: Terminated logcat thread...by itself
159ceeed: Top-activity: com.obs.android.olm.servis1st.prod/com.obs.android.shared.RegistrationActivity
PIDs--------------------------------------------------------------------------
u0_a764        8990    423 14250168 188244 0                  0 S com.obs.android.olm.servis1st.prod
159ceeed: savedPid = 8990
PIDs--------------------------------------------------------------------------
u0_a764        8990    423 14250168 188244 0                  0 S com.obs.android.olm.servis1st.prod
159ceeed: savedPid2 = 8990
Stopping app: com.obs.android.olm.servis1st.prod
Tryging remove : uninstall com.obs.android.olm.servis1st.prod(com.obs.android.olm.servis1st.prod)
159ceeed: Remove Success
159ceeed: ilog file size: 111817352
159ceeed: End of collecting logcat...
HPFinder's try count remains: 27
Target PID : 12718
ExitReason-Code: 1 (/home/santapark/Extended3/DEEPerence/reEx/devRef_sample8@devRoot-D-R@devDebug-D-R.obfuscated_flattened.ilog)
Target PID : 8990
ExitReason-Code: 1 (/home/santapark/Extended3/DEEPerence/reEx/devDebug_sample8@devRoot-D-R@devDebug-D-R.obfuscated_flattened.ilog)
159ceeed: adding filter -- 356698
159ceeed: adding filter -- 356366
[*] FlowManager: adjust finished.
-- current localPatchFilter: 356366
-- current localPatchFilter: 356698
Action is completely same :)
Action is completely same :)
159ceeed: There is no difference. (tryAgain=false)
-- HPFinder will be done in this iteration :)
hasAntiAnalysis? - devTamper: false on com.obs.android.messenger.MainActivity
hasAntiAnalysis? - devRoot: true on com.obs.android.messenger.MainActivity
	isRemovedThem? - devRoot: true on com.obs.android.messenger.MainActivity	-	tryCount: 1
hasAntiAnalysis? - devDebug: true on com.obs.android.messenger.MainActivity
	isRemovedThem? - devDebug: true on com.obs.android.messenger.MainActivity	-	tryCount: 2
*****REPORT: com.obs.android.olm.servis1st.prod
* Package name: com.obs.android.olm.servis1st.prod
* Running time: 571
* FileSize: 5654884
devTamper : 111735253
devRef : 194088798
devRoot : 190587360
devDebug : 111817352
hasAntiAnalysis? - devTamper: false on com.obs.android.messenger.MainActivity
hasAntiAnalysis? - devRoot: true on com.obs.android.messenger.MainActivity
	isRemovedThem? - devRoot: true on com.obs.android.messenger.MainActivity	-	tryCount: 1
hasAntiAnalysis? - devDebug: true on com.obs.android.messenger.MainActivity
	isRemovedThem? - devDebug: true on com.obs.android.messenger.MainActivity	-	tryCount: 2
46604b9f: trying remove : com.obs.android.olm.servis1st.prod
3601a6ff: trying remove : com.obs.android.olm.servis1st.prod
b29e6a69: trying remove : com.obs.android.olm.servis1st.prod
159ceeed: trying remove : com.obs.android.olm.servis1st.prod
b29e6a69: (Not Installed) Trying remove : true
b29e6a69: -- Success
b29e6a69: result = true
159ceeed: (Not Installed) Trying remove : true
159ceeed: -- Success
159ceeed: result = true
46604b9f: (Not Installed) Trying remove : true
46604b9f: -- Success
46604b9f: result = true
3601a6ff: (Not Installed) Trying remove : true
3601a6ff: -- Success
3601a6ff: result = true
3601a6ff: isFailedToLaunch: com.obs.android.olm.servis1st.prod/com.obs.android.shared.RegistrationActivity
3601a6ff: 	--result: Good :)
