axmlPath: /home/santapark/Extended3/DEEPerence/reEx/com.obs.android.olm.merchants.prod.apk.obfuscated_flattened/AndroidManifest.xml
launchable-activity: name='com.obs.android.messenger.MainActivity'  label='' icon=''
{ACTIVITY, com.obs.android.messenger.MainActivity, android.intent.action.MAIN}
{ACTIVITY, com.obs.mobile_tablet.components.CheckImageActivity}
{ACTIVITY, com.obs.mobile_tablet.transactions.deposits.DepositsCaptureImageActivity}
{ACTIVITY, com.obs.android.shared.RegistrationActivity}
{ACTIVITY, com.obs.android.shared.PINActivity}
{ACTIVITY, androidx.biometric.DeviceCredentialHandlerActivity}
{ACTIVITY, com.obs.android.messenger.MainActivity, android.intent.action.MAIN}
{ACTIVITY, com.obs.mobile_tablet.components.CheckImageActivity}
{ACTIVITY, com.obs.mobile_tablet.transactions.deposits.DepositsCaptureImageActivity}
{ACTIVITY, com.obs.android.shared.RegistrationActivity}
{ACTIVITY, com.obs.android.shared.PINActivity}
{ACTIVITY, androidx.biometric.DeviceCredentialHandlerActivity}
_getAllDexFiles: /home/santapark/Extended3/DEEPerence/reEx/com.obs.android.olm.merchants.prod.apk.obfuscated_flattened/classes.dex
----------------/home/santapark/Extended3/DEEPerence/reEx/com.obs.android.olm.merchants.prod.apk.obfuscated_flattened.apk
dexFile = org.jf.dexlib2.dexbacked.DexBackedDexFile@12a73717
com.obs.android.olm.merchants.prod
com.obs.android.messenger.MainActivity
debuggable: false
46604b9f: (Not Installed) Trying remove : true
46604b9f: -- Success
b29e6a69: (Not Installed) Trying remove : true
b29e6a69: -- Success
159ceeed: (Not Installed) Trying remove : true
159ceeed: -- Success
3601a6ff: (Not Installed) Trying remove : true
3601a6ff: -- Success
Installing apk: /home/santapark/Extended3/DEEPerence/reEx/com.obs.android.olm.merchants.prod.apk.obfuscated_flattened.apk
Installing apk: /home/santapark/Extended3/DEEPerence/reEx/com.obs.android.olm.merchants.prod.apk.obfuscated_flattened.apk
Installing apk: /home/santapark/Extended3/DEEPerence/reEx/com.obs.android.olm.merchants.prod.apk.obfuscated_flattened.apk
axmlPath: /home/santapark/Extended3/DEEPerence/reEx/com.obs.android.olm.merchants.prod.apk.obfuscated_flattened_46604b9f/AndroidManifest.xml
outDir: /home/santapark/Extended3/DEEPerence/reEx/com.obs.android.olm.merchants.prod.apk.obfuscated_flattened_46604b9f/com.obs.android.olm.merchants.prod.apk.obfuscated_flattened.apk
46604b9f: Installing repackaged apk File: 
Installing apk: /home/santapark/Extended3/DEEPerence/reEx/com.obs.android.olm.merchants.prod.apk.obfuscated_flattened_46604b9f/signed_com.obs.android.olm.merchants.prod.apk.obfuscated_flattened.apk
159ceeed: Installation Success
3601a6ff: Installation Success
b29e6a69: Installation Success
46604b9f: Installation Success
46604b9f: startApplication called! - devTamper
3601a6ff: startApplication called! - devRef
b29e6a69: startApplication called! - devRoot
159ceeed: startApplication called! - devDebug
b29e6a69: Collecting logcat... (/home/santapark/Extended3/DEEPerence/reEx/devRoot_com.obs.android.olm.merchants.prod.obfuscated_flattened.ilog)
3601a6ff: Collecting logcat... (/home/santapark/Extended3/DEEPerence/reEx/devRef_com.obs.android.olm.merchants.prod.obfuscated_flattened.ilog)
b29e6a69: Running Application: com.obs.android.olm.merchants.prod
46604b9f: Collecting logcat... (/home/santapark/Extended3/DEEPerence/reEx/devTamper_com.obs.android.olm.merchants.prod.obfuscated_flattened.ilog)
3601a6ff: Running Application: com.obs.android.olm.merchants.prod
159ceeed: Collecting logcat... (/home/santapark/Extended3/DEEPerence/reEx/devDebug_com.obs.android.olm.merchants.prod.obfuscated_flattened.ilog)
46604b9f: Running Application: com.obs.android.olm.merchants.prod
PIDs--------------------------------------------------------------------------
forward tcp:35535 jdwp:null
[*]Found JDWP Target: null
159ceeed: Running Application: com.obs.android.olm.merchants.prod
PIDs--------------------------------------------------------------------------
b29e6a69: Terminated logcat thread...by itself
3601a6ff: Terminated logcat thread...by itself
46604b9f: Terminated logcat thread...by itself
46604b9f: Top-activity: com.obs.android.olm.merchants.prod/com.obs.android.shared.RegistrationActivity
3601a6ff: Top-activity: com.obs.android.olm.merchants.prod/com.obs.android.shared.RegistrationActivity
PIDs--------------------------------------------------------------------------
u0_a295        6719    425 14899432 173448 0                  0 S com.obs.android.olm.merchants.prod
46604b9f: savedPid = 6719
PIDs--------------------------------------------------------------------------
u0_a295        6719    425 14899432 173448 0                  0 S com.obs.android.olm.merchants.prod
46604b9f: savedPid2 = 6719
Stopping app: com.obs.android.olm.merchants.prod
PIDs--------------------------------------------------------------------------
u0_a351       10449    414 14853312 171044 0                  0 S com.obs.android.olm.merchants.prod
3601a6ff: savedPid = 10449
PIDs--------------------------------------------------------------------------
u0_a351       10449    414 14853312 171044 0                  0 S com.obs.android.olm.merchants.prod
3601a6ff: savedPid2 = 10449
Stopping app: com.obs.android.olm.merchants.prod
b29e6a69: Top-activity: com.obs.android.olm.merchants.prod/com.obs.android.messenger.MainActivity
PIDs--------------------------------------------------------------------------
b29e6a69: savedPid = null
PIDs--------------------------------------------------------------------------
u0_a398       16844    430 14532404 64980 0                   0 R com.obs.android.olm.merchants.prod
b29e6a69: savedPid2 = 16844
Stopping app: com.obs.android.olm.merchants.prod
159ceeed: Terminated logcat thread...by itself
159ceeed: Top-activity: com.obs.android.olm.merchants.prod/com.obs.android.messenger.MainActivity
PIDs--------------------------------------------------------------------------
159ceeed: savedPid = null
PIDs--------------------------------------------------------------------------
159ceeed: savedPid2 = null
Stopping app: com.obs.android.olm.merchants.prod
Tryging remove : uninstall com.obs.android.olm.merchants.prod(com.obs.android.olm.merchants.prod)
3601a6ff: Remove Success
3601a6ff: ilog file size: 89446695
3601a6ff: End of collecting logcat...
Tryging remove : uninstall com.obs.android.olm.merchants.prod(com.obs.android.olm.merchants.prod)
46604b9f: Remove Success
46604b9f: ilog file size: 89492366
46604b9f: End of collecting logcat...
Tryging remove : uninstall com.obs.android.olm.merchants.prod(com.obs.android.olm.merchants.prod)
b29e6a69: Remove Success
b29e6a69: ilog file size: 48081042
b29e6a69: End of collecting logcat...
Tryging remove : uninstall com.obs.android.olm.merchants.prod(com.obs.android.olm.merchants.prod)
159ceeed: Remove Success
159ceeed: ilog file size: 47895037
159ceeed: End of collecting logcat...
HPFinder's try count remains: 29
Target PID : 10449
Target PID : 10449
Target PID : 10449
ExitReason-Code: 1 (/home/santapark/Extended3/DEEPerence/reEx/devRef_com.obs.android.olm.merchants.prod.obfuscated_flattened.ilog)
Target PID : 6719
ExitReason-Code: 1 (/home/santapark/Extended3/DEEPerence/reEx/devRef_com.obs.android.olm.merchants.prod.obfuscated_flattened.ilog)
Target PID : 
ExitReason-Code: 1 (/home/santapark/Extended3/DEEPerence/reEx/devRef_com.obs.android.olm.merchants.prod.obfuscated_flattened.ilog)
Target PID : 16844
ExitReason-Code: 6 (/home/santapark/Extended3/DEEPerence/reEx/devDebug_com.obs.android.olm.merchants.prod.obfuscated_flattened.ilog)
ExitReason-Code: 1 (/home/santapark/Extended3/DEEPerence/reEx/devRoot_com.obs.android.olm.merchants.prod.obfuscated_flattened.ilog)
[*] FlowManager: adjust finished.
[GOOD]: Anti-analysis is identified! :) -- 1 --devRoot
android.view.View/setOnClickListener:(Landroid/view/View$OnClickListener;)V:3a4bda		=(rels)=>		1
[*] Unique action: 1:95988 : <<CALL>> : com.obs.mobile_tablet.navigation.MainNavigation_ViewBinding/<init>:(Lcom/obs/mobile_tablet/navigation/MainNavigation;Landroid/view/View;)V:3a4bda  =>  android.view.View/setOnClickListener:(Landroid/view/View$OnClickListener;)V:1bf5f8
[*] FlowManager: adjust finished.
[GOOD]: Anti-analysis is identified! :) -- 1 --devDebug
android.view.View/setOnClickListener:(Landroid/view/View$OnClickListener;)V:3a4bda		=(rels)=>		1
[*] Unique action: 1:95988 : <<CALL>> : com.obs.mobile_tablet.navigation.MainNavigation_ViewBinding/<init>:(Lcom/obs/mobile_tablet/navigation/MainNavigation;Landroid/view/View;)V:3a4bda  =>  android.view.View/setOnClickListener:(Landroid/view/View$OnClickListener;)V:1bf5f8
ExitReason-Code: 1 (/home/santapark/Extended3/DEEPerence/reEx/devTamper_com.obs.android.olm.merchants.prod.obfuscated_flattened.ilog)
	1:compareBackwardBranch: 1:79394 : <<BRANCH>> : com.obs.android.shared.CBSApplication/a:(Landroid/content/Context;)Z:37dd6a  =>  com.obs.android.shared.CBSApplication/a:(Landroid/content/Context;)Z:37dd64
android.view.ViewGroup/addView:(Landroid/view/View;ILandroid/view/ViewGroup$LayoutParams;)V:2ba148		=(rels)=>		1
[*] Unique action: 1:29569 : <<CALL>> : androidx.constraintlayout.widget.ConstraintLayout/addView:(Landroid/view/View;ILandroid/view/ViewGroup$LayoutParams;)V:2ba148  =>  android.view.ViewGroup/addView:(Landroid/view/View;ILandroid/view/ViewGroup$LayoutParams;)V:1959fc
	1:compareBackwardBranch: 1:922 : <<BRANCH>> : com.obs.android.shared.CBSApplication/a:(Landroid/content/Context;)Z:37dd6a  =>  com.obs.android.shared.CBSApplication/a:(Landroid/content/Context;)Z:37dd64
org.apache.http.impl.client.DefaultHttpClient/<init>:(Lorg/apache/http/conn/ClientConnectionManager;Lorg/apache/http/params/HttpParams;)V:461042		=(rels)=>		1
[*] Unique action: 1:29795 : <<CALL>> : k.f.a.b.a/<init>:()V:461042  =>  org.apache.http.impl.client.DefaultHttpClient/<init>:(Lorg/apache/http/conn/ClientConnectionManager;Lorg/apache/http/params/HttpParams;)V:31acc
	1:compareBackwardBranch: 1:922 : <<BRANCH>> : com.obs.android.shared.CBSApplication/a:(Landroid/content/Context;)Z:37dd6a  =>  com.obs.android.shared.CBSApplication/a:(Landroid/content/Context;)Z:37dd64
android.view.View/setOnClickListener:(Landroid/view/View$OnClickListener;)V:388e5c		=(rels)=>		1
[*] Unique action: 1:121804 : <<CALL>> : com.obs.android.shared.RegistrationActivity$j/onCreateView:(Landroid/view/LayoutInflater;Landroid/view/ViewGroup;Landroid/os/Bundle;)Landroid/view/View;:388e5c  =>  android.view.View/setOnClickListener:(Landroid/view/View$OnClickListener;)V:1bf5f8
	1:compareBackwardBranch: 1:1041 : <<BRANCH>> : e.g.a.b.z0.a/a:(Landroid/content/Context;)Z:40158c  =>  e.g.a.b.z0.a/a:(Landroid/content/Context;)Z:401586
android.view.ViewGroup/addView:(Landroid/view/View;ILandroid/view/ViewGroup$LayoutParams;)V:2ba148		=(rels)=>		1
[*] Unique action: 1:29569 : <<CALL>> : androidx.constraintlayout.widget.ConstraintLayout/addView:(Landroid/view/View;ILandroid/view/ViewGroup$LayoutParams;)V:2ba148  =>  android.view.ViewGroup/addView:(Landroid/view/View;ILandroid/view/ViewGroup$LayoutParams;)V:1959fc
	1:compareBackwardBranch: 1:1041 : <<BRANCH>> : e.g.a.b.z0.a/a:(Landroid/content/Context;)Z:40158c  =>  e.g.a.b.z0.a/a:(Landroid/content/Context;)Z:401586
org.apache.http.impl.client.DefaultHttpClient/<init>:(Lorg/apache/http/conn/ClientConnectionManager;Lorg/apache/http/params/HttpParams;)V:461042		=(rels)=>		1
[*] Unique action: 1:29795 : <<CALL>> : k.f.a.b.a/<init>:()V:461042  =>  org.apache.http.impl.client.DefaultHttpClient/<init>:(Lorg/apache/http/conn/ClientConnectionManager;Lorg/apache/http/params/HttpParams;)V:31acc
	1:compareBackwardBranch: 1:1041 : <<BRANCH>> : e.g.a.b.z0.a/a:(Landroid/content/Context;)Z:40158c  =>  e.g.a.b.z0.a/a:(Landroid/content/Context;)Z:401586
android.view.View/setOnClickListener:(Landroid/view/View$OnClickListener;)V:388e5c		=(rels)=>		1
[*] Unique action: 1:121804 : <<CALL>> : com.obs.android.shared.RegistrationActivity$j/onCreateView:(Landroid/view/LayoutInflater;Landroid/view/ViewGroup;Landroid/os/Bundle;)Landroid/view/View;:388e5c  =>  android.view.View/setOnClickListener:(Landroid/view/View$OnClickListener;)V:1bf5f8
	1:compareBackwardBranch: 1:79394 : <<BRANCH>> : com.obs.android.shared.CBSApplication/a:(Landroid/content/Context;)Z:37dd6a  =>  com.obs.android.shared.CBSApplication/a:(Landroid/content/Context;)Z:37dd64
android.view.ViewGroup/addView:(Landroid/view/View;)V:29298e		=(rels)=>		1
[*] Unique action: 1:88715 : <<CALL>> : a.l.a.j/a:(Landroidx/fragment/app/Fragment;IIIZ)V:29298e  =>  android.view.ViewGroup/addView:(Landroid/view/View;)V:19596c
	1:compareBackwardBranch: 1:79394 : <<BRANCH>> : com.obs.android.shared.CBSApplication/a:(Landroid/content/Context;)Z:37dd6a  =>  com.obs.android.shared.CBSApplication/a:(Landroid/content/Context;)Z:37dd64
android.view.View/setOnClickListener:(Landroid/view/View$OnClickListener;)V:3a4c72		=(rels)=>		1
[*] Unique action: 1:96004 : <<CALL>> : com.obs.mobile_tablet.navigation.MainNavigation_ViewBinding/<init>:(Lcom/obs/mobile_tablet/navigation/MainNavigation;Landroid/view/View;)V:3a4c72  =>  android.view.View/setOnClickListener:(Landroid/view/View$OnClickListener;)V:1bf5f8
	1:compareBackwardBranch: 1:1041 : <<BRANCH>> : e.g.a.b.z0.a/a:(Landroid/content/Context;)Z:40158c  =>  e.g.a.b.z0.a/a:(Landroid/content/Context;)Z:401586
android.view.ViewGroup/addView:(Landroid/view/View;)V:29298e		=(rels)=>		1
[*] Unique action: 1:88715 : <<CALL>> : a.l.a.j/a:(Landroidx/fragment/app/Fragment;IIIZ)V:29298e  =>  android.view.ViewGroup/addView:(Landroid/view/View;)V:19596c
	1:compareBackwardBranch: 1:79394 : <<BRANCH>> : com.obs.android.shared.CBSApplication/a:(Landroid/content/Context;)Z:37dd6a  =>  com.obs.android.shared.CBSApplication/a:(Landroid/content/Context;)Z:37dd64
android.view.View/setOnClickListener:(Landroid/view/View$OnClickListener;)V:2b7322		=(rels)=>		1
[*] Unique action: 1:28016 : <<CALL>> : androidx.appcompat.widget.Toolbar/setNavigationOnClickListener:(Landroid/view/View$OnClickListener;)V:2b7322  =>  android.view.View/setOnClickListener:(Landroid/view/View$OnClickListener;)V:1bf5f8
	1:compareBackwardBranch: 1:922 : <<BRANCH>> : com.obs.android.shared.CBSApplication/a:(Landroid/content/Context;)Z:37dd6a  =>  com.obs.android.shared.CBSApplication/a:(Landroid/content/Context;)Z:37dd64
android.widget.TextView/setText:(Ljava/lang/CharSequence;)V:395a90		=(rels)=>		1
[*] Unique action: 1:87850 : <<CALL>> : com.obs.mobile_tablet.MainActivity/onCreateView:(Landroid/view/LayoutInflater;Landroid/view/ViewGroup;Landroid/os/Bundle;)Landroid/view/View;:395a90  =>  android.widget.TextView/setText:(Ljava/lang/CharSequence;)V:29ee34
	1:compareBackwardBranch: 1:1041 : <<BRANCH>> : e.g.a.b.z0.a/a:(Landroid/content/Context;)Z:40158c  =>  e.g.a.b.z0.a/a:(Landroid/content/Context;)Z:401586
android.view.View/setOnClickListener:(Landroid/view/View$OnClickListener;)V:3a4c72		=(rels)=>		1
[*] Unique action: 1:96004 : <<CALL>> : com.obs.mobile_tablet.navigation.MainNavigation_ViewBinding/<init>:(Lcom/obs/mobile_tablet/navigation/MainNavigation;Landroid/view/View;)V:3a4c72  =>  android.view.View/setOnClickListener:(Landroid/view/View$OnClickListener;)V:1bf5f8
	1:compareBackwardBranch: 1:79394 : <<BRANCH>> : com.obs.android.shared.CBSApplication/a:(Landroid/content/Context;)Z:37dd6a  =>  com.obs.android.shared.CBSApplication/a:(Landroid/content/Context;)Z:37dd64
android.view.View/setOnClickListener:(Landroid/view/View$OnClickListener;)V:3a4ad0		=(rels)=>		1
[*] Unique action: 1:95960 : <<CALL>> : com.obs.mobile_tablet.navigation.MainNavigation_ViewBinding/<init>:(Lcom/obs/mobile_tablet/navigation/MainNavigation;Landroid/view/View;)V:3a4ad0  =>  android.view.View/setOnClickListener:(Landroid/view/View$OnClickListener;)V:1bf5f8
	1:compareBackwardBranch: 1:1041 : <<BRANCH>> : e.g.a.b.z0.a/a:(Landroid/content/Context;)Z:40158c  =>  e.g.a.b.z0.a/a:(Landroid/content/Context;)Z:401586
android.view.View/setOnClickListener:(Landroid/view/View$OnClickListener;)V:2b7322		=(rels)=>		1
[*] Unique action: 1:28016 : <<CALL>> : androidx.appcompat.widget.Toolbar/setNavigationOnClickListener:(Landroid/view/View$OnClickListener;)V:2b7322  =>  android.view.View/setOnClickListener:(Landroid/view/View$OnClickListener;)V:1bf5f8
	1:compareBackwardBranch: 1:79394 : <<BRANCH>> : com.obs.android.shared.CBSApplication/a:(Landroid/content/Context;)Z:37dd6a  =>  com.obs.android.shared.CBSApplication/a:(Landroid/content/Context;)Z:37dd64
android.widget.TextView/setText:(Ljava/lang/CharSequence;)V:395d34		=(rels)=>		1
[*] Unique action: 1:88620 : <<CALL>> : com.obs.mobile_tablet.MainActivity/onCreateView:(Landroid/view/LayoutInflater;Landroid/view/ViewGroup;Landroid/os/Bundle;)Landroid/view/View;:395d34  =>  android.widget.TextView/setText:(Ljava/lang/CharSequence;)V:29ee34
	1:compareBackwardBranch: 1:1041 : <<BRANCH>> : e.g.a.b.z0.a/a:(Landroid/content/Context;)Z:40158c  =>  e.g.a.b.z0.a/a:(Landroid/content/Context;)Z:401586
android.widget.TextView/setText:(Ljava/lang/CharSequence;)V:395a90		=(rels)=>		1
[*] Unique action: 1:87850 : <<CALL>> : com.obs.mobile_tablet.MainActivity/onCreateView:(Landroid/view/LayoutInflater;Landroid/view/ViewGroup;Landroid/os/Bundle;)Landroid/view/View;:395a90  =>  android.widget.TextView/setText:(Ljava/lang/CharSequence;)V:29ee34
	1:compareBackwardBranch: 1:79394 : <<BRANCH>> : com.obs.android.shared.CBSApplication/a:(Landroid/content/Context;)Z:37dd6a  =>  com.obs.android.shared.CBSApplication/a:(Landroid/content/Context;)Z:37dd64
android.view.View/setOnClickListener:(Landroid/view/View$OnClickListener;)V:3a4bb4		=(rels)=>		1
[*] Unique action: 1:95980 : <<CALL>> : com.obs.mobile_tablet.navigation.MainNavigation_ViewBinding/<init>:(Lcom/obs/mobile_tablet/navigation/MainNavigation;Landroid/view/View;)V:3a4bb4  =>  android.view.View/setOnClickListener:(Landroid/view/View$OnClickListener;)V:1bf5f8
	1:compareBackwardBranch: 1:1041 : <<BRANCH>> : e.g.a.b.z0.a/a:(Landroid/content/Context;)Z:40158c  =>  e.g.a.b.z0.a/a:(Landroid/content/Context;)Z:401586
android.view.View/setOnClickListener:(Landroid/view/View$OnClickListener;)V:3a4ad0		=(rels)=>		1
[*] Unique action: 1:95960 : <<CALL>> : com.obs.mobile_tablet.navigation.MainNavigation_ViewBinding/<init>:(Lcom/obs/mobile_tablet/navigation/MainNavigation;Landroid/view/View;)V:3a4ad0  =>  android.view.View/setOnClickListener:(Landroid/view/View$OnClickListener;)V:1bf5f8
	1:compareBackwardBranch: 1:79394 : <<BRANCH>> : com.obs.android.shared.CBSApplication/a:(Landroid/content/Context;)Z:37dd6a  =>  com.obs.android.shared.CBSApplication/a:(Landroid/content/Context;)Z:37dd64
android.view.ViewGroup/addView:(Landroid/view/View;)V:26ec36		=(rels)=>		1
[*] Unique action: 1:87970 : <<CALL>> : a.b.p.x0/a:(Landroid/view/View;)V:26ec36  =>  android.view.ViewGroup/addView:(Landroid/view/View;)V:19596c
	1:compareBackwardBranch: 1:1041 : <<BRANCH>> : e.g.a.b.z0.a/a:(Landroid/content/Context;)Z:40158c  =>  e.g.a.b.z0.a/a:(Landroid/content/Context;)Z:401586
android.widget.TextView/setText:(Ljava/lang/CharSequence;)V:395d34		=(rels)=>		1
[*] Unique action: 1:88620 : <<CALL>> : com.obs.mobile_tablet.MainActivity/onCreateView:(Landroid/view/LayoutInflater;Landroid/view/ViewGroup;Landroid/os/Bundle;)Landroid/view/View;:395d34  =>  android.widget.TextView/setText:(Ljava/lang/CharSequence;)V:29ee34
	1:compareBackwardBranch: 1:79394 : <<BRANCH>> : com.obs.android.shared.CBSApplication/a:(Landroid/content/Context;)Z:37dd6a  =>  com.obs.android.shared.CBSApplication/a:(Landroid/content/Context;)Z:37dd64
android.view.View/setOnClickListener:(Landroid/view/View$OnClickListener;)V:3a4aaa		=(rels)=>		1
[*] Unique action: 1:95950 : <<CALL>> : com.obs.mobile_tablet.navigation.MainNavigation_ViewBinding/<init>:(Lcom/obs/mobile_tablet/navigation/MainNavigation;Landroid/view/View;)V:3a4aaa  =>  android.view.View/setOnClickListener:(Landroid/view/View$OnClickListener;)V:1bf5f8
	1:compareBackwardBranch: 1:1041 : <<BRANCH>> : e.g.a.b.z0.a/a:(Landroid/content/Context;)Z:40158c  =>  e.g.a.b.z0.a/a:(Landroid/content/Context;)Z:401586
android.view.View/setOnClickListener:(Landroid/view/View$OnClickListener;)V:3a4bb4		=(rels)=>		1
[*] Unique action: 1:95980 : <<CALL>> : com.obs.mobile_tablet.navigation.MainNavigation_ViewBinding/<init>:(Lcom/obs/mobile_tablet/navigation/MainNavigation;Landroid/view/View;)V:3a4bb4  =>  android.view.View/setOnClickListener:(Landroid/view/View$OnClickListener;)V:1bf5f8
	1:compareBackwardBranch: 1:79394 : <<BRANCH>> : com.obs.android.shared.CBSApplication/a:(Landroid/content/Context;)Z:37dd6a  =>  com.obs.android.shared.CBSApplication/a:(Landroid/content/Context;)Z:37dd64
android.view.ViewGroup/addView:(Landroid/view/View;)V:37c2a6		=(rels)=>		1
[*] Unique action: 1:30529 : <<CALL>> : com.obs.android.messenger.MainActivity/onCreate:(Landroid/os/Bundle;)V:37c2a6  =>  android.view.ViewGroup/addView:(Landroid/view/View;)V:19596c
	1:compareBackwardBranch: 1:922 : <<BRANCH>> : com.obs.android.shared.CBSApplication/a:(Landroid/content/Context;)Z:37dd6a  =>  com.obs.android.shared.CBSApplication/a:(Landroid/content/Context;)Z:37dd64
android.widget.EditText/getText:()Landroid/text/Editable;:2694b4		=(rels)=>		1
[*] Unique action: 1:121171 : <<CALL>> : a.b.p.j/getText:()Landroid/text/Editable;:2694b4  =>  android.widget.EditText/getText:()Landroid/text/Editable;:2330f8
	1:compareBackwardBranch: 1:1041 : <<BRANCH>> : e.g.a.b.z0.a/a:(Landroid/content/Context;)Z:40158c  =>  e.g.a.b.z0.a/a:(Landroid/content/Context;)Z:401586
android.view.ViewGroup/addView:(Landroid/view/View;)V:26ec36		=(rels)=>		1
[*] Unique action: 1:87970 : <<CALL>> : a.b.p.x0/a:(Landroid/view/View;)V:26ec36  =>  android.view.ViewGroup/addView:(Landroid/view/View;)V:19596c
	1:compareBackwardBranch: 1:79394 : <<BRANCH>> : com.obs.android.shared.CBSApplication/a:(Landroid/content/Context;)Z:37dd6a  =>  com.obs.android.shared.CBSApplication/a:(Landroid/content/Context;)Z:37dd64
android.widget.TextView/setText:(Ljava/lang/CharSequence;)V:2b75d8		=(rels)=>		1
[*] Unique action: 1:28611 : <<CALL>> : androidx.appcompat.widget.Toolbar/setTitle:(Ljava/lang/CharSequence;)V:2b75d8  =>  android.widget.TextView/setText:(Ljava/lang/CharSequence;)V:29ee34
	1:compareBackwardBranch: 1:922 : <<BRANCH>> : com.obs.android.shared.CBSApplication/a:(Landroid/content/Context;)Z:37dd6a  =>  com.obs.android.shared.CBSApplication/a:(Landroid/content/Context;)Z:37dd64
android.widget.TextView/setText:(Ljava/lang/CharSequence;)V:39604a		=(rels)=>		1
[*] Unique action: 1:99693 : <<CALL>> : com.obs.mobile_tablet.MainActivity/permissionsUpdate:(Le/g/b/f/a/m;)V:39604a  =>  android.widget.TextView/setText:(Ljava/lang/CharSequence;)V:29ee34
[*] FlowManager: adjust finished.
Action is completely same :)
Action is completely same :)
46604b9f: There is no difference. (tryAgain=false)
	1:compareBackwardBranch: 1:1041 : <<BRANCH>> : e.g.a.b.z0.a/a:(Landroid/content/Context;)Z:40158c  =>  e.g.a.b.z0.a/a:(Landroid/content/Context;)Z:401586
android.view.View/setOnClickListener:(Landroid/view/View$OnClickListener;)V:3a4aaa		=(rels)=>		1
[*] Unique action: 1:95950 : <<CALL>> : com.obs.mobile_tablet.navigation.MainNavigation_ViewBinding/<init>:(Lcom/obs/mobile_tablet/navigation/MainNavigation;Landroid/view/View;)V:3a4aaa  =>  android.view.View/setOnClickListener:(Landroid/view/View$OnClickListener;)V:1bf5f8
	1:compareBackwardBranch: 1:79394 : <<BRANCH>> : com.obs.android.shared.CBSApplication/a:(Landroid/content/Context;)Z:37dd6a  =>  com.obs.android.shared.CBSApplication/a:(Landroid/content/Context;)Z:37dd64
android.widget.TextView/setText:(Ljava/lang/CharSequence;)V:395dea		=(rels)=>		1
[*] Unique action: 1:88638 : <<CALL>> : com.obs.mobile_tablet.MainActivity/onCreateView:(Landroid/view/LayoutInflater;Landroid/view/ViewGroup;Landroid/os/Bundle;)Landroid/view/View;:395dea  =>  android.widget.TextView/setText:(Ljava/lang/CharSequence;)V:29ee34
	1:compareBackwardBranch: 1:79394 : <<BRANCH>> : com.obs.android.shared.CBSApplication/a:(Landroid/content/Context;)Z:37dd6a  =>  com.obs.android.shared.CBSApplication/a:(Landroid/content/Context;)Z:37dd64
android.widget.TextView/setText:(Ljava/lang/CharSequence;)V:38c36e		=(rels)=>		1
[*] Unique action: 1:119433 : <<CALL>> : com.obs.android.shared.RegistrationActivity$n/onCreateView:(Landroid/view/LayoutInflater;Landroid/view/ViewGroup;Landroid/os/Bundle;)Landroid/view/View;:38c36e  =>  android.widget.TextView/setText:(Ljava/lang/CharSequence;)V:29ee34
	1:compareBackwardBranch: 1:1041 : <<BRANCH>> : e.g.a.b.z0.a/a:(Landroid/content/Context;)Z:40158c  =>  e.g.a.b.z0.a/a:(Landroid/content/Context;)Z:401586
android.view.ViewGroup/addView:(Landroid/view/View;)V:37c2a6		=(rels)=>		1
[*] Unique action: 1:30529 : <<CALL>> : com.obs.android.messenger.MainActivity/onCreate:(Landroid/os/Bundle;)V:37c2a6  =>  android.view.ViewGroup/addView:(Landroid/view/View;)V:19596c
	1:compareBackwardBranch: 1:1041 : <<BRANCH>> : e.g.a.b.z0.a/a:(Landroid/content/Context;)Z:40158c  =>  e.g.a.b.z0.a/a:(Landroid/content/Context;)Z:401586
android.widget.EditText/getText:()Landroid/text/Editable;:2694b4		=(rels)=>		1
[*] Unique action: 1:121171 : <<CALL>> : a.b.p.j/getText:()Landroid/text/Editable;:2694b4  =>  android.widget.EditText/getText:()Landroid/text/Editable;:2330f8
	1:compareBackwardBranch: 1:79394 : <<BRANCH>> : com.obs.android.shared.CBSApplication/a:(Landroid/content/Context;)Z:37dd6a  =>  com.obs.android.shared.CBSApplication/a:(Landroid/content/Context;)Z:37dd64
android.view.View/setOnClickListener:(Landroid/view/View$OnClickListener;)V:2abf36		=(rels)=>		1
[*] Unique action: 1:113859 : <<CALL>> : androidx.appcompat.app.AppCompatViewInflater/checkOnClickListener:(Landroid/view/View;Landroid/util/AttributeSet;)V:2abf36  =>  android.view.View/setOnClickListener:(Landroid/view/View$OnClickListener;)V:1bf5f8
	1:compareBackwardBranch: 1:1041 : <<BRANCH>> : e.g.a.b.z0.a/a:(Landroid/content/Context;)Z:40158c  =>  e.g.a.b.z0.a/a:(Landroid/content/Context;)Z:401586
android.widget.TextView/setText:(Ljava/lang/CharSequence;)V:2b75d8		=(rels)=>		1
[*] Unique action: 1:28611 : <<CALL>> : androidx.appcompat.widget.Toolbar/setTitle:(Ljava/lang/CharSequence;)V:2b75d8  =>  android.widget.TextView/setText:(Ljava/lang/CharSequence;)V:29ee34
	1:compareBackwardBranch: 1:79394 : <<BRANCH>> : com.obs.android.shared.CBSApplication/a:(Landroid/content/Context;)Z:37dd6a  =>  com.obs.android.shared.CBSApplication/a:(Landroid/content/Context;)Z:37dd64
android.view.View/setOnClickListener:(Landroid/view/View$OnClickListener;)V:395aa4		=(rels)=>		1
	1:compareBackwardBranch: 1:1041 : <<BRANCH>> : e.g.a.b.z0.a/a:(Landroid/content/Context;)Z:40158c  =>  e.g.a.b.z0.a/a:(Landroid/content/Context;)Z:401586
android.widget.TextView/setText:(Ljava/lang/CharSequence;)V:39604a		=(rels)=>		1
[*] Unique action: 1:87858 : <<CALL>> : com.obs.mobile_tablet.MainActivity/onCreateView:(Landroid/view/LayoutInflater;Landroid/view/ViewGroup;Landroid/os/Bundle;)Landroid/view/View;:395aa4  =>  android.view.View/setOnClickListener:(Landroid/view/View$OnClickListener;)V:1bf5f8
[*] Unique action: 1:99693 : <<CALL>> : com.obs.mobile_tablet.MainActivity/permissionsUpdate:(Le/g/b/f/a/m;)V:39604a  =>  android.widget.TextView/setText:(Ljava/lang/CharSequence;)V:29ee34
	1:compareBackwardBranch: 1:79394 : <<BRANCH>> : com.obs.android.shared.CBSApplication/a:(Landroid/content/Context;)Z:37dd6a  =>  com.obs.android.shared.CBSApplication/a:(Landroid/content/Context;)Z:37dd64
android.os.Handler/postDelayed:(Ljava/lang/Runnable;J)Z:424b3c		=(rels)=>		1
[*] Unique action: 1:101245 : <<CALL>> : e.i.a.a/onActivityPaused:(Landroid/app/Activity;)V:424b3c  =>  android.os.Handler/postDelayed:(Ljava/lang/Runnable;J)Z:30ca84
	1:compareBackwardBranch: 1:1041 : <<BRANCH>> : e.g.a.b.z0.a/a:(Landroid/content/Context;)Z:40158c  =>  e.g.a.b.z0.a/a:(Landroid/content/Context;)Z:401586
android.widget.TextView/setText:(Ljava/lang/CharSequence;)V:395dea		=(rels)=>		1
[*] Unique action: 1:88638 : <<CALL>> : com.obs.mobile_tablet.MainActivity/onCreateView:(Landroid/view/LayoutInflater;Landroid/view/ViewGroup;Landroid/os/Bundle;)Landroid/view/View;:395dea  =>  android.widget.TextView/setText:(Ljava/lang/CharSequence;)V:29ee34
	1:compareBackwardBranch: 1:79394 : <<BRANCH>> : com.obs.android.shared.CBSApplication/a:(Landroid/content/Context;)Z:37dd6a  =>  com.obs.android.shared.CBSApplication/a:(Landroid/content/Context;)Z:37dd64
android.view.ViewGroup/addView:(Landroid/view/View;Landroid/view/ViewGroup$LayoutParams;)V:2b5814		=(rels)=>		1
[*] Unique action: 1:28602 : <<CALL>> : androidx.appcompat.widget.Toolbar/a:(Landroid/view/View;Z)V:2b5814  =>  android.view.ViewGroup/addView:(Landroid/view/View;Landroid/view/ViewGroup$LayoutParams;)V:195988
	1:compareBackwardBranch: 1:922 : <<BRANCH>> : com.obs.android.shared.CBSApplication/a:(Landroid/content/Context;)Z:37dd6a  =>  com.obs.android.shared.CBSApplication/a:(Landroid/content/Context;)Z:37dd64
java.lang.System/exit:(I)V:37e6c2		=(rels)=>		1
[*] Unique action: 1:622 : <<CALL>> : com.obs.android.shared.CBSApplication/b:()V:37e6c2  =>  java.lang.System/exit:(I)V:ea908
	1:compareBackwardBranch2: 1:922 : <<BRANCH>> : com.obs.android.shared.CBSApplication/a:(Landroid/content/Context;)Z:37dd6a  =>  com.obs.android.shared.CBSApplication/a:(Landroid/content/Context;)Z:37dd64
Entry: 37d2f8
com.obs.android.shared.CBSApplication/a:(Landroid/content/Context;)Z: 37dd6a -> 37dd64
		com.obs.android.shared.CBSApplication/a:(Landroid/content/Context;)Z: a72 -> a6c
addPatchReadme: java.lang.Class<com.obs.android.shared.CBSApplication>a(Landroid/content/Context;)Z a72 t
b29e6a69: [+] Patches found in this round: 1
b29e6a69: [*] Found Patch size: 1
Target PID : 
	1:compareBackwardBranch: 1:1041 : <<BRANCH>> : e.g.a.b.z0.a/a:(Landroid/content/Context;)Z:40158c  =>  e.g.a.b.z0.a/a:(Landroid/content/Context;)Z:401586
android.widget.TextView/setText:(Ljava/lang/CharSequence;)V:38c36e		=(rels)=>		1
[*] Unique action: 1:119433 : <<CALL>> : com.obs.android.shared.RegistrationActivity$n/onCreateView:(Landroid/view/LayoutInflater;Landroid/view/ViewGroup;Landroid/os/Bundle;)Landroid/view/View;:38c36e  =>  android.widget.TextView/setText:(Ljava/lang/CharSequence;)V:29ee34
ExitReason-Code: 6 (/home/santapark/Extended3/DEEPerence/reEx/devRoot_com.obs.android.olm.merchants.prod.obfuscated_flattened.ilog)
b29e6a69: 	@@@Found patch addr: 37dd7a
b29e6a69: Querying offset: 37dd6a
b29e6a69: 	--Add method name to patch = com.obs.android.shared.CBSApplication/a:(Landroid/content/Context;)Z 	37dd6a
	1:compareBackwardBranch: 1:1041 : <<BRANCH>> : e.g.a.b.z0.a/a:(Landroid/content/Context;)Z:40158c  =>  e.g.a.b.z0.a/a:(Landroid/content/Context;)Z:401586
android.view.View/setOnClickListener:(Landroid/view/View$OnClickListener;)V:2abf36		=(rels)=>		1
[*] Unique action: 1:113859 : <<CALL>> : androidx.appcompat.app.AppCompatViewInflater/checkOnClickListener:(Landroid/view/View;Landroid/util/AttributeSet;)V:2abf36  =>  android.view.View/setOnClickListener:(Landroid/view/View$OnClickListener;)V:1bf5f8
	1:compareBackwardBranch: 1:1041 : <<BRANCH>> : e.g.a.b.z0.a/a:(Landroid/content/Context;)Z:40158c  =>  e.g.a.b.z0.a/a:(Landroid/content/Context;)Z:401586
android.view.View/setOnClickListener:(Landroid/view/View$OnClickListener;)V:395aa4		=(rels)=>		1
[*] Unique action: 1:87858 : <<CALL>> : com.obs.mobile_tablet.MainActivity/onCreateView:(Landroid/view/LayoutInflater;Landroid/view/ViewGroup;Landroid/os/Bundle;)Landroid/view/View;:395aa4  =>  android.view.View/setOnClickListener:(Landroid/view/View$OnClickListener;)V:1bf5f8
	1:compareBackwardBranch: 1:1041 : <<BRANCH>> : e.g.a.b.z0.a/a:(Landroid/content/Context;)Z:40158c  =>  e.g.a.b.z0.a/a:(Landroid/content/Context;)Z:401586
android.os.Handler/postDelayed:(Ljava/lang/Runnable;J)Z:424b3c		=(rels)=>		1
[*] Unique action: 1:101245 : <<CALL>> : e.i.a.a/onActivityPaused:(Landroid/app/Activity;)V:424b3c  =>  android.os.Handler/postDelayed:(Ljava/lang/Runnable;J)Z:30ca84
	1:compareBackwardBranch: 1:1041 : <<BRANCH>> : e.g.a.b.z0.a/a:(Landroid/content/Context;)Z:40158c  =>  e.g.a.b.z0.a/a:(Landroid/content/Context;)Z:401586
android.view.ViewGroup/addView:(Landroid/view/View;Landroid/view/ViewGroup$LayoutParams;)V:2b5814		=(rels)=>		1
[*] Unique action: 1:28602 : <<CALL>> : androidx.appcompat.widget.Toolbar/a:(Landroid/view/View;Z)V:2b5814  =>  android.view.ViewGroup/addView:(Landroid/view/View;Landroid/view/ViewGroup$LayoutParams;)V:195988
	1:compareBackwardBranch: 1:1041 : <<BRANCH>> : e.g.a.b.z0.a/a:(Landroid/content/Context;)Z:40158c  =>  e.g.a.b.z0.a/a:(Landroid/content/Context;)Z:401586
java.lang.System/exit:(I)V:37e6c2		=(rels)=>		1
[*] Unique action: 1:1104 : <<CALL>> : com.obs.android.shared.CBSApplication/b:()V:37e6c2  =>  java.lang.System/exit:(I)V:ea908
	1:compareBackwardBranch2: 1:1041 : <<BRANCH>> : e.g.a.b.z0.a/a:(Landroid/content/Context;)Z:40158c  =>  e.g.a.b.z0.a/a:(Landroid/content/Context;)Z:401586
Entry: 4013e8
e.g.a.b.z0.a/a:(Landroid/content/Context;)Z: 40158c -> 401586
		e.g.a.b.z0.a/a:(Landroid/content/Context;)Z: 1a4 -> 19e
addPatchReadme: java.lang.Class<e.g.a.b.z0.a>a(Landroid/content/Context;)Z 1a4 t
159ceeed: [+] Patches found in this round: 1
159ceeed: [*] Found Patch size: 1
Target PID : 
ExitReason-Code: 6 (/home/santapark/Extended3/DEEPerence/reEx/devDebug_com.obs.android.olm.merchants.prod.obfuscated_flattened.ilog)
159ceeed: 	@@@Found patch addr: 40159c
159ceeed: Querying offset: 40158c
159ceeed: 	--Add method name to patch = e.g.a.b.z0.a/a:(Landroid/content/Context;)Z 	40158c
Devices presenting anti-analysis: 
	devRoot
	devDebug
b29e6a69: patching method: com.obs.android.shared.CBSApplication/a:(Landroid/content/Context;)Z
b29e6a69: outDir - /home/santapark/Extended3/DEEPerence/reEx/com.obs.android.olm.merchants.prod.apk.obfuscated_flattened_devRoot
Wow!!!!!  --  com.obs.android.shared.CBSApplication/a:(Landroid/content/Context;)Z
fallthrough: a76
branchTarget: a6c
label = cond_15
GOTO -- a76 	a6c
axmlPath: /home/santapark/Extended3/DEEPerence/reEx/com.obs.android.olm.merchants.prod.apk.obfuscated_flattened_devRoot/AndroidManifest.xml
outDir: /home/santapark/Extended3/DEEPerence/reEx/com.obs.android.olm.merchants.prod.apk.obfuscated_flattened_devRoot/com.obs.android.olm.merchants.prod.apk.obfuscated_flattened.apk
b29e6a69: Patched APK File: /home/santapark/Extended3/DEEPerence/reEx/com.obs.android.olm.merchants.prod.apk.obfuscated_flattened_devRoot/signed_com.obs.android.olm.merchants.prod.apk.obfuscated_flattened.apk
b29e6a69: First address of Lcom/obs/android/shared/CBSApplication;->a(Landroid/content/Context;)Z = 37d308
b29e6a69: Address - Lcom/obs/android/shared/CBSApplication;->a(Landroid/content/Context;)Z@a72	 lastOffset = 1324
b29e6a69: Instruction@@: IF_NEZ
159ceeed: patching method: e.g.a.b.z0.a/a:(Landroid/content/Context;)Z
159ceeed: outDir - /home/santapark/Extended3/DEEPerence/reEx/com.obs.android.olm.merchants.prod.apk.obfuscated_flattened_devDebug
Wow!!!!!  --  e.g.a.b.z0.a/a:(Landroid/content/Context;)Z
fallthrough: 1a8
branchTarget: 19e
label = cond_1
GOTO -- 1a8 	19e
axmlPath: /home/santapark/Extended3/DEEPerence/reEx/com.obs.android.olm.merchants.prod.apk.obfuscated_flattened_devDebug/AndroidManifest.xml
outDir: /home/santapark/Extended3/DEEPerence/reEx/com.obs.android.olm.merchants.prod.apk.obfuscated_flattened_devDebug/com.obs.android.olm.merchants.prod.apk.obfuscated_flattened.apk
159ceeed: Patched APK File: /home/santapark/Extended3/DEEPerence/reEx/com.obs.android.olm.merchants.prod.apk.obfuscated_flattened_devDebug/signed_com.obs.android.olm.merchants.prod.apk.obfuscated_flattened.apk
159ceeed: First address of Le/g/a/b/z0/a;->a(Landroid/content/Context;)Z = 4013f8
159ceeed: Address - Le/g/a/b/z0/a;->a(Landroid/content/Context;)Z@1a4	 lastOffset = 464
159ceeed: Instruction@@: IF_EQZ
b29e6a69: (Not Installed) Trying remove : true
159ceeed: (Not Installed) Trying remove : true
Installing apk: /home/santapark/Extended3/DEEPerence/reEx/com.obs.android.olm.merchants.prod.apk.obfuscated_flattened_devDebug/signed_com.obs.android.olm.merchants.prod.apk.obfuscated_flattened.apk
Installing apk: /home/santapark/Extended3/DEEPerence/reEx/com.obs.android.olm.merchants.prod.apk.obfuscated_flattened_devRoot/signed_com.obs.android.olm.merchants.prod.apk.obfuscated_flattened.apk
159ceeed: Installation Success
b29e6a69: Installation Success
b29e6a69: startApplication called! - devRoot
159ceeed: startApplication called! - devDebug
159ceeed: Collecting logcat... (/home/santapark/Extended3/DEEPerence/reEx/devDebug_com.obs.android.olm.merchants.prod.obfuscated_flattened.ilog)
b29e6a69: Collecting logcat... (/home/santapark/Extended3/DEEPerence/reEx/devRoot_com.obs.android.olm.merchants.prod.obfuscated_flattened.ilog)
b29e6a69: Running Application: com.obs.android.olm.merchants.prod
PIDs--------------------------------------------------------------------------
u0_a719       25766    423 14454924 106288 0                  0 S com.obs.android.olm.merchants.prod
forward tcp:35535 jdwp:25766
[*]Found JDWP Target: 25766
159ceeed: Running Application: com.obs.android.olm.merchants.prod
PIDs--------------------------------------------------------------------------
u0_a719       25766    423 14729684 156472 0                  0 S com.obs.android.olm.merchants.prod
159ceeed: Tryging attach jdb to 25766
jdb -connect com.sun.jdi.SocketAttach:hostname=localhost,port=35535
159ceeed: Running is done - starting comparing... : 10001
159ceeed: Terminated logcat thread...by itself
159ceeed: Top-activity: com.android.launcher3/.Launcher
PIDs--------------------------------------------------------------------------
159ceeed: savedPid = null
PIDs--------------------------------------------------------------------------
159ceeed: savedPid2 = null
Stopping app: com.obs.android.olm.merchants.prod
Tryging remove : uninstall com.obs.android.olm.merchants.prod(com.obs.android.olm.merchants.prod)
159ceeed: Remove Success
159ceeed: ilog file size: 41966864
159ceeed: End of collecting logcat...
b29e6a69: Terminated logcat thread...by itself
b29e6a69: Top-activity: com.obs.android.olm.merchants.prod/com.obs.android.shared.RegistrationActivity
PIDs--------------------------------------------------------------------------
u0_a399       16916    430 14874180 176624 0                  0 S com.obs.android.olm.merchants.prod
b29e6a69: savedPid = 16916
PIDs--------------------------------------------------------------------------
u0_a399       16916    430 14874180 176624 0                  0 S com.obs.android.olm.merchants.prod
b29e6a69: savedPid2 = 16916
Stopping app: com.obs.android.olm.merchants.prod
Tryging remove : uninstall com.obs.android.olm.merchants.prod(com.obs.android.olm.merchants.prod)
b29e6a69: Remove Success
b29e6a69: ilog file size: 89261648
b29e6a69: End of collecting logcat...
HPFinder's try count remains: 28
Target PID : 10449
Target PID : 10449
ExitReason-Code: 1 (/home/santapark/Extended3/DEEPerence/reEx/devRef_com.obs.android.olm.merchants.prod.obfuscated_flattened.ilog)
Target PID : 16916
ExitReason-Code: 1 (/home/santapark/Extended3/DEEPerence/reEx/devRef_com.obs.android.olm.merchants.prod.obfuscated_flattened.ilog)
Target PID : 
ExitReason-Code: 6 (/home/santapark/Extended3/DEEPerence/reEx/devDebug_com.obs.android.olm.merchants.prod.obfuscated_flattened.ilog)
159ceeed: adding filter -- 40158c
ExitReason-Code: 1 (/home/santapark/Extended3/DEEPerence/reEx/devRoot_com.obs.android.olm.merchants.prod.obfuscated_flattened.ilog)
b29e6a69: adding filter -- 37dd6a
[*] FlowManager: adjust finished.
-- current localPatchFilter: 40158c
Action is completely same :)
java.lang.System/exit:(I)V:37e6c2		=(rels)=>		1
[*] Unique action: 16:238114 : <<CALL>> : com.obs.android.shared.CBSApplication/b:()V:37e6c2  =>  java.lang.System/exit:(I)V:ea908
	1:compareBackwardBranch2: 15:1101 : <<BRANCH>> : e.g.a.b.z0.a$a/run:()V:401260  =>  e.g.a.b.z0.a$a/run:()V:401252
Entry: 4011a0
e.g.a.b.z0.a$a/run:()V: 401260 -> 401252
		e.g.a.b.z0.a$a/run:()V: c0 -> b2
addPatchReadme: java.lang.Class<e.g.a.b.z0.a$a>run()V c0 t
159ceeed: [+] Patches found in this round: 1
159ceeed: [*] Found Patch size: 1
Target PID : 
ExitReason-Code: 6 (/home/santapark/Extended3/DEEPerence/reEx/devDebug_com.obs.android.olm.merchants.prod.obfuscated_flattened.ilog)
159ceeed: @@localPatchFilter -- 40159c
159ceeed: 	@@@Found patch addr: 401270
159ceeed: Querying offset: 401260
159ceeed: 	--Add method name to patch = e.g.a.b.z0.a$a/run:()V 	401260
[*] FlowManager: adjust finished.
-- current localPatchFilter: 37dd6a
Action is completely same :)
Action is completely same :)
b29e6a69: There is no difference. (tryAgain=false)
Devices presenting anti-analysis: 
	devDebug
159ceeed: patching method: e.g.a.b.z0.a/a:(Landroid/content/Context;)Z
159ceeed: patching method: e.g.a.b.z0.a$a/run:()V
159ceeed: outDir - /home/santapark/Extended3/DEEPerence/reEx/com.obs.android.olm.merchants.prod.apk.obfuscated_flattened_devDebug
Wow!!!!!  --  e.g.a.b.z0.a$a/run:()V
fallthrough: c4
branchTarget: b2
label = cond_0
GOTO -- c4 	b2
Wow!!!!!  --  e.g.a.b.z0.a/a:(Landroid/content/Context;)Z
fallthrough: 1a8
branchTarget: 19e
label = cond_1
GOTO -- 1a8 	19e
axmlPath: /home/santapark/Extended3/DEEPerence/reEx/com.obs.android.olm.merchants.prod.apk.obfuscated_flattened_devDebug/AndroidManifest.xml
outDir: /home/santapark/Extended3/DEEPerence/reEx/com.obs.android.olm.merchants.prod.apk.obfuscated_flattened_devDebug/com.obs.android.olm.merchants.prod.apk.obfuscated_flattened.apk
159ceeed: Patched APK File: /home/santapark/Extended3/DEEPerence/reEx/com.obs.android.olm.merchants.prod.apk.obfuscated_flattened_devDebug/signed_com.obs.android.olm.merchants.prod.apk.obfuscated_flattened.apk
159ceeed: First address of Le/g/a/b/z0/a;->a(Landroid/content/Context;)Z = 4013f8
159ceeed: Address - Le/g/a/b/z0/a;->a(Landroid/content/Context;)Z@1a4	 lastOffset = 464
159ceeed: Instruction@@: IF_EQZ
159ceeed: First address of Le/g/a/b/z0/a$a;->run()V = 4011b0
159ceeed: Address - Le/g/a/b/z0/a$a;->run()V@c0	 lastOffset = 164
159ceeed: Instruction@@: IF_EQZ
159ceeed: (Not Installed) Trying remove : true
Installing apk: /home/santapark/Extended3/DEEPerence/reEx/com.obs.android.olm.merchants.prod.apk.obfuscated_flattened_devDebug/signed_com.obs.android.olm.merchants.prod.apk.obfuscated_flattened.apk
159ceeed: Installation Success
159ceeed: startApplication called! - devDebug
159ceeed: Collecting logcat... (/home/santapark/Extended3/DEEPerence/reEx/devDebug_com.obs.android.olm.merchants.prod.obfuscated_flattened.ilog)
PIDs--------------------------------------------------------------------------
u0_a720       25899    423 14454924 106176 0                  0 R com.obs.android.olm.merchants.prod
forward tcp:35535 jdwp:25899
[*]Found JDWP Target: 25899
159ceeed: Running Application: com.obs.android.olm.merchants.prod
PIDs--------------------------------------------------------------------------
u0_a720       25899    423 14712240 156836 0                  0 R com.obs.android.olm.merchants.prod
159ceeed: Tryging attach jdb to 25899
jdb -connect com.sun.jdi.SocketAttach:hostname=localhost,port=35535
159ceeed: Terminated logcat thread...by itself
159ceeed: Top-activity: com.obs.android.olm.merchants.prod/com.obs.android.shared.RegistrationActivity
PIDs--------------------------------------------------------------------------
u0_a720       25899    423 14856408 189724 0                  0 S com.obs.android.olm.merchants.prod
159ceeed: savedPid = 25899
PIDs--------------------------------------------------------------------------
u0_a720       25899    423 14856408 189724 0                  0 S com.obs.android.olm.merchants.prod
159ceeed: savedPid2 = 25899
Stopping app: com.obs.android.olm.merchants.prod
Tryging remove : uninstall com.obs.android.olm.merchants.prod(com.obs.android.olm.merchants.prod)
159ceeed: Remove Success
159ceeed: ilog file size: 89568340
159ceeed: End of collecting logcat...
HPFinder's try count remains: 27
Target PID : 10449
ExitReason-Code: 1 (/home/santapark/Extended3/DEEPerence/reEx/devRef_com.obs.android.olm.merchants.prod.obfuscated_flattened.ilog)
Target PID : 25899
ExitReason-Code: 1 (/home/santapark/Extended3/DEEPerence/reEx/devDebug_com.obs.android.olm.merchants.prod.obfuscated_flattened.ilog)
159ceeed: adding filter -- 40158c
159ceeed: adding filter -- 401260
[*] FlowManager: adjust finished.
-- current localPatchFilter: 401260
-- current localPatchFilter: 40158c
Action is completely same :)
Action is completely same :)
159ceeed: There is no difference. (tryAgain=false)
-- HPFinder will be done in this iteration :)
hasAntiAnalysis? - devTamper: false on com.obs.android.messenger.MainActivity
hasAntiAnalysis? - devRoot: true on com.obs.android.messenger.MainActivity
	isRemovedThem? - devRoot: true on com.obs.android.messenger.MainActivity	-	tryCount: 1
hasAntiAnalysis? - devDebug: true on com.obs.android.messenger.MainActivity
	isRemovedThem? - devDebug: true on com.obs.android.messenger.MainActivity	-	tryCount: 2
*****REPORT: com.obs.android.olm.merchants.prod
* Package name: com.obs.android.olm.merchants.prod
* Running time: 545
* FileSize: 11444214
devTamper : 89492366
devRef : 89446695
devRoot : 89261648
devDebug : 89568340
hasAntiAnalysis? - devTamper: false on com.obs.android.messenger.MainActivity
hasAntiAnalysis? - devRoot: true on com.obs.android.messenger.MainActivity
	isRemovedThem? - devRoot: true on com.obs.android.messenger.MainActivity	-	tryCount: 1
hasAntiAnalysis? - devDebug: true on com.obs.android.messenger.MainActivity
	isRemovedThem? - devDebug: true on com.obs.android.messenger.MainActivity	-	tryCount: 2
46604b9f: trying remove : com.obs.android.olm.merchants.prod
3601a6ff: trying remove : com.obs.android.olm.merchants.prod
b29e6a69: trying remove : com.obs.android.olm.merchants.prod
159ceeed: trying remove : com.obs.android.olm.merchants.prod
46604b9f: (Not Installed) Trying remove : true
46604b9f: -- Success
46604b9f: result = true
b29e6a69: (Not Installed) Trying remove : true
b29e6a69: -- Success
b29e6a69: result = true
159ceeed: (Not Installed) Trying remove : true
159ceeed: -- Success
159ceeed: result = true
3601a6ff: (Not Installed) Trying remove : true
3601a6ff: -- Success
3601a6ff: result = true
3601a6ff: isFailedToLaunch: com.obs.android.olm.merchants.prod/com.obs.android.shared.RegistrationActivity
3601a6ff: 	--result: Good :)
