axmlPath: /home/santapark/Extended3/DEEPerence/reEx/com.obs.android.olm.firstsecurity.prod.apk.obfuscated_flattened/AndroidManifest.xml
launchable-activity: name='com.obs.android.messenger.MainActivity'  label='' icon=''
{ACTIVITY, com.obs.android.messenger.MainActivity, android.intent.action.MAIN}
{ACTIVITY, com.obs.mobile_tablet.components.CheckImageActivity}
{ACTIVITY, com.obs.mobile_tablet.transactions.deposits.DepositsCaptureImageActivity}
{ACTIVITY, com.obs.android.shared.RegistrationActivity}
{ACTIVITY, com.obs.android.messenger.MainActivity, android.intent.action.MAIN}
{ACTIVITY, com.obs.mobile_tablet.components.CheckImageActivity}
{ACTIVITY, com.obs.mobile_tablet.transactions.deposits.DepositsCaptureImageActivity}
{ACTIVITY, com.obs.android.shared.RegistrationActivity}
_getAllDexFiles: /home/santapark/Extended3/DEEPerence/reEx/com.obs.android.olm.firstsecurity.prod.apk.obfuscated_flattened/classes.dex
----------------/home/santapark/Extended3/DEEPerence/reEx/com.obs.android.olm.firstsecurity.prod.apk.obfuscated_flattened.apk
dexFile = org.jf.dexlib2.dexbacked.DexBackedDexFile@1077877d
com.obs.android.olm.firstsecurity.prod
com.obs.android.messenger.MainActivity
debuggable: false
b29e6a69: (Not Installed) Trying remove : true
b29e6a69: -- Success
46604b9f: (Not Installed) Trying remove : true
46604b9f: -- Success
159ceeed: (Not Installed) Trying remove : true
159ceeed: -- Success
3601a6ff: (Not Installed) Trying remove : true
3601a6ff: -- Success
Installing apk: /home/santapark/Extended3/DEEPerence/reEx/com.obs.android.olm.firstsecurity.prod.apk.obfuscated_flattened.apk
Installing apk: /home/santapark/Extended3/DEEPerence/reEx/com.obs.android.olm.firstsecurity.prod.apk.obfuscated_flattened.apk
Installing apk: /home/santapark/Extended3/DEEPerence/reEx/com.obs.android.olm.firstsecurity.prod.apk.obfuscated_flattened.apk
axmlPath: /home/santapark/Extended3/DEEPerence/reEx/com.obs.android.olm.firstsecurity.prod.apk.obfuscated_flattened_46604b9f/AndroidManifest.xml
outDir: /home/santapark/Extended3/DEEPerence/reEx/com.obs.android.olm.firstsecurity.prod.apk.obfuscated_flattened_46604b9f/com.obs.android.olm.firstsecurity.prod.apk.obfuscated_flattened.apk
46604b9f: Installing repackaged apk File: 
Installing apk: /home/santapark/Extended3/DEEPerence/reEx/com.obs.android.olm.firstsecurity.prod.apk.obfuscated_flattened_46604b9f/signed_com.obs.android.olm.firstsecurity.prod.apk.obfuscated_flattened.apk
159ceeed: Installation Success
3601a6ff: Installation Success
b29e6a69: Installation Success
46604b9f: Installation Success
46604b9f: startApplication called! - devTamper
3601a6ff: startApplication called! - devRef
b29e6a69: startApplication called! - devRoot
159ceeed: startApplication called! - devDebug
46604b9f: Collecting logcat... (/home/santapark/Extended3/DEEPerence/reEx/devTamper_com.obs.android.olm.firstsecurity.prod.obfuscated_flattened.ilog)
b29e6a69: Collecting logcat... (/home/santapark/Extended3/DEEPerence/reEx/devRoot_com.obs.android.olm.firstsecurity.prod.obfuscated_flattened.ilog)
3601a6ff: Collecting logcat... (/home/santapark/Extended3/DEEPerence/reEx/devRef_com.obs.android.olm.firstsecurity.prod.obfuscated_flattened.ilog)
159ceeed: Collecting logcat... (/home/santapark/Extended3/DEEPerence/reEx/devDebug_com.obs.android.olm.firstsecurity.prod.obfuscated_flattened.ilog)
46604b9f: Running Application: com.obs.android.olm.firstsecurity.prod
b29e6a69: Running Application: com.obs.android.olm.firstsecurity.prod
3601a6ff: Running Application: com.obs.android.olm.firstsecurity.prod
PIDs--------------------------------------------------------------------------
u0_a706       32009    423 14399276 95944 0                   0 R com.obs.android.olm.firstsecurity.prod
forward tcp:35535 jdwp:32009
[*]Found JDWP Target: 32009
159ceeed: Running Application: com.obs.android.olm.firstsecurity.prod
PIDs--------------------------------------------------------------------------
u0_a706       32634    423 13763292 101464 0                  0 R com.obs.android.olm.firstsecurity.prod
159ceeed: pid changed(32009) --> 32634
46604b9f: Terminated logcat thread...by itself
b29e6a69: Terminated logcat thread...by itself
3601a6ff: Terminated logcat thread...by itself
46604b9f: Top-activity: com.obs.android.olm.firstsecurity.prod/com.obs.android.shared.RegistrationActivity
PIDs--------------------------------------------------------------------------
u0_a291        6137    425 14240244 172092 0                  0 S com.obs.android.olm.firstsecurity.prod
46604b9f: savedPid = 6137
PIDs--------------------------------------------------------------------------
u0_a291        6137    425 14240244 172092 0                  0 S com.obs.android.olm.firstsecurity.prod
46604b9f: savedPid2 = 6137
Stopping app: com.obs.android.olm.firstsecurity.prod
3601a6ff: Top-activity: com.obs.android.olm.firstsecurity.prod/com.obs.android.shared.RegistrationActivity
PIDs--------------------------------------------------------------------------
u0_a347        9855    414 14120680 171748 0                  0 S com.obs.android.olm.firstsecurity.prod
3601a6ff: savedPid = 9855
PIDs--------------------------------------------------------------------------
u0_a347        9855    414 14120680 171748 0                  0 S com.obs.android.olm.firstsecurity.prod
3601a6ff: savedPid2 = 9855
Stopping app: com.obs.android.olm.firstsecurity.prod
b29e6a69: Top-activity: com.obs.android.olm.firstsecurity.prod/com.obs.android.messenger.MainActivity
PIDs--------------------------------------------------------------------------
b29e6a69: savedPid = null
PIDs--------------------------------------------------------------------------
b29e6a69: savedPid2 = null
Stopping app: com.obs.android.olm.firstsecurity.prod
159ceeed: Terminated logcat thread...by itself
159ceeed: Top-activity: com.obs.android.olm.firstsecurity.prod/com.obs.android.messenger.MainActivity
PIDs--------------------------------------------------------------------------
159ceeed: savedPid = null
PIDs--------------------------------------------------------------------------
159ceeed: savedPid2 = null
Stopping app: com.obs.android.olm.firstsecurity.prod
Tryging remove : uninstall com.obs.android.olm.firstsecurity.prod(com.obs.android.olm.firstsecurity.prod)
46604b9f: Remove Success
46604b9f: ilog file size: 111749889
46604b9f: End of collecting logcat...
Tryging remove : uninstall com.obs.android.olm.firstsecurity.prod(com.obs.android.olm.firstsecurity.prod)
3601a6ff: Remove Success
3601a6ff: ilog file size: 184078626
3601a6ff: End of collecting logcat...
Tryging remove : uninstall com.obs.android.olm.firstsecurity.prod(com.obs.android.olm.firstsecurity.prod)
b29e6a69: Remove Success
b29e6a69: ilog file size: 51786156
b29e6a69: End of collecting logcat...
Tryging remove : uninstall com.obs.android.olm.firstsecurity.prod(com.obs.android.olm.firstsecurity.prod)
159ceeed: Remove Success
159ceeed: ilog file size: 60964981
159ceeed: End of collecting logcat...
HPFinder's try count remains: 29
Target PID : 9855
Target PID : 9855
Target PID : 9855
ExitReason-Code: 1 (/home/santapark/Extended3/DEEPerence/reEx/devRef_com.obs.android.olm.firstsecurity.prod.obfuscated_flattened.ilog)
Target PID : 
ExitReason-Code: 1 (/home/santapark/Extended3/DEEPerence/reEx/devRef_com.obs.android.olm.firstsecurity.prod.obfuscated_flattened.ilog)
Target PID : 
ExitReason-Code: 1 (/home/santapark/Extended3/DEEPerence/reEx/devRef_com.obs.android.olm.firstsecurity.prod.obfuscated_flattened.ilog)
Target PID : 6137
ExitReason-Code: 6 (/home/santapark/Extended3/DEEPerence/reEx/devRoot_com.obs.android.olm.firstsecurity.prod.obfuscated_flattened.ilog)
ExitReason-Code: 6 (/home/santapark/Extended3/DEEPerence/reEx/devDebug_com.obs.android.olm.firstsecurity.prod.obfuscated_flattened.ilog)
[*] FlowManager: adjust finished.
[GOOD]: Anti-analysis is identified! :) -- 1 --devRoot
android.view.ViewGroup/addView:(Landroid/view/View;)V:24fa64		=(rels)=>		1
[*] Unique action: 1:88302 : <<CALL>> : android.support.v4.a.n/a:(Landroid/support/v4/a/h;IIIZ)V:24fa64  =>  android.view.ViewGroup/addView:(Landroid/view/View;)V:19596c
[*] FlowManager: adjust finished.
[GOOD]: Anti-analysis is identified! :) -- 1 --devDebug
android.view.ViewGroup/addView:(Landroid/view/View;)V:24fa64		=(rels)=>		1
[*] Unique action: 1:88302 : <<CALL>> : android.support.v4.a.n/a:(Landroid/support/v4/a/h;IIIZ)V:24fa64  =>  android.view.ViewGroup/addView:(Landroid/view/View;)V:19596c
ExitReason-Code: 1 (/home/santapark/Extended3/DEEPerence/reEx/devTamper_com.obs.android.olm.firstsecurity.prod.obfuscated_flattened.ilog)
	1:compareBackwardBranch: 1:1134 : <<BRANCH>> : com.obs.android.shared.CBSApplication/b:(Landroid/content/Context;)Z:344502  =>  com.obs.android.shared.CBSApplication/b:(Landroid/content/Context;)Z:34450c
android.widget.TextView/setText:(Ljava/lang/CharSequence;)V:371db4		=(rels)=>		1
[*] Unique action: 1:87804 : <<CALL>> : com.obs.mobile_tablet.MainActivity/a:(Landroid/view/LayoutInflater;Landroid/view/ViewGroup;Landroid/os/Bundle;)Landroid/view/View;:371db4  =>  android.widget.TextView/setText:(Ljava/lang/CharSequence;)V:29ee34
	1:compareBackwardBranch: 1:1322 : <<BRANCH>> : com.obs.android.shared.a.a/a:(Landroid/content/Context;)Z:355f06  =>  com.obs.android.shared.a.a/a:(Landroid/content/Context;)Z:355f00
android.widget.TextView/setText:(Ljava/lang/CharSequence;)V:371db4		=(rels)=>		1
[*] Unique action: 1:87804 : <<CALL>> : com.obs.mobile_tablet.MainActivity/a:(Landroid/view/LayoutInflater;Landroid/view/ViewGroup;Landroid/os/Bundle;)Landroid/view/View;:371db4  =>  android.widget.TextView/setText:(Ljava/lang/CharSequence;)V:29ee34
	1:compareBackwardBranch: 1:1134 : <<BRANCH>> : com.obs.android.shared.CBSApplication/b:(Landroid/content/Context;)Z:344502  =>  com.obs.android.shared.CBSApplication/b:(Landroid/content/Context;)Z:34450c
android.view.View/setOnClickListener:(Landroid/view/View$OnClickListener;)V:3903fc		=(rels)=>		1
[*] Unique action: 1:94532 : <<CALL>> : com.obs.mobile_tablet.navigation.MainNavigation_ViewBinding/<init>:(Lcom/obs/mobile_tablet/navigation/MainNavigation;Landroid/view/View;)V:3903fc  =>  android.view.View/setOnClickListener:(Landroid/view/View$OnClickListener;)V:1bf5f8
	1:compareBackwardBranch: 1:1322 : <<BRANCH>> : com.obs.android.shared.a.a/a:(Landroid/content/Context;)Z:355f06  =>  com.obs.android.shared.a.a/a:(Landroid/content/Context;)Z:355f00
android.view.View/setOnClickListener:(Landroid/view/View$OnClickListener;)V:3903fc		=(rels)=>		1
[*] Unique action: 1:94532 : <<CALL>> : com.obs.mobile_tablet.navigation.MainNavigation_ViewBinding/<init>:(Lcom/obs/mobile_tablet/navigation/MainNavigation;Landroid/view/View;)V:3903fc  =>  android.view.View/setOnClickListener:(Landroid/view/View$OnClickListener;)V:1bf5f8
	1:compareBackwardBranch: 1:1134 : <<BRANCH>> : com.obs.android.shared.CBSApplication/b:(Landroid/content/Context;)Z:344502  =>  com.obs.android.shared.CBSApplication/b:(Landroid/content/Context;)Z:34450c
android.os.Handler/postDelayed:(Ljava/lang/Runnable;J)Z:2affac		=(rels)=>		1
[*] Unique action: 1:97848 : <<CALL>> : com.a.a.a/onActivityPaused:(Landroid/app/Activity;)V:2affac  =>  android.os.Handler/postDelayed:(Ljava/lang/Runnable;J)Z:30ca84
	1:compareBackwardBranch: 1:1322 : <<BRANCH>> : com.obs.android.shared.a.a/a:(Landroid/content/Context;)Z:355f06  =>  com.obs.android.shared.a.a/a:(Landroid/content/Context;)Z:355f00
android.os.Handler/postDelayed:(Ljava/lang/Runnable;J)Z:2affac		=(rels)=>		1
[*] Unique action: 1:97848 : <<CALL>> : com.a.a.a/onActivityPaused:(Landroid/app/Activity;)V:2affac  =>  android.os.Handler/postDelayed:(Ljava/lang/Runnable;J)Z:30ca84
	1:compareBackwardBranch: 1:1134 : <<BRANCH>> : com.obs.android.shared.CBSApplication/b:(Landroid/content/Context;)Z:344502  =>  com.obs.android.shared.CBSApplication/b:(Landroid/content/Context;)Z:34450c
android.view.View/setOnClickListener:(Landroid/view/View$OnClickListener;)V:28e6ce		=(rels)=>		1
[*] Unique action: 1:25189 : <<CALL>> : android.support.v7.widget.Toolbar/setNavigationOnClickListener:(Landroid/view/View$OnClickListener;)V:28e6ce  =>  android.view.View/setOnClickListener:(Landroid/view/View$OnClickListener;)V:1bf5f8
	1:compareBackwardBranch: 1:1134 : <<BRANCH>> : com.obs.android.shared.CBSApplication/b:(Landroid/content/Context;)Z:344502  =>  com.obs.android.shared.CBSApplication/b:(Landroid/content/Context;)Z:34450c
android.view.ViewGroup/addView:(Landroid/view/View;ILandroid/view/ViewGroup$LayoutParams;)V:2375c4		=(rels)=>		1
[*] Unique action: 1:26586 : <<CALL>> : android.support.constraint.ConstraintLayout/addView:(Landroid/view/View;ILandroid/view/ViewGroup$LayoutParams;)V:2375c4  =>  android.view.ViewGroup/addView:(Landroid/view/View;ILandroid/view/ViewGroup$LayoutParams;)V:1959fc
	1:compareBackwardBranch: 1:1322 : <<BRANCH>> : com.obs.android.shared.a.a/a:(Landroid/content/Context;)Z:355f06  =>  com.obs.android.shared.a.a/a:(Landroid/content/Context;)Z:355f00
android.view.View/setOnClickListener:(Landroid/view/View$OnClickListener;)V:28e6ce		=(rels)=>		1
[*] Unique action: 1:25189 : <<CALL>> : android.support.v7.widget.Toolbar/setNavigationOnClickListener:(Landroid/view/View$OnClickListener;)V:28e6ce  =>  android.view.View/setOnClickListener:(Landroid/view/View$OnClickListener;)V:1bf5f8
	1:compareBackwardBranch: 1:1134 : <<BRANCH>> : com.obs.android.shared.CBSApplication/b:(Landroid/content/Context;)Z:344502  =>  com.obs.android.shared.CBSApplication/b:(Landroid/content/Context;)Z:34450c
android.view.View/setOnClickListener:(Landroid/view/View$OnClickListener;)V:39059e		=(rels)=>		1
[*] Unique action: 1:94584 : <<CALL>> : com.obs.mobile_tablet.navigation.MainNavigation_ViewBinding/<init>:(Lcom/obs/mobile_tablet/navigation/MainNavigation;Landroid/view/View;)V:39059e  =>  android.view.View/setOnClickListener:(Landroid/view/View$OnClickListener;)V:1bf5f8
	1:compareBackwardBranch: 1:1322 : <<BRANCH>> : com.obs.android.shared.a.a/a:(Landroid/content/Context;)Z:355f06  =>  com.obs.android.shared.a.a/a:(Landroid/content/Context;)Z:355f00
android.view.ViewGroup/addView:(Landroid/view/View;ILandroid/view/ViewGroup$LayoutParams;)V:2375c4		=(rels)=>		1
[*] Unique action: 1:26586 : <<CALL>> : android.support.constraint.ConstraintLayout/addView:(Landroid/view/View;ILandroid/view/ViewGroup$LayoutParams;)V:2375c4  =>  android.view.ViewGroup/addView:(Landroid/view/View;ILandroid/view/ViewGroup$LayoutParams;)V:1959fc
	1:compareBackwardBranch: 1:1322 : <<BRANCH>> : com.obs.android.shared.a.a/a:(Landroid/content/Context;)Z:355f06  =>  com.obs.android.shared.a.a/a:(Landroid/content/Context;)Z:355f00
android.view.View/setOnClickListener:(Landroid/view/View$OnClickListener;)V:39059e		=(rels)=>		1
[*] Unique action: 1:94584 : <<CALL>> : com.obs.mobile_tablet.navigation.MainNavigation_ViewBinding/<init>:(Lcom/obs/mobile_tablet/navigation/MainNavigation;Landroid/view/View;)V:39059e  =>  android.view.View/setOnClickListener:(Landroid/view/View$OnClickListener;)V:1bf5f8
	1:compareBackwardBranch: 1:1134 : <<BRANCH>> : com.obs.android.shared.CBSApplication/b:(Landroid/content/Context;)Z:344502  =>  com.obs.android.shared.CBSApplication/b:(Landroid/content/Context;)Z:34450c
android.view.ViewGroup/addView:(Landroid/view/View;)V:341bfa		=(rels)=>		1
[*] Unique action: 1:27454 : <<CALL>> : com.obs.android.messenger.MainActivity/onCreate:(Landroid/os/Bundle;)V:341bfa  =>  android.view.ViewGroup/addView:(Landroid/view/View;)V:19596c
	1:compareBackwardBranch: 1:1134 : <<BRANCH>> : com.obs.android.shared.CBSApplication/b:(Landroid/content/Context;)Z:344502  =>  com.obs.android.shared.CBSApplication/b:(Landroid/content/Context;)Z:34450c
org.apache.http.impl.client.DefaultHttpClient/<init>:(Lorg/apache/http/conn/ClientConnectionManager;Lorg/apache/http/params/HttpParams;)V:3f798e		=(rels)=>		1
[*] Unique action: 1:26868 : <<CALL>> : org.c.a.a.b/<init>:()V:3f798e  =>  org.apache.http.impl.client.DefaultHttpClient/<init>:(Lorg/apache/http/conn/ClientConnectionManager;Lorg/apache/http/params/HttpParams;)V:31acc
	1:compareBackwardBranch: 1:1322 : <<BRANCH>> : com.obs.android.shared.a.a/a:(Landroid/content/Context;)Z:355f06  =>  com.obs.android.shared.a.a/a:(Landroid/content/Context;)Z:355f00
android.view.ViewGroup/addView:(Landroid/view/View;)V:341bfa		=(rels)=>		1
[*] Unique action: 1:27454 : <<CALL>> : com.obs.android.messenger.MainActivity/onCreate:(Landroid/os/Bundle;)V:341bfa  =>  android.view.ViewGroup/addView:(Landroid/view/View;)V:19596c
	1:compareBackwardBranch: 1:1134 : <<BRANCH>> : com.obs.android.shared.CBSApplication/b:(Landroid/content/Context;)Z:344502  =>  com.obs.android.shared.CBSApplication/b:(Landroid/content/Context;)Z:34450c
android.widget.TextView/setText:(Ljava/lang/CharSequence;)V:372986		=(rels)=>		1
[*] Unique action: 1:96955 : <<CALL>> : com.obs.mobile_tablet.MainActivity/permissionsUpdate:(Lcom/obs/mobile_core/b/a/k;)V:372986  =>  android.widget.TextView/setText:(Ljava/lang/CharSequence;)V:29ee34
	1:compareBackwardBranch: 1:1322 : <<BRANCH>> : com.obs.android.shared.a.a/a:(Landroid/content/Context;)Z:355f06  =>  com.obs.android.shared.a.a/a:(Landroid/content/Context;)Z:355f00
org.apache.http.impl.client.DefaultHttpClient/<init>:(Lorg/apache/http/conn/ClientConnectionManager;Lorg/apache/http/params/HttpParams;)V:3f798e		=(rels)=>		1
[*] Unique action: 1:26868 : <<CALL>> : org.c.a.a.b/<init>:()V:3f798e  =>  org.apache.http.impl.client.DefaultHttpClient/<init>:(Lorg/apache/http/conn/ClientConnectionManager;Lorg/apache/http/params/HttpParams;)V:31acc
	1:compareBackwardBranch: 1:1322 : <<BRANCH>> : com.obs.android.shared.a.a/a:(Landroid/content/Context;)Z:355f06  =>  com.obs.android.shared.a.a/a:(Landroid/content/Context;)Z:355f00
android.widget.TextView/setText:(Ljava/lang/CharSequence;)V:372986		=(rels)=>		1
[*] Unique action: 1:96955 : <<CALL>> : com.obs.mobile_tablet.MainActivity/permissionsUpdate:(Lcom/obs/mobile_core/b/a/k;)V:372986  =>  android.widget.TextView/setText:(Ljava/lang/CharSequence;)V:29ee34
	1:compareBackwardBranch: 1:1134 : <<BRANCH>> : com.obs.android.shared.CBSApplication/b:(Landroid/content/Context;)Z:344502  =>  com.obs.android.shared.CBSApplication/b:(Landroid/content/Context;)Z:34450c
android.view.ViewGroup/addView:(Landroid/view/View;Landroid/view/ViewGroup$LayoutParams;)V:28c8fa		=(rels)=>		1
[*] Unique action: 1:25609 : <<CALL>> : android.support.v7.widget.Toolbar/a:(Landroid/view/View;Z)V:28c8fa  =>  android.view.ViewGroup/addView:(Landroid/view/View;Landroid/view/ViewGroup$LayoutParams;)V:195988
	1:compareBackwardBranch: 1:1134 : <<BRANCH>> : com.obs.android.shared.CBSApplication/b:(Landroid/content/Context;)Z:344502  =>  com.obs.android.shared.CBSApplication/b:(Landroid/content/Context;)Z:34450c
android.view.ViewGroup/addView:(Landroid/view/View;)V:29725a		=(rels)=>		1
[*] Unique action: 1:87926 : <<CALL>> : android.support.v7.widget.aw/a:(Landroid/view/View;)V:29725a  =>  android.view.ViewGroup/addView:(Landroid/view/View;)V:19596c
	1:compareBackwardBranch: 1:1322 : <<BRANCH>> : com.obs.android.shared.a.a/a:(Landroid/content/Context;)Z:355f06  =>  com.obs.android.shared.a.a/a:(Landroid/content/Context;)Z:355f00
android.view.ViewGroup/addView:(Landroid/view/View;Landroid/view/ViewGroup$LayoutParams;)V:28c8fa		=(rels)=>		1
[*] Unique action: 1:25609 : <<CALL>> : android.support.v7.widget.Toolbar/a:(Landroid/view/View;Z)V:28c8fa  =>  android.view.ViewGroup/addView:(Landroid/view/View;Landroid/view/ViewGroup$LayoutParams;)V:195988
	1:compareBackwardBranch: 1:1322 : <<BRANCH>> : com.obs.android.shared.a.a/a:(Landroid/content/Context;)Z:355f06  =>  com.obs.android.shared.a.a/a:(Landroid/content/Context;)Z:355f00
android.view.ViewGroup/addView:(Landroid/view/View;)V:29725a		=(rels)=>		1
[*] Unique action: 1:87926 : <<CALL>> : android.support.v7.widget.aw/a:(Landroid/view/View;)V:29725a  =>  android.view.ViewGroup/addView:(Landroid/view/View;)V:19596c
	1:compareBackwardBranch: 1:1134 : <<BRANCH>> : com.obs.android.shared.CBSApplication/b:(Landroid/content/Context;)Z:344502  =>  com.obs.android.shared.CBSApplication/b:(Landroid/content/Context;)Z:34450c
android.view.View/setOnClickListener:(Landroid/view/View$OnClickListener;)V:34d880		=(rels)=>		1
[*] Unique action: 1:114759 : <<CALL>> : com.obs.android.shared.RegistrationActivity$a/a:(Landroid/view/LayoutInflater;Landroid/view/ViewGroup;Landroid/os/Bundle;)Landroid/view/View;:34d880  =>  android.view.View/setOnClickListener:(Landroid/view/View$OnClickListener;)V:1bf5f8
	1:compareBackwardBranch: 1:1322 : <<BRANCH>> : com.obs.android.shared.a.a/a:(Landroid/content/Context;)Z:355f06  =>  com.obs.android.shared.a.a/a:(Landroid/content/Context;)Z:355f00
android.view.View/setOnClickListener:(Landroid/view/View$OnClickListener;)V:34d880		=(rels)=>		1
[*] Unique action: 1:114759 : <<CALL>> : com.obs.android.shared.RegistrationActivity$a/a:(Landroid/view/LayoutInflater;Landroid/view/ViewGroup;Landroid/os/Bundle;)Landroid/view/View;:34d880  =>  android.view.View/setOnClickListener:(Landroid/view/View$OnClickListener;)V:1bf5f8
	1:compareBackwardBranch: 1:1134 : <<BRANCH>> : com.obs.android.shared.CBSApplication/b:(Landroid/content/Context;)Z:344502  =>  com.obs.android.shared.CBSApplication/b:(Landroid/content/Context;)Z:34450c
android.view.View/setOnClickListener:(Landroid/view/View$OnClickListener;)V:279eb2		=(rels)=>		1
[*] Unique action: 1:107544 : <<CALL>> : android.support.v7.app.m/a:(Landroid/view/View;Landroid/util/AttributeSet;)V:279eb2  =>  android.view.View/setOnClickListener:(Landroid/view/View$OnClickListener;)V:1bf5f8
	1:compareBackwardBranch: 1:1322 : <<BRANCH>> : com.obs.android.shared.a.a/a:(Landroid/content/Context;)Z:355f06  =>  com.obs.android.shared.a.a/a:(Landroid/content/Context;)Z:355f00
android.view.View/setOnClickListener:(Landroid/view/View$OnClickListener;)V:279eb2		=(rels)=>		1
[*] Unique action: 1:107544 : <<CALL>> : android.support.v7.app.m/a:(Landroid/view/View;Landroid/util/AttributeSet;)V:279eb2  =>  android.view.View/setOnClickListener:(Landroid/view/View$OnClickListener;)V:1bf5f8
	1:compareBackwardBranch: 1:1134 : <<BRANCH>> : com.obs.android.shared.CBSApplication/b:(Landroid/content/Context;)Z:344502  =>  com.obs.android.shared.CBSApplication/b:(Landroid/content/Context;)Z:34450c
android.widget.TextView/setText:(Ljava/lang/CharSequence;)V:28e95e		=(rels)=>		1
[*] Unique action: 1:25617 : <<CALL>> : android.support.v7.widget.Toolbar/setTitle:(Ljava/lang/CharSequence;)V:28e95e  =>  android.widget.TextView/setText:(Ljava/lang/CharSequence;)V:29ee34
	1:compareBackwardBranch: 1:1134 : <<BRANCH>> : com.obs.android.shared.CBSApplication/b:(Landroid/content/Context;)Z:344502  =>  com.obs.android.shared.CBSApplication/b:(Landroid/content/Context;)Z:34450c
android.widget.TextView/setText:(Ljava/lang/CharSequence;)V:350922		=(rels)=>		1
[*] Unique action: 1:112650 : <<CALL>> : com.obs.android.shared.RegistrationActivity$e/a:(Landroid/view/LayoutInflater;Landroid/view/ViewGroup;Landroid/os/Bundle;)Landroid/view/View;:350922  =>  android.widget.TextView/setText:(Ljava/lang/CharSequence;)V:29ee34
	1:compareBackwardBranch: 1:1322 : <<BRANCH>> : com.obs.android.shared.a.a/a:(Landroid/content/Context;)Z:355f06  =>  com.obs.android.shared.a.a/a:(Landroid/content/Context;)Z:355f00
android.widget.TextView/setText:(Ljava/lang/CharSequence;)V:28e95e		=(rels)=>		1
[*] Unique action: 1:25617 : <<CALL>> : android.support.v7.widget.Toolbar/setTitle:(Ljava/lang/CharSequence;)V:28e95e  =>  android.widget.TextView/setText:(Ljava/lang/CharSequence;)V:29ee34
	1:compareBackwardBranch: 1:1322 : <<BRANCH>> : com.obs.android.shared.a.a/a:(Landroid/content/Context;)Z:355f06  =>  com.obs.android.shared.a.a/a:(Landroid/content/Context;)Z:355f00
android.widget.TextView/setText:(Ljava/lang/CharSequence;)V:350922		=(rels)=>		1
[*] Unique action: 1:112650 : <<CALL>> : com.obs.android.shared.RegistrationActivity$e/a:(Landroid/view/LayoutInflater;Landroid/view/ViewGroup;Landroid/os/Bundle;)Landroid/view/View;:350922  =>  android.widget.TextView/setText:(Ljava/lang/CharSequence;)V:29ee34
	1:compareBackwardBranch: 1:1134 : <<BRANCH>> : com.obs.android.shared.CBSApplication/b:(Landroid/content/Context;)Z:344502  =>  com.obs.android.shared.CBSApplication/b:(Landroid/content/Context;)Z:34450c
android.widget.TextView/setText:(Ljava/lang/CharSequence;)V:37208e		=(rels)=>		1
[*] Unique action: 1:88292 : <<CALL>> : com.obs.mobile_tablet.MainActivity/a:(Landroid/view/LayoutInflater;Landroid/view/ViewGroup;Landroid/os/Bundle;)Landroid/view/View;:37208e  =>  android.widget.TextView/setText:(Ljava/lang/CharSequence;)V:29ee34
	1:compareBackwardBranch: 1:1322 : <<BRANCH>> : com.obs.android.shared.a.a/a:(Landroid/content/Context;)Z:355f06  =>  com.obs.android.shared.a.a/a:(Landroid/content/Context;)Z:355f00
android.widget.TextView/setText:(Ljava/lang/CharSequence;)V:37208e		=(rels)=>		1
[*] Unique action: 1:88292 : <<CALL>> : com.obs.mobile_tablet.MainActivity/a:(Landroid/view/LayoutInflater;Landroid/view/ViewGroup;Landroid/os/Bundle;)Landroid/view/View;:37208e  =>  android.widget.TextView/setText:(Ljava/lang/CharSequence;)V:29ee34
	1:compareBackwardBranch: 1:1134 : <<BRANCH>> : com.obs.android.shared.CBSApplication/b:(Landroid/content/Context;)Z:344502  =>  com.obs.android.shared.CBSApplication/b:(Landroid/content/Context;)Z:34450c
android.widget.TextView/setText:(Ljava/lang/CharSequence;)V:371fee		=(rels)=>		1
[*] Unique action: 1:88273 : <<CALL>> : com.obs.mobile_tablet.MainActivity/a:(Landroid/view/LayoutInflater;Landroid/view/ViewGroup;Landroid/os/Bundle;)Landroid/view/View;:371fee  =>  android.widget.TextView/setText:(Ljava/lang/CharSequence;)V:29ee34
	1:compareBackwardBranch: 1:1322 : <<BRANCH>> : com.obs.android.shared.a.a/a:(Landroid/content/Context;)Z:355f06  =>  com.obs.android.shared.a.a/a:(Landroid/content/Context;)Z:355f00
android.widget.TextView/setText:(Ljava/lang/CharSequence;)V:371fee		=(rels)=>		1
[*] Unique action: 1:88273 : <<CALL>> : com.obs.mobile_tablet.MainActivity/a:(Landroid/view/LayoutInflater;Landroid/view/ViewGroup;Landroid/os/Bundle;)Landroid/view/View;:371fee  =>  android.widget.TextView/setText:(Ljava/lang/CharSequence;)V:29ee34
	1:compareBackwardBranch: 1:1134 : <<BRANCH>> : com.obs.android.shared.CBSApplication/b:(Landroid/content/Context;)Z:344502  =>  com.obs.android.shared.CBSApplication/b:(Landroid/content/Context;)Z:34450c
android.view.View/setOnClickListener:(Landroid/view/View$OnClickListener;)V:3904e0		=(rels)=>		1
[*] Unique action: 1:94560 : <<CALL>> : com.obs.mobile_tablet.navigation.MainNavigation_ViewBinding/<init>:(Lcom/obs/mobile_tablet/navigation/MainNavigation;Landroid/view/View;)V:3904e0  =>  android.view.View/setOnClickListener:(Landroid/view/View$OnClickListener;)V:1bf5f8
	1:compareBackwardBranch: 1:1322 : <<BRANCH>> : com.obs.android.shared.a.a/a:(Landroid/content/Context;)Z:355f06  =>  com.obs.android.shared.a.a/a:(Landroid/content/Context;)Z:355f00
android.view.View/setOnClickListener:(Landroid/view/View$OnClickListener;)V:3904e0		=(rels)=>		1
[*] Unique action: 1:94560 : <<CALL>> : com.obs.mobile_tablet.navigation.MainNavigation_ViewBinding/<init>:(Lcom/obs/mobile_tablet/navigation/MainNavigation;Landroid/view/View;)V:3904e0  =>  android.view.View/setOnClickListener:(Landroid/view/View$OnClickListener;)V:1bf5f8
	1:compareBackwardBranch: 1:1134 : <<BRANCH>> : com.obs.android.shared.CBSApplication/b:(Landroid/content/Context;)Z:344502  =>  com.obs.android.shared.CBSApplication/b:(Landroid/content/Context;)Z:34450c
android.view.View/setOnClickListener:(Landroid/view/View$OnClickListener;)V:390422		=(rels)=>		1
[*] Unique action: 1:94542 : <<CALL>> : com.obs.mobile_tablet.navigation.MainNavigation_ViewBinding/<init>:(Lcom/obs/mobile_tablet/navigation/MainNavigation;Landroid/view/View;)V:390422  =>  android.view.View/setOnClickListener:(Landroid/view/View$OnClickListener;)V:1bf5f8
	1:compareBackwardBranch: 1:1322 : <<BRANCH>> : com.obs.android.shared.a.a/a:(Landroid/content/Context;)Z:355f06  =>  com.obs.android.shared.a.a/a:(Landroid/content/Context;)Z:355f00
android.view.View/setOnClickListener:(Landroid/view/View$OnClickListener;)V:390422		=(rels)=>		1
[*] Unique action: 1:94542 : <<CALL>> : com.obs.mobile_tablet.navigation.MainNavigation_ViewBinding/<init>:(Lcom/obs/mobile_tablet/navigation/MainNavigation;Landroid/view/View;)V:390422  =>  android.view.View/setOnClickListener:(Landroid/view/View$OnClickListener;)V:1bf5f8
	1:compareBackwardBranch: 1:1134 : <<BRANCH>> : com.obs.android.shared.CBSApplication/b:(Landroid/content/Context;)Z:344502  =>  com.obs.android.shared.CBSApplication/b:(Landroid/content/Context;)Z:34450c
android.view.View/setOnClickListener:(Landroid/view/View$OnClickListener;)V:371dc8		=(rels)=>		1
[*] Unique action: 1:87812 : <<CALL>> : com.obs.mobile_tablet.MainActivity/a:(Landroid/view/LayoutInflater;Landroid/view/ViewGroup;Landroid/os/Bundle;)Landroid/view/View;:371dc8  =>  android.view.View/setOnClickListener:(Landroid/view/View$OnClickListener;)V:1bf5f8
[*] FlowManager: adjust finished.
Action is completely same :)
Action is completely same :)
46604b9f: There is no difference. (tryAgain=false)
	1:compareBackwardBranch: 1:1322 : <<BRANCH>> : com.obs.android.shared.a.a/a:(Landroid/content/Context;)Z:355f06  =>  com.obs.android.shared.a.a/a:(Landroid/content/Context;)Z:355f00
android.view.View/setOnClickListener:(Landroid/view/View$OnClickListener;)V:371dc8		=(rels)=>		1
[*] Unique action: 1:87812 : <<CALL>> : com.obs.mobile_tablet.MainActivity/a:(Landroid/view/LayoutInflater;Landroid/view/ViewGroup;Landroid/os/Bundle;)Landroid/view/View;:371dc8  =>  android.view.View/setOnClickListener:(Landroid/view/View$OnClickListener;)V:1bf5f8
	1:compareBackwardBranch: 1:1134 : <<BRANCH>> : com.obs.android.shared.CBSApplication/b:(Landroid/content/Context;)Z:344502  =>  com.obs.android.shared.CBSApplication/b:(Landroid/content/Context;)Z:34450c
android.view.View/setOnClickListener:(Landroid/view/View$OnClickListener;)V:390506		=(rels)=>		1
[*] Unique action: 1:94568 : <<CALL>> : com.obs.mobile_tablet.navigation.MainNavigation_ViewBinding/<init>:(Lcom/obs/mobile_tablet/navigation/MainNavigation;Landroid/view/View;)V:390506  =>  android.view.View/setOnClickListener:(Landroid/view/View$OnClickListener;)V:1bf5f8
	1:compareBackwardBranch: 1:1322 : <<BRANCH>> : com.obs.android.shared.a.a/a:(Landroid/content/Context;)Z:355f06  =>  com.obs.android.shared.a.a/a:(Landroid/content/Context;)Z:355f00
android.view.View/setOnClickListener:(Landroid/view/View$OnClickListener;)V:390506		=(rels)=>		1
[*] Unique action: 1:94568 : <<CALL>> : com.obs.mobile_tablet.navigation.MainNavigation_ViewBinding/<init>:(Lcom/obs/mobile_tablet/navigation/MainNavigation;Landroid/view/View;)V:390506  =>  android.view.View/setOnClickListener:(Landroid/view/View$OnClickListener;)V:1bf5f8
	1:compareBackwardBranch: 1:1134 : <<BRANCH>> : com.obs.android.shared.CBSApplication/b:(Landroid/content/Context;)Z:344502  =>  com.obs.android.shared.CBSApplication/b:(Landroid/content/Context;)Z:34450c
java.lang.System/exit:(I)V:343a06		=(rels)=>		1
[*] Unique action: 1:693 : <<CALL>> : com.obs.android.shared.CBSApplication/b:()V:343a06  =>  java.lang.System/exit:(I)V:ea908
	1:compareBackwardBranch: 1:1322 : <<BRANCH>> : com.obs.android.shared.a.a/a:(Landroid/content/Context;)Z:355f06  =>  com.obs.android.shared.a.a/a:(Landroid/content/Context;)Z:355f00
java.lang.System/exit:(I)V:343a06		=(rels)=>		1
[*] Unique action: 1:1353 : <<CALL>> : com.obs.android.shared.CBSApplication/b:()V:343a06  =>  java.lang.System/exit:(I)V:ea908
	1:compareBackwardBranch2: 1:1134 : <<BRANCH>> : com.obs.android.shared.CBSApplication/b:(Landroid/content/Context;)Z:344502  =>  com.obs.android.shared.CBSApplication/b:(Landroid/content/Context;)Z:34450c
Entry: 343b44
com.obs.android.shared.CBSApplication/b:(Landroid/content/Context;)Z: 344502 -> 34450c
		com.obs.android.shared.CBSApplication/b:(Landroid/content/Context;)Z: 9be -> 9c8
addPatchReadme: java.lang.Class<com.obs.android.shared.CBSApplication>b(Landroid/content/Context;)Z 9be t
b29e6a69: [+] Patches found in this round: 1
b29e6a69: [*] Found Patch size: 1
Target PID : 
	1:compareBackwardBranch2: 1:1322 : <<BRANCH>> : com.obs.android.shared.a.a/a:(Landroid/content/Context;)Z:355f06  =>  com.obs.android.shared.a.a/a:(Landroid/content/Context;)Z:355f00
Entry: 355d88
com.obs.android.shared.a.a/a:(Landroid/content/Context;)Z: 355f06 -> 355f00
		com.obs.android.shared.a.a/a:(Landroid/content/Context;)Z: 17e -> 178
addPatchReadme: java.lang.Class<com.obs.android.shared.a.a>a(Landroid/content/Context;)Z 17e t
159ceeed: [+] Patches found in this round: 1
159ceeed: [*] Found Patch size: 1
Target PID : 
ExitReason-Code: 6 (/home/santapark/Extended3/DEEPerence/reEx/devRoot_com.obs.android.olm.firstsecurity.prod.obfuscated_flattened.ilog)
b29e6a69: 	@@@Found patch addr: 344512
b29e6a69: Querying offset: 344502
b29e6a69: 	--Add method name to patch = com.obs.android.shared.CBSApplication/b:(Landroid/content/Context;)Z 	344502
ExitReason-Code: 6 (/home/santapark/Extended3/DEEPerence/reEx/devDebug_com.obs.android.olm.firstsecurity.prod.obfuscated_flattened.ilog)
159ceeed: 	@@@Found patch addr: 355f16
159ceeed: Querying offset: 355f06
159ceeed: 	--Add method name to patch = com.obs.android.shared.a.a/a:(Landroid/content/Context;)Z 	355f06
Devices presenting anti-analysis: 
	devRoot
	devDebug
b29e6a69: patching method: com.obs.android.shared.CBSApplication/b:(Landroid/content/Context;)Z
b29e6a69: outDir - /home/santapark/Extended3/DEEPerence/reEx/com.obs.android.olm.firstsecurity.prod.apk.obfuscated_flattened_devRoot
Wow!!!!!  --  com.obs.android.shared.CBSApplication/b:(Landroid/content/Context;)Z
fallthrough: 9c2
branchTarget: 9c8
label = cond_11
GOTO -- 9c2 	9c8
axmlPath: /home/santapark/Extended3/DEEPerence/reEx/com.obs.android.olm.firstsecurity.prod.apk.obfuscated_flattened_devRoot/AndroidManifest.xml
outDir: /home/santapark/Extended3/DEEPerence/reEx/com.obs.android.olm.firstsecurity.prod.apk.obfuscated_flattened_devRoot/com.obs.android.olm.firstsecurity.prod.apk.obfuscated_flattened.apk
b29e6a69: Patched APK File: /home/santapark/Extended3/DEEPerence/reEx/com.obs.android.olm.firstsecurity.prod.apk.obfuscated_flattened_devRoot/signed_com.obs.android.olm.firstsecurity.prod.apk.obfuscated_flattened.apk
b29e6a69: First address of Lcom/obs/android/shared/CBSApplication;->b(Landroid/content/Context;)Z = 343b54
b29e6a69: Address - Lcom/obs/android/shared/CBSApplication;->b(Landroid/content/Context;)Z@9be	 lastOffset = 1b3c
b29e6a69: Instruction@@: IF_NEZ
159ceeed: patching method: com.obs.android.shared.a.a/a:(Landroid/content/Context;)Z
159ceeed: outDir - /home/santapark/Extended3/DEEPerence/reEx/com.obs.android.olm.firstsecurity.prod.apk.obfuscated_flattened_devDebug
Wow!!!!!  --  com.obs.android.shared.a.a/a:(Landroid/content/Context;)Z
fallthrough: 182
branchTarget: 178
label = cond_1
GOTO -- 182 	178
axmlPath: /home/santapark/Extended3/DEEPerence/reEx/com.obs.android.olm.firstsecurity.prod.apk.obfuscated_flattened_devDebug/AndroidManifest.xml
outDir: /home/santapark/Extended3/DEEPerence/reEx/com.obs.android.olm.firstsecurity.prod.apk.obfuscated_flattened_devDebug/com.obs.android.olm.firstsecurity.prod.apk.obfuscated_flattened.apk
159ceeed: Patched APK File: /home/santapark/Extended3/DEEPerence/reEx/com.obs.android.olm.firstsecurity.prod.apk.obfuscated_flattened_devDebug/signed_com.obs.android.olm.firstsecurity.prod.apk.obfuscated_flattened.apk
159ceeed: First address of Lcom/obs/android/shared/a/a;->a(Landroid/content/Context;)Z = 355d98
159ceeed: Address - Lcom/obs/android/shared/a/a;->a(Landroid/content/Context;)Z@17e	 lastOffset = 450
159ceeed: Instruction@@: IF_EQZ
b29e6a69: (Not Installed) Trying remove : true
159ceeed: (Not Installed) Trying remove : true
Installing apk: /home/santapark/Extended3/DEEPerence/reEx/com.obs.android.olm.firstsecurity.prod.apk.obfuscated_flattened_devDebug/signed_com.obs.android.olm.firstsecurity.prod.apk.obfuscated_flattened.apk
Installing apk: /home/santapark/Extended3/DEEPerence/reEx/com.obs.android.olm.firstsecurity.prod.apk.obfuscated_flattened_devRoot/signed_com.obs.android.olm.firstsecurity.prod.apk.obfuscated_flattened.apk
159ceeed: Installation Success
b29e6a69: Installation Success
b29e6a69: startApplication called! - devRoot
159ceeed: startApplication called! - devDebug
b29e6a69: Collecting logcat... (/home/santapark/Extended3/DEEPerence/reEx/devRoot_com.obs.android.olm.firstsecurity.prod.obfuscated_flattened.ilog)
159ceeed: Collecting logcat... (/home/santapark/Extended3/DEEPerence/reEx/devDebug_com.obs.android.olm.firstsecurity.prod.obfuscated_flattened.ilog)
b29e6a69: Running Application: com.obs.android.olm.firstsecurity.prod
PIDs--------------------------------------------------------------------------
u0_a707        4989    423 13798916 107628 0                  0 R com.obs.android.olm.firstsecurity.prod
forward tcp:35535 jdwp:4989
[*]Found JDWP Target: 4989
159ceeed: Running Application: com.obs.android.olm.firstsecurity.prod
PIDs--------------------------------------------------------------------------
u0_a707        4989    423 14091084 155024 0                  0 S com.obs.android.olm.firstsecurity.prod
159ceeed: Tryging attach jdb to 4989
jdb -connect com.sun.jdi.SocketAttach:hostname=localhost,port=35535
159ceeed: Running is done - starting comparing... : 10001
159ceeed: Terminated logcat thread...by itself
159ceeed: Top-activity: com.android.launcher3/.Launcher
PIDs--------------------------------------------------------------------------
159ceeed: savedPid = null
PIDs--------------------------------------------------------------------------
159ceeed: savedPid2 = null
Stopping app: com.obs.android.olm.firstsecurity.prod
Tryging remove : uninstall com.obs.android.olm.firstsecurity.prod(com.obs.android.olm.firstsecurity.prod)
159ceeed: Remove Success
159ceeed: ilog file size: 49342534
159ceeed: End of collecting logcat...
b29e6a69: Terminated logcat thread...by itself
b29e6a69: Top-activity: com.obs.android.olm.firstsecurity.prod/com.obs.android.shared.RegistrationActivity
PIDs--------------------------------------------------------------------------
u0_a391       20728    430 14225240 175816 0                  0 S com.obs.android.olm.firstsecurity.prod
b29e6a69: savedPid = 20728
PIDs--------------------------------------------------------------------------
u0_a391       20728    430 14225240 175816 0                  0 S com.obs.android.olm.firstsecurity.prod
b29e6a69: savedPid2 = 20728
Stopping app: com.obs.android.olm.firstsecurity.prod
Tryging remove : uninstall com.obs.android.olm.firstsecurity.prod(com.obs.android.olm.firstsecurity.prod)
b29e6a69: Remove Success
b29e6a69: ilog file size: 198152932
b29e6a69: End of collecting logcat...
HPFinder's try count remains: 28
Target PID : 9855
Target PID : 9855
ExitReason-Code: 1 (/home/santapark/Extended3/DEEPerence/reEx/devRef_com.obs.android.olm.firstsecurity.prod.obfuscated_flattened.ilog)
Target PID : 
ExitReason-Code: 1 (/home/santapark/Extended3/DEEPerence/reEx/devRef_com.obs.android.olm.firstsecurity.prod.obfuscated_flattened.ilog)
Target PID : 20728
ExitReason-Code: 6 (/home/santapark/Extended3/DEEPerence/reEx/devDebug_com.obs.android.olm.firstsecurity.prod.obfuscated_flattened.ilog)
159ceeed: adding filter -- 355f06
ExitReason-Code: 1 (/home/santapark/Extended3/DEEPerence/reEx/devRoot_com.obs.android.olm.firstsecurity.prod.obfuscated_flattened.ilog)
b29e6a69: adding filter -- 344502
[*] FlowManager: adjust finished.
-- current localPatchFilter: 355f06
Action is completely same :)
java.lang.System/exit:(I)V:343a06		=(rels)=>		1
[*] Unique action: 16:244271 : <<CALL>> : com.obs.android.shared.CBSApplication/b:()V:343a06  =>  java.lang.System/exit:(I)V:ea908
	1:compareBackwardBranch2: 15:1277 : <<BRANCH>> : com.obs.android.shared.a.a$1/run:()V:355bfa  =>  com.obs.android.shared.a.a$1/run:()V:355c04
Entry: 355b40
com.obs.android.shared.a.a$1/run:()V: 355bfa -> 355c04
		com.obs.android.shared.a.a$1/run:()V: ba -> c4
addPatchReadme: java.lang.Class<com.obs.android.shared.a.a$1>run()V ba t
159ceeed: [+] Patches found in this round: 1
159ceeed: [*] Found Patch size: 1
Target PID : 
ExitReason-Code: 6 (/home/santapark/Extended3/DEEPerence/reEx/devDebug_com.obs.android.olm.firstsecurity.prod.obfuscated_flattened.ilog)
159ceeed: @@localPatchFilter -- 355f16
159ceeed: 	@@@Found patch addr: 355c0a
159ceeed: Querying offset: 355bfa
159ceeed: 	--Add method name to patch = com.obs.android.shared.a.a$1/run:()V 	355bfa
[*] FlowManager: adjust finished.
-- current localPatchFilter: 344502
Action is completely same :)
Action is completely same :)
b29e6a69: There is no difference. (tryAgain=false)
Devices presenting anti-analysis: 
	devDebug
159ceeed: patching method: com.obs.android.shared.a.a/a:(Landroid/content/Context;)Z
159ceeed: patching method: com.obs.android.shared.a.a$1/run:()V
159ceeed: outDir - /home/santapark/Extended3/DEEPerence/reEx/com.obs.android.olm.firstsecurity.prod.apk.obfuscated_flattened_devDebug
Wow!!!!!  --  com.obs.android.shared.a.a$1/run:()V
fallthrough: be
branchTarget: c4
label = cond_0
GOTO -- be 	c4
Wow!!!!!  --  com.obs.android.shared.a.a/a:(Landroid/content/Context;)Z
fallthrough: 182
branchTarget: 178
label = cond_1
GOTO -- 182 	178
axmlPath: /home/santapark/Extended3/DEEPerence/reEx/com.obs.android.olm.firstsecurity.prod.apk.obfuscated_flattened_devDebug/AndroidManifest.xml
outDir: /home/santapark/Extended3/DEEPerence/reEx/com.obs.android.olm.firstsecurity.prod.apk.obfuscated_flattened_devDebug/com.obs.android.olm.firstsecurity.prod.apk.obfuscated_flattened.apk
159ceeed: Patched APK File: /home/santapark/Extended3/DEEPerence/reEx/com.obs.android.olm.firstsecurity.prod.apk.obfuscated_flattened_devDebug/signed_com.obs.android.olm.firstsecurity.prod.apk.obfuscated_flattened.apk
159ceeed: First address of Lcom/obs/android/shared/a/a;->a(Landroid/content/Context;)Z = 355d98
159ceeed: Address - Lcom/obs/android/shared/a/a;->a(Landroid/content/Context;)Z@17e	 lastOffset = 450
159ceeed: Instruction@@: IF_EQZ
159ceeed: First address of Lcom/obs/android/shared/a/a$1;->run()V = 355b50
159ceeed: Address - Lcom/obs/android/shared/a/a$1;->run()V@ba	 lastOffset = 164
159ceeed: Instruction@@: IF_EQZ
159ceeed: (Not Installed) Trying remove : true
Installing apk: /home/santapark/Extended3/DEEPerence/reEx/com.obs.android.olm.firstsecurity.prod.apk.obfuscated_flattened_devDebug/signed_com.obs.android.olm.firstsecurity.prod.apk.obfuscated_flattened.apk
159ceeed: Installation Success
159ceeed: startApplication called! - devDebug
159ceeed: Collecting logcat... (/home/santapark/Extended3/DEEPerence/reEx/devDebug_com.obs.android.olm.firstsecurity.prod.obfuscated_flattened.ilog)
PIDs--------------------------------------------------------------------------
u0_a708        5123    423 13816360 107888 0                  0 R com.obs.android.olm.firstsecurity.prod
forward tcp:35535 jdwp:5123
[*]Found JDWP Target: 5123
159ceeed: Running Application: com.obs.android.olm.firstsecurity.prod
PIDs--------------------------------------------------------------------------
u0_a708        5123    423 14125964 155308 0                  0 R com.obs.android.olm.firstsecurity.prod
159ceeed: Tryging attach jdb to 5123
jdb -connect com.sun.jdi.SocketAttach:hostname=localhost,port=35535
159ceeed: Terminated logcat thread...by itself
159ceeed: Top-activity: com.obs.android.olm.firstsecurity.prod/com.obs.android.shared.RegistrationActivity
PIDs--------------------------------------------------------------------------
u0_a708        5123    423 14240284 187996 0                  0 S com.obs.android.olm.firstsecurity.prod
159ceeed: savedPid = 5123
PIDs--------------------------------------------------------------------------
u0_a708        5123    423 14240284 187996 0                  0 S com.obs.android.olm.firstsecurity.prod
159ceeed: savedPid2 = 5123
Stopping app: com.obs.android.olm.firstsecurity.prod
Tryging remove : uninstall com.obs.android.olm.firstsecurity.prod(com.obs.android.olm.firstsecurity.prod)
159ceeed: Remove Success
159ceeed: ilog file size: 111831328
159ceeed: End of collecting logcat...
HPFinder's try count remains: 27
Target PID : 9855
ExitReason-Code: 1 (/home/santapark/Extended3/DEEPerence/reEx/devRef_com.obs.android.olm.firstsecurity.prod.obfuscated_flattened.ilog)
Target PID : 5123
ExitReason-Code: 1 (/home/santapark/Extended3/DEEPerence/reEx/devDebug_com.obs.android.olm.firstsecurity.prod.obfuscated_flattened.ilog)
159ceeed: adding filter -- 355f06
159ceeed: adding filter -- 355bfa
[*] FlowManager: adjust finished.
-- current localPatchFilter: 355f06
-- current localPatchFilter: 355bfa
Action is completely same :)
Action is completely same :)
159ceeed: There is no difference. (tryAgain=false)
-- HPFinder will be done in this iteration :)
hasAntiAnalysis? - devTamper: false on com.obs.android.messenger.MainActivity
hasAntiAnalysis? - devRoot: true on com.obs.android.messenger.MainActivity
	isRemovedThem? - devRoot: true on com.obs.android.messenger.MainActivity	-	tryCount: 1
hasAntiAnalysis? - devDebug: true on com.obs.android.messenger.MainActivity
	isRemovedThem? - devDebug: true on com.obs.android.messenger.MainActivity	-	tryCount: 2
*****REPORT: com.obs.android.olm.firstsecurity.prod
* Package name: com.obs.android.olm.firstsecurity.prod
* Running time: 549
* FileSize: 5676519
devTamper : 111749889
devRef : 184078626
devRoot : 198152932
devDebug : 111831328
hasAntiAnalysis? - devTamper: false on com.obs.android.messenger.MainActivity
hasAntiAnalysis? - devRoot: true on com.obs.android.messenger.MainActivity
	isRemovedThem? - devRoot: true on com.obs.android.messenger.MainActivity	-	tryCount: 1
hasAntiAnalysis? - devDebug: true on com.obs.android.messenger.MainActivity
	isRemovedThem? - devDebug: true on com.obs.android.messenger.MainActivity	-	tryCount: 2
46604b9f: trying remove : com.obs.android.olm.firstsecurity.prod
3601a6ff: trying remove : com.obs.android.olm.firstsecurity.prod
b29e6a69: trying remove : com.obs.android.olm.firstsecurity.prod
159ceeed: trying remove : com.obs.android.olm.firstsecurity.prod
159ceeed: (Not Installed) Trying remove : true
159ceeed: -- Success
b29e6a69: (Not Installed) Trying remove : true
159ceeed: result = true
b29e6a69: -- Success
b29e6a69: result = true
46604b9f: (Not Installed) Trying remove : true
46604b9f: -- Success
46604b9f: result = true
3601a6ff: (Not Installed) Trying remove : true
3601a6ff: -- Success
3601a6ff: result = true
3601a6ff: isFailedToLaunch: com.obs.android.olm.firstsecurity.prod/com.obs.android.shared.RegistrationActivity
3601a6ff: 	--result: Good :)
