axmlPath: /home/santapark/Extended3/DEEPerence/reEx/sample6.apk@devRoot-D-R@devDebug-D-R.apk.obfuscated_flattened/AndroidManifest.xml
launchable-activity: name='com.obs.android.messenger.MainActivity'  label='' icon=''
{ACTIVITY, com.obs.android.messenger.MainActivity, android.intent.action.MAIN}
{ACTIVITY, com.obs.mobile_tablet.components.CheckImageActivity}
{ACTIVITY, com.obs.mobile_tablet.transactions.deposits.DepositsCaptureImageActivity}
{ACTIVITY, com.obs.android.shared.RegistrationActivity}
{ACTIVITY, com.obs.android.shared.PINActivity}
{ACTIVITY, androidx.biometric.DeviceCredentialHandlerActivity}
{ACTIVITY, com.obs.android.messenger.MainActivity, android.intent.action.MAIN}
{ACTIVITY, com.obs.mobile_tablet.components.CheckImageActivity}
{ACTIVITY, com.obs.mobile_tablet.transactions.deposits.DepositsCaptureImageActivity}
{ACTIVITY, com.obs.android.shared.RegistrationActivity}
{ACTIVITY, com.obs.android.shared.PINActivity}
{ACTIVITY, androidx.biometric.DeviceCredentialHandlerActivity}
_getAllDexFiles: /home/santapark/Extended3/DEEPerence/reEx/sample6.apk@devRoot-D-R@devDebug-D-R.apk.obfuscated_flattened/classes.dex
----------------/home/santapark/Extended3/DEEPerence/reEx/sample6.apk@devRoot-D-R@devDebug-D-R.apk.obfuscated_flattened.apk
dexFile = org.jf.dexlib2.dexbacked.DexBackedDexFile@5a411614
com.obs.android.olm.atlanticcapital.prod
com.obs.android.messenger.MainActivity
debuggable: false
b29e6a69: (Not Installed) Trying remove : true
b29e6a69: -- Success
159ceeed: (Not Installed) Trying remove : true
159ceeed: -- Success
46604b9f: (Not Installed) Trying remove : true
46604b9f: -- Success
3601a6ff: (Not Installed) Trying remove : true
3601a6ff: -- Success
Installing apk: /home/santapark/Extended3/DEEPerence/reEx/sample6.apk@devRoot-D-R@devDebug-D-R.apk.obfuscated_flattened.apk
Installing apk: /home/santapark/Extended3/DEEPerence/reEx/sample6.apk@devRoot-D-R@devDebug-D-R.apk.obfuscated_flattened.apk
Installing apk: /home/santapark/Extended3/DEEPerence/reEx/sample6.apk@devRoot-D-R@devDebug-D-R.apk.obfuscated_flattened.apk
axmlPath: /home/santapark/Extended3/DEEPerence/reEx/sample6.apk@devRoot-D-R@devDebug-D-R.apk.obfuscated_flattened_46604b9f/AndroidManifest.xml
outDir: /home/santapark/Extended3/DEEPerence/reEx/sample6.apk@devRoot-D-R@devDebug-D-R.apk.obfuscated_flattened_46604b9f/sample6.apk@devRoot-D-R@devDebug-D-R.apk.obfuscated_flattened.apk
159ceeed: Installation Success
3601a6ff: Installation Success
b29e6a69: Installation Success
46604b9f: Installing repackaged apk File: 
Installing apk: /home/santapark/Extended3/DEEPerence/reEx/sample6.apk@devRoot-D-R@devDebug-D-R.apk.obfuscated_flattened_46604b9f/signed_sample6.apk@devRoot-D-R@devDebug-D-R.apk.obfuscated_flattened.apk
46604b9f: Installation Success
46604b9f: startApplication called! - devTamper
3601a6ff: startApplication called! - devRef
b29e6a69: startApplication called! - devRoot
159ceeed: startApplication called! - devDebug
46604b9f: Collecting logcat... (/home/santapark/Extended3/DEEPerence/reEx/devTamper_sample6@devRoot-D-R@devDebug-D-R.obfuscated_flattened.ilog)
3601a6ff: Collecting logcat... (/home/santapark/Extended3/DEEPerence/reEx/devRef_sample6@devRoot-D-R@devDebug-D-R.obfuscated_flattened.ilog)
b29e6a69: Collecting logcat... (/home/santapark/Extended3/DEEPerence/reEx/devRoot_sample6@devRoot-D-R@devDebug-D-R.obfuscated_flattened.ilog)
159ceeed: Collecting logcat... (/home/santapark/Extended3/DEEPerence/reEx/devDebug_sample6@devRoot-D-R@devDebug-D-R.obfuscated_flattened.ilog)
46604b9f: Running Application: com.obs.android.olm.atlanticcapital.prod
3601a6ff: Running Application: com.obs.android.olm.atlanticcapital.prod
b29e6a69: Running Application: com.obs.android.olm.atlanticcapital.prod
PIDs--------------------------------------------------------------------------
u0_a757       24386    423 14399284 96344 0                   0 R com.obs.android.olm.atlanticcapital.prod
forward tcp:35535 jdwp:24386
[*]Found JDWP Target: 24386
159ceeed: Running Application: com.obs.android.olm.atlanticcapital.prod
PIDs--------------------------------------------------------------------------
u0_a757       25038    423 14418808 102552 0                  0 R com.obs.android.olm.atlanticcapital.prod
159ceeed: pid changed(24386) --> 25038
46604b9f: Terminated logcat thread...by itself
3601a6ff: Terminated logcat thread...by itself
b29e6a69: Terminated logcat thread...by itself
46604b9f: Top-activity: com.obs.android.olm.atlanticcapital.prod/com.obs.android.shared.RegistrationActivity
PIDs--------------------------------------------------------------------------
u0_a308        8634    425 14890852 174704 0                  0 S com.obs.android.olm.atlanticcapital.prod
46604b9f: savedPid = 8634
PIDs--------------------------------------------------------------------------
u0_a308        8634    425 14890852 174704 0                  0 S com.obs.android.olm.atlanticcapital.prod
46604b9f: savedPid2 = 8634
Stopping app: com.obs.android.olm.atlanticcapital.prod
3601a6ff: Top-activity: com.obs.android.olm.atlanticcapital.prod/com.obs.android.shared.RegistrationActivity
PIDs--------------------------------------------------------------------------
u0_a364       12424    414 14848820 173784 0                  0 S com.obs.android.olm.atlanticcapital.prod
3601a6ff: savedPid = 12424
PIDs--------------------------------------------------------------------------
u0_a364       12424    414 14848820 173784 0                  0 S com.obs.android.olm.atlanticcapital.prod
3601a6ff: savedPid2 = 12424
Stopping app: com.obs.android.olm.atlanticcapital.prod
b29e6a69: Top-activity: com.obs.android.olm.atlanticcapital.prod/com.obs.android.messenger.MainActivity
PIDs--------------------------------------------------------------------------
b29e6a69: savedPid = null
PIDs--------------------------------------------------------------------------
u0_a424       13339    430 14532404 90912 0                   0 R com.obs.android.olm.atlanticcapital.prod
b29e6a69: savedPid2 = 13339
Stopping app: com.obs.android.olm.atlanticcapital.prod
159ceeed: Terminated logcat thread...by itself
159ceeed: Top-activity: com.obs.android.olm.atlanticcapital.prod/com.obs.android.messenger.MainActivity
PIDs--------------------------------------------------------------------------
159ceeed: savedPid = null
PIDs--------------------------------------------------------------------------
u0_a757       29321    423 14416728 94800 0                   0 R com.obs.android.olm.atlanticcapital.prod
159ceeed: savedPid2 = 29321
Stopping app: com.obs.android.olm.atlanticcapital.prod
Tryging remove : uninstall com.obs.android.olm.atlanticcapital.prod(com.obs.android.olm.atlanticcapital.prod)
46604b9f: Remove Success
46604b9f: ilog file size: 88764790
46604b9f: End of collecting logcat...
Tryging remove : uninstall com.obs.android.olm.atlanticcapital.prod(com.obs.android.olm.atlanticcapital.prod)
3601a6ff: Remove Success
3601a6ff: ilog file size: 88736537
3601a6ff: End of collecting logcat...
Tryging remove : uninstall com.obs.android.olm.atlanticcapital.prod(com.obs.android.olm.atlanticcapital.prod)
b29e6a69: Remove Success
b29e6a69: ilog file size: 21358808
b29e6a69: End of collecting logcat...
Tryging remove : uninstall com.obs.android.olm.atlanticcapital.prod(com.obs.android.olm.atlanticcapital.prod)
159ceeed: Remove Success
159ceeed: ilog file size: 17109361
159ceeed: End of collecting logcat...
HPFinder's try count remains: 29
Target PID : 12424
Target PID : 12424
Target PID : 12424
ExitReason-Code: 1 (/home/santapark/Extended3/DEEPerence/reEx/devRef_sample6@devRoot-D-R@devDebug-D-R.obfuscated_flattened.ilog)
Target PID : 29321
ExitReason-Code: 1 (/home/santapark/Extended3/DEEPerence/reEx/devRef_sample6@devRoot-D-R@devDebug-D-R.obfuscated_flattened.ilog)
Target PID : 13339
ExitReason-Code: 1 (/home/santapark/Extended3/DEEPerence/reEx/devRef_sample6@devRoot-D-R@devDebug-D-R.obfuscated_flattened.ilog)
Target PID : 8634
ExitReason-Code: 1 (/home/santapark/Extended3/DEEPerence/reEx/devDebug_sample6@devRoot-D-R@devDebug-D-R.obfuscated_flattened.ilog)
ExitReason-Code: 4 (/home/santapark/Extended3/DEEPerence/reEx/devRoot_sample6@devRoot-D-R@devDebug-D-R.obfuscated_flattened.ilog)
[*] FlowManager: adjust finished.
[GOOD]: Anti-analysis is identified! :) -- 1 --devDebug
android.view.ViewGroup/addView:(Landroid/view/View;)V:30edf0		=(rels)=>		1
[*] Unique action: 1:29889 : <<CALL>> : com.obs.android.messenger.MainActivity/onCreate:(Landroid/os/Bundle;)V:30edf0  =>  android.view.ViewGroup/addView:(Landroid/view/View;)V:19596c
[*] FlowManager: adjust finished.
[GOOD]: Anti-analysis is identified! :) -- 1 --devRoot
android.view.ViewGroup/addView:(Landroid/view/View;)V:30edf0		=(rels)=>		1
[*] Unique action: 1:29889 : <<CALL>> : com.obs.android.messenger.MainActivity/onCreate:(Landroid/os/Bundle;)V:30edf0  =>  android.view.ViewGroup/addView:(Landroid/view/View;)V:19596c
	1:compareBackwardBranch: 1:312 : <<BRANCH>> : e.g.a.b.a.a/a:(Landroid/content/Context;)Z:3832da  =>  e.g.a.b.a.a/a:(Landroid/content/Context;)Z:3832e6
android.widget.TextView/setText:(Ljava/lang/CharSequence;)V:311c90		=(rels)=>		1
[*] Unique action: 1:117270 : <<CALL>> : com.obs.android.shared.RegistrationActivity$n/onCreateView:(Landroid/view/LayoutInflater;Landroid/view/ViewGroup;Landroid/os/Bundle;)Landroid/view/View;:311c90  =>  android.widget.TextView/setText:(Ljava/lang/CharSequence;)V:29ee34
	1:compareBackwardBranch: 1:292 : <<BRANCH>> : com.obs.android.shared.CBSApplication/a:(Landroid/content/Context;)Z:30f560  =>  com.obs.android.shared.CBSApplication/a:(Landroid/content/Context;)Z:30f56c
android.widget.TextView/setText:(Ljava/lang/CharSequence;)V:311c90		=(rels)=>		1
[*] Unique action: 1:117270 : <<CALL>> : com.obs.android.shared.RegistrationActivity$n/onCreateView:(Landroid/view/LayoutInflater;Landroid/view/ViewGroup;Landroid/os/Bundle;)Landroid/view/View;:311c90  =>  android.widget.TextView/setText:(Ljava/lang/CharSequence;)V:29ee34
ExitReason-Code: 1 (/home/santapark/Extended3/DEEPerence/reEx/devTamper_sample6@devRoot-D-R@devDebug-D-R.obfuscated_flattened.ilog)
	1:compareBackwardBranch: 1:77929 : <<BRANCH>> : com.obs.android.shared.CBSApplication/a:(Landroid/content/Context;)Z:30f560  =>  com.obs.android.shared.CBSApplication/a:(Landroid/content/Context;)Z:30f56c
android.view.View/setOnClickListener:(Landroid/view/View$OnClickListener;)V:326b90		=(rels)=>		1
[*] Unique action: 1:94336 : <<CALL>> : com.obs.mobile_tablet.navigation.MainNavigation_ViewBinding/<init>:(Lcom/obs/mobile_tablet/navigation/MainNavigation;Landroid/view/View;)V:326b90  =>  android.view.View/setOnClickListener:(Landroid/view/View$OnClickListener;)V:1bf5f8
	1:compareBackwardBranch: 1:312 : <<BRANCH>> : e.g.a.b.a.a/a:(Landroid/content/Context;)Z:3832da  =>  e.g.a.b.a.a/a:(Landroid/content/Context;)Z:3832e6
android.view.View/setOnClickListener:(Landroid/view/View$OnClickListener;)V:326b90		=(rels)=>		1
[*] Unique action: 1:94336 : <<CALL>> : com.obs.mobile_tablet.navigation.MainNavigation_ViewBinding/<init>:(Lcom/obs/mobile_tablet/navigation/MainNavigation;Landroid/view/View;)V:326b90  =>  android.view.View/setOnClickListener:(Landroid/view/View$OnClickListener;)V:1bf5f8
	1:compareBackwardBranch: 1:77929 : <<BRANCH>> : com.obs.android.shared.CBSApplication/a:(Landroid/content/Context;)Z:30f560  =>  com.obs.android.shared.CBSApplication/a:(Landroid/content/Context;)Z:30f56c
android.view.View/setOnClickListener:(Landroid/view/View$OnClickListener;)V:326bb6		=(rels)=>		1
[*] Unique action: 1:94344 : <<CALL>> : com.obs.mobile_tablet.navigation.MainNavigation_ViewBinding/<init>:(Lcom/obs/mobile_tablet/navigation/MainNavigation;Landroid/view/View;)V:326bb6  =>  android.view.View/setOnClickListener:(Landroid/view/View$OnClickListener;)V:1bf5f8
	1:compareBackwardBranch: 1:312 : <<BRANCH>> : e.g.a.b.a.a/a:(Landroid/content/Context;)Z:3832da  =>  e.g.a.b.a.a/a:(Landroid/content/Context;)Z:3832e6
android.view.View/setOnClickListener:(Landroid/view/View$OnClickListener;)V:326bb6		=(rels)=>		1
[*] Unique action: 1:94344 : <<CALL>> : com.obs.mobile_tablet.navigation.MainNavigation_ViewBinding/<init>:(Lcom/obs/mobile_tablet/navigation/MainNavigation;Landroid/view/View;)V:326bb6  =>  android.view.View/setOnClickListener:(Landroid/view/View$OnClickListener;)V:1bf5f8
	1:compareBackwardBranch: 1:77929 : <<BRANCH>> : com.obs.android.shared.CBSApplication/a:(Landroid/content/Context;)Z:30f560  =>  com.obs.android.shared.CBSApplication/a:(Landroid/content/Context;)Z:30f56c
android.view.View/setOnClickListener:(Landroid/view/View$OnClickListener;)V:3113d4		=(rels)=>		1
[*] Unique action: 1:119575 : <<CALL>> : com.obs.android.shared.RegistrationActivity$j/onCreateView:(Landroid/view/LayoutInflater;Landroid/view/ViewGroup;Landroid/os/Bundle;)Landroid/view/View;:3113d4  =>  android.view.View/setOnClickListener:(Landroid/view/View$OnClickListener;)V:1bf5f8
	1:compareBackwardBranch: 1:312 : <<BRANCH>> : e.g.a.b.a.a/a:(Landroid/content/Context;)Z:3832da  =>  e.g.a.b.a.a/a:(Landroid/content/Context;)Z:3832e6
android.view.View/setOnClickListener:(Landroid/view/View$OnClickListener;)V:3113d4		=(rels)=>		1
[*] Unique action: 1:119575 : <<CALL>> : com.obs.android.shared.RegistrationActivity$j/onCreateView:(Landroid/view/LayoutInflater;Landroid/view/ViewGroup;Landroid/os/Bundle;)Landroid/view/View;:3113d4  =>  android.view.View/setOnClickListener:(Landroid/view/View$OnClickListener;)V:1bf5f8
	1:compareBackwardBranch: 1:77929 : <<BRANCH>> : com.obs.android.shared.CBSApplication/a:(Landroid/content/Context;)Z:30f560  =>  com.obs.android.shared.CBSApplication/a:(Landroid/content/Context;)Z:30f56c
android.widget.TextView/setText:(Ljava/lang/CharSequence;)V:316c36		=(rels)=>		1
[*] Unique action: 1:86273 : <<CALL>> : com.obs.mobile_tablet.MainActivity/onCreateView:(Landroid/view/LayoutInflater;Landroid/view/ViewGroup;Landroid/os/Bundle;)Landroid/view/View;:316c36  =>  android.widget.TextView/setText:(Ljava/lang/CharSequence;)V:29ee34
	1:compareBackwardBranch: 1:312 : <<BRANCH>> : e.g.a.b.a.a/a:(Landroid/content/Context;)Z:3832da  =>  e.g.a.b.a.a/a:(Landroid/content/Context;)Z:3832e6
android.widget.TextView/setText:(Ljava/lang/CharSequence;)V:316c36		=(rels)=>		1
[*] Unique action: 1:86273 : <<CALL>> : com.obs.mobile_tablet.MainActivity/onCreateView:(Landroid/view/LayoutInflater;Landroid/view/ViewGroup;Landroid/os/Bundle;)Landroid/view/View;:316c36  =>  android.widget.TextView/setText:(Ljava/lang/CharSequence;)V:29ee34
	1:compareBackwardBranch: 1:77929 : <<BRANCH>> : com.obs.android.shared.CBSApplication/a:(Landroid/content/Context;)Z:30f560  =>  com.obs.android.shared.CBSApplication/a:(Landroid/content/Context;)Z:30f56c
android.os.Handler/postDelayed:(Ljava/lang/Runnable;J)Z:3a9af0		=(rels)=>		1
[*] Unique action: 1:99634 : <<CALL>> : e.i.a.a/onActivityPaused:(Landroid/app/Activity;)V:3a9af0  =>  android.os.Handler/postDelayed:(Ljava/lang/Runnable;J)Z:30ca84
	1:compareBackwardBranch: 1:312 : <<BRANCH>> : e.g.a.b.a.a/a:(Landroid/content/Context;)Z:3832da  =>  e.g.a.b.a.a/a:(Landroid/content/Context;)Z:3832e6
android.os.Handler/postDelayed:(Ljava/lang/Runnable;J)Z:3a9af0		=(rels)=>		1
[*] Unique action: 1:99634 : <<CALL>> : e.i.a.a/onActivityPaused:(Landroid/app/Activity;)V:3a9af0  =>  android.os.Handler/postDelayed:(Ljava/lang/Runnable;J)Z:30ca84
	1:compareBackwardBranch: 1:77929 : <<BRANCH>> : com.obs.android.shared.CBSApplication/a:(Landroid/content/Context;)Z:30f560  =>  com.obs.android.shared.CBSApplication/a:(Landroid/content/Context;)Z:30f56c
android.view.ViewGroup/addView:(Landroid/view/View;)V:225cae		=(rels)=>		1
[*] Unique action: 1:87085 : <<CALL>> : a.l.a.j/a:(Landroidx/fragment/app/Fragment;IIIZ)V:225cae  =>  android.view.ViewGroup/addView:(Landroid/view/View;)V:19596c
	1:compareBackwardBranch: 1:312 : <<BRANCH>> : e.g.a.b.a.a/a:(Landroid/content/Context;)Z:3832da  =>  e.g.a.b.a.a/a:(Landroid/content/Context;)Z:3832e6
android.view.ViewGroup/addView:(Landroid/view/View;)V:225cae		=(rels)=>		1
[*] Unique action: 1:87085 : <<CALL>> : a.l.a.j/a:(Landroidx/fragment/app/Fragment;IIIZ)V:225cae  =>  android.view.ViewGroup/addView:(Landroid/view/View;)V:19596c
	1:compareBackwardBranch: 1:77929 : <<BRANCH>> : com.obs.android.shared.CBSApplication/a:(Landroid/content/Context;)Z:30f560  =>  com.obs.android.shared.CBSApplication/a:(Landroid/content/Context;)Z:30f56c
android.view.View/setOnClickListener:(Landroid/view/View$OnClickListener;)V:23f76e		=(rels)=>		1
[*] Unique action: 1:111892 : <<CALL>> : androidx.appcompat.app.AppCompatViewInflater/checkOnClickListener:(Landroid/view/View;Landroid/util/AttributeSet;)V:23f76e  =>  android.view.View/setOnClickListener:(Landroid/view/View$OnClickListener;)V:1bf5f8
	1:compareBackwardBranch: 1:312 : <<BRANCH>> : e.g.a.b.a.a/a:(Landroid/content/Context;)Z:3832da  =>  e.g.a.b.a.a/a:(Landroid/content/Context;)Z:3832e6
android.view.View/setOnClickListener:(Landroid/view/View$OnClickListener;)V:23f76e		=(rels)=>		1
[*] Unique action: 1:111892 : <<CALL>> : androidx.appcompat.app.AppCompatViewInflater/checkOnClickListener:(Landroid/view/View;Landroid/util/AttributeSet;)V:23f76e  =>  android.view.View/setOnClickListener:(Landroid/view/View$OnClickListener;)V:1bf5f8
[*] FlowManager: adjust finished.
Action is completely same :)
Action is completely same :)
46604b9f: There is no difference. (tryAgain=false)
	1:compareBackwardBranch: 1:77929 : <<BRANCH>> : com.obs.android.shared.CBSApplication/a:(Landroid/content/Context;)Z:30f560  =>  com.obs.android.shared.CBSApplication/a:(Landroid/content/Context;)Z:30f56c
android.view.ViewGroup/addView:(Landroid/view/View;)V:201d4e		=(rels)=>		1
[*] Unique action: 1:86387 : <<CALL>> : a.b.p.y0/a:(Landroid/view/View;)V:201d4e  =>  android.view.ViewGroup/addView:(Landroid/view/View;)V:19596c
	1:compareBackwardBranch: 1:312 : <<BRANCH>> : e.g.a.b.a.a/a:(Landroid/content/Context;)Z:3832da  =>  e.g.a.b.a.a/a:(Landroid/content/Context;)Z:3832e6
android.view.ViewGroup/addView:(Landroid/view/View;)V:201d4e		=(rels)=>		1
[*] Unique action: 1:86387 : <<CALL>> : a.b.p.y0/a:(Landroid/view/View;)V:201d4e  =>  android.view.ViewGroup/addView:(Landroid/view/View;)V:19596c
	1:compareBackwardBranch: 1:77929 : <<BRANCH>> : com.obs.android.shared.CBSApplication/a:(Landroid/content/Context;)Z:30f560  =>  com.obs.android.shared.CBSApplication/a:(Landroid/content/Context;)Z:30f56c
android.view.ViewGroup/addView:(Landroid/view/View;ILandroid/view/ViewGroup$LayoutParams;)V:24e274		=(rels)=>		1
[*] Unique action: 1:28972 : <<CALL>> : androidx.constraintlayout.widget.ConstraintLayout/addView:(Landroid/view/View;ILandroid/view/ViewGroup$LayoutParams;)V:24e274  =>  android.view.ViewGroup/addView:(Landroid/view/View;ILandroid/view/ViewGroup$LayoutParams;)V:1959fc
	1:compareBackwardBranch: 1:292 : <<BRANCH>> : com.obs.android.shared.CBSApplication/a:(Landroid/content/Context;)Z:30f560  =>  com.obs.android.shared.CBSApplication/a:(Landroid/content/Context;)Z:30f56c
android.widget.EditText/getText:()Landroid/text/Editable;:1fae4c		=(rels)=>		1
[*] Unique action: 1:118942 : <<CALL>> : a.b.p.j/getText:()Landroid/text/Editable;:1fae4c  =>  android.widget.EditText/getText:()Landroid/text/Editable;:2330f8
	1:compareBackwardBranch: 1:312 : <<BRANCH>> : e.g.a.b.a.a/a:(Landroid/content/Context;)Z:3832da  =>  e.g.a.b.a.a/a:(Landroid/content/Context;)Z:3832e6
android.view.ViewGroup/addView:(Landroid/view/View;ILandroid/view/ViewGroup$LayoutParams;)V:24e274		=(rels)=>		1
[*] Unique action: 1:28972 : <<CALL>> : androidx.constraintlayout.widget.ConstraintLayout/addView:(Landroid/view/View;ILandroid/view/ViewGroup$LayoutParams;)V:24e274  =>  android.view.ViewGroup/addView:(Landroid/view/View;ILandroid/view/ViewGroup$LayoutParams;)V:1959fc
	1:compareBackwardBranch: 1:312 : <<BRANCH>> : e.g.a.b.a.a/a:(Landroid/content/Context;)Z:3832da  =>  e.g.a.b.a.a/a:(Landroid/content/Context;)Z:3832e6
android.widget.EditText/getText:()Landroid/text/Editable;:1fae4c		=(rels)=>		1
[*] Unique action: 1:118942 : <<CALL>> : a.b.p.j/getText:()Landroid/text/Editable;:1fae4c  =>  android.widget.EditText/getText:()Landroid/text/Editable;:2330f8
	1:compareBackwardBranch: 1:77929 : <<BRANCH>> : com.obs.android.shared.CBSApplication/a:(Landroid/content/Context;)Z:30f560  =>  com.obs.android.shared.CBSApplication/a:(Landroid/content/Context;)Z:30f56c
android.widget.TextView/setText:(Ljava/lang/CharSequence;)V:24b5d0		=(rels)=>		1
[*] Unique action: 1:28010 : <<CALL>> : androidx.appcompat.widget.Toolbar/setTitle:(Ljava/lang/CharSequence;)V:24b5d0  =>  android.widget.TextView/setText:(Ljava/lang/CharSequence;)V:29ee34
	1:compareBackwardBranch: 1:292 : <<BRANCH>> : com.obs.android.shared.CBSApplication/a:(Landroid/content/Context;)Z:30f560  =>  com.obs.android.shared.CBSApplication/a:(Landroid/content/Context;)Z:30f56c
android.view.View/setOnClickListener:(Landroid/view/View$OnClickListener;)V:326a86		=(rels)=>		1
[*] Unique action: 1:94306 : <<CALL>> : com.obs.mobile_tablet.navigation.MainNavigation_ViewBinding/<init>:(Lcom/obs/mobile_tablet/navigation/MainNavigation;Landroid/view/View;)V:326a86  =>  android.view.View/setOnClickListener:(Landroid/view/View$OnClickListener;)V:1bf5f8
	1:compareBackwardBranch: 1:312 : <<BRANCH>> : e.g.a.b.a.a/a:(Landroid/content/Context;)Z:3832da  =>  e.g.a.b.a.a/a:(Landroid/content/Context;)Z:3832e6
android.widget.TextView/setText:(Ljava/lang/CharSequence;)V:24b5d0		=(rels)=>		1
[*] Unique action: 1:28010 : <<CALL>> : androidx.appcompat.widget.Toolbar/setTitle:(Ljava/lang/CharSequence;)V:24b5d0  =>  android.widget.TextView/setText:(Ljava/lang/CharSequence;)V:29ee34
	1:compareBackwardBranch: 1:312 : <<BRANCH>> : e.g.a.b.a.a/a:(Landroid/content/Context;)Z:3832da  =>  e.g.a.b.a.a/a:(Landroid/content/Context;)Z:3832e6
android.view.View/setOnClickListener:(Landroid/view/View$OnClickListener;)V:326a86		=(rels)=>		1
[*] Unique action: 1:94306 : <<CALL>> : com.obs.mobile_tablet.navigation.MainNavigation_ViewBinding/<init>:(Lcom/obs/mobile_tablet/navigation/MainNavigation;Landroid/view/View;)V:326a86  =>  android.view.View/setOnClickListener:(Landroid/view/View$OnClickListener;)V:1bf5f8
	1:compareBackwardBranch: 1:77929 : <<BRANCH>> : com.obs.android.shared.CBSApplication/a:(Landroid/content/Context;)Z:30f560  =>  com.obs.android.shared.CBSApplication/a:(Landroid/content/Context;)Z:30f56c
android.view.ViewGroup/addView:(Landroid/view/View;Landroid/view/ViewGroup$LayoutParams;)V:249590		=(rels)=>		1
[*] Unique action: 1:28001 : <<CALL>> : androidx.appcompat.widget.Toolbar/a:(Landroid/view/View;Z)V:249590  =>  android.view.ViewGroup/addView:(Landroid/view/View;Landroid/view/ViewGroup$LayoutParams;)V:195988
	1:compareBackwardBranch: 1:292 : <<BRANCH>> : com.obs.android.shared.CBSApplication/a:(Landroid/content/Context;)Z:30f560  =>  com.obs.android.shared.CBSApplication/a:(Landroid/content/Context;)Z:30f56c
org.apache.http.impl.client.DefaultHttpClient/<init>:(Lorg/apache/http/conn/ClientConnectionManager;Lorg/apache/http/params/HttpParams;)V:3e8aaa		=(rels)=>		1
[*] Unique action: 1:29109 : <<CALL>> : k.f.a.b.b/<init>:()V:3e8aaa  =>  org.apache.http.impl.client.DefaultHttpClient/<init>:(Lorg/apache/http/conn/ClientConnectionManager;Lorg/apache/http/params/HttpParams;)V:31acc
	1:compareBackwardBranch: 1:312 : <<BRANCH>> : e.g.a.b.a.a/a:(Landroid/content/Context;)Z:3832da  =>  e.g.a.b.a.a/a:(Landroid/content/Context;)Z:3832e6
android.view.ViewGroup/addView:(Landroid/view/View;Landroid/view/ViewGroup$LayoutParams;)V:249590		=(rels)=>		1
[*] Unique action: 1:28001 : <<CALL>> : androidx.appcompat.widget.Toolbar/a:(Landroid/view/View;Z)V:249590  =>  android.view.ViewGroup/addView:(Landroid/view/View;Landroid/view/ViewGroup$LayoutParams;)V:195988
	1:compareBackwardBranch: 1:292 : <<BRANCH>> : com.obs.android.shared.CBSApplication/a:(Landroid/content/Context;)Z:30f560  =>  com.obs.android.shared.CBSApplication/a:(Landroid/content/Context;)Z:30f56c
android.widget.TextView/setText:(Ljava/lang/CharSequence;)V:316f84		=(rels)=>		1
[*] Unique action: 1:87004 : <<CALL>> : com.obs.mobile_tablet.MainActivity/onCreateView:(Landroid/view/LayoutInflater;Landroid/view/ViewGroup;Landroid/os/Bundle;)Landroid/view/View;:316f84  =>  android.widget.TextView/setText:(Ljava/lang/CharSequence;)V:29ee34
	1:compareBackwardBranch: 1:312 : <<BRANCH>> : e.g.a.b.a.a/a:(Landroid/content/Context;)Z:3832da  =>  e.g.a.b.a.a/a:(Landroid/content/Context;)Z:3832e6
org.apache.http.impl.client.DefaultHttpClient/<init>:(Lorg/apache/http/conn/ClientConnectionManager;Lorg/apache/http/params/HttpParams;)V:3e8aaa		=(rels)=>		1
[*] Unique action: 1:29109 : <<CALL>> : k.f.a.b.b/<init>:()V:3e8aaa  =>  org.apache.http.impl.client.DefaultHttpClient/<init>:(Lorg/apache/http/conn/ClientConnectionManager;Lorg/apache/http/params/HttpParams;)V:31acc
	1:compareBackwardBranch: 1:312 : <<BRANCH>> : e.g.a.b.a.a/a:(Landroid/content/Context;)Z:3832da  =>  e.g.a.b.a.a/a:(Landroid/content/Context;)Z:3832e6
android.widget.TextView/setText:(Ljava/lang/CharSequence;)V:316f84		=(rels)=>		1
[*] Unique action: 1:87004 : <<CALL>> : com.obs.mobile_tablet.MainActivity/onCreateView:(Landroid/view/LayoutInflater;Landroid/view/ViewGroup;Landroid/os/Bundle;)Landroid/view/View;:316f84  =>  android.widget.TextView/setText:(Ljava/lang/CharSequence;)V:29ee34
	1:compareBackwardBranch: 1:77929 : <<BRANCH>> : com.obs.android.shared.CBSApplication/a:(Landroid/content/Context;)Z:30f560  =>  com.obs.android.shared.CBSApplication/a:(Landroid/content/Context;)Z:30f56c
android.view.View/setOnClickListener:(Landroid/view/View$OnClickListener;)V:24b312		=(rels)=>		1
[*] Unique action: 1:27417 : <<CALL>> : androidx.appcompat.widget.Toolbar/setNavigationOnClickListener:(Landroid/view/View$OnClickListener;)V:24b312  =>  android.view.View/setOnClickListener:(Landroid/view/View$OnClickListener;)V:1bf5f8
	1:compareBackwardBranch: 1:292 : <<BRANCH>> : com.obs.android.shared.CBSApplication/a:(Landroid/content/Context;)Z:30f560  =>  com.obs.android.shared.CBSApplication/a:(Landroid/content/Context;)Z:30f56c
android.widget.TextView/setText:(Ljava/lang/CharSequence;)V:3171ea		=(rels)=>		1
[*] Unique action: 1:97963 : <<CALL>> : com.obs.mobile_tablet.MainActivity/permissionsUpdate:(Le/g/b/f/a/m;)V:3171ea  =>  android.widget.TextView/setText:(Ljava/lang/CharSequence;)V:29ee34
	1:compareBackwardBranch: 1:312 : <<BRANCH>> : e.g.a.b.a.a/a:(Landroid/content/Context;)Z:3832da  =>  e.g.a.b.a.a/a:(Landroid/content/Context;)Z:3832e6
android.view.View/setOnClickListener:(Landroid/view/View$OnClickListener;)V:24b312		=(rels)=>		1
[*] Unique action: 1:27417 : <<CALL>> : androidx.appcompat.widget.Toolbar/setNavigationOnClickListener:(Landroid/view/View$OnClickListener;)V:24b312  =>  android.view.View/setOnClickListener:(Landroid/view/View$OnClickListener;)V:1bf5f8
	1:compareBackwardBranch: 1:312 : <<BRANCH>> : e.g.a.b.a.a/a:(Landroid/content/Context;)Z:3832da  =>  e.g.a.b.a.a/a:(Landroid/content/Context;)Z:3832e6
android.widget.TextView/setText:(Ljava/lang/CharSequence;)V:3171ea		=(rels)=>		1
[*] Unique action: 1:97963 : <<CALL>> : com.obs.mobile_tablet.MainActivity/permissionsUpdate:(Le/g/b/f/a/m;)V:3171ea  =>  android.widget.TextView/setText:(Ljava/lang/CharSequence;)V:29ee34
	1:compareBackwardBranch: 1:77929 : <<BRANCH>> : com.obs.android.shared.CBSApplication/a:(Landroid/content/Context;)Z:30f560  =>  com.obs.android.shared.CBSApplication/a:(Landroid/content/Context;)Z:30f56c
android.widget.TextView/setText:(Ljava/lang/CharSequence;)V:316eca		=(rels)=>		1
[*] Unique action: 1:86986 : <<CALL>> : com.obs.mobile_tablet.MainActivity/onCreateView:(Landroid/view/LayoutInflater;Landroid/view/ViewGroup;Landroid/os/Bundle;)Landroid/view/View;:316eca  =>  android.widget.TextView/setText:(Ljava/lang/CharSequence;)V:29ee34
	1:compareBackwardBranch: 1:312 : <<BRANCH>> : e.g.a.b.a.a/a:(Landroid/content/Context;)Z:3832da  =>  e.g.a.b.a.a/a:(Landroid/content/Context;)Z:3832e6
android.widget.TextView/setText:(Ljava/lang/CharSequence;)V:316eca		=(rels)=>		1
[*] Unique action: 1:86986 : <<CALL>> : com.obs.mobile_tablet.MainActivity/onCreateView:(Landroid/view/LayoutInflater;Landroid/view/ViewGroup;Landroid/os/Bundle;)Landroid/view/View;:316eca  =>  android.widget.TextView/setText:(Ljava/lang/CharSequence;)V:29ee34
	1:compareBackwardBranch: 1:77929 : <<BRANCH>> : com.obs.android.shared.CBSApplication/a:(Landroid/content/Context;)Z:30f560  =>  com.obs.android.shared.CBSApplication/a:(Landroid/content/Context;)Z:30f56c
android.view.View/setOnClickListener:(Landroid/view/View$OnClickListener;)V:316c4a		=(rels)=>		1
[*] Unique action: 1:86281 : <<CALL>> : com.obs.mobile_tablet.MainActivity/onCreateView:(Landroid/view/LayoutInflater;Landroid/view/ViewGroup;Landroid/os/Bundle;)Landroid/view/View;:316c4a  =>  android.view.View/setOnClickListener:(Landroid/view/View$OnClickListener;)V:1bf5f8
	1:compareBackwardBranch: 1:312 : <<BRANCH>> : e.g.a.b.a.a/a:(Landroid/content/Context;)Z:3832da  =>  e.g.a.b.a.a/a:(Landroid/content/Context;)Z:3832e6
android.view.View/setOnClickListener:(Landroid/view/View$OnClickListener;)V:316c4a		=(rels)=>		1
[*] Unique action: 1:86281 : <<CALL>> : com.obs.mobile_tablet.MainActivity/onCreateView:(Landroid/view/LayoutInflater;Landroid/view/ViewGroup;Landroid/os/Bundle;)Landroid/view/View;:316c4a  =>  android.view.View/setOnClickListener:(Landroid/view/View$OnClickListener;)V:1bf5f8
	1:compareBackwardBranch: 1:77929 : <<BRANCH>> : com.obs.android.shared.CBSApplication/a:(Landroid/content/Context;)Z:30f560  =>  com.obs.android.shared.CBSApplication/a:(Landroid/content/Context;)Z:30f56c
android.view.View/setOnClickListener:(Landroid/view/View$OnClickListener;)V:326c4e		=(rels)=>		1
[*] Unique action: 1:94360 : <<CALL>> : com.obs.mobile_tablet.navigation.MainNavigation_ViewBinding/<init>:(Lcom/obs/mobile_tablet/navigation/MainNavigation;Landroid/view/View;)V:326c4e  =>  android.view.View/setOnClickListener:(Landroid/view/View$OnClickListener;)V:1bf5f8
	1:compareBackwardBranch: 1:312 : <<BRANCH>> : e.g.a.b.a.a/a:(Landroid/content/Context;)Z:3832da  =>  e.g.a.b.a.a/a:(Landroid/content/Context;)Z:3832e6
android.view.View/setOnClickListener:(Landroid/view/View$OnClickListener;)V:326c4e		=(rels)=>		1
[*] Unique action: 1:94360 : <<CALL>> : com.obs.mobile_tablet.navigation.MainNavigation_ViewBinding/<init>:(Lcom/obs/mobile_tablet/navigation/MainNavigation;Landroid/view/View;)V:326c4e  =>  android.view.View/setOnClickListener:(Landroid/view/View$OnClickListener;)V:1bf5f8
	1:compareBackwardBranch: 1:77929 : <<BRANCH>> : com.obs.android.shared.CBSApplication/a:(Landroid/content/Context;)Z:30f560  =>  com.obs.android.shared.CBSApplication/a:(Landroid/content/Context;)Z:30f56c
android.view.View/setOnClickListener:(Landroid/view/View$OnClickListener;)V:326aac		=(rels)=>		1
[*] Unique action: 1:94316 : <<CALL>> : com.obs.mobile_tablet.navigation.MainNavigation_ViewBinding/<init>:(Lcom/obs/mobile_tablet/navigation/MainNavigation;Landroid/view/View;)V:326aac  =>  android.view.View/setOnClickListener:(Landroid/view/View$OnClickListener;)V:1bf5f8
	1:compareBackwardBranch: 1:312 : <<BRANCH>> : e.g.a.b.a.a/a:(Landroid/content/Context;)Z:3832da  =>  e.g.a.b.a.a/a:(Landroid/content/Context;)Z:3832e6
android.view.View/setOnClickListener:(Landroid/view/View$OnClickListener;)V:326aac		=(rels)=>		1
[*] Unique action: 1:94316 : <<CALL>> : com.obs.mobile_tablet.navigation.MainNavigation_ViewBinding/<init>:(Lcom/obs/mobile_tablet/navigation/MainNavigation;Landroid/view/View;)V:326aac  =>  android.view.View/setOnClickListener:(Landroid/view/View$OnClickListener;)V:1bf5f8
	1:compareBackwardBranch: 1:77929 : <<BRANCH>> : com.obs.android.shared.CBSApplication/a:(Landroid/content/Context;)Z:30f560  =>  com.obs.android.shared.CBSApplication/a:(Landroid/content/Context;)Z:30f56c
java.lang.System/exit:(I)V:30f5de		=(rels)=>		1
[*] Unique action: 1:231 : <<CALL>> : com.obs.android.shared.CBSApplication/b:()V:30f5de  =>  java.lang.System/exit:(I)V:ea908
	1:compareBackwardBranch2: 1:292 : <<BRANCH>> : com.obs.android.shared.CBSApplication/a:(Landroid/content/Context;)Z:30f560  =>  com.obs.android.shared.CBSApplication/a:(Landroid/content/Context;)Z:30f56c
Entry: 30f400
com.obs.android.shared.CBSApplication/a:(Landroid/content/Context;)Z: 30f560 -> 30f56c
		com.obs.android.shared.CBSApplication/a:(Landroid/content/Context;)Z: 160 -> 16c
addPatchReadme: java.lang.Class<com.obs.android.shared.CBSApplication>a(Landroid/content/Context;)Z 160 t
b29e6a69: [+] Patches found in this round: 1
b29e6a69: [*] Found Patch size: 1
Target PID : 
ExitReason-Code: 6 (/home/santapark/Extended3/DEEPerence/reEx/devRoot_sample6@devRoot-D-R@devDebug-D-R.obfuscated_flattened.ilog)
b29e6a69: 	@@@Found patch addr: 30f570
b29e6a69: Querying offset: 30f560
b29e6a69: 	--Add method name to patch = com.obs.android.shared.CBSApplication/a:(Landroid/content/Context;)Z 	30f560
	1:compareBackwardBranch: 1:312 : <<BRANCH>> : e.g.a.b.a.a/a:(Landroid/content/Context;)Z:3832da  =>  e.g.a.b.a.a/a:(Landroid/content/Context;)Z:3832e6
java.lang.System/exit:(I)V:30f5de		=(rels)=>		1
[*] Unique action: 1:317 : <<CALL>> : com.obs.android.shared.CBSApplication/b:()V:30f5de  =>  java.lang.System/exit:(I)V:ea908
	1:compareBackwardBranch2: 1:312 : <<BRANCH>> : e.g.a.b.a.a/a:(Landroid/content/Context;)Z:3832da  =>  e.g.a.b.a.a/a:(Landroid/content/Context;)Z:3832e6
Entry: 3832bc
e.g.a.b.a.a/a:(Landroid/content/Context;)Z: 3832da -> 3832e6
		e.g.a.b.a.a/a:(Landroid/content/Context;)Z: 1e -> 2a
addPatchReadme: java.lang.Class<e.g.a.b.a.a>a(Landroid/content/Context;)Z 1e t
159ceeed: [+] Patches found in this round: 1
159ceeed: [*] Found Patch size: 1
Target PID : 
ExitReason-Code: 6 (/home/santapark/Extended3/DEEPerence/reEx/devDebug_sample6@devRoot-D-R@devDebug-D-R.obfuscated_flattened.ilog)
159ceeed: 	@@@Found patch addr: 3832ea
159ceeed: Querying offset: 3832da
159ceeed: 	--Add method name to patch = e.g.a.b.a.a/a:(Landroid/content/Context;)Z 	3832da
Devices presenting anti-analysis: 
	devRoot
	devDebug
b29e6a69: patching method: com.obs.android.shared.CBSApplication/a:(Landroid/content/Context;)Z
b29e6a69: outDir - /home/santapark/Extended3/DEEPerence/reEx/sample6.apk@devRoot-D-R@devDebug-D-R.apk.obfuscated_flattened_devRoot
Wow!!!!!  --  com.obs.android.shared.CBSApplication/a:(Landroid/content/Context;)Z
fallthrough: 164
branchTarget: 16c
label = cond_11
GOTO -- 164 	16c
axmlPath: /home/santapark/Extended3/DEEPerence/reEx/sample6.apk@devRoot-D-R@devDebug-D-R.apk.obfuscated_flattened_devRoot/AndroidManifest.xml
outDir: /home/santapark/Extended3/DEEPerence/reEx/sample6.apk@devRoot-D-R@devDebug-D-R.apk.obfuscated_flattened_devRoot/sample6.apk@devRoot-D-R@devDebug-D-R.apk.obfuscated_flattened.apk
b29e6a69: Patched APK File: /home/santapark/Extended3/DEEPerence/reEx/sample6.apk@devRoot-D-R@devDebug-D-R.apk.obfuscated_flattened_devRoot/signed_sample6.apk@devRoot-D-R@devDebug-D-R.apk.obfuscated_flattened.apk
b29e6a69: First address of Lcom/obs/android/shared/CBSApplication;->a(Landroid/content/Context;)Z = 30f410
b29e6a69: Address - Lcom/obs/android/shared/CBSApplication;->a(Landroid/content/Context;)Z@160	 lastOffset = 1a0
b29e6a69: Instruction@@: IF_NEZ
159ceeed: patching method: e.g.a.b.a.a/a:(Landroid/content/Context;)Z
159ceeed: outDir - /home/santapark/Extended3/DEEPerence/reEx/sample6.apk@devRoot-D-R@devDebug-D-R.apk.obfuscated_flattened_devDebug
Wow!!!!!  --  e.g.a.b.a.a/a:(Landroid/content/Context;)Z
fallthrough: 22
branchTarget: 2a
label = cond_1
GOTO -- 22 	2a
axmlPath: /home/santapark/Extended3/DEEPerence/reEx/sample6.apk@devRoot-D-R@devDebug-D-R.apk.obfuscated_flattened_devDebug/AndroidManifest.xml
outDir: /home/santapark/Extended3/DEEPerence/reEx/sample6.apk@devRoot-D-R@devDebug-D-R.apk.obfuscated_flattened_devDebug/sample6.apk@devRoot-D-R@devDebug-D-R.apk.obfuscated_flattened.apk
159ceeed: Patched APK File: /home/santapark/Extended3/DEEPerence/reEx/sample6.apk@devRoot-D-R@devDebug-D-R.apk.obfuscated_flattened_devDebug/signed_sample6.apk@devRoot-D-R@devDebug-D-R.apk.obfuscated_flattened.apk
159ceeed: First address of Le/g/a/b/a/a;->a(Landroid/content/Context;)Z = 3832cc
159ceeed: Address - Le/g/a/b/a/a;->a(Landroid/content/Context;)Z@1e	 lastOffset = 36
159ceeed: Instruction@@: IF_EQZ
b29e6a69: (Not Installed) Trying remove : true
159ceeed: (Not Installed) Trying remove : true
Installing apk: /home/santapark/Extended3/DEEPerence/reEx/sample6.apk@devRoot-D-R@devDebug-D-R.apk.obfuscated_flattened_devRoot/signed_sample6.apk@devRoot-D-R@devDebug-D-R.apk.obfuscated_flattened.apk
Installing apk: /home/santapark/Extended3/DEEPerence/reEx/sample6.apk@devRoot-D-R@devDebug-D-R.apk.obfuscated_flattened_devDebug/signed_sample6.apk@devRoot-D-R@devDebug-D-R.apk.obfuscated_flattened.apk
159ceeed: Installation Success
b29e6a69: Installation Success
b29e6a69: startApplication called! - devRoot
159ceeed: startApplication called! - devDebug
159ceeed: Collecting logcat... (/home/santapark/Extended3/DEEPerence/reEx/devDebug_sample6@devRoot-D-R@devDebug-D-R.obfuscated_flattened.ilog)
b29e6a69: Collecting logcat... (/home/santapark/Extended3/DEEPerence/reEx/devRoot_sample6@devRoot-D-R@devDebug-D-R.obfuscated_flattened.ilog)
b29e6a69: Running Application: com.obs.android.olm.atlanticcapital.prod
PIDs--------------------------------------------------------------------------
u0_a758       29386    423 14454716 106656 0                  0 R com.obs.android.olm.atlanticcapital.prod
forward tcp:35535 jdwp:29386
[*]Found JDWP Target: 29386
159ceeed: Running Application: com.obs.android.olm.atlanticcapital.prod
PIDs--------------------------------------------------------------------------
u0_a758       29386    423 14731476 158320 0                  0 R com.obs.android.olm.atlanticcapital.prod
159ceeed: Tryging attach jdb to 29386
jdb -connect com.sun.jdi.SocketAttach:hostname=localhost,port=35535
159ceeed: Running is done - starting comparing... : 10001
159ceeed: Terminated logcat thread...by itself
159ceeed: Top-activity: com.android.launcher3/.Launcher
PIDs--------------------------------------------------------------------------
159ceeed: savedPid = null
PIDs--------------------------------------------------------------------------
159ceeed: savedPid2 = null
Stopping app: com.obs.android.olm.atlanticcapital.prod
Tryging remove : uninstall com.obs.android.olm.atlanticcapital.prod(com.obs.android.olm.atlanticcapital.prod)
159ceeed: Remove Success
159ceeed: ilog file size: 47286872
159ceeed: End of collecting logcat...
b29e6a69: Terminated logcat thread...by itself
b29e6a69: Top-activity: com.obs.android.olm.atlanticcapital.prod/com.obs.android.shared.RegistrationActivity
PIDs--------------------------------------------------------------------------
u0_a425       13411    430 14959812 180184 0                  0 S com.obs.android.olm.atlanticcapital.prod
b29e6a69: savedPid = 13411
PIDs--------------------------------------------------------------------------
u0_a425       13411    430 14959812 180184 0                  0 S com.obs.android.olm.atlanticcapital.prod
b29e6a69: savedPid2 = 13411
Stopping app: com.obs.android.olm.atlanticcapital.prod
Tryging remove : uninstall com.obs.android.olm.atlanticcapital.prod(com.obs.android.olm.atlanticcapital.prod)
b29e6a69: Remove Success
b29e6a69: ilog file size: 88668659
b29e6a69: End of collecting logcat...
HPFinder's try count remains: 28
Target PID : 12424
Target PID : 12424
ExitReason-Code: 1 (/home/santapark/Extended3/DEEPerence/reEx/devRef_sample6@devRoot-D-R@devDebug-D-R.obfuscated_flattened.ilog)
Target PID : 
ExitReason-Code: 1 (/home/santapark/Extended3/DEEPerence/reEx/devRef_sample6@devRoot-D-R@devDebug-D-R.obfuscated_flattened.ilog)
Target PID : 13411
ExitReason-Code: 6 (/home/santapark/Extended3/DEEPerence/reEx/devDebug_sample6@devRoot-D-R@devDebug-D-R.obfuscated_flattened.ilog)
159ceeed: adding filter -- 3832da
ExitReason-Code: 1 (/home/santapark/Extended3/DEEPerence/reEx/devRoot_sample6@devRoot-D-R@devDebug-D-R.obfuscated_flattened.ilog)
b29e6a69: adding filter -- 30f560
[*] FlowManager: adjust finished.
-- current localPatchFilter: 3832da
Action is completely same :)
java.lang.System/exit:(I)V:30f5de		=(rels)=>		1
[*] Unique action: 16:273989 : <<CALL>> : com.obs.android.shared.CBSApplication/b:()V:30f5de  =>  java.lang.System/exit:(I)V:ea908
	1:compareBackwardBranch2: 15:313 : <<BRANCH>> : e.g.a.b.a.a$a/run:()V:383264  =>  e.g.a.b.a.a$a/run:()V:38326e
Entry: 38325c
e.g.a.b.a.a$a/run:()V: 383264 -> 38326e
		e.g.a.b.a.a$a/run:()V: 8 -> 12
addPatchReadme: java.lang.Class<e.g.a.b.a.a$a>run()V 8 t
159ceeed: [+] Patches found in this round: 1
159ceeed: [*] Found Patch size: 1
Target PID : 
ExitReason-Code: 6 (/home/santapark/Extended3/DEEPerence/reEx/devDebug_sample6@devRoot-D-R@devDebug-D-R.obfuscated_flattened.ilog)
159ceeed: @@localPatchFilter -- 3832ea
159ceeed: 	@@@Found patch addr: 383274
159ceeed: Querying offset: 383264
159ceeed: 	--Add method name to patch = e.g.a.b.a.a$a/run:()V 	383264
[*] FlowManager: adjust finished.
-- current localPatchFilter: 30f560
Action is completely same :)
Action is completely same :)
b29e6a69: There is no difference. (tryAgain=false)
Devices presenting anti-analysis: 
	devDebug
159ceeed: patching method: e.g.a.b.a.a/a:(Landroid/content/Context;)Z
159ceeed: patching method: e.g.a.b.a.a$a/run:()V
159ceeed: outDir - /home/santapark/Extended3/DEEPerence/reEx/sample6.apk@devRoot-D-R@devDebug-D-R.apk.obfuscated_flattened_devDebug
Wow!!!!!  --  e.g.a.b.a.a$a/run:()V
fallthrough: c
branchTarget: 12
label = cond_0
GOTO -- c 	12
Wow!!!!!  --  e.g.a.b.a.a/a:(Landroid/content/Context;)Z
fallthrough: 22
branchTarget: 2a
label = cond_1
GOTO -- 22 	2a
axmlPath: /home/santapark/Extended3/DEEPerence/reEx/sample6.apk@devRoot-D-R@devDebug-D-R.apk.obfuscated_flattened_devDebug/AndroidManifest.xml
outDir: /home/santapark/Extended3/DEEPerence/reEx/sample6.apk@devRoot-D-R@devDebug-D-R.apk.obfuscated_flattened_devDebug/sample6.apk@devRoot-D-R@devDebug-D-R.apk.obfuscated_flattened.apk
159ceeed: Patched APK File: /home/santapark/Extended3/DEEPerence/reEx/sample6.apk@devRoot-D-R@devDebug-D-R.apk.obfuscated_flattened_devDebug/signed_sample6.apk@devRoot-D-R@devDebug-D-R.apk.obfuscated_flattened.apk
159ceeed: First address of Le/g/a/b/a/a;->a(Landroid/content/Context;)Z = 3832cc
159ceeed: Address - Le/g/a/b/a/a;->a(Landroid/content/Context;)Z@1e	 lastOffset = 36
159ceeed: Instruction@@: IF_EQZ
159ceeed: First address of Le/g/a/b/a/a$a;->run()V = 38326c
159ceeed: Address - Le/g/a/b/a/a$a;->run()V@8	 lastOffset = 12
159ceeed: Instruction@@: IF_EQZ
159ceeed: (Not Installed) Trying remove : true
Installing apk: /home/santapark/Extended3/DEEPerence/reEx/sample6.apk@devRoot-D-R@devDebug-D-R.apk.obfuscated_flattened_devDebug/signed_sample6.apk@devRoot-D-R@devDebug-D-R.apk.obfuscated_flattened.apk
159ceeed: Installation Failed :( - /home/santapark/Extended3/DEEPerence/reEx/sample6.apk@devRoot-D-R@devDebug-D-R.apk.obfuscated_flattened_devDebug/signed_sample6.apk@devRoot-D-R@devDebug-D-R.apk.obfuscated_flattened.apk
159ceeed: startApplication called! - devDebug
159ceeed: Collecting logcat... (/home/santapark/Extended3/DEEPerence/reEx/devDebug_sample6@devRoot-D-R@devDebug-D-R.obfuscated_flattened.ilog)
PIDs--------------------------------------------------------------------------
forward tcp:35535 jdwp:null
[*]Found JDWP Target: null
159ceeed: Running Application: com.obs.android.olm.atlanticcapital.prod
159ceeed: Running is done - starting comparing... : 10001
159ceeed: Terminated logcat thread...by itself
159ceeed: Top-activity: com.android.launcher3/.Launcher
PIDs--------------------------------------------------------------------------
159ceeed: savedPid = null
PIDs--------------------------------------------------------------------------
159ceeed: savedPid2 = null
Stopping app: com.obs.android.olm.atlanticcapital.prod
159ceeed: (Not Installed) Trying remove : true
159ceeed: Remove Success
159ceeed: ilog file size: 0
159ceeed: End of collecting logcat...
HPFinder's try count remains: 27
Target PID : 12424
ExitReason-Code: 1 (/home/santapark/Extended3/DEEPerence/reEx/devRef_sample6@devRoot-D-R@devDebug-D-R.obfuscated_flattened.ilog)
ilog Parsing Error: /home/santapark/Extended3/DEEPerence/reEx/devDebug_sample6@devRoot-D-R@devDebug-D-R.obfuscated_flattened.ilog
159ceeed: adding filter -- 383264
159ceeed: adding filter -- 3832da
[*] FlowManager: adjust finished.
-- current localPatchFilter: 3832da
-- current localPatchFilter: 383264
[GOOD]: Anti-analysis is identified! :) -- 1 --devDebug
android.view.ViewGroup/addView:(Landroid/view/View;)V:30edf0		=(rels)=>		0
android.widget.TextView/setText:(Ljava/lang/CharSequence;)V:311c90		=(rels)=>		0
android.view.View/setOnClickListener:(Landroid/view/View$OnClickListener;)V:326b90		=(rels)=>		0
android.view.View/setOnClickListener:(Landroid/view/View$OnClickListener;)V:326bb6		=(rels)=>		0
android.view.View/setOnClickListener:(Landroid/view/View$OnClickListener;)V:3113d4		=(rels)=>		0
android.widget.TextView/setText:(Ljava/lang/CharSequence;)V:316c36		=(rels)=>		0
android.os.Handler/postDelayed:(Ljava/lang/Runnable;J)Z:3a9af0		=(rels)=>		0
android.view.ViewGroup/addView:(Landroid/view/View;)V:225cae		=(rels)=>		0
android.view.View/setOnClickListener:(Landroid/view/View$OnClickListener;)V:23f76e		=(rels)=>		0
android.view.ViewGroup/addView:(Landroid/view/View;)V:201d4e		=(rels)=>		0
android.view.ViewGroup/addView:(Landroid/view/View;ILandroid/view/ViewGroup$LayoutParams;)V:24e274		=(rels)=>		0
android.widget.EditText/getText:()Landroid/text/Editable;:1fae4c		=(rels)=>		0
android.widget.TextView/setText:(Ljava/lang/CharSequence;)V:24b5d0		=(rels)=>		0
android.view.View/setOnClickListener:(Landroid/view/View$OnClickListener;)V:326a86		=(rels)=>		0
android.view.ViewGroup/addView:(Landroid/view/View;Landroid/view/ViewGroup$LayoutParams;)V:249590		=(rels)=>		0
org.apache.http.impl.client.DefaultHttpClient/<init>:(Lorg/apache/http/conn/ClientConnectionManager;Lorg/apache/http/params/HttpParams;)V:3e8aaa		=(rels)=>		0
android.widget.TextView/setText:(Ljava/lang/CharSequence;)V:316f84		=(rels)=>		0
android.view.View/setOnClickListener:(Landroid/view/View$OnClickListener;)V:24b312		=(rels)=>		0
android.widget.TextView/setText:(Ljava/lang/CharSequence;)V:3171ea		=(rels)=>		0
android.widget.TextView/setText:(Ljava/lang/CharSequence;)V:316eca		=(rels)=>		0
android.view.View/setOnClickListener:(Landroid/view/View$OnClickListener;)V:316c4a		=(rels)=>		0
android.view.View/setOnClickListener:(Landroid/view/View$OnClickListener;)V:326c4e		=(rels)=>		0
android.view.View/setOnClickListener:(Landroid/view/View$OnClickListener;)V:326aac		=(rels)=>		0
Action is completely same :)
Action is completely same :)
159ceeed: There is no difference. (tryAgain=false)
-- HPFinder will be done in this iteration :)
hasAntiAnalysis? - devTamper: false on com.obs.android.messenger.MainActivity
hasAntiAnalysis? - devRoot: true on com.obs.android.messenger.MainActivity
	isRemovedThem? - devRoot: true on com.obs.android.messenger.MainActivity	-	tryCount: 1
hasAntiAnalysis? - devDebug: true on com.obs.android.messenger.MainActivity
	isRemovedThem? - devDebug: false on com.obs.android.messenger.MainActivity	-	tryCount: 2
*****REPORT: com.obs.android.olm.atlanticcapital.prod
* Package name: com.obs.android.olm.atlanticcapital.prod
* Running time: 396
* FileSize: 10978354
devTamper : 88764790
devRef : 88736537
devRoot : 88668659
devDebug : 0
hasAntiAnalysis? - devTamper: false on com.obs.android.messenger.MainActivity
hasAntiAnalysis? - devRoot: true on com.obs.android.messenger.MainActivity
	isRemovedThem? - devRoot: true on com.obs.android.messenger.MainActivity	-	tryCount: 1
hasAntiAnalysis? - devDebug: true on com.obs.android.messenger.MainActivity
	isRemovedThem? - devDebug: false on com.obs.android.messenger.MainActivity	-	tryCount: 2
46604b9f: trying remove : com.obs.android.olm.atlanticcapital.prod
3601a6ff: trying remove : com.obs.android.olm.atlanticcapital.prod
b29e6a69: trying remove : com.obs.android.olm.atlanticcapital.prod
159ceeed: trying remove : com.obs.android.olm.atlanticcapital.prod
46604b9f: (Not Installed) Trying remove : true
46604b9f: -- Success
46604b9f: result = true
b29e6a69: (Not Installed) Trying remove : true
b29e6a69: -- Success
b29e6a69: result = true
159ceeed: (Not Installed) Trying remove : true
159ceeed: -- Success
159ceeed: result = true
3601a6ff: (Not Installed) Trying remove : true
3601a6ff: -- Success
3601a6ff: result = true
3601a6ff: isFailedToLaunch: com.obs.android.olm.atlanticcapital.prod/com.obs.android.shared.RegistrationActivity
3601a6ff: 	--result: Good :)
