axmlPath: /home/santapark/Extended3/DEEPerence/reEx/flar2.homebutton.apk@devRoot-D@devDebug-D-R.apk.obfuscated/AndroidManifest.xml
launchable-activity: name='a.a'  label='Button Mapper' icon=''
leanback-launchable-activity: name='a.a'  label='Button Mapper' icon='' banner=''
{ACTIVITY, a.a, android.intent.action.MAIN, android.service.quicksettings.action.QS_TILE_PREFERENCES, android.intent.action.VIEW}
{ACTIVITY, a.c, android.intent.action.MAIN}
{ACTIVITY, a.h}
{ACTIVITY, a.f}
{ACTIVITY, a.g}
{ACTIVITY, a.n}
{ACTIVITY, a.ab}
{ACTIVITY, a.aa}
{ACTIVITY, a.z}
{ACTIVITY, a.y}
{ACTIVITY, a.ag}
{ACTIVITY, a.d}
{ACTIVITY, a.x}
{ACTIVITY, a.w}
{ACTIVITY, a.af}
{ACTIVITY, a.o}
{ACTIVITY, a.ai}
{RECEIVER, a.e, android.app.action.DEVICE_ADMIN_ENABLED, android.app.action.DEVICE_ADMIN_DISABLE_REQUESTED, android.app.action.DEVICE_ADMIN_DISABLED}
{RECEIVER, a.ac}
{RECEIVER, a.ad}
{RECEIVER, a.l}
{RECEIVER, a.k}
{RECEIVER, a.v, android.intent.action.BOOT_COMPLETED}
{RECEIVER, a.u, android.intent.action.MY_PACKAGE_REPLACED}
{RECEIVER, a.r, flar2.homebutton.TOGGLE_REMAPPING, flar2.homebutton.PAUSE_REMAPPING, flar2.homebutton.RESUME_REMAPPING}
{RECEIVER, a.s, android.intent.action.PACKAGE_ADDED, android.intent.action.PACKAGE_REMOVED}
{SERVICE, a.i, android.accessibilityservice.AccessibilityService}
{SERVICE, a.m, homebutton.intent.action.TOGGLE_FLASHLIGHT, homebutton.intent.action.TOGGLE_FLASHLIGHT_OFF}
{SERVICE, a.j, android.service.quicksettings.action.QS_TILE}
{SERVICE, a.t}
{SERVICE, a.q, android.service.notification.NotificationListenerService}
{SERVICE, flar2.homebutton.utils.BMIME, android.view.InputMethod}
{ACTIVITY, a.a, android.intent.action.MAIN, android.service.quicksettings.action.QS_TILE_PREFERENCES, android.intent.action.VIEW}
{ACTIVITY, a.c, android.intent.action.MAIN}
{ACTIVITY, a.h}
{ACTIVITY, a.f}
{ACTIVITY, a.g}
{ACTIVITY, a.n}
{ACTIVITY, a.ab}
{ACTIVITY, a.aa}
{ACTIVITY, a.z}
{ACTIVITY, a.y}
{ACTIVITY, a.ag}
{ACTIVITY, a.d}
{ACTIVITY, a.x}
{ACTIVITY, a.w}
{ACTIVITY, a.af}
{ACTIVITY, a.o}
{ACTIVITY, a.ai}
{RECEIVER, a.e, android.app.action.DEVICE_ADMIN_ENABLED, android.app.action.DEVICE_ADMIN_DISABLE_REQUESTED, android.app.action.DEVICE_ADMIN_DISABLED}
{RECEIVER, a.ac}
{RECEIVER, a.ad}
{RECEIVER, a.l}
{RECEIVER, a.k}
{RECEIVER, a.v, android.intent.action.BOOT_COMPLETED}
{RECEIVER, a.u, android.intent.action.MY_PACKAGE_REPLACED}
{RECEIVER, a.r, flar2.homebutton.TOGGLE_REMAPPING, flar2.homebutton.PAUSE_REMAPPING, flar2.homebutton.RESUME_REMAPPING}
{RECEIVER, a.s, android.intent.action.PACKAGE_ADDED, android.intent.action.PACKAGE_REMOVED}
{SERVICE, a.i, android.accessibilityservice.AccessibilityService}
{SERVICE, a.m, homebutton.intent.action.TOGGLE_FLASHLIGHT, homebutton.intent.action.TOGGLE_FLASHLIGHT_OFF}
{SERVICE, a.j, android.service.quicksettings.action.QS_TILE}
{SERVICE, a.t}
{SERVICE, a.q, android.service.notification.NotificationListenerService}
{SERVICE, flar2.homebutton.utils.BMIME, android.view.InputMethod}
_getAllDexFiles: /home/santapark/Extended3/DEEPerence/reEx/flar2.homebutton.apk@devRoot-D@devDebug-D-R.apk.obfuscated/classes.dex
----------------/home/santapark/Extended3/DEEPerence/reEx/flar2.homebutton.apk@devRoot-D@devDebug-D-R.apk.obfuscated.apk
dexFile = org.jf.dexlib2.dexbacked.DexBackedDexFile@5b080f3a
flar2.homebutton
a.a
debuggable: false
46604b9f: (Not Installed) Trying remove : true
46604b9f: -- Success
159ceeed: (Not Installed) Trying remove : true
159ceeed: -- Success
b29e6a69: (Not Installed) Trying remove : true
b29e6a69: -- Success
3601a6ff: (Not Installed) Trying remove : true
3601a6ff: -- Success
Installing apk: /home/santapark/Extended3/DEEPerence/reEx/flar2.homebutton.apk@devRoot-D@devDebug-D-R.apk.obfuscated.apk
Installing apk: /home/santapark/Extended3/DEEPerence/reEx/flar2.homebutton.apk@devRoot-D@devDebug-D-R.apk.obfuscated.apk
Installing apk: /home/santapark/Extended3/DEEPerence/reEx/flar2.homebutton.apk@devRoot-D@devDebug-D-R.apk.obfuscated.apk
axmlPath: /home/santapark/Extended3/DEEPerence/reEx/flar2.homebutton.apk@devRoot-D@devDebug-D-R.apk.obfuscated_46604b9f/AndroidManifest.xml
outDir: /home/santapark/Extended3/DEEPerence/reEx/flar2.homebutton.apk@devRoot-D@devDebug-D-R.apk.obfuscated_46604b9f/flar2.homebutton.apk@devRoot-D@devDebug-D-R.apk.obfuscated.apk
159ceeed: Installation Success
3601a6ff: Installation Success
b29e6a69: Installation Success
46604b9f: Installing repackaged apk File: 
Installing apk: /home/santapark/Extended3/DEEPerence/reEx/flar2.homebutton.apk@devRoot-D@devDebug-D-R.apk.obfuscated_46604b9f/signed_flar2.homebutton.apk@devRoot-D@devDebug-D-R.apk.obfuscated.apk
46604b9f: Installation Success
46604b9f: startApplication called! - devTamper
3601a6ff: startApplication called! - devRef
b29e6a69: startApplication called! - devRoot
159ceeed: startApplication called! - devDebug
159ceeed: Collecting logcat... (/home/santapark/Extended3/DEEPerence/reEx/devDebug_flar2.homebutton@devRoot-D@devDebug-D-R.obfuscated.ilog)
b29e6a69: Collecting logcat... (/home/santapark/Extended3/DEEPerence/reEx/devRoot_flar2.homebutton@devRoot-D@devDebug-D-R.obfuscated.ilog)
46604b9f: Collecting logcat... (/home/santapark/Extended3/DEEPerence/reEx/devTamper_flar2.homebutton@devRoot-D@devDebug-D-R.obfuscated.ilog)
3601a6ff: Collecting logcat... (/home/santapark/Extended3/DEEPerence/reEx/devRef_flar2.homebutton@devRoot-D@devDebug-D-R.obfuscated.ilog)
b29e6a69: Running Application: flar2.homebutton
46604b9f: Running Application: flar2.homebutton
3601a6ff: Running Application: flar2.homebutton
PIDs--------------------------------------------------------------------------
u0_a819        1568    423 13789372 118920 0                  0 R flar2.homebutton
forward tcp:35535 jdwp:1568
[*]Found JDWP Target: 1568
159ceeed: Running Application: flar2.homebutton
159ceeed: Running is done - starting comparing... : 10001
159ceeed: Terminated logcat thread...by itself
159ceeed: Top-activity: flar2.homebutton/a.h
PIDs--------------------------------------------------------------------------
u0_a819        1568    423 13940964 147100 0                  0 S flar2.homebutton
159ceeed: savedPid = 1568
PIDs--------------------------------------------------------------------------
u0_a819        1568    423 13940964 147100 0                  0 S flar2.homebutton
159ceeed: savedPid2 = 1568
Stopping app: flar2.homebutton
Tryging remove : uninstall flar2.homebutton(flar2.homebutton)
159ceeed: Remove Success
159ceeed: ilog file size: 13516846
159ceeed: End of collecting logcat...
3601a6ff: Running is done - starting comparing... : 10001
3601a6ff: Terminated logcat thread...by itself
b29e6a69: Running is done - starting comparing... : 10001
b29e6a69: Terminated logcat thread...by itself
3601a6ff: Top-activity: flar2.homebutton/a.h
PIDs--------------------------------------------------------------------------
u0_a399       32099    414 14074516 146152 0                  0 S flar2.homebutton
3601a6ff: savedPid = 32099
PIDs--------------------------------------------------------------------------
u0_a399       32099    414 14074516 146152 0                  0 S flar2.homebutton
3601a6ff: savedPid2 = 32099
Stopping app: flar2.homebutton
b29e6a69: Top-activity: flar2.homebutton/a.h
PIDs--------------------------------------------------------------------------
u0_a486       30081    430 14132284 154172 0                  0 S flar2.homebutton
b29e6a69: savedPid = 30081
PIDs--------------------------------------------------------------------------
u0_a486       30081    430 14132284 154172 0                  0 S flar2.homebutton
b29e6a69: savedPid2 = 30081
Stopping app: flar2.homebutton
46604b9f: Running is done - starting comparing... : 10001
46604b9f: Terminated logcat thread...by itself
46604b9f: Top-activity: flar2.homebutton/a.h
PIDs--------------------------------------------------------------------------
u0_a353       30926    425 14136868 145404 0                  0 S flar2.homebutton
46604b9f: savedPid = 30926
PIDs--------------------------------------------------------------------------
u0_a353       30926    425 14136868 145404 0                  0 S flar2.homebutton
46604b9f: savedPid2 = 30926
Stopping app: flar2.homebutton
Tryging remove : uninstall flar2.homebutton(flar2.homebutton)
3601a6ff: Remove Success
3601a6ff: ilog file size: 29937826
3601a6ff: End of collecting logcat...
Tryging remove : uninstall flar2.homebutton(flar2.homebutton)
b29e6a69: Remove Success
b29e6a69: ilog file size: 29929886
b29e6a69: End of collecting logcat...
Tryging remove : uninstall flar2.homebutton(flar2.homebutton)
46604b9f: Remove Success
46604b9f: ilog file size: 30099844
46604b9f: End of collecting logcat...
HPFinder's try count remains: 29
Target PID : 32099
Target PID : 32099
Target PID : 32099
ExitReason-Code: 1 (/home/santapark/Extended3/DEEPerence/reEx/devRef_flar2.homebutton@devRoot-D@devDebug-D-R.obfuscated.ilog)
Target PID : 30081
ExitReason-Code: 1 (/home/santapark/Extended3/DEEPerence/reEx/devRef_flar2.homebutton@devRoot-D@devDebug-D-R.obfuscated.ilog)
Target PID : 30926
ExitReason-Code: 1 (/home/santapark/Extended3/DEEPerence/reEx/devRef_flar2.homebutton@devRoot-D@devDebug-D-R.obfuscated.ilog)
Target PID : 1568
ExitReason-Code: 1 (/home/santapark/Extended3/DEEPerence/reEx/devDebug_flar2.homebutton@devRoot-D@devDebug-D-R.obfuscated.ilog)
ExitReason-Code: 1 (/home/santapark/Extended3/DEEPerence/reEx/devRoot_flar2.homebutton@devRoot-D@devDebug-D-R.obfuscated.ilog)
ExitReason-Code: 1 (/home/santapark/Extended3/DEEPerence/reEx/devTamper_flar2.homebutton@devRoot-D@devDebug-D-R.obfuscated.ilog)
[*] FlowManager: adjust finished.
[GOOD]: Anti-analysis is identified! :) -- 1 --devDebug
android.view.View/setOnClickListener:(Landroid/view/View$OnClickListener;)V:941114		=(rels)=>		1
[*] Unique action: 1:106582 : <<CALL>> : androidx.appcompat.view.menu.ActionMenuItemView/SqknYMEluOfXOtSr:(Landroid/widget/TextView;Landroid/view/View$OnClickListener;)V:941114  =>  android.view.View/setOnClickListener:(Landroid/view/View$OnClickListener;)V:1bf5f8
[*] FlowManager: adjust finished.
[GOOD]: Anti-analysis is identified! :) -- 1 --devRoot
android.view.View/setOnClickListener:(Landroid/view/View$OnClickListener;)V:8b4e38		=(rels)=>		1
[*] FlowManager: adjust finished.
[*] Unique action: 1:126098 : <<CALL>> : a.tn$b/CrfkCQXTZRJSXtpc:(Landroid/widget/ImageView;Landroid/view/View$OnClickListener;)V:8b4e38  =>  android.view.View/setOnClickListener:(Landroid/view/View$OnClickListener;)V:1bf5f8
Action is completely same :)
Action is completely same :)
46604b9f: There is no difference. (tryAgain=false)
	1:compareBackwardBranch: 1:125537 : <<BRANCH>> : a.tn$b/f0:(Landroid/view/LayoutInflater;Landroid/view/ViewGroup;Landroid/os/Bundle;)Landroid/view/View;:8b5fbe  =>  a.tn$b/f0:(Landroid/view/LayoutInflater;Landroid/view/ViewGroup;Landroid/os/Bundle;)Landroid/view/View;:8b61b2
android.view.View/setOnClickListener:(Landroid/view/View$OnClickListener;)V:8b50b4		=(rels)=>		1
[*] Unique action: 1:126107 : <<CALL>> : a.tn$b/KGXDAqnJHDhihmCs:(Landroid/widget/ImageView;Landroid/view/View$OnClickListener;)V:8b50b4  =>  android.view.View/setOnClickListener:(Landroid/view/View$OnClickListener;)V:1bf5f8
	1:compareBackwardBranch: 1:125537 : <<BRANCH>> : a.tn$b/f0:(Landroid/view/LayoutInflater;Landroid/view/ViewGroup;Landroid/os/Bundle;)Landroid/view/View;:8b5fbe  =>  a.tn$b/f0:(Landroid/view/LayoutInflater;Landroid/view/ViewGroup;Landroid/os/Bundle;)Landroid/view/View;:8b61b2
android.view.View/setOnClickListener:(Landroid/view/View$OnClickListener;)V:8b5228		=(rels)=>		1
[*] Unique action: 1:126058 : <<CALL>> : a.tn$b/PsTNkdaUDkzVUltF:(Landroid/widget/ImageView;Landroid/view/View$OnClickListener;)V:8b5228  =>  android.view.View/setOnClickListener:(Landroid/view/View$OnClickListener;)V:1bf5f8
	1:compareBackwardBranch2: 1:125537 : <<BRANCH>> : a.tn$b/f0:(Landroid/view/LayoutInflater;Landroid/view/ViewGroup;Landroid/os/Bundle;)Landroid/view/View;:8b5fbe  =>  a.tn$b/f0:(Landroid/view/LayoutInflater;Landroid/view/ViewGroup;Landroid/os/Bundle;)Landroid/view/View;:8b61b2
android.view.View/setOnClickListener:(Landroid/view/View$OnClickListener;)V:8b582c		=(rels)=>		1
[*] Unique action: 1:126049 : <<CALL>> : a.tn$b/jcrrMiSNcetGWscP:(Landroid/widget/ImageView;Landroid/view/View$OnClickListener;)V:8b582c  =>  android.view.View/setOnClickListener:(Landroid/view/View$OnClickListener;)V:1bf5f8
	1:compareBackwardBranch: 1:16199 : <<BRANCH>> : a.gn/onCreate:(Landroid/os/Bundle;)V:7dd366  =>  a.gn/onCreate:(Landroid/os/Bundle;)V:7dd35e
android.view.ViewGroup/addView:(Landroid/view/View;Landroid/view/ViewGroup$LayoutParams;)V:8f18ac		=(rels)=>		1
[*] Unique action: 1:109224 : <<CALL>> : a.y2/LnVdVCCHxaWVECVH:(Landroid/view/ViewGroup;Landroid/view/View;Landroid/view/ViewGroup$LayoutParams;)V:8f18ac  =>  android.view.ViewGroup/addView:(Landroid/view/View;Landroid/view/ViewGroup$LayoutParams;)V:195988
	1:compareBackwardBranch2: 1:125537 : <<BRANCH>> : a.tn$b/f0:(Landroid/view/LayoutInflater;Landroid/view/ViewGroup;Landroid/os/Bundle;)Landroid/view/View;:8b5fbe  =>  a.tn$b/f0:(Landroid/view/LayoutInflater;Landroid/view/ViewGroup;Landroid/os/Bundle;)Landroid/view/View;:8b61b2
Entry: 8b5cf4
a.tn$b/f0:(Landroid/view/LayoutInflater;Landroid/view/ViewGroup;Landroid/os/Bundle;)Landroid/view/View;: 8b5fbe -> 8b61b2
		a.tn$b/f0:(Landroid/view/LayoutInflater;Landroid/view/ViewGroup;Landroid/os/Bundle;)Landroid/view/View;: 2ca -> 4be
addPatchReadme: java.lang.Class<a.tn$b>f0(Landroid/view/LayoutInflater;Landroid/view/ViewGroup;Landroid/os/Bundle;)Landroid/view/View; 2ca t
b29e6a69: [+] Patches found in this round: 1
b29e6a69: [*] Found Patch size: 1
Target PID : 
ExitReason-Code: 1 (/home/santapark/Extended3/DEEPerence/reEx/devRoot_flar2.homebutton@devRoot-D@devDebug-D-R.obfuscated.ilog)
b29e6a69: 	@@@Found patch addr: 8b5fce
b29e6a69: Querying offset: 8b5fbe
b29e6a69: 	--Add method name to patch = a.tn$b/f0:(Landroid/view/LayoutInflater;Landroid/view/ViewGroup;Landroid/os/Bundle;)Landroid/view/View; 	8b5fbe
	1:compareBackwardBranch: 1:16199 : <<BRANCH>> : a.gn/onCreate:(Landroid/os/Bundle;)V:7dd366  =>  a.gn/onCreate:(Landroid/os/Bundle;)V:7dd35e
android.view.ViewGroup/addView:(Landroid/view/View;I)V:6bd10c		=(rels)=>		1
[*] Unique action: 1:108970 : <<CALL>> : a.f2/PTaVxXsjqnZgVlcO:(Landroid/view/ViewGroup;Landroid/view/View;I)V:6bd10c  =>  android.view.ViewGroup/addView:(Landroid/view/View;I)V:1959a4
	1:compareBackwardBranch: 1:16199 : <<BRANCH>> : a.gn/onCreate:(Landroid/os/Bundle;)V:7dd366  =>  a.gn/onCreate:(Landroid/os/Bundle;)V:7dd35e
Action is completely same :)
Entry: 7dbf48
a.gn/onCreate:(Landroid/os/Bundle;)V: 7dd366 -> 7dd35e
		a.gn/onCreate:(Landroid/os/Bundle;)V: 141e -> 1416
addPatchReadme: java.lang.Class<a.gn>onCreate(Landroid/os/Bundle;)V 141e t
159ceeed: [+] Patches found in this round: 1
159ceeed: [*] Found Patch size: 1
Target PID : 
ExitReason-Code: 1 (/home/santapark/Extended3/DEEPerence/reEx/devDebug_flar2.homebutton@devRoot-D@devDebug-D-R.obfuscated.ilog)
159ceeed: 	@@@Found patch addr: 7dd376
159ceeed: Querying offset: 7dd366
159ceeed: 	--Add method name to patch = a.gn/onCreate:(Landroid/os/Bundle;)V 	7dd366
Devices presenting anti-analysis: 
	devRoot
	devDebug
b29e6a69: patching method: a.tn$b/f0:(Landroid/view/LayoutInflater;Landroid/view/ViewGroup;Landroid/os/Bundle;)Landroid/view/View;
b29e6a69: outDir - /home/santapark/Extended3/DEEPerence/reEx/flar2.homebutton.apk@devRoot-D@devDebug-D-R.apk.obfuscated_devRoot
Wow!!!!!  --  a.tn$b/f0:(Landroid/view/LayoutInflater;Landroid/view/ViewGroup;Landroid/os/Bundle;)Landroid/view/View;
fallthrough: 2ce
branchTarget: 4be
label = cond_11
GOTO -- 2ce 	4be
axmlPath: /home/santapark/Extended3/DEEPerence/reEx/flar2.homebutton.apk@devRoot-D@devDebug-D-R.apk.obfuscated_devRoot/AndroidManifest.xml
outDir: /home/santapark/Extended3/DEEPerence/reEx/flar2.homebutton.apk@devRoot-D@devDebug-D-R.apk.obfuscated_devRoot/flar2.homebutton.apk@devRoot-D@devDebug-D-R.apk.obfuscated.apk
b29e6a69: Patched APK File: /home/santapark/Extended3/DEEPerence/reEx/flar2.homebutton.apk@devRoot-D@devDebug-D-R.apk.obfuscated_devRoot/signed_flar2.homebutton.apk@devRoot-D@devDebug-D-R.apk.obfuscated.apk
b29e6a69: First address of La/tn$b;->f0(Landroid/view/LayoutInflater;Landroid/view/ViewGroup;Landroid/os/Bundle;)Landroid/view/View; = 8b5d04
b29e6a69: Address - La/tn$b;->f0(Landroid/view/LayoutInflater;Landroid/view/ViewGroup;Landroid/os/Bundle;)Landroid/view/View;@2ca	 lastOffset = 898
b29e6a69: Instruction@@: IF_EQZ
159ceeed: patching method: a.gn/onCreate:(Landroid/os/Bundle;)V
159ceeed: outDir - /home/santapark/Extended3/DEEPerence/reEx/flar2.homebutton.apk@devRoot-D@devDebug-D-R.apk.obfuscated_devDebug
Wow!!!!!  --  a.gn/onCreate:(Landroid/os/Bundle;)V
fallthrough: 1422
branchTarget: 1416
label = cond_22
GOTO -- 1422 	1416
axmlPath: /home/santapark/Extended3/DEEPerence/reEx/flar2.homebutton.apk@devRoot-D@devDebug-D-R.apk.obfuscated_devDebug/AndroidManifest.xml
outDir: /home/santapark/Extended3/DEEPerence/reEx/flar2.homebutton.apk@devRoot-D@devDebug-D-R.apk.obfuscated_devDebug/flar2.homebutton.apk@devRoot-D@devDebug-D-R.apk.obfuscated.apk
159ceeed: Patched APK File: /home/santapark/Extended3/DEEPerence/reEx/flar2.homebutton.apk@devRoot-D@devDebug-D-R.apk.obfuscated_devDebug/signed_flar2.homebutton.apk@devRoot-D@devDebug-D-R.apk.obfuscated.apk
159ceeed: First address of La/gn;->onCreate(Landroid/os/Bundle;)V = 7dbf58
159ceeed: Address - La/gn;->onCreate(Landroid/os/Bundle;)V@141e	 lastOffset = 4b24
159ceeed: Instruction@@: IF_EQZ
b29e6a69: (Not Installed) Trying remove : true
159ceeed: (Not Installed) Trying remove : true
Installing apk: /home/santapark/Extended3/DEEPerence/reEx/flar2.homebutton.apk@devRoot-D@devDebug-D-R.apk.obfuscated_devRoot/signed_flar2.homebutton.apk@devRoot-D@devDebug-D-R.apk.obfuscated.apk
Installing apk: /home/santapark/Extended3/DEEPerence/reEx/flar2.homebutton.apk@devRoot-D@devDebug-D-R.apk.obfuscated_devDebug/signed_flar2.homebutton.apk@devRoot-D@devDebug-D-R.apk.obfuscated.apk
159ceeed: Installation Success
b29e6a69: Installation Success
b29e6a69: startApplication called! - devRoot
159ceeed: startApplication called! - devDebug
159ceeed: Collecting logcat... (/home/santapark/Extended3/DEEPerence/reEx/devDebug_flar2.homebutton@devRoot-D@devDebug-D-R.obfuscated.ilog)
b29e6a69: Collecting logcat... (/home/santapark/Extended3/DEEPerence/reEx/devRoot_flar2.homebutton@devRoot-D@devDebug-D-R.obfuscated.ilog)
b29e6a69: Running Application: flar2.homebutton
PIDs--------------------------------------------------------------------------
u0_a820        1668    423 13805324 115972 0                  0 R flar2.homebutton
forward tcp:35535 jdwp:1668
[*]Found JDWP Target: 1668
159ceeed: Running Application: flar2.homebutton
PIDs--------------------------------------------------------------------------
u0_a820        1668    423 13936876 151564 0                  0 S flar2.homebutton
159ceeed: Tryging attach jdb to 1668
jdb -connect com.sun.jdi.SocketAttach:hostname=localhost,port=35535
b29e6a69: Running is done - starting comparing... : 10001
b29e6a69: Terminated logcat thread...by itself
159ceeed: Running is done - starting comparing... : 10001
159ceeed: Terminated logcat thread...by itself
b29e6a69: Top-activity: flar2.homebutton/a.h
PIDs--------------------------------------------------------------------------
u0_a487       30194    430 14143084 151752 0                  0 S flar2.homebutton
b29e6a69: savedPid = 30194
PIDs--------------------------------------------------------------------------
u0_a487       30194    430 14143084 151752 0                  0 S flar2.homebutton
b29e6a69: savedPid2 = 30194
Stopping app: flar2.homebutton
Tryging remove : uninstall flar2.homebutton(flar2.homebutton)
b29e6a69: Remove Success
b29e6a69: ilog file size: 29921648
b29e6a69: End of collecting logcat...
159ceeed: Top-activity: flar2.homebutton/a.h
PIDs--------------------------------------------------------------------------
u0_a820        1668    423 14037984 164284 0                  0 S flar2.homebutton
159ceeed: savedPid = 1668
PIDs--------------------------------------------------------------------------
u0_a820        1668    423 14037984 164284 0                  0 S flar2.homebutton
159ceeed: savedPid2 = 1668
Stopping app: flar2.homebutton
Tryging remove : uninstall flar2.homebutton(flar2.homebutton)
159ceeed: Remove Success
159ceeed: ilog file size: 30100790
159ceeed: End of collecting logcat...
HPFinder's try count remains: 28
Target PID : 32099
Target PID : 32099
ExitReason-Code: 1 (/home/santapark/Extended3/DEEPerence/reEx/devRef_flar2.homebutton@devRoot-D@devDebug-D-R.obfuscated.ilog)
Target PID : 30194
ExitReason-Code: 1 (/home/santapark/Extended3/DEEPerence/reEx/devRef_flar2.homebutton@devRoot-D@devDebug-D-R.obfuscated.ilog)
Target PID : 1668
ExitReason-Code: 1 (/home/santapark/Extended3/DEEPerence/reEx/devRoot_flar2.homebutton@devRoot-D@devDebug-D-R.obfuscated.ilog)
b29e6a69: adding filter -- 8b5fbe
ExitReason-Code: 1 (/home/santapark/Extended3/DEEPerence/reEx/devDebug_flar2.homebutton@devRoot-D@devDebug-D-R.obfuscated.ilog)
159ceeed: adding filter -- 7dd366
[*] FlowManager: adjust finished.
-- current localPatchFilter: 8b5fbe
Action is completely same :)
Action is completely same :)
b29e6a69: There is no difference. (tryAgain=false)
[*] FlowManager: adjust finished.
-- current localPatchFilter: 7dd366
Action is completely same :)
Action is completely same :)
159ceeed: There is no difference. (tryAgain=false)
-- HPFinder will be done in this iteration :)
hasAntiAnalysis? - devTamper: false on a.a
hasAntiAnalysis? - devRoot: true on a.a
	isRemovedThem? - devRoot: true on a.a	-	tryCount: 1
hasAntiAnalysis? - devDebug: true on a.a
	isRemovedThem? - devDebug: true on a.a	-	tryCount: 1
*****REPORT: flar2.homebutton
* Package name: flar2.homebutton
* Running time: 233
* FileSize: 8730112
devTamper : 30099844
devRef : 29937826
devRoot : 29921648
devDebug : 30100790
hasAntiAnalysis? - devTamper: false on a.a
hasAntiAnalysis? - devRoot: true on a.a
	isRemovedThem? - devRoot: true on a.a	-	tryCount: 1
hasAntiAnalysis? - devDebug: true on a.a
	isRemovedThem? - devDebug: true on a.a	-	tryCount: 1
46604b9f: trying remove : flar2.homebutton
3601a6ff: trying remove : flar2.homebutton
b29e6a69: trying remove : flar2.homebutton
159ceeed: trying remove : flar2.homebutton
159ceeed: (Not Installed) Trying remove : true
159ceeed: -- Success
159ceeed: result = true
46604b9f: (Not Installed) Trying remove : true
46604b9f: -- Success
46604b9f: result = true
b29e6a69: (Not Installed) Trying remove : true
b29e6a69: -- Success
b29e6a69: result = true
3601a6ff: (Not Installed) Trying remove : true
3601a6ff: -- Success
3601a6ff: result = true
3601a6ff: isFailedToLaunch: flar2.homebutton/a.h
3601a6ff: 	--result: Good :)
