axmlPath: /home/santapark/Extended3/DEEPerence/reEx/sample16.apk@devRoot-D-R@devDebug-D-R.apk.obfuscated_flattened/AndroidManifest.xml
launchable-activity: name='com.obs.android.messenger.MainActivity'  label='' icon=''
{ACTIVITY, com.obs.android.messenger.MainActivity, android.intent.action.MAIN}
{ACTIVITY, com.obs.mobile_tablet.components.CheckImageActivity}
{ACTIVITY, com.obs.mobile_tablet.transactions.deposits.DepositsCaptureImageActivity}
{ACTIVITY, com.obs.android.shared.RegistrationActivity}
{ACTIVITY, com.obs.android.messenger.MainActivity, android.intent.action.MAIN}
{ACTIVITY, com.obs.mobile_tablet.components.CheckImageActivity}
{ACTIVITY, com.obs.mobile_tablet.transactions.deposits.DepositsCaptureImageActivity}
{ACTIVITY, com.obs.android.shared.RegistrationActivity}
_getAllDexFiles: /home/santapark/Extended3/DEEPerence/reEx/sample16.apk@devRoot-D-R@devDebug-D-R.apk.obfuscated_flattened/classes.dex
----------------/home/santapark/Extended3/DEEPerence/reEx/sample16.apk@devRoot-D-R@devDebug-D-R.apk.obfuscated_flattened.apk
dexFile = org.jf.dexlib2.dexbacked.DexBackedDexFile@68dc098b
com.obs.android.olm.greatwestern.prod
com.obs.android.messenger.MainActivity
debuggable: false
159ceeed: (Not Installed) Trying remove : true
159ceeed: -- Success
b29e6a69: (Not Installed) Trying remove : true
b29e6a69: -- Success
46604b9f: (Not Installed) Trying remove : true
46604b9f: -- Success
3601a6ff: (Not Installed) Trying remove : true
3601a6ff: -- Success
Installing apk: /home/santapark/Extended3/DEEPerence/reEx/sample16.apk@devRoot-D-R@devDebug-D-R.apk.obfuscated_flattened.apk
Installing apk: /home/santapark/Extended3/DEEPerence/reEx/sample16.apk@devRoot-D-R@devDebug-D-R.apk.obfuscated_flattened.apk
Installing apk: /home/santapark/Extended3/DEEPerence/reEx/sample16.apk@devRoot-D-R@devDebug-D-R.apk.obfuscated_flattened.apk
axmlPath: /home/santapark/Extended3/DEEPerence/reEx/sample16.apk@devRoot-D-R@devDebug-D-R.apk.obfuscated_flattened_46604b9f/AndroidManifest.xml
outDir: /home/santapark/Extended3/DEEPerence/reEx/sample16.apk@devRoot-D-R@devDebug-D-R.apk.obfuscated_flattened_46604b9f/sample16.apk@devRoot-D-R@devDebug-D-R.apk.obfuscated_flattened.apk
159ceeed: Installation Success
3601a6ff: Installation Success
b29e6a69: Installation Success
46604b9f: Installing repackaged apk File: 
Installing apk: /home/santapark/Extended3/DEEPerence/reEx/sample16.apk@devRoot-D-R@devDebug-D-R.apk.obfuscated_flattened_46604b9f/signed_sample16.apk@devRoot-D-R@devDebug-D-R.apk.obfuscated_flattened.apk
46604b9f: Installation Success
46604b9f: startApplication called! - devTamper
3601a6ff: startApplication called! - devRef
b29e6a69: startApplication called! - devRoot
159ceeed: startApplication called! - devDebug
46604b9f: Collecting logcat... (/home/santapark/Extended3/DEEPerence/reEx/devTamper_sample16@devRoot-D-R@devDebug-D-R.obfuscated_flattened.ilog)
3601a6ff: Collecting logcat... (/home/santapark/Extended3/DEEPerence/reEx/devRef_sample16@devRoot-D-R@devDebug-D-R.obfuscated_flattened.ilog)
159ceeed: Collecting logcat... (/home/santapark/Extended3/DEEPerence/reEx/devDebug_sample16@devRoot-D-R@devDebug-D-R.obfuscated_flattened.ilog)
b29e6a69: Collecting logcat... (/home/santapark/Extended3/DEEPerence/reEx/devRoot_sample16@devRoot-D-R@devDebug-D-R.obfuscated_flattened.ilog)
46604b9f: Running Application: com.obs.android.olm.greatwestern.prod
3601a6ff: Running Application: com.obs.android.olm.greatwestern.prod
b29e6a69: Running Application: com.obs.android.olm.greatwestern.prod
PIDs--------------------------------------------------------------------------
u0_a768       15751    423 14399280 93824 0                   0 R com.obs.android.olm.greatwestern.prod
forward tcp:35535 jdwp:15751
[*]Found JDWP Target: 15751
159ceeed: Running Application: com.obs.android.olm.greatwestern.prod
PIDs--------------------------------------------------------------------------
u0_a768       16397    423 13745852 101080 0                  0 R com.obs.android.olm.greatwestern.prod
159ceeed: pid changed(15751) --> 16397
46604b9f: Terminated logcat thread...by itself
3601a6ff: Terminated logcat thread...by itself
b29e6a69: Terminated logcat thread...by itself
46604b9f: Top-activity: com.obs.android.olm.greatwestern.prod/com.obs.android.shared.RegistrationActivity
PIDs--------------------------------------------------------------------------
u0_a312        9534    425 14220460 172248 0                  0 S com.obs.android.olm.greatwestern.prod
46604b9f: savedPid = 9534
PIDs--------------------------------------------------------------------------
u0_a312        9534    425 14220460 172248 0                  0 S com.obs.android.olm.greatwestern.prod
46604b9f: savedPid2 = 9534
Stopping app: com.obs.android.olm.greatwestern.prod
3601a6ff: Top-activity: com.obs.android.olm.greatwestern.prod/com.obs.android.shared.RegistrationActivity
PIDs--------------------------------------------------------------------------
u0_a368       13797    414 14141556 171104 0                  0 S com.obs.android.olm.greatwestern.prod
3601a6ff: savedPid = 13797
PIDs--------------------------------------------------------------------------
u0_a368       13797    414 14141556 171104 0                  0 S com.obs.android.olm.greatwestern.prod
3601a6ff: savedPid2 = 13797
Stopping app: com.obs.android.olm.greatwestern.prod
b29e6a69: Top-activity: com.obs.android.olm.greatwestern.prod/com.obs.android.messenger.MainActivity
PIDs--------------------------------------------------------------------------
b29e6a69: savedPid = null
PIDs--------------------------------------------------------------------------
u0_a432       11501    430 14532404 66088 0                   0 R com.obs.android.olm.greatwestern.prod
b29e6a69: savedPid2 = 11501
Stopping app: com.obs.android.olm.greatwestern.prod
159ceeed: Terminated logcat thread...by itself
159ceeed: Top-activity: com.obs.android.olm.greatwestern.prod/com.obs.android.messenger.MainActivity
PIDs--------------------------------------------------------------------------
159ceeed: savedPid = null
PIDs--------------------------------------------------------------------------
159ceeed: savedPid2 = null
Stopping app: com.obs.android.olm.greatwestern.prod
Tryging remove : uninstall com.obs.android.olm.greatwestern.prod(com.obs.android.olm.greatwestern.prod)
46604b9f: Remove Success
46604b9f: ilog file size: 111797893
46604b9f: End of collecting logcat...
Tryging remove : uninstall com.obs.android.olm.greatwestern.prod(com.obs.android.olm.greatwestern.prod)
3601a6ff: Remove Success
3601a6ff: ilog file size: 182405758
3601a6ff: End of collecting logcat...
Tryging remove : uninstall com.obs.android.olm.greatwestern.prod(com.obs.android.olm.greatwestern.prod)
b29e6a69: Remove Success
b29e6a69: ilog file size: 51789782
b29e6a69: End of collecting logcat...
Tryging remove : uninstall com.obs.android.olm.greatwestern.prod(com.obs.android.olm.greatwestern.prod)
159ceeed: Remove Success
159ceeed: ilog file size: 60673139
159ceeed: End of collecting logcat...
HPFinder's try count remains: 29
Target PID : 13797
Target PID : 13797
Target PID : 13797
ExitReason-Code: 1 (/home/santapark/Extended3/DEEPerence/reEx/devRef_sample16@devRoot-D-R@devDebug-D-R.obfuscated_flattened.ilog)
Target PID : 
ExitReason-Code: 1 (/home/santapark/Extended3/DEEPerence/reEx/devRef_sample16@devRoot-D-R@devDebug-D-R.obfuscated_flattened.ilog)
Target PID : 9534
ExitReason-Code: 1 (/home/santapark/Extended3/DEEPerence/reEx/devRef_sample16@devRoot-D-R@devDebug-D-R.obfuscated_flattened.ilog)
Target PID : 11501
ExitReason-Code: 1 (/home/santapark/Extended3/DEEPerence/reEx/devRoot_sample16@devRoot-D-R@devDebug-D-R.obfuscated_flattened.ilog)
ExitReason-Code: 6 (/home/santapark/Extended3/DEEPerence/reEx/devDebug_sample16@devRoot-D-R@devDebug-D-R.obfuscated_flattened.ilog)
[*] FlowManager: adjust finished.
[GOOD]: Anti-analysis is identified! :) -- 1 --devRoot
android.view.View/setOnClickListener:(Landroid/view/View$OnClickListener;)V:390af8		=(rels)=>		1
[*] Unique action: 1:94865 : <<CALL>> : com.obs.mobile_tablet.navigation.MainNavigation_ViewBinding/<init>:(Lcom/obs/mobile_tablet/navigation/MainNavigation;Landroid/view/View;)V:390af8  =>  android.view.View/setOnClickListener:(Landroid/view/View$OnClickListener;)V:1bf5f8
[*] FlowManager: adjust finished.
[GOOD]: Anti-analysis is identified! :) -- 1 --devDebug
android.view.View/setOnClickListener:(Landroid/view/View$OnClickListener;)V:390af8		=(rels)=>		1
[*] Unique action: 1:94865 : <<CALL>> : com.obs.mobile_tablet.navigation.MainNavigation_ViewBinding/<init>:(Lcom/obs/mobile_tablet/navigation/MainNavigation;Landroid/view/View;)V:390af8  =>  android.view.View/setOnClickListener:(Landroid/view/View$OnClickListener;)V:1bf5f8
ExitReason-Code: 1 (/home/santapark/Extended3/DEEPerence/reEx/devTamper_sample16@devRoot-D-R@devDebug-D-R.obfuscated_flattened.ilog)
	1:compareBackwardBranch: 1:1134 : <<BRANCH>> : com.obs.android.shared.CBSApplication/b:(Landroid/content/Context;)Z:344bae  =>  com.obs.android.shared.CBSApplication/b:(Landroid/content/Context;)Z:344ba8
android.view.ViewGroup/addView:(Landroid/view/View;Landroid/view/ViewGroup$LayoutParams;)V:28cfaa		=(rels)=>		1
[*] Unique action: 1:25850 : <<CALL>> : android.support.v7.widget.Toolbar/a:(Landroid/view/View;Z)V:28cfaa  =>  android.view.ViewGroup/addView:(Landroid/view/View;Landroid/view/ViewGroup$LayoutParams;)V:195988
	1:compareBackwardBranch: 1:1322 : <<BRANCH>> : com.obs.android.shared.a.a/a:(Landroid/content/Context;)Z:3565ea  =>  com.obs.android.shared.a.a/a:(Landroid/content/Context;)Z:3565f4
android.view.ViewGroup/addView:(Landroid/view/View;Landroid/view/ViewGroup$LayoutParams;)V:28cfaa		=(rels)=>		1
[*] Unique action: 1:25850 : <<CALL>> : android.support.v7.widget.Toolbar/a:(Landroid/view/View;Z)V:28cfaa  =>  android.view.ViewGroup/addView:(Landroid/view/View;Landroid/view/ViewGroup$LayoutParams;)V:195988
	1:compareBackwardBranch: 1:1322 : <<BRANCH>> : com.obs.android.shared.a.a/a:(Landroid/content/Context;)Z:3565ea  =>  com.obs.android.shared.a.a/a:(Landroid/content/Context;)Z:3565f4
android.view.ViewGroup/addView:(Landroid/view/View;)V:29790a		=(rels)=>		1
[*] Unique action: 1:88259 : <<CALL>> : android.support.v7.widget.aw/a:(Landroid/view/View;)V:29790a  =>  android.view.ViewGroup/addView:(Landroid/view/View;)V:19596c
	1:compareBackwardBranch: 1:1134 : <<BRANCH>> : com.obs.android.shared.CBSApplication/b:(Landroid/content/Context;)Z:344bae  =>  com.obs.android.shared.CBSApplication/b:(Landroid/content/Context;)Z:344ba8
android.view.ViewGroup/addView:(Landroid/view/View;)V:29790a		=(rels)=>		1
[*] Unique action: 1:88259 : <<CALL>> : android.support.v7.widget.aw/a:(Landroid/view/View;)V:29790a  =>  android.view.ViewGroup/addView:(Landroid/view/View;)V:19596c
	1:compareBackwardBranch: 1:1322 : <<BRANCH>> : com.obs.android.shared.a.a/a:(Landroid/content/Context;)Z:3565ea  =>  com.obs.android.shared.a.a/a:(Landroid/content/Context;)Z:3565f4
android.view.View/setOnClickListener:(Landroid/view/View$OnClickListener;)V:390c9a		=(rels)=>		1
[*] Unique action: 1:94917 : <<CALL>> : com.obs.mobile_tablet.navigation.MainNavigation_ViewBinding/<init>:(Lcom/obs/mobile_tablet/navigation/MainNavigation;Landroid/view/View;)V:390c9a  =>  android.view.View/setOnClickListener:(Landroid/view/View$OnClickListener;)V:1bf5f8
	1:compareBackwardBranch: 1:1134 : <<BRANCH>> : com.obs.android.shared.CBSApplication/b:(Landroid/content/Context;)Z:344bae  =>  com.obs.android.shared.CBSApplication/b:(Landroid/content/Context;)Z:344ba8
android.view.View/setOnClickListener:(Landroid/view/View$OnClickListener;)V:390c9a		=(rels)=>		1
[*] Unique action: 1:94917 : <<CALL>> : com.obs.mobile_tablet.navigation.MainNavigation_ViewBinding/<init>:(Lcom/obs/mobile_tablet/navigation/MainNavigation;Landroid/view/View;)V:390c9a  =>  android.view.View/setOnClickListener:(Landroid/view/View$OnClickListener;)V:1bf5f8
	1:compareBackwardBranch: 1:1322 : <<BRANCH>> : com.obs.android.shared.a.a/a:(Landroid/content/Context;)Z:3565ea  =>  com.obs.android.shared.a.a/a:(Landroid/content/Context;)Z:3565f4
android.view.View/setOnClickListener:(Landroid/view/View$OnClickListener;)V:27a562		=(rels)=>		1
[*] Unique action: 1:107877 : <<CALL>> : android.support.v7.app.m/a:(Landroid/view/View;Landroid/util/AttributeSet;)V:27a562  =>  android.view.View/setOnClickListener:(Landroid/view/View$OnClickListener;)V:1bf5f8
	1:compareBackwardBranch: 1:1134 : <<BRANCH>> : com.obs.android.shared.CBSApplication/b:(Landroid/content/Context;)Z:344bae  =>  com.obs.android.shared.CBSApplication/b:(Landroid/content/Context;)Z:344ba8
android.view.View/setOnClickListener:(Landroid/view/View$OnClickListener;)V:27a562		=(rels)=>		1
[*] Unique action: 1:107877 : <<CALL>> : android.support.v7.app.m/a:(Landroid/view/View;Landroid/util/AttributeSet;)V:27a562  =>  android.view.View/setOnClickListener:(Landroid/view/View$OnClickListener;)V:1bf5f8
	1:compareBackwardBranch: 1:1322 : <<BRANCH>> : com.obs.android.shared.a.a/a:(Landroid/content/Context;)Z:3565ea  =>  com.obs.android.shared.a.a/a:(Landroid/content/Context;)Z:3565f4
android.view.View/setOnClickListener:(Landroid/view/View$OnClickListener;)V:390bdc		=(rels)=>		1
[*] Unique action: 1:94893 : <<CALL>> : com.obs.mobile_tablet.navigation.MainNavigation_ViewBinding/<init>:(Lcom/obs/mobile_tablet/navigation/MainNavigation;Landroid/view/View;)V:390bdc  =>  android.view.View/setOnClickListener:(Landroid/view/View$OnClickListener;)V:1bf5f8
	1:compareBackwardBranch: 1:1134 : <<BRANCH>> : com.obs.android.shared.CBSApplication/b:(Landroid/content/Context;)Z:344bae  =>  com.obs.android.shared.CBSApplication/b:(Landroid/content/Context;)Z:344ba8
android.view.View/setOnClickListener:(Landroid/view/View$OnClickListener;)V:390bdc		=(rels)=>		1
[*] Unique action: 1:94893 : <<CALL>> : com.obs.mobile_tablet.navigation.MainNavigation_ViewBinding/<init>:(Lcom/obs/mobile_tablet/navigation/MainNavigation;Landroid/view/View;)V:390bdc  =>  android.view.View/setOnClickListener:(Landroid/view/View$OnClickListener;)V:1bf5f8
	1:compareBackwardBranch: 1:1322 : <<BRANCH>> : com.obs.android.shared.a.a/a:(Landroid/content/Context;)Z:3565ea  =>  com.obs.android.shared.a.a/a:(Landroid/content/Context;)Z:3565f4
android.widget.TextView/setText:(Ljava/lang/CharSequence;)V:28f00e		=(rels)=>		1
[*] Unique action: 1:25858 : <<CALL>> : android.support.v7.widget.Toolbar/setTitle:(Ljava/lang/CharSequence;)V:28f00e  =>  android.widget.TextView/setText:(Ljava/lang/CharSequence;)V:29ee34
	1:compareBackwardBranch: 1:1134 : <<BRANCH>> : com.obs.android.shared.CBSApplication/b:(Landroid/content/Context;)Z:344bae  =>  com.obs.android.shared.CBSApplication/b:(Landroid/content/Context;)Z:344ba8
android.widget.TextView/setText:(Ljava/lang/CharSequence;)V:28f00e		=(rels)=>		1
[*] Unique action: 1:25858 : <<CALL>> : android.support.v7.widget.Toolbar/setTitle:(Ljava/lang/CharSequence;)V:28f00e  =>  android.widget.TextView/setText:(Ljava/lang/CharSequence;)V:29ee34
	1:compareBackwardBranch: 1:1322 : <<BRANCH>> : com.obs.android.shared.a.a/a:(Landroid/content/Context;)Z:3565ea  =>  com.obs.android.shared.a.a/a:(Landroid/content/Context;)Z:3565f4
android.widget.TextView/setText:(Ljava/lang/CharSequence;)V:3724b0		=(rels)=>		1
[*] Unique action: 1:88137 : <<CALL>> : com.obs.mobile_tablet.MainActivity/a:(Landroid/view/LayoutInflater;Landroid/view/ViewGroup;Landroid/os/Bundle;)Landroid/view/View;:3724b0  =>  android.widget.TextView/setText:(Ljava/lang/CharSequence;)V:29ee34
	1:compareBackwardBranch: 1:1134 : <<BRANCH>> : com.obs.android.shared.CBSApplication/b:(Landroid/content/Context;)Z:344bae  =>  com.obs.android.shared.CBSApplication/b:(Landroid/content/Context;)Z:344ba8
android.widget.TextView/setText:(Ljava/lang/CharSequence;)V:3724b0		=(rels)=>		1
[*] Unique action: 1:88137 : <<CALL>> : com.obs.mobile_tablet.MainActivity/a:(Landroid/view/LayoutInflater;Landroid/view/ViewGroup;Landroid/os/Bundle;)Landroid/view/View;:3724b0  =>  android.widget.TextView/setText:(Ljava/lang/CharSequence;)V:29ee34
	1:compareBackwardBranch: 1:1322 : <<BRANCH>> : com.obs.android.shared.a.a/a:(Landroid/content/Context;)Z:3565ea  =>  com.obs.android.shared.a.a/a:(Landroid/content/Context;)Z:3565f4
android.view.View/setOnClickListener:(Landroid/view/View$OnClickListener;)V:390b1e		=(rels)=>		1
[*] Unique action: 1:94875 : <<CALL>> : com.obs.mobile_tablet.navigation.MainNavigation_ViewBinding/<init>:(Lcom/obs/mobile_tablet/navigation/MainNavigation;Landroid/view/View;)V:390b1e  =>  android.view.View/setOnClickListener:(Landroid/view/View$OnClickListener;)V:1bf5f8
	1:compareBackwardBranch: 1:1134 : <<BRANCH>> : com.obs.android.shared.CBSApplication/b:(Landroid/content/Context;)Z:344bae  =>  com.obs.android.shared.CBSApplication/b:(Landroid/content/Context;)Z:344ba8
android.view.View/setOnClickListener:(Landroid/view/View$OnClickListener;)V:390b1e		=(rels)=>		1
[*] Unique action: 1:94875 : <<CALL>> : com.obs.mobile_tablet.navigation.MainNavigation_ViewBinding/<init>:(Lcom/obs/mobile_tablet/navigation/MainNavigation;Landroid/view/View;)V:390b1e  =>  android.view.View/setOnClickListener:(Landroid/view/View$OnClickListener;)V:1bf5f8
	1:compareBackwardBranch: 1:1322 : <<BRANCH>> : com.obs.android.shared.a.a/a:(Landroid/content/Context;)Z:3565ea  =>  com.obs.android.shared.a.a/a:(Landroid/content/Context;)Z:3565f4
android.view.ViewGroup/addView:(Landroid/view/View;)V:250114		=(rels)=>		1
[*] Unique action: 1:88635 : <<CALL>> : android.support.v4.a.n/a:(Landroid/support/v4/a/h;IIIZ)V:250114  =>  android.view.ViewGroup/addView:(Landroid/view/View;)V:19596c
	1:compareBackwardBranch: 1:1134 : <<BRANCH>> : com.obs.android.shared.CBSApplication/b:(Landroid/content/Context;)Z:344bae  =>  com.obs.android.shared.CBSApplication/b:(Landroid/content/Context;)Z:344ba8
android.view.ViewGroup/addView:(Landroid/view/View;)V:250114		=(rels)=>		1
[*] Unique action: 1:88635 : <<CALL>> : android.support.v4.a.n/a:(Landroid/support/v4/a/h;IIIZ)V:250114  =>  android.view.ViewGroup/addView:(Landroid/view/View;)V:19596c
	1:compareBackwardBranch: 1:1322 : <<BRANCH>> : com.obs.android.shared.a.a/a:(Landroid/content/Context;)Z:3565ea  =>  com.obs.android.shared.a.a/a:(Landroid/content/Context;)Z:3565f4
android.view.View/setOnClickListener:(Landroid/view/View$OnClickListener;)V:3724c4		=(rels)=>		1
[*] Unique action: 1:88145 : <<CALL>> : com.obs.mobile_tablet.MainActivity/a:(Landroid/view/LayoutInflater;Landroid/view/ViewGroup;Landroid/os/Bundle;)Landroid/view/View;:3724c4  =>  android.view.View/setOnClickListener:(Landroid/view/View$OnClickListener;)V:1bf5f8
	1:compareBackwardBranch: 1:1134 : <<BRANCH>> : com.obs.android.shared.CBSApplication/b:(Landroid/content/Context;)Z:344bae  =>  com.obs.android.shared.CBSApplication/b:(Landroid/content/Context;)Z:344ba8
android.view.View/setOnClickListener:(Landroid/view/View$OnClickListener;)V:3724c4		=(rels)=>		1
[*] Unique action: 1:88145 : <<CALL>> : com.obs.mobile_tablet.MainActivity/a:(Landroid/view/LayoutInflater;Landroid/view/ViewGroup;Landroid/os/Bundle;)Landroid/view/View;:3724c4  =>  android.view.View/setOnClickListener:(Landroid/view/View$OnClickListener;)V:1bf5f8
	1:compareBackwardBranch: 1:1322 : <<BRANCH>> : com.obs.android.shared.a.a/a:(Landroid/content/Context;)Z:3565ea  =>  com.obs.android.shared.a.a/a:(Landroid/content/Context;)Z:3565f4
android.widget.TextView/setText:(Ljava/lang/CharSequence;)V:373082		=(rels)=>		1
[*] Unique action: 1:97288 : <<CALL>> : com.obs.mobile_tablet.MainActivity/permissionsUpdate:(Lcom/obs/mobile_core/b/a/k;)V:373082  =>  android.widget.TextView/setText:(Ljava/lang/CharSequence;)V:29ee34
	1:compareBackwardBranch: 1:1134 : <<BRANCH>> : com.obs.android.shared.CBSApplication/b:(Landroid/content/Context;)Z:344bae  =>  com.obs.android.shared.CBSApplication/b:(Landroid/content/Context;)Z:344ba8
android.widget.TextView/setText:(Ljava/lang/CharSequence;)V:373082		=(rels)=>		1
[*] Unique action: 1:97288 : <<CALL>> : com.obs.mobile_tablet.MainActivity/permissionsUpdate:(Lcom/obs/mobile_core/b/a/k;)V:373082  =>  android.widget.TextView/setText:(Ljava/lang/CharSequence;)V:29ee34
[*] FlowManager: adjust finished.
Action is completely same :)
	1:compareBackwardBranch: 1:1322 : <<BRANCH>> : com.obs.android.shared.a.a/a:(Landroid/content/Context;)Z:3565ea  =>  com.obs.android.shared.a.a/a:(Landroid/content/Context;)Z:3565f4
Action is completely same :)
46604b9f: There is no difference. (tryAgain=false)
android.widget.TextView/setText:(Ljava/lang/CharSequence;)V:351000		=(rels)=>		1
[*] Unique action: 1:112983 : <<CALL>> : com.obs.android.shared.RegistrationActivity$e/a:(Landroid/view/LayoutInflater;Landroid/view/ViewGroup;Landroid/os/Bundle;)Landroid/view/View;:351000  =>  android.widget.TextView/setText:(Ljava/lang/CharSequence;)V:29ee34
	1:compareBackwardBranch: 1:1134 : <<BRANCH>> : com.obs.android.shared.CBSApplication/b:(Landroid/content/Context;)Z:344bae  =>  com.obs.android.shared.CBSApplication/b:(Landroid/content/Context;)Z:344ba8
android.widget.TextView/setText:(Ljava/lang/CharSequence;)V:351000		=(rels)=>		1
[*] Unique action: 1:112983 : <<CALL>> : com.obs.android.shared.RegistrationActivity$e/a:(Landroid/view/LayoutInflater;Landroid/view/ViewGroup;Landroid/os/Bundle;)Landroid/view/View;:351000  =>  android.widget.TextView/setText:(Ljava/lang/CharSequence;)V:29ee34
	1:compareBackwardBranch: 1:1322 : <<BRANCH>> : com.obs.android.shared.a.a/a:(Landroid/content/Context;)Z:3565ea  =>  com.obs.android.shared.a.a/a:(Landroid/content/Context;)Z:3565f4
org.apache.http.impl.client.DefaultHttpClient/<init>:(Lorg/apache/http/conn/ClientConnectionManager;Lorg/apache/http/params/HttpParams;)V:3f808a		=(rels)=>		1
[*] Unique action: 1:27108 : <<CALL>> : org.c.a.a.b/<init>:()V:3f808a  =>  org.apache.http.impl.client.DefaultHttpClient/<init>:(Lorg/apache/http/conn/ClientConnectionManager;Lorg/apache/http/params/HttpParams;)V:31acc
	1:compareBackwardBranch: 1:1134 : <<BRANCH>> : com.obs.android.shared.CBSApplication/b:(Landroid/content/Context;)Z:344bae  =>  com.obs.android.shared.CBSApplication/b:(Landroid/content/Context;)Z:344ba8
org.apache.http.impl.client.DefaultHttpClient/<init>:(Lorg/apache/http/conn/ClientConnectionManager;Lorg/apache/http/params/HttpParams;)V:3f808a		=(rels)=>		1
[*] Unique action: 1:27108 : <<CALL>> : org.c.a.a.b/<init>:()V:3f808a  =>  org.apache.http.impl.client.DefaultHttpClient/<init>:(Lorg/apache/http/conn/ClientConnectionManager;Lorg/apache/http/params/HttpParams;)V:31acc
	1:compareBackwardBranch: 1:1322 : <<BRANCH>> : com.obs.android.shared.a.a/a:(Landroid/content/Context;)Z:3565ea  =>  com.obs.android.shared.a.a/a:(Landroid/content/Context;)Z:3565f4
android.view.View/setOnClickListener:(Landroid/view/View$OnClickListener;)V:28ed7e		=(rels)=>		1
[*] Unique action: 1:25430 : <<CALL>> : android.support.v7.widget.Toolbar/setNavigationOnClickListener:(Landroid/view/View$OnClickListener;)V:28ed7e  =>  android.view.View/setOnClickListener:(Landroid/view/View$OnClickListener;)V:1bf5f8
	1:compareBackwardBranch: 1:1134 : <<BRANCH>> : com.obs.android.shared.CBSApplication/b:(Landroid/content/Context;)Z:344bae  =>  com.obs.android.shared.CBSApplication/b:(Landroid/content/Context;)Z:344ba8
android.view.View/setOnClickListener:(Landroid/view/View$OnClickListener;)V:28ed7e		=(rels)=>		1
[*] Unique action: 1:25430 : <<CALL>> : android.support.v7.widget.Toolbar/setNavigationOnClickListener:(Landroid/view/View$OnClickListener;)V:28ed7e  =>  android.view.View/setOnClickListener:(Landroid/view/View$OnClickListener;)V:1bf5f8
	1:compareBackwardBranch: 1:1322 : <<BRANCH>> : com.obs.android.shared.a.a/a:(Landroid/content/Context;)Z:3565ea  =>  com.obs.android.shared.a.a/a:(Landroid/content/Context;)Z:3565f4
android.view.ViewGroup/addView:(Landroid/view/View;ILandroid/view/ViewGroup$LayoutParams;)V:237c74		=(rels)=>		1
[*] Unique action: 1:26827 : <<CALL>> : android.support.constraint.ConstraintLayout/addView:(Landroid/view/View;ILandroid/view/ViewGroup$LayoutParams;)V:237c74  =>  android.view.ViewGroup/addView:(Landroid/view/View;ILandroid/view/ViewGroup$LayoutParams;)V:1959fc
	1:compareBackwardBranch: 1:1134 : <<BRANCH>> : com.obs.android.shared.CBSApplication/b:(Landroid/content/Context;)Z:344bae  =>  com.obs.android.shared.CBSApplication/b:(Landroid/content/Context;)Z:344ba8
android.view.ViewGroup/addView:(Landroid/view/View;ILandroid/view/ViewGroup$LayoutParams;)V:237c74		=(rels)=>		1
[*] Unique action: 1:26827 : <<CALL>> : android.support.constraint.ConstraintLayout/addView:(Landroid/view/View;ILandroid/view/ViewGroup$LayoutParams;)V:237c74  =>  android.view.ViewGroup/addView:(Landroid/view/View;ILandroid/view/ViewGroup$LayoutParams;)V:1959fc
	1:compareBackwardBranch: 1:1322 : <<BRANCH>> : com.obs.android.shared.a.a/a:(Landroid/content/Context;)Z:3565ea  =>  com.obs.android.shared.a.a/a:(Landroid/content/Context;)Z:3565f4
android.os.Handler/postDelayed:(Ljava/lang/Runnable;J)Z:2b065c		=(rels)=>		1
[*] Unique action: 1:98181 : <<CALL>> : com.a.a.a/onActivityPaused:(Landroid/app/Activity;)V:2b065c  =>  android.os.Handler/postDelayed:(Ljava/lang/Runnable;J)Z:30ca84
	1:compareBackwardBranch: 1:1134 : <<BRANCH>> : com.obs.android.shared.CBSApplication/b:(Landroid/content/Context;)Z:344bae  =>  com.obs.android.shared.CBSApplication/b:(Landroid/content/Context;)Z:344ba8
android.os.Handler/postDelayed:(Ljava/lang/Runnable;J)Z:2b065c		=(rels)=>		1
[*] Unique action: 1:98181 : <<CALL>> : com.a.a.a/onActivityPaused:(Landroid/app/Activity;)V:2b065c  =>  android.os.Handler/postDelayed:(Ljava/lang/Runnable;J)Z:30ca84
	1:compareBackwardBranch: 1:1322 : <<BRANCH>> : com.obs.android.shared.a.a/a:(Landroid/content/Context;)Z:3565ea  =>  com.obs.android.shared.a.a/a:(Landroid/content/Context;)Z:3565f4
android.view.View/setOnClickListener:(Landroid/view/View$OnClickListener;)V:390c02		=(rels)=>		1
[*] Unique action: 1:94901 : <<CALL>> : com.obs.mobile_tablet.navigation.MainNavigation_ViewBinding/<init>:(Lcom/obs/mobile_tablet/navigation/MainNavigation;Landroid/view/View;)V:390c02  =>  android.view.View/setOnClickListener:(Landroid/view/View$OnClickListener;)V:1bf5f8
	1:compareBackwardBranch: 1:1134 : <<BRANCH>> : com.obs.android.shared.CBSApplication/b:(Landroid/content/Context;)Z:344bae  =>  com.obs.android.shared.CBSApplication/b:(Landroid/content/Context;)Z:344ba8
android.view.View/setOnClickListener:(Landroid/view/View$OnClickListener;)V:390c02		=(rels)=>		1
[*] Unique action: 1:94901 : <<CALL>> : com.obs.mobile_tablet.navigation.MainNavigation_ViewBinding/<init>:(Lcom/obs/mobile_tablet/navigation/MainNavigation;Landroid/view/View;)V:390c02  =>  android.view.View/setOnClickListener:(Landroid/view/View$OnClickListener;)V:1bf5f8
	1:compareBackwardBranch: 1:1322 : <<BRANCH>> : com.obs.android.shared.a.a/a:(Landroid/content/Context;)Z:3565ea  =>  com.obs.android.shared.a.a/a:(Landroid/content/Context;)Z:3565f4
android.view.View/setOnClickListener:(Landroid/view/View$OnClickListener;)V:34df68		=(rels)=>		1
[*] Unique action: 1:115092 : <<CALL>> : com.obs.android.shared.RegistrationActivity$a/a:(Landroid/view/LayoutInflater;Landroid/view/ViewGroup;Landroid/os/Bundle;)Landroid/view/View;:34df68  =>  android.view.View/setOnClickListener:(Landroid/view/View$OnClickListener;)V:1bf5f8
	1:compareBackwardBranch: 1:1134 : <<BRANCH>> : com.obs.android.shared.CBSApplication/b:(Landroid/content/Context;)Z:344bae  =>  com.obs.android.shared.CBSApplication/b:(Landroid/content/Context;)Z:344ba8
android.view.View/setOnClickListener:(Landroid/view/View$OnClickListener;)V:34df68		=(rels)=>		1
[*] Unique action: 1:115092 : <<CALL>> : com.obs.android.shared.RegistrationActivity$a/a:(Landroid/view/LayoutInflater;Landroid/view/ViewGroup;Landroid/os/Bundle;)Landroid/view/View;:34df68  =>  android.view.View/setOnClickListener:(Landroid/view/View$OnClickListener;)V:1bf5f8
	1:compareBackwardBranch: 1:1322 : <<BRANCH>> : com.obs.android.shared.a.a/a:(Landroid/content/Context;)Z:3565ea  =>  com.obs.android.shared.a.a/a:(Landroid/content/Context;)Z:3565f4
android.widget.TextView/setText:(Ljava/lang/CharSequence;)V:37278a		=(rels)=>		1
[*] Unique action: 1:88625 : <<CALL>> : com.obs.mobile_tablet.MainActivity/a:(Landroid/view/LayoutInflater;Landroid/view/ViewGroup;Landroid/os/Bundle;)Landroid/view/View;:37278a  =>  android.widget.TextView/setText:(Ljava/lang/CharSequence;)V:29ee34
	1:compareBackwardBranch: 1:1134 : <<BRANCH>> : com.obs.android.shared.CBSApplication/b:(Landroid/content/Context;)Z:344bae  =>  com.obs.android.shared.CBSApplication/b:(Landroid/content/Context;)Z:344ba8
android.widget.TextView/setText:(Ljava/lang/CharSequence;)V:37278a		=(rels)=>		1
[*] Unique action: 1:88625 : <<CALL>> : com.obs.mobile_tablet.MainActivity/a:(Landroid/view/LayoutInflater;Landroid/view/ViewGroup;Landroid/os/Bundle;)Landroid/view/View;:37278a  =>  android.widget.TextView/setText:(Ljava/lang/CharSequence;)V:29ee34
	1:compareBackwardBranch: 1:1322 : <<BRANCH>> : com.obs.android.shared.a.a/a:(Landroid/content/Context;)Z:3565ea  =>  com.obs.android.shared.a.a/a:(Landroid/content/Context;)Z:3565f4
android.widget.TextView/setText:(Ljava/lang/CharSequence;)V:3726ea		=(rels)=>		1
[*] Unique action: 1:88606 : <<CALL>> : com.obs.mobile_tablet.MainActivity/a:(Landroid/view/LayoutInflater;Landroid/view/ViewGroup;Landroid/os/Bundle;)Landroid/view/View;:3726ea  =>  android.widget.TextView/setText:(Ljava/lang/CharSequence;)V:29ee34
	1:compareBackwardBranch: 1:1134 : <<BRANCH>> : com.obs.android.shared.CBSApplication/b:(Landroid/content/Context;)Z:344bae  =>  com.obs.android.shared.CBSApplication/b:(Landroid/content/Context;)Z:344ba8
android.widget.TextView/setText:(Ljava/lang/CharSequence;)V:3726ea		=(rels)=>		1
[*] Unique action: 1:88606 : <<CALL>> : com.obs.mobile_tablet.MainActivity/a:(Landroid/view/LayoutInflater;Landroid/view/ViewGroup;Landroid/os/Bundle;)Landroid/view/View;:3726ea  =>  android.widget.TextView/setText:(Ljava/lang/CharSequence;)V:29ee34
	1:compareBackwardBranch: 1:1322 : <<BRANCH>> : com.obs.android.shared.a.a/a:(Landroid/content/Context;)Z:3565ea  =>  com.obs.android.shared.a.a/a:(Landroid/content/Context;)Z:3565f4
android.view.ViewGroup/addView:(Landroid/view/View;)V:3422aa		=(rels)=>		1
[*] Unique action: 1:27694 : <<CALL>> : com.obs.android.messenger.MainActivity/onCreate:(Landroid/os/Bundle;)V:3422aa  =>  android.view.ViewGroup/addView:(Landroid/view/View;)V:19596c
	1:compareBackwardBranch: 1:1134 : <<BRANCH>> : com.obs.android.shared.CBSApplication/b:(Landroid/content/Context;)Z:344bae  =>  com.obs.android.shared.CBSApplication/b:(Landroid/content/Context;)Z:344ba8
android.view.ViewGroup/addView:(Landroid/view/View;)V:3422aa		=(rels)=>		1
[*] Unique action: 1:27694 : <<CALL>> : com.obs.android.messenger.MainActivity/onCreate:(Landroid/os/Bundle;)V:3422aa  =>  android.view.ViewGroup/addView:(Landroid/view/View;)V:19596c
	1:compareBackwardBranch: 1:1322 : <<BRANCH>> : com.obs.android.shared.a.a/a:(Landroid/content/Context;)Z:3565ea  =>  com.obs.android.shared.a.a/a:(Landroid/content/Context;)Z:3565f4
	1:compareBackwardBranch: 1:1134 : <<BRANCH>> : com.obs.android.shared.CBSApplication/b:(Landroid/content/Context;)Z:344bae  =>  com.obs.android.shared.CBSApplication/b:(Landroid/content/Context;)Z:344ba8
java.lang.System/exit:(I)V:3440ba		=(rels)=>		1
java.lang.System/exit:(I)V:3440ba		=(rels)=>		1
[*] Unique action: 1:693 : <<CALL>> : com.obs.android.shared.CBSApplication/b:()V:3440ba  =>  java.lang.System/exit:(I)V:ea908
[*] Unique action: 1:1353 : <<CALL>> : com.obs.android.shared.CBSApplication/b:()V:3440ba  =>  java.lang.System/exit:(I)V:ea908
	1:compareBackwardBranch2: 1:1134 : <<BRANCH>> : com.obs.android.shared.CBSApplication/b:(Landroid/content/Context;)Z:344bae  =>  com.obs.android.shared.CBSApplication/b:(Landroid/content/Context;)Z:344ba8
Entry: 3441f8
com.obs.android.shared.CBSApplication/b:(Landroid/content/Context;)Z: 344bae -> 344ba8
		com.obs.android.shared.CBSApplication/b:(Landroid/content/Context;)Z: 9b6 -> 9b0
addPatchReadme: java.lang.Class<com.obs.android.shared.CBSApplication>b(Landroid/content/Context;)Z 9b6 t
b29e6a69: [+] Patches found in this round: 1
b29e6a69: [*] Found Patch size: 1
Target PID : 
	1:compareBackwardBranch2: 1:1322 : <<BRANCH>> : com.obs.android.shared.a.a/a:(Landroid/content/Context;)Z:3565ea  =>  com.obs.android.shared.a.a/a:(Landroid/content/Context;)Z:3565f4
Entry: 35646c
com.obs.android.shared.a.a/a:(Landroid/content/Context;)Z: 3565ea -> 3565f4
		com.obs.android.shared.a.a/a:(Landroid/content/Context;)Z: 17e -> 188
addPatchReadme: java.lang.Class<com.obs.android.shared.a.a>a(Landroid/content/Context;)Z 17e t
159ceeed: [+] Patches found in this round: 1
159ceeed: [*] Found Patch size: 1
Target PID : 
ExitReason-Code: 6 (/home/santapark/Extended3/DEEPerence/reEx/devRoot_sample16@devRoot-D-R@devDebug-D-R.obfuscated_flattened.ilog)
b29e6a69: 	@@@Found patch addr: 344bbe
b29e6a69: Querying offset: 344bae
b29e6a69: 	--Add method name to patch = com.obs.android.shared.CBSApplication/b:(Landroid/content/Context;)Z 	344bae
ExitReason-Code: 6 (/home/santapark/Extended3/DEEPerence/reEx/devDebug_sample16@devRoot-D-R@devDebug-D-R.obfuscated_flattened.ilog)
159ceeed: 	@@@Found patch addr: 3565fa
159ceeed: Querying offset: 3565ea
159ceeed: 	--Add method name to patch = com.obs.android.shared.a.a/a:(Landroid/content/Context;)Z 	3565ea
Devices presenting anti-analysis: 
	devRoot
	devDebug
b29e6a69: patching method: com.obs.android.shared.CBSApplication/b:(Landroid/content/Context;)Z
b29e6a69: outDir - /home/santapark/Extended3/DEEPerence/reEx/sample16.apk@devRoot-D-R@devDebug-D-R.apk.obfuscated_flattened_devRoot
Wow!!!!!  --  com.obs.android.shared.CBSApplication/b:(Landroid/content/Context;)Z
fallthrough: 9ba
branchTarget: 9b0
label = cond_11
GOTO -- 9ba 	9b0
axmlPath: /home/santapark/Extended3/DEEPerence/reEx/sample16.apk@devRoot-D-R@devDebug-D-R.apk.obfuscated_flattened_devRoot/AndroidManifest.xml
outDir: /home/santapark/Extended3/DEEPerence/reEx/sample16.apk@devRoot-D-R@devDebug-D-R.apk.obfuscated_flattened_devRoot/sample16.apk@devRoot-D-R@devDebug-D-R.apk.obfuscated_flattened.apk
b29e6a69: Patched APK File: /home/santapark/Extended3/DEEPerence/reEx/sample16.apk@devRoot-D-R@devDebug-D-R.apk.obfuscated_flattened_devRoot/signed_sample16.apk@devRoot-D-R@devDebug-D-R.apk.obfuscated_flattened.apk
b29e6a69: First address of Lcom/obs/android/shared/CBSApplication;->b(Landroid/content/Context;)Z = 344208
b29e6a69: Address - Lcom/obs/android/shared/CBSApplication;->b(Landroid/content/Context;)Z@9b6	 lastOffset = 1b34
b29e6a69: Instruction@@: IF_NEZ
159ceeed: patching method: com.obs.android.shared.a.a/a:(Landroid/content/Context;)Z
159ceeed: outDir - /home/santapark/Extended3/DEEPerence/reEx/sample16.apk@devRoot-D-R@devDebug-D-R.apk.obfuscated_flattened_devDebug
Wow!!!!!  --  com.obs.android.shared.a.a/a:(Landroid/content/Context;)Z
fallthrough: 182
branchTarget: 188
label = cond_1
GOTO -- 182 	188
axmlPath: /home/santapark/Extended3/DEEPerence/reEx/sample16.apk@devRoot-D-R@devDebug-D-R.apk.obfuscated_flattened_devDebug/AndroidManifest.xml
outDir: /home/santapark/Extended3/DEEPerence/reEx/sample16.apk@devRoot-D-R@devDebug-D-R.apk.obfuscated_flattened_devDebug/sample16.apk@devRoot-D-R@devDebug-D-R.apk.obfuscated_flattened.apk
159ceeed: Patched APK File: /home/santapark/Extended3/DEEPerence/reEx/sample16.apk@devRoot-D-R@devDebug-D-R.apk.obfuscated_flattened_devDebug/signed_sample16.apk@devRoot-D-R@devDebug-D-R.apk.obfuscated_flattened.apk
159ceeed: First address of Lcom/obs/android/shared/a/a;->a(Landroid/content/Context;)Z = 35647c
159ceeed: Address - Lcom/obs/android/shared/a/a;->a(Landroid/content/Context;)Z@17e	 lastOffset = 450
159ceeed: Instruction@@: IF_EQZ
b29e6a69: (Not Installed) Trying remove : true
159ceeed: (Not Installed) Trying remove : true
Installing apk: /home/santapark/Extended3/DEEPerence/reEx/sample16.apk@devRoot-D-R@devDebug-D-R.apk.obfuscated_flattened_devRoot/signed_sample16.apk@devRoot-D-R@devDebug-D-R.apk.obfuscated_flattened.apk
Installing apk: /home/santapark/Extended3/DEEPerence/reEx/sample16.apk@devRoot-D-R@devDebug-D-R.apk.obfuscated_flattened_devDebug/signed_sample16.apk@devRoot-D-R@devDebug-D-R.apk.obfuscated_flattened.apk
159ceeed: Installation Success
b29e6a69: Installation Success
b29e6a69: startApplication called! - devRoot
159ceeed: startApplication called! - devDebug
b29e6a69: Collecting logcat... (/home/santapark/Extended3/DEEPerence/reEx/devRoot_sample16@devRoot-D-R@devDebug-D-R.obfuscated_flattened.ilog)
b29e6a69: Running Application: com.obs.android.olm.greatwestern.prod
159ceeed: Collecting logcat... (/home/santapark/Extended3/DEEPerence/reEx/devDebug_sample16@devRoot-D-R@devDebug-D-R.obfuscated_flattened.ilog)
PIDs--------------------------------------------------------------------------
u0_a769       20584    423 13816364 107100 0                  0 S com.obs.android.olm.greatwestern.prod
forward tcp:35535 jdwp:20584
[*]Found JDWP Target: 20584
159ceeed: Running Application: com.obs.android.olm.greatwestern.prod
PIDs--------------------------------------------------------------------------
u0_a769       20584    423 14144104 155788 0                  0 R com.obs.android.olm.greatwestern.prod
159ceeed: Tryging attach jdb to 20584
jdb -connect com.sun.jdi.SocketAttach:hostname=localhost,port=35535
159ceeed: Running is done - starting comparing... : 10001
159ceeed: Terminated logcat thread...by itself
159ceeed: Top-activity: com.android.launcher3/.Launcher
PIDs--------------------------------------------------------------------------
159ceeed: savedPid = null
PIDs--------------------------------------------------------------------------
159ceeed: savedPid2 = null
Stopping app: com.obs.android.olm.greatwestern.prod
Tryging remove : uninstall com.obs.android.olm.greatwestern.prod(com.obs.android.olm.greatwestern.prod)
159ceeed: Remove Success
159ceeed: ilog file size: 48846324
159ceeed: End of collecting logcat...
b29e6a69: Terminated logcat thread...by itself
b29e6a69: Top-activity: com.obs.android.olm.greatwestern.prod/com.obs.android.shared.RegistrationActivity
PIDs--------------------------------------------------------------------------
u0_a433       11590    430 14285332 178796 0                  0 S com.obs.android.olm.greatwestern.prod
b29e6a69: savedPid = 11590
PIDs--------------------------------------------------------------------------
u0_a433       11590    430 14285332 178796 0                  0 S com.obs.android.olm.greatwestern.prod
b29e6a69: savedPid2 = 11590
Stopping app: com.obs.android.olm.greatwestern.prod
Tryging remove : uninstall com.obs.android.olm.greatwestern.prod(com.obs.android.olm.greatwestern.prod)
b29e6a69: Remove Success
b29e6a69: ilog file size: 190655530
b29e6a69: End of collecting logcat...
HPFinder's try count remains: 28
Target PID : 13797
Target PID : 13797
ExitReason-Code: 1 (/home/santapark/Extended3/DEEPerence/reEx/devRef_sample16@devRoot-D-R@devDebug-D-R.obfuscated_flattened.ilog)
Target PID : 11590
ExitReason-Code: 1 (/home/santapark/Extended3/DEEPerence/reEx/devRef_sample16@devRoot-D-R@devDebug-D-R.obfuscated_flattened.ilog)
Target PID : 
ExitReason-Code: 6 (/home/santapark/Extended3/DEEPerence/reEx/devDebug_sample16@devRoot-D-R@devDebug-D-R.obfuscated_flattened.ilog)
159ceeed: adding filter -- 3565ea
ExitReason-Code: 1 (/home/santapark/Extended3/DEEPerence/reEx/devRoot_sample16@devRoot-D-R@devDebug-D-R.obfuscated_flattened.ilog)
b29e6a69: adding filter -- 344bae
[*] FlowManager: adjust finished.
-- current localPatchFilter: 3565ea
Action is completely same :)
java.lang.System/exit:(I)V:3440ba		=(rels)=>		1
[*] Unique action: 17:241908 : <<CALL>> : com.obs.android.shared.CBSApplication/b:()V:3440ba  =>  java.lang.System/exit:(I)V:ea908
	1:compareBackwardBranch2: 15:1277 : <<BRANCH>> : com.obs.android.shared.a.a$1/run:()V:3562de  =>  com.obs.android.shared.a.a$1/run:()V:3562e8
Entry: 356224
com.obs.android.shared.a.a$1/run:()V: 3562de -> 3562e8
		com.obs.android.shared.a.a$1/run:()V: ba -> c4
addPatchReadme: java.lang.Class<com.obs.android.shared.a.a$1>run()V ba t
159ceeed: [+] Patches found in this round: 1
159ceeed: [*] Found Patch size: 1
Target PID : 
ExitReason-Code: 6 (/home/santapark/Extended3/DEEPerence/reEx/devDebug_sample16@devRoot-D-R@devDebug-D-R.obfuscated_flattened.ilog)
159ceeed: @@localPatchFilter -- 3565fa
159ceeed: 	@@@Found patch addr: 3562ee
159ceeed: Querying offset: 3562de
159ceeed: 	--Add method name to patch = com.obs.android.shared.a.a$1/run:()V 	3562de
[*] FlowManager: adjust finished.
-- current localPatchFilter: 344bae
Action is completely same :)
Action is completely same :)
b29e6a69: There is no difference. (tryAgain=false)
Devices presenting anti-analysis: 
	devDebug
159ceeed: patching method: com.obs.android.shared.a.a/a:(Landroid/content/Context;)Z
159ceeed: patching method: com.obs.android.shared.a.a$1/run:()V
159ceeed: outDir - /home/santapark/Extended3/DEEPerence/reEx/sample16.apk@devRoot-D-R@devDebug-D-R.apk.obfuscated_flattened_devDebug
Wow!!!!!  --  com.obs.android.shared.a.a$1/run:()V
fallthrough: be
branchTarget: c4
label = cond_0
GOTO -- be 	c4
Wow!!!!!  --  com.obs.android.shared.a.a/a:(Landroid/content/Context;)Z
fallthrough: 182
branchTarget: 188
label = cond_1
GOTO -- 182 	188
axmlPath: /home/santapark/Extended3/DEEPerence/reEx/sample16.apk@devRoot-D-R@devDebug-D-R.apk.obfuscated_flattened_devDebug/AndroidManifest.xml
outDir: /home/santapark/Extended3/DEEPerence/reEx/sample16.apk@devRoot-D-R@devDebug-D-R.apk.obfuscated_flattened_devDebug/sample16.apk@devRoot-D-R@devDebug-D-R.apk.obfuscated_flattened.apk
159ceeed: Patched APK File: /home/santapark/Extended3/DEEPerence/reEx/sample16.apk@devRoot-D-R@devDebug-D-R.apk.obfuscated_flattened_devDebug/signed_sample16.apk@devRoot-D-R@devDebug-D-R.apk.obfuscated_flattened.apk
159ceeed: First address of Lcom/obs/android/shared/a/a;->a(Landroid/content/Context;)Z = 35647c
159ceeed: Address - Lcom/obs/android/shared/a/a;->a(Landroid/content/Context;)Z@17e	 lastOffset = 450
159ceeed: Instruction@@: IF_EQZ
159ceeed: First address of Lcom/obs/android/shared/a/a$1;->run()V = 356234
159ceeed: Address - Lcom/obs/android/shared/a/a$1;->run()V@ba	 lastOffset = 164
159ceeed: Instruction@@: IF_EQZ
159ceeed: (Not Installed) Trying remove : true
Installing apk: /home/santapark/Extended3/DEEPerence/reEx/sample16.apk@devRoot-D-R@devDebug-D-R.apk.obfuscated_flattened_devDebug/signed_sample16.apk@devRoot-D-R@devDebug-D-R.apk.obfuscated_flattened.apk
159ceeed: Installation Success
159ceeed: startApplication called! - devDebug
159ceeed: Collecting logcat... (/home/santapark/Extended3/DEEPerence/reEx/devDebug_sample16@devRoot-D-R@devDebug-D-R.obfuscated_flattened.ilog)
PIDs--------------------------------------------------------------------------
u0_a770       20720    423 13798920 107016 0                  0 R com.obs.android.olm.greatwestern.prod
forward tcp:35535 jdwp:20720
[*]Found JDWP Target: 20720
159ceeed: Running Application: com.obs.android.olm.greatwestern.prod
PIDs--------------------------------------------------------------------------
u0_a770       20720    423 14091788 155812 0                  0 S com.obs.android.olm.greatwestern.prod
159ceeed: Tryging attach jdb to 20720
jdb -connect com.sun.jdi.SocketAttach:hostname=localhost,port=35535
159ceeed: Running is done - starting comparing... : 10001
159ceeed: Terminated logcat thread...by itself
159ceeed: Top-activity: com.obs.android.olm.greatwestern.prod/com.obs.android.shared.RegistrationActivity
PIDs--------------------------------------------------------------------------
u0_a770       20720    423 14203076 188560 0                  0 S com.obs.android.olm.greatwestern.prod
159ceeed: savedPid = 20720
PIDs--------------------------------------------------------------------------
u0_a770       20720    423 14203076 188560 0                  0 S com.obs.android.olm.greatwestern.prod
159ceeed: savedPid2 = 20720
Stopping app: com.obs.android.olm.greatwestern.prod
Tryging remove : uninstall com.obs.android.olm.greatwestern.prod(com.obs.android.olm.greatwestern.prod)
159ceeed: Remove Success
159ceeed: ilog file size: 111465503
159ceeed: End of collecting logcat...
HPFinder's try count remains: 27
Target PID : 13797
ExitReason-Code: 1 (/home/santapark/Extended3/DEEPerence/reEx/devRef_sample16@devRoot-D-R@devDebug-D-R.obfuscated_flattened.ilog)
Target PID : 20720
ExitReason-Code: 1 (/home/santapark/Extended3/DEEPerence/reEx/devDebug_sample16@devRoot-D-R@devDebug-D-R.obfuscated_flattened.ilog)
159ceeed: adding filter -- 3565ea
159ceeed: adding filter -- 3562de
[*] FlowManager: adjust finished.
-- current localPatchFilter: 3562de
-- current localPatchFilter: 3565ea
Action is completely same :)
Action is completely same :)
159ceeed: There is no difference. (tryAgain=false)
-- HPFinder will be done in this iteration :)
hasAntiAnalysis? - devTamper: false on com.obs.android.messenger.MainActivity
hasAntiAnalysis? - devRoot: true on com.obs.android.messenger.MainActivity
	isRemovedThem? - devRoot: true on com.obs.android.messenger.MainActivity	-	tryCount: 1
hasAntiAnalysis? - devDebug: true on com.obs.android.messenger.MainActivity
	isRemovedThem? - devDebug: true on com.obs.android.messenger.MainActivity	-	tryCount: 2
*****REPORT: com.obs.android.olm.greatwestern.prod
* Package name: com.obs.android.olm.greatwestern.prod
* Running time: 469
* FileSize: 5775546
devTamper : 111797893
devRef : 182405758
devRoot : 190655530
devDebug : 111465503
hasAntiAnalysis? - devTamper: false on com.obs.android.messenger.MainActivity
hasAntiAnalysis? - devRoot: true on com.obs.android.messenger.MainActivity
	isRemovedThem? - devRoot: true on com.obs.android.messenger.MainActivity	-	tryCount: 1
hasAntiAnalysis? - devDebug: true on com.obs.android.messenger.MainActivity
	isRemovedThem? - devDebug: true on com.obs.android.messenger.MainActivity	-	tryCount: 2
46604b9f: trying remove : com.obs.android.olm.greatwestern.prod
3601a6ff: trying remove : com.obs.android.olm.greatwestern.prod
b29e6a69: trying remove : com.obs.android.olm.greatwestern.prod
159ceeed: trying remove : com.obs.android.olm.greatwestern.prod
159ceeed: (Not Installed) Trying remove : true
159ceeed: -- Success
159ceeed: result = true
b29e6a69: (Not Installed) Trying remove : true
b29e6a69: -- Success
b29e6a69: result = true
46604b9f: (Not Installed) Trying remove : true
46604b9f: -- Success
46604b9f: result = true
3601a6ff: (Not Installed) Trying remove : true
3601a6ff: -- Success
3601a6ff: result = true
3601a6ff: isFailedToLaunch: com.obs.android.olm.greatwestern.prod/com.obs.android.shared.RegistrationActivity
3601a6ff: 	--result: Good :)
