axmlPath: /home/santapark/Extended3/DEEPerence/reEx/sample19.apk@devRoot-D-R@devDebug-D-R.apk.obfuscated_flattened/AndroidManifest.xml
launchable-activity: name='com.obs.android.messenger.MainActivity'  label='' icon=''
{ACTIVITY, com.obs.android.messenger.MainActivity, android.intent.action.MAIN}
{ACTIVITY, com.obs.mobile_tablet.components.CheckImageActivity}
{ACTIVITY, com.obs.mobile_tablet.transactions.deposits.DepositsCaptureImageActivity}
{ACTIVITY, com.obs.android.shared.RegistrationActivity}
{ACTIVITY, com.obs.android.messenger.MainActivity, android.intent.action.MAIN}
{ACTIVITY, com.obs.mobile_tablet.components.CheckImageActivity}
{ACTIVITY, com.obs.mobile_tablet.transactions.deposits.DepositsCaptureImageActivity}
{ACTIVITY, com.obs.android.shared.RegistrationActivity}
_getAllDexFiles: /home/santapark/Extended3/DEEPerence/reEx/sample19.apk@devRoot-D-R@devDebug-D-R.apk.obfuscated_flattened/classes.dex
----------------/home/santapark/Extended3/DEEPerence/reEx/sample19.apk@devRoot-D-R@devDebug-D-R.apk.obfuscated_flattened.apk
dexFile = org.jf.dexlib2.dexbacked.DexBackedDexFile@68dc098b
com.obs.android.olm.sunflower.prod
com.obs.android.messenger.MainActivity
debuggable: false
46604b9f: (Not Installed) Trying remove : true
159ceeed: (Not Installed) Trying remove : true
46604b9f: -- Success
159ceeed: -- Success
b29e6a69: (Not Installed) Trying remove : true
b29e6a69: -- Success
3601a6ff: (Not Installed) Trying remove : true
3601a6ff: -- Success
Installing apk: /home/santapark/Extended3/DEEPerence/reEx/sample19.apk@devRoot-D-R@devDebug-D-R.apk.obfuscated_flattened.apk
Installing apk: /home/santapark/Extended3/DEEPerence/reEx/sample19.apk@devRoot-D-R@devDebug-D-R.apk.obfuscated_flattened.apk
Installing apk: /home/santapark/Extended3/DEEPerence/reEx/sample19.apk@devRoot-D-R@devDebug-D-R.apk.obfuscated_flattened.apk
axmlPath: /home/santapark/Extended3/DEEPerence/reEx/sample19.apk@devRoot-D-R@devDebug-D-R.apk.obfuscated_flattened_46604b9f/AndroidManifest.xml
outDir: /home/santapark/Extended3/DEEPerence/reEx/sample19.apk@devRoot-D-R@devDebug-D-R.apk.obfuscated_flattened_46604b9f/sample19.apk@devRoot-D-R@devDebug-D-R.apk.obfuscated_flattened.apk
159ceeed: Installation Success
3601a6ff: Installation Success
b29e6a69: Installation Success
46604b9f: Installing repackaged apk File: 
Installing apk: /home/santapark/Extended3/DEEPerence/reEx/sample19.apk@devRoot-D-R@devDebug-D-R.apk.obfuscated_flattened_46604b9f/signed_sample19.apk@devRoot-D-R@devDebug-D-R.apk.obfuscated_flattened.apk
46604b9f: Installation Success
46604b9f: startApplication called! - devTamper
3601a6ff: startApplication called! - devRef
b29e6a69: startApplication called! - devRoot
159ceeed: startApplication called! - devDebug
3601a6ff: Collecting logcat... (/home/santapark/Extended3/DEEPerence/reEx/devRef_sample19@devRoot-D-R@devDebug-D-R.obfuscated_flattened.ilog)
b29e6a69: Collecting logcat... (/home/santapark/Extended3/DEEPerence/reEx/devRoot_sample19@devRoot-D-R@devDebug-D-R.obfuscated_flattened.ilog)
46604b9f: Collecting logcat... (/home/santapark/Extended3/DEEPerence/reEx/devTamper_sample19@devRoot-D-R@devDebug-D-R.obfuscated_flattened.ilog)
159ceeed: Collecting logcat... (/home/santapark/Extended3/DEEPerence/reEx/devDebug_sample19@devRoot-D-R@devDebug-D-R.obfuscated_flattened.ilog)
b29e6a69: Running Application: com.obs.android.olm.sunflower.prod
46604b9f: Running Application: com.obs.android.olm.sunflower.prod
3601a6ff: Running Application: com.obs.android.olm.sunflower.prod
PIDs--------------------------------------------------------------------------
u0_a775       27311    423 14416720 98024 0                   0 R com.obs.android.olm.sunflower.prod
forward tcp:35535 jdwp:27311
[*]Found JDWP Target: 27311
159ceeed: Running Application: com.obs.android.olm.sunflower.prod
PIDs--------------------------------------------------------------------------
u0_a775       27936    423 13763292 104228 0                  0 S com.obs.android.olm.sunflower.prod
159ceeed: pid changed(27311) --> 27936
b29e6a69: Terminated logcat thread...by itself
46604b9f: Terminated logcat thread...by itself
3601a6ff: Terminated logcat thread...by itself
46604b9f: Top-activity: com.obs.android.olm.sunflower.prod/com.obs.android.shared.RegistrationActivity
PIDs--------------------------------------------------------------------------
u0_a315        9931    425 14240792 172704 0                  0 S com.obs.android.olm.sunflower.prod
46604b9f: savedPid = 9931
PIDs--------------------------------------------------------------------------
u0_a315        9931    425 14240792 172704 0                  0 S com.obs.android.olm.sunflower.prod
46604b9f: savedPid2 = 9931
Stopping app: com.obs.android.olm.sunflower.prod
3601a6ff: Top-activity: com.obs.android.olm.sunflower.prod/com.obs.android.shared.RegistrationActivity
PIDs--------------------------------------------------------------------------
u0_a371       14203    414 14126804 171300 0                  0 S com.obs.android.olm.sunflower.prod
3601a6ff: savedPid = 14203
PIDs--------------------------------------------------------------------------
u0_a371       14203    414 14126804 171300 0                  0 S com.obs.android.olm.sunflower.prod
3601a6ff: savedPid2 = 14203
Stopping app: com.obs.android.olm.sunflower.prod
b29e6a69: Top-activity: com.obs.android.olm.sunflower.prod/com.obs.android.messenger.MainActivity
PIDs--------------------------------------------------------------------------
u0_a438       26396    430 14568508 92284 0                   0 R com.obs.android.olm.sunflower.prod
b29e6a69: savedPid = 26396
PIDs--------------------------------------------------------------------------
u0_a438       26396    430 13944764 97776 0                   0 R com.obs.android.olm.sunflower.prod
b29e6a69: savedPid2 = 26396
Stopping app: com.obs.android.olm.sunflower.prod
159ceeed: Terminated logcat thread...by itself
159ceeed: Top-activity: com.obs.android.olm.sunflower.prod/com.obs.android.messenger.MainActivity
PIDs--------------------------------------------------------------------------
159ceeed: savedPid = null
PIDs--------------------------------------------------------------------------
159ceeed: savedPid2 = null
Stopping app: com.obs.android.olm.sunflower.prod
Tryging remove : uninstall com.obs.android.olm.sunflower.prod(com.obs.android.olm.sunflower.prod)
46604b9f: Remove Success
46604b9f: ilog file size: 111734497
46604b9f: End of collecting logcat...
Tryging remove : uninstall com.obs.android.olm.sunflower.prod(com.obs.android.olm.sunflower.prod)
3601a6ff: Remove Success
3601a6ff: ilog file size: 182067198
3601a6ff: End of collecting logcat...
Tryging remove : uninstall com.obs.android.olm.sunflower.prod(com.obs.android.olm.sunflower.prod)
b29e6a69: Remove Success
b29e6a69: ilog file size: 51842101
b29e6a69: End of collecting logcat...
Tryging remove : uninstall com.obs.android.olm.sunflower.prod(com.obs.android.olm.sunflower.prod)
159ceeed: Remove Success
159ceeed: ilog file size: 61014095
159ceeed: End of collecting logcat...
HPFinder's try count remains: 29
Target PID : 14203
Target PID : 14203
Target PID : 14203
ExitReason-Code: 1 (/home/santapark/Extended3/DEEPerence/reEx/devRef_sample19@devRoot-D-R@devDebug-D-R.obfuscated_flattened.ilog)
Target PID : 
ExitReason-Code: 1 (/home/santapark/Extended3/DEEPerence/reEx/devRef_sample19@devRoot-D-R@devDebug-D-R.obfuscated_flattened.ilog)
Target PID : 26396
ExitReason-Code: 1 (/home/santapark/Extended3/DEEPerence/reEx/devRef_sample19@devRoot-D-R@devDebug-D-R.obfuscated_flattened.ilog)
Target PID : 9931
ExitReason-Code: 1 (/home/santapark/Extended3/DEEPerence/reEx/devRoot_sample19@devRoot-D-R@devDebug-D-R.obfuscated_flattened.ilog)
ExitReason-Code: 6 (/home/santapark/Extended3/DEEPerence/reEx/devDebug_sample19@devRoot-D-R@devDebug-D-R.obfuscated_flattened.ilog)
[*] FlowManager: adjust finished.
[GOOD]: Anti-analysis is identified! :) -- 1 --devRoot
android.view.ViewGroup/addView:(Landroid/view/View;)V:24ff84		=(rels)=>		1
[*] Unique action: 1:88286 : <<CALL>> : android.support.v4.a.n/a:(Landroid/support/v4/a/h;IIIZ)V:24ff84  =>  android.view.ViewGroup/addView:(Landroid/view/View;)V:19596c
ExitReason-Code: 1 (/home/santapark/Extended3/DEEPerence/reEx/devTamper_sample19@devRoot-D-R@devDebug-D-R.obfuscated_flattened.ilog)
[*] FlowManager: adjust finished.
[GOOD]: Anti-analysis is identified! :) -- 1 --devDebug
android.view.ViewGroup/addView:(Landroid/view/View;)V:24ff84		=(rels)=>		1
[*] Unique action: 1:88286 : <<CALL>> : android.support.v4.a.n/a:(Landroid/support/v4/a/h;IIIZ)V:24ff84  =>  android.view.ViewGroup/addView:(Landroid/view/View;)V:19596c
	1:compareBackwardBranch: 1:1135 : <<BRANCH>> : com.obs.android.shared.CBSApplication/b:(Landroid/content/Context;)Z:344a1e  =>  com.obs.android.shared.CBSApplication/b:(Landroid/content/Context;)Z:344a28
android.widget.TextView/setText:(Ljava/lang/CharSequence;)V:3722f4		=(rels)=>		1
[*] Unique action: 1:87788 : <<CALL>> : com.obs.mobile_tablet.MainActivity/a:(Landroid/view/LayoutInflater;Landroid/view/ViewGroup;Landroid/os/Bundle;)Landroid/view/View;:3722f4  =>  android.widget.TextView/setText:(Ljava/lang/CharSequence;)V:29ee34
	1:compareBackwardBranch: 1:1323 : <<BRANCH>> : com.obs.android.shared.a.a/a:(Landroid/content/Context;)Z:356454  =>  com.obs.android.shared.a.a/a:(Landroid/content/Context;)Z:35644e
android.widget.TextView/setText:(Ljava/lang/CharSequence;)V:3722f4		=(rels)=>		1
[*] Unique action: 1:87788 : <<CALL>> : com.obs.mobile_tablet.MainActivity/a:(Landroid/view/LayoutInflater;Landroid/view/ViewGroup;Landroid/os/Bundle;)Landroid/view/View;:3722f4  =>  android.widget.TextView/setText:(Ljava/lang/CharSequence;)V:29ee34
	1:compareBackwardBranch: 1:1323 : <<BRANCH>> : com.obs.android.shared.a.a/a:(Landroid/content/Context;)Z:356454  =>  com.obs.android.shared.a.a/a:(Landroid/content/Context;)Z:35644e
android.view.View/setOnClickListener:(Landroid/view/View$OnClickListener;)V:39093c		=(rels)=>		1
[*] Unique action: 1:94516 : <<CALL>> : com.obs.mobile_tablet.navigation.MainNavigation_ViewBinding/<init>:(Lcom/obs/mobile_tablet/navigation/MainNavigation;Landroid/view/View;)V:39093c  =>  android.view.View/setOnClickListener:(Landroid/view/View$OnClickListener;)V:1bf5f8
	1:compareBackwardBranch: 1:1323 : <<BRANCH>> : com.obs.android.shared.a.a/a:(Landroid/content/Context;)Z:356454  =>  com.obs.android.shared.a.a/a:(Landroid/content/Context;)Z:35644e
android.view.View/setOnClickListener:(Landroid/view/View$OnClickListener;)V:28ebee		=(rels)=>		1
[*] Unique action: 1:25136 : <<CALL>> : android.support.v7.widget.Toolbar/setNavigationOnClickListener:(Landroid/view/View$OnClickListener;)V:28ebee  =>  android.view.View/setOnClickListener:(Landroid/view/View$OnClickListener;)V:1bf5f8
	1:compareBackwardBranch: 1:1323 : <<BRANCH>> : com.obs.android.shared.a.a/a:(Landroid/content/Context;)Z:356454  =>  com.obs.android.shared.a.a/a:(Landroid/content/Context;)Z:35644e
android.view.ViewGroup/addView:(Landroid/view/View;ILandroid/view/ViewGroup$LayoutParams;)V:237ae4		=(rels)=>		1
[*] Unique action: 1:26533 : <<CALL>> : android.support.constraint.ConstraintLayout/addView:(Landroid/view/View;ILandroid/view/ViewGroup$LayoutParams;)V:237ae4  =>  android.view.ViewGroup/addView:(Landroid/view/View;ILandroid/view/ViewGroup$LayoutParams;)V:1959fc
	1:compareBackwardBranch: 1:1323 : <<BRANCH>> : com.obs.android.shared.a.a/a:(Landroid/content/Context;)Z:356454  =>  com.obs.android.shared.a.a/a:(Landroid/content/Context;)Z:35644e
android.view.View/setOnClickListener:(Landroid/view/View$OnClickListener;)V:390ade		=(rels)=>		1
[*] Unique action: 1:94568 : <<CALL>> : com.obs.mobile_tablet.navigation.MainNavigation_ViewBinding/<init>:(Lcom/obs/mobile_tablet/navigation/MainNavigation;Landroid/view/View;)V:390ade  =>  android.view.View/setOnClickListener:(Landroid/view/View$OnClickListener;)V:1bf5f8
	1:compareBackwardBranch: 1:1135 : <<BRANCH>> : com.obs.android.shared.CBSApplication/b:(Landroid/content/Context;)Z:344a1e  =>  com.obs.android.shared.CBSApplication/b:(Landroid/content/Context;)Z:344a28
android.view.View/setOnClickListener:(Landroid/view/View$OnClickListener;)V:39093c		=(rels)=>		1
[*] Unique action: 1:94516 : <<CALL>> : com.obs.mobile_tablet.navigation.MainNavigation_ViewBinding/<init>:(Lcom/obs/mobile_tablet/navigation/MainNavigation;Landroid/view/View;)V:39093c  =>  android.view.View/setOnClickListener:(Landroid/view/View$OnClickListener;)V:1bf5f8
	1:compareBackwardBranch: 1:1323 : <<BRANCH>> : com.obs.android.shared.a.a/a:(Landroid/content/Context;)Z:356454  =>  com.obs.android.shared.a.a/a:(Landroid/content/Context;)Z:35644e
android.os.Handler/postDelayed:(Ljava/lang/Runnable;J)Z:2b04cc		=(rels)=>		1
[*] Unique action: 1:97832 : <<CALL>> : com.a.a.a/onActivityPaused:(Landroid/app/Activity;)V:2b04cc  =>  android.os.Handler/postDelayed:(Ljava/lang/Runnable;J)Z:30ca84
	1:compareBackwardBranch: 1:1135 : <<BRANCH>> : com.obs.android.shared.CBSApplication/b:(Landroid/content/Context;)Z:344a1e  =>  com.obs.android.shared.CBSApplication/b:(Landroid/content/Context;)Z:344a28
android.view.View/setOnClickListener:(Landroid/view/View$OnClickListener;)V:28ebee		=(rels)=>		1
[*] Unique action: 1:25136 : <<CALL>> : android.support.v7.widget.Toolbar/setNavigationOnClickListener:(Landroid/view/View$OnClickListener;)V:28ebee  =>  android.view.View/setOnClickListener:(Landroid/view/View$OnClickListener;)V:1bf5f8
	1:compareBackwardBranch: 1:1135 : <<BRANCH>> : com.obs.android.shared.CBSApplication/b:(Landroid/content/Context;)Z:344a1e  =>  com.obs.android.shared.CBSApplication/b:(Landroid/content/Context;)Z:344a28
android.view.ViewGroup/addView:(Landroid/view/View;ILandroid/view/ViewGroup$LayoutParams;)V:237ae4		=(rels)=>		1
[*] Unique action: 1:26533 : <<CALL>> : android.support.constraint.ConstraintLayout/addView:(Landroid/view/View;ILandroid/view/ViewGroup$LayoutParams;)V:237ae4  =>  android.view.ViewGroup/addView:(Landroid/view/View;ILandroid/view/ViewGroup$LayoutParams;)V:1959fc
	1:compareBackwardBranch: 1:1135 : <<BRANCH>> : com.obs.android.shared.CBSApplication/b:(Landroid/content/Context;)Z:344a1e  =>  com.obs.android.shared.CBSApplication/b:(Landroid/content/Context;)Z:344a28
android.view.View/setOnClickListener:(Landroid/view/View$OnClickListener;)V:390ade		=(rels)=>		1
[*] Unique action: 1:94568 : <<CALL>> : com.obs.mobile_tablet.navigation.MainNavigation_ViewBinding/<init>:(Lcom/obs/mobile_tablet/navigation/MainNavigation;Landroid/view/View;)V:390ade  =>  android.view.View/setOnClickListener:(Landroid/view/View$OnClickListener;)V:1bf5f8
	1:compareBackwardBranch: 1:1323 : <<BRANCH>> : com.obs.android.shared.a.a/a:(Landroid/content/Context;)Z:356454  =>  com.obs.android.shared.a.a/a:(Landroid/content/Context;)Z:35644e
android.widget.TextView/setText:(Ljava/lang/CharSequence;)V:350e5c		=(rels)=>		1
[*] Unique action: 1:112608 : <<CALL>> : com.obs.android.shared.RegistrationActivity$e/a:(Landroid/view/LayoutInflater;Landroid/view/ViewGroup;Landroid/os/Bundle;)Landroid/view/View;:350e5c  =>  android.widget.TextView/setText:(Ljava/lang/CharSequence;)V:29ee34
	1:compareBackwardBranch: 1:1135 : <<BRANCH>> : com.obs.android.shared.CBSApplication/b:(Landroid/content/Context;)Z:344a1e  =>  com.obs.android.shared.CBSApplication/b:(Landroid/content/Context;)Z:344a28
android.os.Handler/postDelayed:(Ljava/lang/Runnable;J)Z:2b04cc		=(rels)=>		1
[*] Unique action: 1:97832 : <<CALL>> : com.a.a.a/onActivityPaused:(Landroid/app/Activity;)V:2b04cc  =>  android.os.Handler/postDelayed:(Ljava/lang/Runnable;J)Z:30ca84
	1:compareBackwardBranch: 1:1323 : <<BRANCH>> : com.obs.android.shared.a.a/a:(Landroid/content/Context;)Z:356454  =>  com.obs.android.shared.a.a/a:(Landroid/content/Context;)Z:35644e
android.view.ViewGroup/addView:(Landroid/view/View;)V:34211a		=(rels)=>		1
[*] Unique action: 1:27400 : <<CALL>> : com.obs.android.messenger.MainActivity/onCreate:(Landroid/os/Bundle;)V:34211a  =>  android.view.ViewGroup/addView:(Landroid/view/View;)V:19596c
	1:compareBackwardBranch: 1:1323 : <<BRANCH>> : com.obs.android.shared.a.a/a:(Landroid/content/Context;)Z:356454  =>  com.obs.android.shared.a.a/a:(Landroid/content/Context;)Z:35644e
android.view.View/setOnClickListener:(Landroid/view/View$OnClickListener;)V:34ddc4		=(rels)=>		1
[*] Unique action: 1:114743 : <<CALL>> : com.obs.android.shared.RegistrationActivity$a/a:(Landroid/view/LayoutInflater;Landroid/view/ViewGroup;Landroid/os/Bundle;)Landroid/view/View;:34ddc4  =>  android.view.View/setOnClickListener:(Landroid/view/View$OnClickListener;)V:1bf5f8
	1:compareBackwardBranch: 1:1135 : <<BRANCH>> : com.obs.android.shared.CBSApplication/b:(Landroid/content/Context;)Z:344a1e  =>  com.obs.android.shared.CBSApplication/b:(Landroid/content/Context;)Z:344a28
android.widget.TextView/setText:(Ljava/lang/CharSequence;)V:350e5c		=(rels)=>		1
[*] Unique action: 1:112608 : <<CALL>> : com.obs.android.shared.RegistrationActivity$e/a:(Landroid/view/LayoutInflater;Landroid/view/ViewGroup;Landroid/os/Bundle;)Landroid/view/View;:350e5c  =>  android.widget.TextView/setText:(Ljava/lang/CharSequence;)V:29ee34
	1:compareBackwardBranch: 1:1323 : <<BRANCH>> : com.obs.android.shared.a.a/a:(Landroid/content/Context;)Z:356454  =>  com.obs.android.shared.a.a/a:(Landroid/content/Context;)Z:35644e
org.apache.http.impl.client.DefaultHttpClient/<init>:(Lorg/apache/http/conn/ClientConnectionManager;Lorg/apache/http/params/HttpParams;)V:3f7ece		=(rels)=>		1
[*] Unique action: 1:26814 : <<CALL>> : org.c.a.a.b/<init>:()V:3f7ece  =>  org.apache.http.impl.client.DefaultHttpClient/<init>:(Lorg/apache/http/conn/ClientConnectionManager;Lorg/apache/http/params/HttpParams;)V:31acc
	1:compareBackwardBranch: 1:1323 : <<BRANCH>> : com.obs.android.shared.a.a/a:(Landroid/content/Context;)Z:356454  =>  com.obs.android.shared.a.a/a:(Landroid/content/Context;)Z:35644e
android.widget.TextView/setText:(Ljava/lang/CharSequence;)V:372ec6		=(rels)=>		1
[*] Unique action: 1:96939 : <<CALL>> : com.obs.mobile_tablet.MainActivity/permissionsUpdate:(Lcom/obs/mobile_core/b/a/k;)V:372ec6  =>  android.widget.TextView/setText:(Ljava/lang/CharSequence;)V:29ee34
	1:compareBackwardBranch: 1:1135 : <<BRANCH>> : com.obs.android.shared.CBSApplication/b:(Landroid/content/Context;)Z:344a1e  =>  com.obs.android.shared.CBSApplication/b:(Landroid/content/Context;)Z:344a28
android.view.ViewGroup/addView:(Landroid/view/View;)V:34211a		=(rels)=>		1
[*] Unique action: 1:27400 : <<CALL>> : com.obs.android.messenger.MainActivity/onCreate:(Landroid/os/Bundle;)V:34211a  =>  android.view.ViewGroup/addView:(Landroid/view/View;)V:19596c
	1:compareBackwardBranch: 1:1135 : <<BRANCH>> : com.obs.android.shared.CBSApplication/b:(Landroid/content/Context;)Z:344a1e  =>  com.obs.android.shared.CBSApplication/b:(Landroid/content/Context;)Z:344a28
android.view.View/setOnClickListener:(Landroid/view/View$OnClickListener;)V:34ddc4		=(rels)=>		1
[*] Unique action: 1:114743 : <<CALL>> : com.obs.android.shared.RegistrationActivity$a/a:(Landroid/view/LayoutInflater;Landroid/view/ViewGroup;Landroid/os/Bundle;)Landroid/view/View;:34ddc4  =>  android.view.View/setOnClickListener:(Landroid/view/View$OnClickListener;)V:1bf5f8
	1:compareBackwardBranch: 1:1323 : <<BRANCH>> : com.obs.android.shared.a.a/a:(Landroid/content/Context;)Z:356454  =>  com.obs.android.shared.a.a/a:(Landroid/content/Context;)Z:35644e
android.view.ViewGroup/addView:(Landroid/view/View;Landroid/view/ViewGroup$LayoutParams;)V:28ce1a		=(rels)=>		1
[*] Unique action: 1:25556 : <<CALL>> : android.support.v7.widget.Toolbar/a:(Landroid/view/View;Z)V:28ce1a  =>  android.view.ViewGroup/addView:(Landroid/view/View;Landroid/view/ViewGroup$LayoutParams;)V:195988
	1:compareBackwardBranch: 1:1323 : <<BRANCH>> : com.obs.android.shared.a.a/a:(Landroid/content/Context;)Z:356454  =>  com.obs.android.shared.a.a/a:(Landroid/content/Context;)Z:35644e
android.view.ViewGroup/addView:(Landroid/view/View;)V:29777a		=(rels)=>		1
[*] Unique action: 1:87910 : <<CALL>> : android.support.v7.widget.aw/a:(Landroid/view/View;)V:29777a  =>  android.view.ViewGroup/addView:(Landroid/view/View;)V:19596c
	1:compareBackwardBranch: 1:1135 : <<BRANCH>> : com.obs.android.shared.CBSApplication/b:(Landroid/content/Context;)Z:344a1e  =>  com.obs.android.shared.CBSApplication/b:(Landroid/content/Context;)Z:344a28
org.apache.http.impl.client.DefaultHttpClient/<init>:(Lorg/apache/http/conn/ClientConnectionManager;Lorg/apache/http/params/HttpParams;)V:3f7ece		=(rels)=>		1
[*] Unique action: 1:26814 : <<CALL>> : org.c.a.a.b/<init>:()V:3f7ece  =>  org.apache.http.impl.client.DefaultHttpClient/<init>:(Lorg/apache/http/conn/ClientConnectionManager;Lorg/apache/http/params/HttpParams;)V:31acc
	1:compareBackwardBranch: 1:1135 : <<BRANCH>> : com.obs.android.shared.CBSApplication/b:(Landroid/content/Context;)Z:344a1e  =>  com.obs.android.shared.CBSApplication/b:(Landroid/content/Context;)Z:344a28
android.widget.TextView/setText:(Ljava/lang/CharSequence;)V:372ec6		=(rels)=>		1
[*] Unique action: 1:96939 : <<CALL>> : com.obs.mobile_tablet.MainActivity/permissionsUpdate:(Lcom/obs/mobile_core/b/a/k;)V:372ec6  =>  android.widget.TextView/setText:(Ljava/lang/CharSequence;)V:29ee34
	1:compareBackwardBranch: 1:1323 : <<BRANCH>> : com.obs.android.shared.a.a/a:(Landroid/content/Context;)Z:356454  =>  com.obs.android.shared.a.a/a:(Landroid/content/Context;)Z:35644e
android.view.View/setOnClickListener:(Landroid/view/View$OnClickListener;)V:27a3d2		=(rels)=>		1
[*] Unique action: 1:107528 : <<CALL>> : android.support.v7.app.m/a:(Landroid/view/View;Landroid/util/AttributeSet;)V:27a3d2  =>  android.view.View/setOnClickListener:(Landroid/view/View$OnClickListener;)V:1bf5f8
[*] FlowManager: adjust finished.
Action is completely same :)
Action is completely same :)
46604b9f: There is no difference. (tryAgain=false)
	1:compareBackwardBranch: 1:1135 : <<BRANCH>> : com.obs.android.shared.CBSApplication/b:(Landroid/content/Context;)Z:344a1e  =>  com.obs.android.shared.CBSApplication/b:(Landroid/content/Context;)Z:344a28
android.view.ViewGroup/addView:(Landroid/view/View;Landroid/view/ViewGroup$LayoutParams;)V:28ce1a		=(rels)=>		1
[*] Unique action: 1:25556 : <<CALL>> : android.support.v7.widget.Toolbar/a:(Landroid/view/View;Z)V:28ce1a  =>  android.view.ViewGroup/addView:(Landroid/view/View;Landroid/view/ViewGroup$LayoutParams;)V:195988
	1:compareBackwardBranch: 1:1135 : <<BRANCH>> : com.obs.android.shared.CBSApplication/b:(Landroid/content/Context;)Z:344a1e  =>  com.obs.android.shared.CBSApplication/b:(Landroid/content/Context;)Z:344a28
android.view.ViewGroup/addView:(Landroid/view/View;)V:29777a		=(rels)=>		1
[*] Unique action: 1:87910 : <<CALL>> : android.support.v7.widget.aw/a:(Landroid/view/View;)V:29777a  =>  android.view.ViewGroup/addView:(Landroid/view/View;)V:19596c
	1:compareBackwardBranch: 1:1323 : <<BRANCH>> : com.obs.android.shared.a.a/a:(Landroid/content/Context;)Z:356454  =>  com.obs.android.shared.a.a/a:(Landroid/content/Context;)Z:35644e
android.widget.TextView/setText:(Ljava/lang/CharSequence;)V:28ee7e		=(rels)=>		1
[*] Unique action: 1:25564 : <<CALL>> : android.support.v7.widget.Toolbar/setTitle:(Ljava/lang/CharSequence;)V:28ee7e  =>  android.widget.TextView/setText:(Ljava/lang/CharSequence;)V:29ee34
	1:compareBackwardBranch: 1:1323 : <<BRANCH>> : com.obs.android.shared.a.a/a:(Landroid/content/Context;)Z:356454  =>  com.obs.android.shared.a.a/a:(Landroid/content/Context;)Z:35644e
android.widget.TextView/setText:(Ljava/lang/CharSequence;)V:3725ce		=(rels)=>		1
[*] Unique action: 1:88276 : <<CALL>> : com.obs.mobile_tablet.MainActivity/a:(Landroid/view/LayoutInflater;Landroid/view/ViewGroup;Landroid/os/Bundle;)Landroid/view/View;:3725ce  =>  android.widget.TextView/setText:(Ljava/lang/CharSequence;)V:29ee34
	1:compareBackwardBranch: 1:1135 : <<BRANCH>> : com.obs.android.shared.CBSApplication/b:(Landroid/content/Context;)Z:344a1e  =>  com.obs.android.shared.CBSApplication/b:(Landroid/content/Context;)Z:344a28
android.view.View/setOnClickListener:(Landroid/view/View$OnClickListener;)V:27a3d2		=(rels)=>		1
[*] Unique action: 1:107528 : <<CALL>> : android.support.v7.app.m/a:(Landroid/view/View;Landroid/util/AttributeSet;)V:27a3d2  =>  android.view.View/setOnClickListener:(Landroid/view/View$OnClickListener;)V:1bf5f8
	1:compareBackwardBranch: 1:1323 : <<BRANCH>> : com.obs.android.shared.a.a/a:(Landroid/content/Context;)Z:356454  =>  com.obs.android.shared.a.a/a:(Landroid/content/Context;)Z:35644e
android.widget.TextView/setText:(Ljava/lang/CharSequence;)V:37252e		=(rels)=>		1
[*] Unique action: 1:88257 : <<CALL>> : com.obs.mobile_tablet.MainActivity/a:(Landroid/view/LayoutInflater;Landroid/view/ViewGroup;Landroid/os/Bundle;)Landroid/view/View;:37252e  =>  android.widget.TextView/setText:(Ljava/lang/CharSequence;)V:29ee34
	1:compareBackwardBranch: 1:1135 : <<BRANCH>> : com.obs.android.shared.CBSApplication/b:(Landroid/content/Context;)Z:344a1e  =>  com.obs.android.shared.CBSApplication/b:(Landroid/content/Context;)Z:344a28
android.widget.TextView/setText:(Ljava/lang/CharSequence;)V:28ee7e		=(rels)=>		1
[*] Unique action: 1:25564 : <<CALL>> : android.support.v7.widget.Toolbar/setTitle:(Ljava/lang/CharSequence;)V:28ee7e  =>  android.widget.TextView/setText:(Ljava/lang/CharSequence;)V:29ee34
	1:compareBackwardBranch: 1:1135 : <<BRANCH>> : com.obs.android.shared.CBSApplication/b:(Landroid/content/Context;)Z:344a1e  =>  com.obs.android.shared.CBSApplication/b:(Landroid/content/Context;)Z:344a28
android.widget.TextView/setText:(Ljava/lang/CharSequence;)V:3725ce		=(rels)=>		1
[*] Unique action: 1:88276 : <<CALL>> : com.obs.mobile_tablet.MainActivity/a:(Landroid/view/LayoutInflater;Landroid/view/ViewGroup;Landroid/os/Bundle;)Landroid/view/View;:3725ce  =>  android.widget.TextView/setText:(Ljava/lang/CharSequence;)V:29ee34
	1:compareBackwardBranch: 1:1323 : <<BRANCH>> : com.obs.android.shared.a.a/a:(Landroid/content/Context;)Z:356454  =>  com.obs.android.shared.a.a/a:(Landroid/content/Context;)Z:35644e
android.view.View/setOnClickListener:(Landroid/view/View$OnClickListener;)V:390a20		=(rels)=>		1
[*] Unique action: 1:94544 : <<CALL>> : com.obs.mobile_tablet.navigation.MainNavigation_ViewBinding/<init>:(Lcom/obs/mobile_tablet/navigation/MainNavigation;Landroid/view/View;)V:390a20  =>  android.view.View/setOnClickListener:(Landroid/view/View$OnClickListener;)V:1bf5f8
	1:compareBackwardBranch: 1:1135 : <<BRANCH>> : com.obs.android.shared.CBSApplication/b:(Landroid/content/Context;)Z:344a1e  =>  com.obs.android.shared.CBSApplication/b:(Landroid/content/Context;)Z:344a28
android.widget.TextView/setText:(Ljava/lang/CharSequence;)V:37252e		=(rels)=>		1
[*] Unique action: 1:88257 : <<CALL>> : com.obs.mobile_tablet.MainActivity/a:(Landroid/view/LayoutInflater;Landroid/view/ViewGroup;Landroid/os/Bundle;)Landroid/view/View;:37252e  =>  android.widget.TextView/setText:(Ljava/lang/CharSequence;)V:29ee34
	1:compareBackwardBranch: 1:1323 : <<BRANCH>> : com.obs.android.shared.a.a/a:(Landroid/content/Context;)Z:356454  =>  com.obs.android.shared.a.a/a:(Landroid/content/Context;)Z:35644e
android.view.View/setOnClickListener:(Landroid/view/View$OnClickListener;)V:390962		=(rels)=>		1
[*] Unique action: 1:94526 : <<CALL>> : com.obs.mobile_tablet.navigation.MainNavigation_ViewBinding/<init>:(Lcom/obs/mobile_tablet/navigation/MainNavigation;Landroid/view/View;)V:390962  =>  android.view.View/setOnClickListener:(Landroid/view/View$OnClickListener;)V:1bf5f8
	1:compareBackwardBranch: 1:1135 : <<BRANCH>> : com.obs.android.shared.CBSApplication/b:(Landroid/content/Context;)Z:344a1e  =>  com.obs.android.shared.CBSApplication/b:(Landroid/content/Context;)Z:344a28
android.view.View/setOnClickListener:(Landroid/view/View$OnClickListener;)V:390a20		=(rels)=>		1
[*] Unique action: 1:94544 : <<CALL>> : com.obs.mobile_tablet.navigation.MainNavigation_ViewBinding/<init>:(Lcom/obs/mobile_tablet/navigation/MainNavigation;Landroid/view/View;)V:390a20  =>  android.view.View/setOnClickListener:(Landroid/view/View$OnClickListener;)V:1bf5f8
	1:compareBackwardBranch: 1:1323 : <<BRANCH>> : com.obs.android.shared.a.a/a:(Landroid/content/Context;)Z:356454  =>  com.obs.android.shared.a.a/a:(Landroid/content/Context;)Z:35644e
android.view.View/setOnClickListener:(Landroid/view/View$OnClickListener;)V:372308		=(rels)=>		1
[*] Unique action: 1:87796 : <<CALL>> : com.obs.mobile_tablet.MainActivity/a:(Landroid/view/LayoutInflater;Landroid/view/ViewGroup;Landroid/os/Bundle;)Landroid/view/View;:372308  =>  android.view.View/setOnClickListener:(Landroid/view/View$OnClickListener;)V:1bf5f8
	1:compareBackwardBranch: 1:1135 : <<BRANCH>> : com.obs.android.shared.CBSApplication/b:(Landroid/content/Context;)Z:344a1e  =>  com.obs.android.shared.CBSApplication/b:(Landroid/content/Context;)Z:344a28
android.view.View/setOnClickListener:(Landroid/view/View$OnClickListener;)V:390962		=(rels)=>		1
[*] Unique action: 1:94526 : <<CALL>> : com.obs.mobile_tablet.navigation.MainNavigation_ViewBinding/<init>:(Lcom/obs/mobile_tablet/navigation/MainNavigation;Landroid/view/View;)V:390962  =>  android.view.View/setOnClickListener:(Landroid/view/View$OnClickListener;)V:1bf5f8
	1:compareBackwardBranch: 1:1323 : <<BRANCH>> : com.obs.android.shared.a.a/a:(Landroid/content/Context;)Z:356454  =>  com.obs.android.shared.a.a/a:(Landroid/content/Context;)Z:35644e
android.view.View/setOnClickListener:(Landroid/view/View$OnClickListener;)V:390a46		=(rels)=>		1
[*] Unique action: 1:94552 : <<CALL>> : com.obs.mobile_tablet.navigation.MainNavigation_ViewBinding/<init>:(Lcom/obs/mobile_tablet/navigation/MainNavigation;Landroid/view/View;)V:390a46  =>  android.view.View/setOnClickListener:(Landroid/view/View$OnClickListener;)V:1bf5f8
	1:compareBackwardBranch: 1:1135 : <<BRANCH>> : com.obs.android.shared.CBSApplication/b:(Landroid/content/Context;)Z:344a1e  =>  com.obs.android.shared.CBSApplication/b:(Landroid/content/Context;)Z:344a28
android.view.View/setOnClickListener:(Landroid/view/View$OnClickListener;)V:372308		=(rels)=>		1
[*] Unique action: 1:87796 : <<CALL>> : com.obs.mobile_tablet.MainActivity/a:(Landroid/view/LayoutInflater;Landroid/view/ViewGroup;Landroid/os/Bundle;)Landroid/view/View;:372308  =>  android.view.View/setOnClickListener:(Landroid/view/View$OnClickListener;)V:1bf5f8
	1:compareBackwardBranch: 1:1323 : <<BRANCH>> : com.obs.android.shared.a.a/a:(Landroid/content/Context;)Z:356454  =>  com.obs.android.shared.a.a/a:(Landroid/content/Context;)Z:35644e
java.lang.System/exit:(I)V:343f26		=(rels)=>		1
[*] Unique action: 1:1354 : <<CALL>> : com.obs.android.shared.CBSApplication/b:()V:343f26  =>  java.lang.System/exit:(I)V:ea908
	1:compareBackwardBranch: 1:1135 : <<BRANCH>> : com.obs.android.shared.CBSApplication/b:(Landroid/content/Context;)Z:344a1e  =>  com.obs.android.shared.CBSApplication/b:(Landroid/content/Context;)Z:344a28
android.view.View/setOnClickListener:(Landroid/view/View$OnClickListener;)V:390a46		=(rels)=>		1
[*] Unique action: 1:94552 : <<CALL>> : com.obs.mobile_tablet.navigation.MainNavigation_ViewBinding/<init>:(Lcom/obs/mobile_tablet/navigation/MainNavigation;Landroid/view/View;)V:390a46  =>  android.view.View/setOnClickListener:(Landroid/view/View$OnClickListener;)V:1bf5f8
	1:compareBackwardBranch2: 1:1323 : <<BRANCH>> : com.obs.android.shared.a.a/a:(Landroid/content/Context;)Z:356454  =>  com.obs.android.shared.a.a/a:(Landroid/content/Context;)Z:35644e
Entry: 3562d0
com.obs.android.shared.a.a/a:(Landroid/content/Context;)Z: 356454 -> 35644e
		com.obs.android.shared.a.a/a:(Landroid/content/Context;)Z: 184 -> 17e
addPatchReadme: java.lang.Class<com.obs.android.shared.a.a>a(Landroid/content/Context;)Z 184 t
159ceeed: [+] Patches found in this round: 1
159ceeed: [*] Found Patch size: 1
Target PID : 
	1:compareBackwardBranch: 1:1135 : <<BRANCH>> : com.obs.android.shared.CBSApplication/b:(Landroid/content/Context;)Z:344a1e  =>  com.obs.android.shared.CBSApplication/b:(Landroid/content/Context;)Z:344a28
java.lang.System/exit:(I)V:343f26		=(rels)=>		1
[*] Unique action: 1:694 : <<CALL>> : com.obs.android.shared.CBSApplication/b:()V:343f26  =>  java.lang.System/exit:(I)V:ea908
ExitReason-Code: 6 (/home/santapark/Extended3/DEEPerence/reEx/devDebug_sample19@devRoot-D-R@devDebug-D-R.obfuscated_flattened.ilog)
159ceeed: 	@@@Found patch addr: 356464
159ceeed: Querying offset: 356454
159ceeed: 	--Add method name to patch = com.obs.android.shared.a.a/a:(Landroid/content/Context;)Z 	356454
	1:compareBackwardBranch2: 1:1135 : <<BRANCH>> : com.obs.android.shared.CBSApplication/b:(Landroid/content/Context;)Z:344a1e  =>  com.obs.android.shared.CBSApplication/b:(Landroid/content/Context;)Z:344a28
Entry: 344064
com.obs.android.shared.CBSApplication/b:(Landroid/content/Context;)Z: 344a1e -> 344a28
		com.obs.android.shared.CBSApplication/b:(Landroid/content/Context;)Z: 9ba -> 9c4
addPatchReadme: java.lang.Class<com.obs.android.shared.CBSApplication>b(Landroid/content/Context;)Z 9ba t
b29e6a69: [+] Patches found in this round: 1
b29e6a69: [*] Found Patch size: 1
Target PID : 
ExitReason-Code: 6 (/home/santapark/Extended3/DEEPerence/reEx/devRoot_sample19@devRoot-D-R@devDebug-D-R.obfuscated_flattened.ilog)
b29e6a69: 	@@@Found patch addr: 344a2e
b29e6a69: Querying offset: 344a1e
b29e6a69: 	--Add method name to patch = com.obs.android.shared.CBSApplication/b:(Landroid/content/Context;)Z 	344a1e
Devices presenting anti-analysis: 
	devRoot
	devDebug
b29e6a69: patching method: com.obs.android.shared.CBSApplication/b:(Landroid/content/Context;)Z
b29e6a69: outDir - /home/santapark/Extended3/DEEPerence/reEx/sample19.apk@devRoot-D-R@devDebug-D-R.apk.obfuscated_flattened_devRoot
Wow!!!!!  --  com.obs.android.shared.CBSApplication/b:(Landroid/content/Context;)Z
fallthrough: 9be
branchTarget: 9c4
label = cond_11
GOTO -- 9be 	9c4
axmlPath: /home/santapark/Extended3/DEEPerence/reEx/sample19.apk@devRoot-D-R@devDebug-D-R.apk.obfuscated_flattened_devRoot/AndroidManifest.xml
outDir: /home/santapark/Extended3/DEEPerence/reEx/sample19.apk@devRoot-D-R@devDebug-D-R.apk.obfuscated_flattened_devRoot/sample19.apk@devRoot-D-R@devDebug-D-R.apk.obfuscated_flattened.apk
b29e6a69: Patched APK File: /home/santapark/Extended3/DEEPerence/reEx/sample19.apk@devRoot-D-R@devDebug-D-R.apk.obfuscated_flattened_devRoot/signed_sample19.apk@devRoot-D-R@devDebug-D-R.apk.obfuscated_flattened.apk
b29e6a69: First address of Lcom/obs/android/shared/CBSApplication;->b(Landroid/content/Context;)Z = 344074
b29e6a69: Address - Lcom/obs/android/shared/CBSApplication;->b(Landroid/content/Context;)Z@9ba	 lastOffset = 1b38
b29e6a69: Instruction@@: IF_NEZ
159ceeed: patching method: com.obs.android.shared.a.a/a:(Landroid/content/Context;)Z
159ceeed: outDir - /home/santapark/Extended3/DEEPerence/reEx/sample19.apk@devRoot-D-R@devDebug-D-R.apk.obfuscated_flattened_devDebug
Wow!!!!!  --  com.obs.android.shared.a.a/a:(Landroid/content/Context;)Z
fallthrough: 188
branchTarget: 17e
label = cond_1
GOTO -- 188 	17e
axmlPath: /home/santapark/Extended3/DEEPerence/reEx/sample19.apk@devRoot-D-R@devDebug-D-R.apk.obfuscated_flattened_devDebug/AndroidManifest.xml
outDir: /home/santapark/Extended3/DEEPerence/reEx/sample19.apk@devRoot-D-R@devDebug-D-R.apk.obfuscated_flattened_devDebug/sample19.apk@devRoot-D-R@devDebug-D-R.apk.obfuscated_flattened.apk
159ceeed: Patched APK File: /home/santapark/Extended3/DEEPerence/reEx/sample19.apk@devRoot-D-R@devDebug-D-R.apk.obfuscated_flattened_devDebug/signed_sample19.apk@devRoot-D-R@devDebug-D-R.apk.obfuscated_flattened.apk
159ceeed: First address of Lcom/obs/android/shared/a/a;->a(Landroid/content/Context;)Z = 3562e0
159ceeed: Address - Lcom/obs/android/shared/a/a;->a(Landroid/content/Context;)Z@184	 lastOffset = 450
159ceeed: Instruction@@: IF_EQZ
b29e6a69: (Not Installed) Trying remove : true
159ceeed: (Not Installed) Trying remove : true
Installing apk: /home/santapark/Extended3/DEEPerence/reEx/sample19.apk@devRoot-D-R@devDebug-D-R.apk.obfuscated_flattened_devRoot/signed_sample19.apk@devRoot-D-R@devDebug-D-R.apk.obfuscated_flattened.apk
Installing apk: /home/santapark/Extended3/DEEPerence/reEx/sample19.apk@devRoot-D-R@devDebug-D-R.apk.obfuscated_flattened_devDebug/signed_sample19.apk@devRoot-D-R@devDebug-D-R.apk.obfuscated_flattened.apk
159ceeed: Installation Success
b29e6a69: Installation Success
b29e6a69: startApplication called! - devRoot
159ceeed: startApplication called! - devDebug
159ceeed: Collecting logcat... (/home/santapark/Extended3/DEEPerence/reEx/devDebug_sample19@devRoot-D-R@devDebug-D-R.obfuscated_flattened.ilog)
b29e6a69: Collecting logcat... (/home/santapark/Extended3/DEEPerence/reEx/devRoot_sample19@devRoot-D-R@devDebug-D-R.obfuscated_flattened.ilog)
b29e6a69: Running Application: com.obs.android.olm.sunflower.prod
PIDs--------------------------------------------------------------------------
u0_a776       32099    423 13798916 105740 0                  0 R com.obs.android.olm.sunflower.prod
forward tcp:35535 jdwp:32099
[*]Found JDWP Target: 32099
159ceeed: Running Application: com.obs.android.olm.sunflower.prod
PIDs--------------------------------------------------------------------------
u0_a776       32099    423 14108784 155700 0                  0 S com.obs.android.olm.sunflower.prod
159ceeed: Tryging attach jdb to 32099
jdb -connect com.sun.jdi.SocketAttach:hostname=localhost,port=35535
159ceeed: Running is done - starting comparing... : 10001
159ceeed: Terminated logcat thread...by itself
159ceeed: Top-activity: com.android.launcher3/.Launcher
PIDs--------------------------------------------------------------------------
159ceeed: savedPid = null
PIDs--------------------------------------------------------------------------
159ceeed: savedPid2 = null
Stopping app: com.obs.android.olm.sunflower.prod
Tryging remove : uninstall com.obs.android.olm.sunflower.prod(com.obs.android.olm.sunflower.prod)
159ceeed: Remove Success
159ceeed: ilog file size: 48890300
159ceeed: End of collecting logcat...
b29e6a69: Terminated logcat thread...by itself
b29e6a69: Top-activity: com.obs.android.olm.sunflower.prod/com.obs.android.shared.RegistrationActivity
PIDs--------------------------------------------------------------------------
u0_a439       26474    430 14209120 178264 0                  0 S com.obs.android.olm.sunflower.prod
b29e6a69: savedPid = 26474
PIDs--------------------------------------------------------------------------
u0_a439       26474    430 14209120 178264 0                  0 S com.obs.android.olm.sunflower.prod
b29e6a69: savedPid2 = 26474
Stopping app: com.obs.android.olm.sunflower.prod
Tryging remove : uninstall com.obs.android.olm.sunflower.prod(com.obs.android.olm.sunflower.prod)
b29e6a69: Remove Success
b29e6a69: ilog file size: 190600757
b29e6a69: End of collecting logcat...
HPFinder's try count remains: 28
Target PID : 14203
Target PID : 14203
ExitReason-Code: 1 (/home/santapark/Extended3/DEEPerence/reEx/devRef_sample19@devRoot-D-R@devDebug-D-R.obfuscated_flattened.ilog)
Target PID : 26474
ExitReason-Code: 1 (/home/santapark/Extended3/DEEPerence/reEx/devRef_sample19@devRoot-D-R@devDebug-D-R.obfuscated_flattened.ilog)
Target PID : 
ExitReason-Code: 6 (/home/santapark/Extended3/DEEPerence/reEx/devDebug_sample19@devRoot-D-R@devDebug-D-R.obfuscated_flattened.ilog)
159ceeed: adding filter -- 356454
ExitReason-Code: 1 (/home/santapark/Extended3/DEEPerence/reEx/devRoot_sample19@devRoot-D-R@devDebug-D-R.obfuscated_flattened.ilog)
b29e6a69: adding filter -- 344a1e
[*] FlowManager: adjust finished.
-- current localPatchFilter: 356454
Action is completely same :)
java.lang.System/exit:(I)V:343f26		=(rels)=>		1
[*] Unique action: 16:242206 : <<CALL>> : com.obs.android.shared.CBSApplication/b:()V:343f26  =>  java.lang.System/exit:(I)V:ea908
	1:compareBackwardBranch2: 15:1278 : <<BRANCH>> : com.obs.android.shared.a.a$1/run:()V:35614e  =>  com.obs.android.shared.a.a$1/run:()V:356140
Entry: 356088
com.obs.android.shared.a.a$1/run:()V: 35614e -> 356140
		com.obs.android.shared.a.a$1/run:()V: c6 -> b8
addPatchReadme: java.lang.Class<com.obs.android.shared.a.a$1>run()V c6 t
159ceeed: [+] Patches found in this round: 1
159ceeed: [*] Found Patch size: 1
Target PID : 
ExitReason-Code: 6 (/home/santapark/Extended3/DEEPerence/reEx/devDebug_sample19@devRoot-D-R@devDebug-D-R.obfuscated_flattened.ilog)
159ceeed: @@localPatchFilter -- 356464
159ceeed: 	@@@Found patch addr: 35615e
159ceeed: Querying offset: 35614e
159ceeed: 	--Add method name to patch = com.obs.android.shared.a.a$1/run:()V 	35614e
[*] FlowManager: adjust finished.
-- current localPatchFilter: 344a1e
Action is completely same :)
Action is completely same :)
b29e6a69: There is no difference. (tryAgain=false)
Devices presenting anti-analysis: 
	devDebug
159ceeed: patching method: com.obs.android.shared.a.a/a:(Landroid/content/Context;)Z
159ceeed: patching method: com.obs.android.shared.a.a$1/run:()V
159ceeed: outDir - /home/santapark/Extended3/DEEPerence/reEx/sample19.apk@devRoot-D-R@devDebug-D-R.apk.obfuscated_flattened_devDebug
Wow!!!!!  --  com.obs.android.shared.a.a$1/run:()V
fallthrough: ca
branchTarget: b8
label = cond_0
GOTO -- ca 	b8
Wow!!!!!  --  com.obs.android.shared.a.a/a:(Landroid/content/Context;)Z
fallthrough: 188
branchTarget: 17e
label = cond_1
GOTO -- 188 	17e
axmlPath: /home/santapark/Extended3/DEEPerence/reEx/sample19.apk@devRoot-D-R@devDebug-D-R.apk.obfuscated_flattened_devDebug/AndroidManifest.xml
outDir: /home/santapark/Extended3/DEEPerence/reEx/sample19.apk@devRoot-D-R@devDebug-D-R.apk.obfuscated_flattened_devDebug/sample19.apk@devRoot-D-R@devDebug-D-R.apk.obfuscated_flattened.apk
159ceeed: Patched APK File: /home/santapark/Extended3/DEEPerence/reEx/sample19.apk@devRoot-D-R@devDebug-D-R.apk.obfuscated_flattened_devDebug/signed_sample19.apk@devRoot-D-R@devDebug-D-R.apk.obfuscated_flattened.apk
159ceeed: First address of Lcom/obs/android/shared/a/a;->a(Landroid/content/Context;)Z = 3562e0
159ceeed: Address - Lcom/obs/android/shared/a/a;->a(Landroid/content/Context;)Z@184	 lastOffset = 450
159ceeed: Instruction@@: IF_EQZ
159ceeed: First address of Lcom/obs/android/shared/a/a$1;->run()V = 356098
159ceeed: Address - Lcom/obs/android/shared/a/a$1;->run()V@c6	 lastOffset = 164
159ceeed: Instruction@@: IF_EQZ
159ceeed: (Not Installed) Trying remove : true
Installing apk: /home/santapark/Extended3/DEEPerence/reEx/sample19.apk@devRoot-D-R@devDebug-D-R.apk.obfuscated_flattened_devDebug/signed_sample19.apk@devRoot-D-R@devDebug-D-R.apk.obfuscated_flattened.apk
159ceeed: Installation Success
159ceeed: startApplication called! - devDebug
159ceeed: Collecting logcat... (/home/santapark/Extended3/DEEPerence/reEx/devDebug_sample19@devRoot-D-R@devDebug-D-R.obfuscated_flattened.ilog)
PIDs--------------------------------------------------------------------------
u0_a777       32235    423 13816360 106180 0                  0 S com.obs.android.olm.sunflower.prod
forward tcp:35535 jdwp:32235
[*]Found JDWP Target: 32235
159ceeed: Running Application: com.obs.android.olm.sunflower.prod
PIDs--------------------------------------------------------------------------
u0_a777       32235    423 14108784 156352 0                  0 S com.obs.android.olm.sunflower.prod
159ceeed: Tryging attach jdb to 32235
jdb -connect com.sun.jdi.SocketAttach:hostname=localhost,port=35535
159ceeed: Terminated logcat thread...by itself
159ceeed: Top-activity: com.obs.android.olm.sunflower.prod/com.obs.android.shared.RegistrationActivity
PIDs--------------------------------------------------------------------------
u0_a777       32235    423 14200576 189148 0                  0 S com.obs.android.olm.sunflower.prod
159ceeed: savedPid = 32235
PIDs--------------------------------------------------------------------------
u0_a777       32235    423 14200576 189148 0                  0 S com.obs.android.olm.sunflower.prod
159ceeed: savedPid2 = 32235
Stopping app: com.obs.android.olm.sunflower.prod
Tryging remove : uninstall com.obs.android.olm.sunflower.prod(com.obs.android.olm.sunflower.prod)
159ceeed: Remove Success
159ceeed: ilog file size: 111821481
159ceeed: End of collecting logcat...
HPFinder's try count remains: 27
Target PID : 14203
ExitReason-Code: 1 (/home/santapark/Extended3/DEEPerence/reEx/devRef_sample19@devRoot-D-R@devDebug-D-R.obfuscated_flattened.ilog)
Target PID : 32235
ExitReason-Code: 1 (/home/santapark/Extended3/DEEPerence/reEx/devDebug_sample19@devRoot-D-R@devDebug-D-R.obfuscated_flattened.ilog)
159ceeed: adding filter -- 356454
159ceeed: adding filter -- 35614e
[*] FlowManager: adjust finished.
-- current localPatchFilter: 356454
-- current localPatchFilter: 35614e
Action is completely same :)
Action is completely same :)
159ceeed: There is no difference. (tryAgain=false)
-- HPFinder will be done in this iteration :)
hasAntiAnalysis? - devTamper: false on com.obs.android.messenger.MainActivity
hasAntiAnalysis? - devRoot: true on com.obs.android.messenger.MainActivity
	isRemovedThem? - devRoot: true on com.obs.android.messenger.MainActivity	-	tryCount: 1
hasAntiAnalysis? - devDebug: true on com.obs.android.messenger.MainActivity
	isRemovedThem? - devDebug: true on com.obs.android.messenger.MainActivity	-	tryCount: 2
*****REPORT: com.obs.android.olm.sunflower.prod
* Package name: com.obs.android.olm.sunflower.prod
* Running time: 540
* FileSize: 6003279
devTamper : 111734497
devRef : 182067198
devRoot : 190600757
devDebug : 111821481
hasAntiAnalysis? - devTamper: false on com.obs.android.messenger.MainActivity
hasAntiAnalysis? - devRoot: true on com.obs.android.messenger.MainActivity
	isRemovedThem? - devRoot: true on com.obs.android.messenger.MainActivity	-	tryCount: 1
hasAntiAnalysis? - devDebug: true on com.obs.android.messenger.MainActivity
	isRemovedThem? - devDebug: true on com.obs.android.messenger.MainActivity	-	tryCount: 2
46604b9f: trying remove : com.obs.android.olm.sunflower.prod
3601a6ff: trying remove : com.obs.android.olm.sunflower.prod
b29e6a69: trying remove : com.obs.android.olm.sunflower.prod
159ceeed: trying remove : com.obs.android.olm.sunflower.prod
46604b9f: (Not Installed) Trying remove : true
46604b9f: -- Success
46604b9f: result = true
b29e6a69: (Not Installed) Trying remove : true
b29e6a69: -- Success
b29e6a69: result = true
159ceeed: (Not Installed) Trying remove : true
159ceeed: -- Success
159ceeed: result = true
3601a6ff: (Not Installed) Trying remove : true
3601a6ff: -- Success
3601a6ff: result = true
3601a6ff: isFailedToLaunch: com.obs.android.olm.sunflower.prod/com.obs.android.shared.RegistrationActivity
3601a6ff: 	--result: Good :)
