axmlPath: /home/santapark/Extended3/DEEPerence/reEx/sample91.apk@devRoot-D-R.apk.obfuscated/AndroidManifest.xml
launchable-activity: name='com.crizen.mobile.smartsign.activity.ActivitySmartSign'  label='스마트사인' icon=''
{RECEIVER, com.crizen.mobile.smartsign.receiver.GcmBroadcastReceiver, com.google.android.c2dm.intent.RECEIVE, com.google.android.c2dm.intent.REGISTRATION}
{SERVICE, com.crizen.mobile.smartsign.service.GcmIntentService}
{ACTIVITY, com.crizen.mobile.smartsign.activity.ActivitySmartSign, android.intent.action.MAIN}
{ACTIVITY, com.crizen.mobile.smartsign.activity.ActivityContract}
{ACTIVITY, com.crizen.mobile.smartsign.activity.ActivityCriticalSteps}
{ACTIVITY, com.crizen.mobile.smartsign.activity.ActivityLogo}
{ACTIVITY, com.crizen.mobile.smartsign.activity.ActivityWebViewLogo}
{ACTIVITY, com.crizen.mobile.smartsign.activity.ActivityWebView}
{ACTIVITY, com.crizen.mobile.smartsign.activity.ActivityAgreement}
{ACTIVITY, com.crizen.mobile.smartsign.activity.ActivityAgreementDetail}
{ACTIVITY, com.crizen.mobile.smartsign.activity.ActivityCertificate}
{ACTIVITY, com.crizen.mobile.smartsign.activity.ActivityCertificateWebView}
{ACTIVITY, com.crizen.mobile.smartsign.activity.ActivityContractHistory}
{ACTIVITY, com.crizen.mobile.smartsign.activity.ActivityContractSummarize}
{ACTIVITY, com.crizen.mobile.smartsign.activity.ActivityContractSummarizeDetail}
{ACTIVITY, com.crizen.mobile.smartsign.activity.ActivityContractSample}
{ACTIVITY, com.crizen.mobile.smartsign.activity.ActivityContractSignature}
{ACTIVITY, com.crizen.mobile.smartsign.activity.ActivityContractDetail}
{ACTIVITY, com.crizen.mobile.smartsign.activity.ActivityContractComplete}
{ACTIVITY, com.crizen.mobile.smartsign.activity.ActivityContractHistoryDetail}
{ACTIVITY, com.crizen.mobile.smartsign.activity.AgreementActivity}
{ACTIVITY, com.crizen.mobile.smartsign.activity.ActivityNotify}
{ACTIVITY, com.google.android.gms.common.api.GoogleApiActivity}
{RECEIVER, com.crizen.mobile.smartsign.receiver.GcmBroadcastReceiver, com.google.android.c2dm.intent.RECEIVE, com.google.android.c2dm.intent.REGISTRATION}
{SERVICE, com.crizen.mobile.smartsign.service.GcmIntentService}
{ACTIVITY, com.crizen.mobile.smartsign.activity.ActivitySmartSign, android.intent.action.MAIN}
{ACTIVITY, com.crizen.mobile.smartsign.activity.ActivityContract}
{ACTIVITY, com.crizen.mobile.smartsign.activity.ActivityCriticalSteps}
{ACTIVITY, com.crizen.mobile.smartsign.activity.ActivityLogo}
{ACTIVITY, com.crizen.mobile.smartsign.activity.ActivityWebViewLogo}
{ACTIVITY, com.crizen.mobile.smartsign.activity.ActivityWebView}
{ACTIVITY, com.crizen.mobile.smartsign.activity.ActivityAgreement}
{ACTIVITY, com.crizen.mobile.smartsign.activity.ActivityAgreementDetail}
{ACTIVITY, com.crizen.mobile.smartsign.activity.ActivityCertificate}
{ACTIVITY, com.crizen.mobile.smartsign.activity.ActivityCertificateWebView}
{ACTIVITY, com.crizen.mobile.smartsign.activity.ActivityContractHistory}
{ACTIVITY, com.crizen.mobile.smartsign.activity.ActivityContractSummarize}
{ACTIVITY, com.crizen.mobile.smartsign.activity.ActivityContractSummarizeDetail}
{ACTIVITY, com.crizen.mobile.smartsign.activity.ActivityContractSample}
{ACTIVITY, com.crizen.mobile.smartsign.activity.ActivityContractSignature}
{ACTIVITY, com.crizen.mobile.smartsign.activity.ActivityContractDetail}
{ACTIVITY, com.crizen.mobile.smartsign.activity.ActivityContractComplete}
{ACTIVITY, com.crizen.mobile.smartsign.activity.ActivityContractHistoryDetail}
{ACTIVITY, com.crizen.mobile.smartsign.activity.AgreementActivity}
{ACTIVITY, com.crizen.mobile.smartsign.activity.ActivityNotify}
{ACTIVITY, com.google.android.gms.common.api.GoogleApiActivity}
_getAllDexFiles: /home/santapark/Extended3/DEEPerence/reEx/sample91.apk@devRoot-D-R.apk.obfuscated/classes.dex
----------------/home/santapark/Extended3/DEEPerence/reEx/sample91.apk@devRoot-D-R.apk.obfuscated.apk
dexFile = org.jf.dexlib2.dexbacked.DexBackedDexFile@13e344d
com.crizen.mobile.smartsign
com.crizen.mobile.smartsign.activity.ActivitySmartSign
debuggable: true
3601a6ff: (Not Installed) Trying remove : true
3601a6ff: -- Success
46604b9f: (Not Installed) Trying remove : true
46604b9f: -- Success
b29e6a69: (Not Installed) Trying remove : true
b29e6a69: -- Success
159ceeed: (Not Installed) Trying remove : true
159ceeed: -- Success
Installing apk: /home/santapark/Extended3/DEEPerence/reEx/sample91.apk@devRoot-D-R.apk.obfuscated.apk
Installing apk: /home/santapark/Extended3/DEEPerence/reEx/sample91.apk@devRoot-D-R.apk.obfuscated.apk
axmlPath: /home/santapark/Extended3/DEEPerence/reEx/sample91.apk@devRoot-D-R.apk.obfuscated_46604b9f/AndroidManifest.xml
outDir: /home/santapark/Extended3/DEEPerence/reEx/sample91.apk@devRoot-D-R.apk.obfuscated_46604b9f/sample91.apk@devRoot-D-R.apk.obfuscated.apk
axmlPath: /home/santapark/Extended3/DEEPerence/reEx/sample91.apk@devRoot-D-R.apk.obfuscated/AndroidManifest.xml
outDir: /home/santapark/Extended3/DEEPerence/reEx/sample91.apk@devRoot-D-R.apk.obfuscated/sample91.apk@devRoot-D-R.apk.obfuscated.apk
3601a6ff: Installation Success
b29e6a69: Installation Success
159ceeed: Installing debuggable .apk file: 
Installing apk: /home/santapark/Extended3/DEEPerence/reEx/sample91.apk@devRoot-D-R.apk.obfuscated/signed_sample91.apk@devRoot-D-R.apk.obfuscated.apk
46604b9f: Installing repackaged apk File: 
Installing apk: /home/santapark/Extended3/DEEPerence/reEx/sample91.apk@devRoot-D-R.apk.obfuscated_46604b9f/signed_sample91.apk@devRoot-D-R.apk.obfuscated.apk
159ceeed: Installation Success
46604b9f: Installation Success
46604b9f: startApplication called! - devTamper
3601a6ff: startApplication called! - devRef
b29e6a69: startApplication called! - devRoot
159ceeed: startApplication called! - devDebug
b29e6a69: Collecting logcat... (/home/santapark/Extended3/DEEPerence/reEx/devRoot_sample91@devRoot-D-R.obfuscated.ilog)
159ceeed: Collecting logcat... (/home/santapark/Extended3/DEEPerence/reEx/devDebug_sample91@devRoot-D-R.obfuscated.ilog)
46604b9f: Collecting logcat... (/home/santapark/Extended3/DEEPerence/reEx/devTamper_sample91@devRoot-D-R.obfuscated.ilog)
3601a6ff: Collecting logcat... (/home/santapark/Extended3/DEEPerence/reEx/devRef_sample91@devRoot-D-R.obfuscated.ilog)
b29e6a69: Running Application: com.crizen.mobile.smartsign
46604b9f: Running Application: com.crizen.mobile.smartsign
3601a6ff: Running Application: com.crizen.mobile.smartsign
PIDs--------------------------------------------------------------------------
u0_a725       15483    429 14028132 111836 0                  0 R com.crizen.mobile.smartsign
forward tcp:5005 jdwp:15483
[*]Found JDWP Target: 15483
159ceeed: Running Application: com.crizen.mobile.smartsign
b29e6a69: Running is done - starting comparing... : 5001
b29e6a69: Terminated logcat thread...by itself
b29e6a69: Top-activity: com.crizen.mobile.smartsign/.activity.ActivityLogo
PIDs--------------------------------------------------------------------------
u0_a3109      22647    429 14001436 134220 0                  0 S com.crizen.mobile.smartsign
PIDs--------------------------------------------------------------------------
u0_a3109      22647    429 14001436 134220 0                  0 S com.crizen.mobile.smartsign
Stopping app: com.crizen.mobile.smartsign
Tryging remove : uninstall com.crizen.mobile.smartsign(com.crizen.mobile.smartsign)
b29e6a69: Remove Success
b29e6a69: ilog file size: 207388
b29e6a69: End of collecting logcat...
3601a6ff: Top-activity: com.crizen.mobile.smartsign/.activity.ActivityCriticalSteps
PIDs--------------------------------------------------------------------------
u0_a224        5040    407 14168808 136924 0                  0 S com.crizen.mobile.smartsign
3601a6ff: Terminated logcat thread...by itself
PIDs--------------------------------------------------------------------------
u0_a224        5040    407 14168808 136924 0                  0 S com.crizen.mobile.smartsign
Stopping app: com.crizen.mobile.smartsign
46604b9f: Top-activity: com.crizen.mobile.smartsign/.activity.ActivityCriticalSteps
PIDs--------------------------------------------------------------------------
u0_a914       22653    425 14157604 136876 0                  0 S com.crizen.mobile.smartsign
46604b9f: Terminated logcat thread...by itself
PIDs--------------------------------------------------------------------------
u0_a914       22653    425 14157604 136876 0                  0 S com.crizen.mobile.smartsign
Stopping app: com.crizen.mobile.smartsign
159ceeed: Top-activity: com.crizen.mobile.smartsign/.activity.ActivityCriticalSteps
PIDs--------------------------------------------------------------------------
u0_a725       15483    429 14102320 137928 0                  0 S com.crizen.mobile.smartsign
159ceeed: Terminated logcat thread...by itself
Tryging remove : uninstall com.crizen.mobile.smartsign(com.crizen.mobile.smartsign)
3601a6ff: Remove Success
3601a6ff: ilog file size: 74856213
3601a6ff: End of collecting logcat...
PIDs--------------------------------------------------------------------------
u0_a725       15483    429 14102320 137928 0                  0 S com.crizen.mobile.smartsign
Stopping app: com.crizen.mobile.smartsign
Tryging remove : uninstall com.crizen.mobile.smartsign(com.crizen.mobile.smartsign)
46604b9f: Remove Success
46604b9f: ilog file size: 75472617
46604b9f: End of collecting logcat...
Tryging remove : uninstall com.crizen.mobile.smartsign(com.crizen.mobile.smartsign)
159ceeed: Remove Success
159ceeed: ilog file size: 78425638
159ceeed: End of collecting logcat...
HPFinder's try count remains: 19
46604b9f: isFailedToLaunch: com.crizen.mobile.smartsign/.activity.ActivityCriticalSteps
46604b9f: 	--result: Good :)
b29e6a69: isFailedToLaunch: com.crizen.mobile.smartsign/.activity.ActivityLogo
b29e6a69: 	--result: Good :)
159ceeed: isFailedToLaunch: com.crizen.mobile.smartsign/.activity.ActivityCriticalSteps
159ceeed: 	--result: Good :)
ExitReason-Code: 1 (/home/santapark/Extended3/DEEPerence/reEx/devRef_sample91@devRoot-D-R.obfuscated.ilog)
ExitReason-Code: 1 (/home/santapark/Extended3/DEEPerence/reEx/devRef_sample91@devRoot-D-R.obfuscated.ilog)
ExitReason-Code: 1 (/home/santapark/Extended3/DEEPerence/reEx/devRoot_sample91@devRoot-D-R.obfuscated.ilog)
[*] FlowManager: adjust finished.
[GOOD]: Anti-analysis is identified! :) -- 1 --devRoot
android.app.Activity/startActivity:(Landroid/content/Intent;)V:54c626		=(rels)=>		1
[*] Unique action: 1:7536 : <<CALL>> : com.gun0912.tedpermission.TedInstance/checkPermissions:()V:54c626  =>  android.app.Activity/startActivity:(Landroid/content/Intent;)V:19cda0
	1:compareBackwardBranch: 1:835 : <<BRANCH>> : com.crizen.mobile.smartsign.activity.ActivityLogo/init:()V:4e3276  =>  com.crizen.mobile.smartsign.activity.ActivityLogo/init:()V:4e3418
android.widget.TextView/setText:(Ljava/lang/CharSequence;)V:4ef39e		=(rels)=>		1
[*] Unique action: 1:784 : <<CALL>> : com.crizen.mobile.smartsign.util.CrizenDialog/makeLayout:()V:4ef39e  =>  android.widget.TextView/setText:(Ljava/lang/CharSequence;)V:29ee34
	1:compareBackwardBranch: 1:721 : <<BRANCH>> : com.crizen.mobile.smartsign.activity.ActivityLogo/init:()V:4e3276  =>  com.crizen.mobile.smartsign.activity.ActivityLogo/init:()V:4e3408
android.view.View/setOnClickListener:(Landroid/view/View$OnClickListener;)V:4ef3a8		=(rels)=>		1
[*] Unique action: 1:785 : <<CALL>> : com.crizen.mobile.smartsign.util.CrizenDialog/makeLayout:()V:4ef3a8  =>  android.view.View/setOnClickListener:(Landroid/view/View$OnClickListener;)V:1bf5f8
	1:compareBackwardBranch: 1:721 : <<BRANCH>> : com.crizen.mobile.smartsign.activity.ActivityLogo/init:()V:4e3276  =>  com.crizen.mobile.smartsign.activity.ActivityLogo/init:()V:4e3408
android.app.Dialog/show:()V:4f40b2		=(rels)=>		1
[*] Unique action: 1:733 : <<CALL>> : com.crizen.mobile.smartsign.util.EventUtil/openDialog:(Landroid/content/Context;Ljava/lang/String;Ljava/lang/String;Landroid/view/View$OnClickListener;Landroid/view/View$OnClickListener;Landroid/view/View$OnClickListener;Ljava/lang/String;Ljava/lang/String;Ljava/lang/String;IZ)V:4f40b2  =>  android.app.Dialog/show:()V:1b4adc
	1:compareBackwardBranch: 1:721 : <<BRANCH>> : com.crizen.mobile.smartsign.activity.ActivityLogo/init:()V:4e3276  =>  com.crizen.mobile.smartsign.activity.ActivityLogo/init:()V:4e3408
Entry: 4e31c0
com.crizen.mobile.smartsign.activity.ActivityLogo/init:()V: 4e3276 -> 4e3408
		com.crizen.mobile.smartsign.activity.ActivityLogo/init:()V: b6 -> 248
addPatchReadme: java.lang.Class<com.crizen.mobile.smartsign.activity.ActivityLogo>init()V b6 t
ExitReason-Code: 1 (/home/santapark/Extended3/DEEPerence/reEx/devRef_sample91@devRoot-D-R.obfuscated.ilog)
ExitReason-Code: 1 (/home/santapark/Extended3/DEEPerence/reEx/devRoot_sample91@devRoot-D-R.obfuscated.ilog)
b29e6a69: Patch size: 1
ExitReason-Code: 1 (/home/santapark/Extended3/DEEPerence/reEx/devDebug_sample91@devRoot-D-R.obfuscated.ilog)
ExitReason-Code: 1 (/home/santapark/Extended3/DEEPerence/reEx/devTamper_sample91@devRoot-D-R.obfuscated.ilog)
[*] FlowManager: adjust finished.
Action is completely same :)
Action is completely same :)
159ceeed: There is no difference. (tryAgain=false)
[*] FlowManager: adjust finished.
Action is completely same :)
Action is completely same :)
46604b9f: There is no difference. (tryAgain=false)
Devices presenting anti-analysis: 
	devRoot
b29e6a69: outDir - /home/santapark/Extended3/DEEPerence/reEx/sample91.apk@devRoot-D-R.apk.obfuscated_devRoot
Wow!!!!!  --  com.crizen.mobile.smartsign.activity.ActivityLogo/init:()V
fallthrough: bc
branchTarget: 248
label = sswitch_data_0
GOTO -- bc 	248
axmlPath: /home/santapark/Extended3/DEEPerence/reEx/sample91.apk@devRoot-D-R.apk.obfuscated_devRoot/AndroidManifest.xml
outDir: /home/santapark/Extended3/DEEPerence/reEx/sample91.apk@devRoot-D-R.apk.obfuscated_devRoot/sample91.apk@devRoot-D-R.apk.obfuscated.apk
b29e6a69: Patched APK File: /home/santapark/Extended3/DEEPerence/reEx/sample91.apk@devRoot-D-R.apk.obfuscated_devRoot/signed_sample91.apk@devRoot-D-R.apk.obfuscated.apk
b29e6a69: First address of Lcom/crizen/mobile/smartsign/activity/ActivityLogo;->init()V = 4e31d0
b29e6a69: Address - Lcom/crizen/mobile/smartsign/activity/ActivityLogo;->init()V@b6	 lastOffset = 33c
b29e6a69: Instruction@@: SPARSE_SWITCH
b29e6a69: (Not Installed) Trying remove : true
Installing apk: /home/santapark/Extended3/DEEPerence/reEx/sample91.apk@devRoot-D-R.apk.obfuscated_devRoot/signed_sample91.apk@devRoot-D-R.apk.obfuscated.apk
b29e6a69: Installation Success
b29e6a69: startApplication called! - devRoot
b29e6a69: Collecting logcat... (/home/santapark/Extended3/DEEPerence/reEx/devRoot_sample91@devRoot-D-R.obfuscated.ilog)
b29e6a69: Running Application: com.crizen.mobile.smartsign
b29e6a69: Running is done - starting comparing... : 5001
b29e6a69: Terminated logcat thread...by itself
b29e6a69: Top-activity: com.android.launcher3/.Launcher
PIDs--------------------------------------------------------------------------
PIDs--------------------------------------------------------------------------
Stopping app: com.crizen.mobile.smartsign
Tryging remove : uninstall com.crizen.mobile.smartsign(com.crizen.mobile.smartsign)
b29e6a69: Remove Success
b29e6a69: ilog file size: 422225
b29e6a69: End of collecting logcat...
HPFinder's try count remains: 18
b29e6a69: isFailedToLaunch: com.android.launcher3/.Launcher
b29e6a69: 	--result: Failed :( (1)
/home/santapark/Extended3/DEEPerence/reEx/sample91.apk@devRoot-D-R.apk.obfuscated.apk launch is failed on devRoot
[*] FlowManager: adjust finished.
-- current localPatchFilter: 4e3276
[GOOD]: Anti-analysis is identified! :) -- 1 --devRoot
android.app.Activity/startActivity:(Landroid/content/Intent;)V:54c626		=(rels)=>		1
[*] Unique action: 1:7536 : <<CALL>> : com.gun0912.tedpermission.TedInstance/checkPermissions:()V:54c626  =>  android.app.Activity/startActivity:(Landroid/content/Intent;)V:19cda0
	1:compareBackwardBranch: 1:718 : <<BRANCH>> : com.crizen.mobile.smartsign.activity.ActivityLogo/init:()V:4e329c  =>  com.crizen.mobile.smartsign.activity.ActivityLogo/init:()V:4e3422
android.widget.TextView/setText:(Ljava/lang/CharSequence;)V:4ef39e		=(rels)=>		1
[*] Unique action: 1:784 : <<CALL>> : com.crizen.mobile.smartsign.util.CrizenDialog/makeLayout:()V:4ef39e  =>  android.widget.TextView/setText:(Ljava/lang/CharSequence;)V:29ee34
	1:compareBackwardBranch: 1:718 : <<BRANCH>> : com.crizen.mobile.smartsign.activity.ActivityLogo/init:()V:4e329c  =>  com.crizen.mobile.smartsign.activity.ActivityLogo/init:()V:4e3422
android.view.View/setOnClickListener:(Landroid/view/View$OnClickListener;)V:4ef3a8		=(rels)=>		1
[*] Unique action: 1:785 : <<CALL>> : com.crizen.mobile.smartsign.util.CrizenDialog/makeLayout:()V:4ef3a8  =>  android.view.View/setOnClickListener:(Landroid/view/View$OnClickListener;)V:1bf5f8
	1:compareBackwardBranch: 1:718 : <<BRANCH>> : com.crizen.mobile.smartsign.activity.ActivityLogo/init:()V:4e329c  =>  com.crizen.mobile.smartsign.activity.ActivityLogo/init:()V:4e3422
android.app.Dialog/show:()V:4f40b2		=(rels)=>		1
[*] Unique action: 1:733 : <<CALL>> : com.crizen.mobile.smartsign.util.EventUtil/openDialog:(Landroid/content/Context;Ljava/lang/String;Ljava/lang/String;Landroid/view/View$OnClickListener;Landroid/view/View$OnClickListener;Landroid/view/View$OnClickListener;Ljava/lang/String;Ljava/lang/String;Ljava/lang/String;IZ)V:4f40b2  =>  android.app.Dialog/show:()V:1b4adc
	1:compareBackwardBranch: 1:718 : <<BRANCH>> : com.crizen.mobile.smartsign.activity.ActivityLogo/init:()V:4e329c  =>  com.crizen.mobile.smartsign.activity.ActivityLogo/init:()V:4e3422
Entry: 4e31c0
com.crizen.mobile.smartsign.activity.ActivityLogo/init:()V: 4e329c -> 4e3422
		com.crizen.mobile.smartsign.activity.ActivityLogo/init:()V: dc -> 262
addPatchReadme: java.lang.Class<com.crizen.mobile.smartsign.activity.ActivityLogo>init()V dc t
ExitReason-Code: 4 (/home/santapark/Extended3/DEEPerence/reEx/devRoot_sample91@devRoot-D-R.obfuscated.ilog)
b29e6a69: Patch size: 1
Devices presenting anti-analysis: 
	devRoot
b29e6a69: outDir - /home/santapark/Extended3/DEEPerence/reEx/sample91.apk@devRoot-D-R.apk.obfuscated_devRoot
Wow!!!!!  --  com.crizen.mobile.smartsign.activity.ActivityLogo/init:()V
fallthrough: e2
branchTarget: 262
label = sswitch_data_1
GOTO -- e2 	262
axmlPath: /home/santapark/Extended3/DEEPerence/reEx/sample91.apk@devRoot-D-R.apk.obfuscated_devRoot/AndroidManifest.xml
outDir: /home/santapark/Extended3/DEEPerence/reEx/sample91.apk@devRoot-D-R.apk.obfuscated_devRoot/sample91.apk@devRoot-D-R.apk.obfuscated.apk
b29e6a69: Patched APK File: /home/santapark/Extended3/DEEPerence/reEx/sample91.apk@devRoot-D-R.apk.obfuscated_devRoot/signed_sample91.apk@devRoot-D-R.apk.obfuscated.apk
b29e6a69: First address of Lcom/crizen/mobile/smartsign/activity/ActivityLogo;->init()V = 4e31d0
b29e6a69: Address - Lcom/crizen/mobile/smartsign/activity/ActivityLogo;->init()V@dc	 lastOffset = 33c
b29e6a69: Instruction@@: SPARSE_SWITCH
b29e6a69: (Not Installed) Trying remove : true
Installing apk: /home/santapark/Extended3/DEEPerence/reEx/sample91.apk@devRoot-D-R.apk.obfuscated_devRoot/signed_sample91.apk@devRoot-D-R.apk.obfuscated.apk
b29e6a69: Installation Success
b29e6a69: startApplication called! - devRoot
b29e6a69: Collecting logcat... (/home/santapark/Extended3/DEEPerence/reEx/devRoot_sample91@devRoot-D-R.obfuscated.ilog)
b29e6a69: Running Application: com.crizen.mobile.smartsign
b29e6a69: Running is done - starting comparing... : 5001
b29e6a69: Terminated logcat thread...by itself
b29e6a69: Top-activity: com.android.launcher3/.Launcher
PIDs--------------------------------------------------------------------------
PIDs--------------------------------------------------------------------------
Stopping app: com.crizen.mobile.smartsign
Tryging remove : uninstall com.crizen.mobile.smartsign(com.crizen.mobile.smartsign)
b29e6a69: Remove Success
b29e6a69: ilog file size: 422616
b29e6a69: End of collecting logcat...
HPFinder's try count remains: 17
b29e6a69: isFailedToLaunch: com.android.launcher3/.Launcher
b29e6a69: 	--result: Failed :( (1)
/home/santapark/Extended3/DEEPerence/reEx/sample91.apk@devRoot-D-R.apk.obfuscated.apk launch is failed on devRoot
[*] FlowManager: adjust finished.
-- current localPatchFilter: 4e329c
-- current localPatchFilter: 4e3276
[GOOD]: Anti-analysis is identified! :) -- 1 --devRoot
android.app.Activity/startActivity:(Landroid/content/Intent;)V:54c626		=(rels)=>		1
[*] Unique action: 1:7536 : <<CALL>> : com.gun0912.tedpermission.TedInstance/checkPermissions:()V:54c626  =>  android.app.Activity/startActivity:(Landroid/content/Intent;)V:19cda0
	1:compareBackwardBranch: 1:715 : <<BRANCH>> : com.crizen.mobile.smartsign.activity.ActivityLogo/init:()V:4e32ca  =>  com.crizen.mobile.smartsign.activity.ActivityLogo/init:()V:4e32ac
android.widget.TextView/setText:(Ljava/lang/CharSequence;)V:4ef39e		=(rels)=>		1
[*] Unique action: 1:784 : <<CALL>> : com.crizen.mobile.smartsign.util.CrizenDialog/makeLayout:()V:4ef39e  =>  android.widget.TextView/setText:(Ljava/lang/CharSequence;)V:29ee34
	1:compareBackwardBranch: 1:715 : <<BRANCH>> : com.crizen.mobile.smartsign.activity.ActivityLogo/init:()V:4e32ca  =>  com.crizen.mobile.smartsign.activity.ActivityLogo/init:()V:4e32ac
android.view.View/setOnClickListener:(Landroid/view/View$OnClickListener;)V:4ef3a8		=(rels)=>		1
[*] Unique action: 1:785 : <<CALL>> : com.crizen.mobile.smartsign.util.CrizenDialog/makeLayout:()V:4ef3a8  =>  android.view.View/setOnClickListener:(Landroid/view/View$OnClickListener;)V:1bf5f8
	1:compareBackwardBranch: 1:715 : <<BRANCH>> : com.crizen.mobile.smartsign.activity.ActivityLogo/init:()V:4e32ca  =>  com.crizen.mobile.smartsign.activity.ActivityLogo/init:()V:4e32ac
android.app.Dialog/show:()V:4f40b2		=(rels)=>		1
[*] Unique action: 1:733 : <<CALL>> : com.crizen.mobile.smartsign.util.EventUtil/openDialog:(Landroid/content/Context;Ljava/lang/String;Ljava/lang/String;Landroid/view/View$OnClickListener;Landroid/view/View$OnClickListener;Landroid/view/View$OnClickListener;Ljava/lang/String;Ljava/lang/String;Ljava/lang/String;IZ)V:4f40b2  =>  android.app.Dialog/show:()V:1b4adc
	1:compareBackwardBranch: 1:715 : <<BRANCH>> : com.crizen.mobile.smartsign.activity.ActivityLogo/init:()V:4e32ca  =>  com.crizen.mobile.smartsign.activity.ActivityLogo/init:()V:4e32ac
Entry: 4e31c0
com.crizen.mobile.smartsign.activity.ActivityLogo/init:()V: 4e32ca -> 4e32ac
		com.crizen.mobile.smartsign.activity.ActivityLogo/init:()V: 10a -> ec
addPatchReadme: java.lang.Class<com.crizen.mobile.smartsign.activity.ActivityLogo>init()V 10a t
ExitReason-Code: 4 (/home/santapark/Extended3/DEEPerence/reEx/devRoot_sample91@devRoot-D-R.obfuscated.ilog)
b29e6a69: Patch size: 1
Devices presenting anti-analysis: 
	devRoot
b29e6a69: outDir - /home/santapark/Extended3/DEEPerence/reEx/sample91.apk@devRoot-D-R.apk.obfuscated_devRoot
Wow!!!!!  --  com.crizen.mobile.smartsign.activity.ActivityLogo/init:()V
fallthrough: 110
branchTarget: ec
label = sswitch_data_2
GOTO -- 110 	ec
axmlPath: /home/santapark/Extended3/DEEPerence/reEx/sample91.apk@devRoot-D-R.apk.obfuscated_devRoot/AndroidManifest.xml
outDir: /home/santapark/Extended3/DEEPerence/reEx/sample91.apk@devRoot-D-R.apk.obfuscated_devRoot/sample91.apk@devRoot-D-R.apk.obfuscated.apk
b29e6a69: Patched APK File: /home/santapark/Extended3/DEEPerence/reEx/sample91.apk@devRoot-D-R.apk.obfuscated_devRoot/signed_sample91.apk@devRoot-D-R.apk.obfuscated.apk
b29e6a69: First address of Lcom/crizen/mobile/smartsign/activity/ActivityLogo;->init()V = 4e31d0
b29e6a69: Address - Lcom/crizen/mobile/smartsign/activity/ActivityLogo;->init()V@10a	 lastOffset = 33c
b29e6a69: Instruction@@: SPARSE_SWITCH
b29e6a69: (Not Installed) Trying remove : true
Installing apk: /home/santapark/Extended3/DEEPerence/reEx/sample91.apk@devRoot-D-R.apk.obfuscated_devRoot/signed_sample91.apk@devRoot-D-R.apk.obfuscated.apk
b29e6a69: Installation Success
b29e6a69: startApplication called! - devRoot
b29e6a69: Collecting logcat... (/home/santapark/Extended3/DEEPerence/reEx/devRoot_sample91@devRoot-D-R.obfuscated.ilog)
b29e6a69: Running Application: com.crizen.mobile.smartsign
b29e6a69: Running is done - starting comparing... : 5001
b29e6a69: Terminated logcat thread...by itself
b29e6a69: Top-activity: com.android.launcher3/.Launcher
PIDs--------------------------------------------------------------------------
PIDs--------------------------------------------------------------------------
Stopping app: com.crizen.mobile.smartsign
Tryging remove : uninstall com.crizen.mobile.smartsign(com.crizen.mobile.smartsign)
b29e6a69: Remove Success
b29e6a69: ilog file size: 423926
b29e6a69: End of collecting logcat...
HPFinder's try count remains: 16
b29e6a69: isFailedToLaunch: com.android.launcher3/.Launcher
b29e6a69: 	--result: Failed :( (1)
/home/santapark/Extended3/DEEPerence/reEx/sample91.apk@devRoot-D-R.apk.obfuscated.apk launch is failed on devRoot
[*] FlowManager: adjust finished.
-- current localPatchFilter: 4e329c
-- current localPatchFilter: 4e32ca
-- current localPatchFilter: 4e3276
[GOOD]: Anti-analysis is identified! :) -- 1 --devRoot
android.app.Activity/startActivity:(Landroid/content/Intent;)V:54c626		=(rels)=>		1
[*] Unique action: 1:7536 : <<CALL>> : com.gun0912.tedpermission.TedInstance/checkPermissions:()V:54c626  =>  android.app.Activity/startActivity:(Landroid/content/Intent;)V:19cda0
	1:compareBackwardBranch: 1:712 : <<BRANCH>> : com.crizen.mobile.smartsign.activity.ActivityLogo/init:()V:4e32f8  =>  com.crizen.mobile.smartsign.activity.ActivityLogo/init:()V:4e32da
android.widget.TextView/setText:(Ljava/lang/CharSequence;)V:4ef39e		=(rels)=>		1
[*] Unique action: 1:784 : <<CALL>> : com.crizen.mobile.smartsign.util.CrizenDialog/makeLayout:()V:4ef39e  =>  android.widget.TextView/setText:(Ljava/lang/CharSequence;)V:29ee34
	1:compareBackwardBranch: 1:712 : <<BRANCH>> : com.crizen.mobile.smartsign.activity.ActivityLogo/init:()V:4e32f8  =>  com.crizen.mobile.smartsign.activity.ActivityLogo/init:()V:4e32da
android.view.View/setOnClickListener:(Landroid/view/View$OnClickListener;)V:4ef3a8		=(rels)=>		1
[*] Unique action: 1:785 : <<CALL>> : com.crizen.mobile.smartsign.util.CrizenDialog/makeLayout:()V:4ef3a8  =>  android.view.View/setOnClickListener:(Landroid/view/View$OnClickListener;)V:1bf5f8
	1:compareBackwardBranch: 1:712 : <<BRANCH>> : com.crizen.mobile.smartsign.activity.ActivityLogo/init:()V:4e32f8  =>  com.crizen.mobile.smartsign.activity.ActivityLogo/init:()V:4e32da
android.app.Dialog/show:()V:4f40b2		=(rels)=>		1
[*] Unique action: 1:733 : <<CALL>> : com.crizen.mobile.smartsign.util.EventUtil/openDialog:(Landroid/content/Context;Ljava/lang/String;Ljava/lang/String;Landroid/view/View$OnClickListener;Landroid/view/View$OnClickListener;Landroid/view/View$OnClickListener;Ljava/lang/String;Ljava/lang/String;Ljava/lang/String;IZ)V:4f40b2  =>  android.app.Dialog/show:()V:1b4adc
	1:compareBackwardBranch: 1:712 : <<BRANCH>> : com.crizen.mobile.smartsign.activity.ActivityLogo/init:()V:4e32f8  =>  com.crizen.mobile.smartsign.activity.ActivityLogo/init:()V:4e32da
Entry: 4e31c0
com.crizen.mobile.smartsign.activity.ActivityLogo/init:()V: 4e32f8 -> 4e32da
		com.crizen.mobile.smartsign.activity.ActivityLogo/init:()V: 138 -> 11a
addPatchReadme: java.lang.Class<com.crizen.mobile.smartsign.activity.ActivityLogo>init()V 138 t
ExitReason-Code: 4 (/home/santapark/Extended3/DEEPerence/reEx/devRoot_sample91@devRoot-D-R.obfuscated.ilog)
b29e6a69: Patch size: 1
Devices presenting anti-analysis: 
	devRoot
b29e6a69: outDir - /home/santapark/Extended3/DEEPerence/reEx/sample91.apk@devRoot-D-R.apk.obfuscated_devRoot
Wow!!!!!  --  com.crizen.mobile.smartsign.activity.ActivityLogo/init:()V
fallthrough: 13e
branchTarget: 11a
label = sswitch_data_3
GOTO -- 13e 	11a
axmlPath: /home/santapark/Extended3/DEEPerence/reEx/sample91.apk@devRoot-D-R.apk.obfuscated_devRoot/AndroidManifest.xml
outDir: /home/santapark/Extended3/DEEPerence/reEx/sample91.apk@devRoot-D-R.apk.obfuscated_devRoot/sample91.apk@devRoot-D-R.apk.obfuscated.apk
b29e6a69: Patched APK File: /home/santapark/Extended3/DEEPerence/reEx/sample91.apk@devRoot-D-R.apk.obfuscated_devRoot/signed_sample91.apk@devRoot-D-R.apk.obfuscated.apk
b29e6a69: First address of Lcom/crizen/mobile/smartsign/activity/ActivityLogo;->init()V = 4e31d0
b29e6a69: Address - Lcom/crizen/mobile/smartsign/activity/ActivityLogo;->init()V@138	 lastOffset = 33c
b29e6a69: Instruction@@: SPARSE_SWITCH
b29e6a69: (Not Installed) Trying remove : true
Installing apk: /home/santapark/Extended3/DEEPerence/reEx/sample91.apk@devRoot-D-R.apk.obfuscated_devRoot/signed_sample91.apk@devRoot-D-R.apk.obfuscated.apk
b29e6a69: Installation Success
b29e6a69: startApplication called! - devRoot
b29e6a69: Collecting logcat... (/home/santapark/Extended3/DEEPerence/reEx/devRoot_sample91@devRoot-D-R.obfuscated.ilog)
b29e6a69: Running Application: com.crizen.mobile.smartsign
b29e6a69: Running is done - starting comparing... : 5001
b29e6a69: Terminated logcat thread...by itself
b29e6a69: Top-activity: com.android.launcher3/.Launcher
PIDs--------------------------------------------------------------------------
PIDs--------------------------------------------------------------------------
Stopping app: com.crizen.mobile.smartsign
Tryging remove : uninstall com.crizen.mobile.smartsign(com.crizen.mobile.smartsign)
b29e6a69: Remove Success
b29e6a69: ilog file size: 173718
b29e6a69: End of collecting logcat...
HPFinder's try count remains: 15
b29e6a69: isFailedToLaunch: com.android.launcher3/.Launcher
b29e6a69: 	--result: Failed :( (1)
/home/santapark/Extended3/DEEPerence/reEx/sample91.apk@devRoot-D-R.apk.obfuscated.apk launch is failed on devRoot
[*] FlowManager: adjust finished.
-- current localPatchFilter: 4e329c
-- current localPatchFilter: 4e32ca
-- current localPatchFilter: 4e32f8
-- current localPatchFilter: 4e3276
[GOOD]: Anti-analysis is identified! :) -- 1 --devRoot
android.app.Activity/startActivity:(Landroid/content/Intent;)V:54c626		=(rels)=>		1
[*] Unique action: 1:7536 : <<CALL>> : com.gun0912.tedpermission.TedInstance/checkPermissions:()V:54c626  =>  android.app.Activity/startActivity:(Landroid/content/Intent;)V:19cda0
	1:compareBackwardBranch: 1:709 : <<BRANCH>> : com.crizen.mobile.smartsign.activity.ActivityLogo/init:()V:4e3316  =>  com.crizen.mobile.smartsign.activity.ActivityLogo/init:()V:4e3344
android.widget.TextView/setText:(Ljava/lang/CharSequence;)V:4ef39e		=(rels)=>		1
[*] Unique action: 1:784 : <<CALL>> : com.crizen.mobile.smartsign.util.CrizenDialog/makeLayout:()V:4ef39e  =>  android.widget.TextView/setText:(Ljava/lang/CharSequence;)V:29ee34
	1:compareBackwardBranch: 1:709 : <<BRANCH>> : com.crizen.mobile.smartsign.activity.ActivityLogo/init:()V:4e3316  =>  com.crizen.mobile.smartsign.activity.ActivityLogo/init:()V:4e3344
android.view.View/setOnClickListener:(Landroid/view/View$OnClickListener;)V:4ef3a8		=(rels)=>		1
[*] Unique action: 1:785 : <<CALL>> : com.crizen.mobile.smartsign.util.CrizenDialog/makeLayout:()V:4ef3a8  =>  android.view.View/setOnClickListener:(Landroid/view/View$OnClickListener;)V:1bf5f8
	1:compareBackwardBranch: 1:709 : <<BRANCH>> : com.crizen.mobile.smartsign.activity.ActivityLogo/init:()V:4e3316  =>  com.crizen.mobile.smartsign.activity.ActivityLogo/init:()V:4e3344
android.app.Dialog/show:()V:4f40b2		=(rels)=>		1
[*] Unique action: 1:733 : <<CALL>> : com.crizen.mobile.smartsign.util.EventUtil/openDialog:(Landroid/content/Context;Ljava/lang/String;Ljava/lang/String;Landroid/view/View$OnClickListener;Landroid/view/View$OnClickListener;Landroid/view/View$OnClickListener;Ljava/lang/String;Ljava/lang/String;Ljava/lang/String;IZ)V:4f40b2  =>  android.app.Dialog/show:()V:1b4adc
	1:compareBackwardBranch: 1:709 : <<BRANCH>> : com.crizen.mobile.smartsign.activity.ActivityLogo/init:()V:4e3316  =>  com.crizen.mobile.smartsign.activity.ActivityLogo/init:()V:4e3344
Entry: 4e31c0
com.crizen.mobile.smartsign.activity.ActivityLogo/init:()V: 4e3316 -> 4e3344
		com.crizen.mobile.smartsign.activity.ActivityLogo/init:()V: 156 -> 184
addPatchReadme: java.lang.Class<com.crizen.mobile.smartsign.activity.ActivityLogo>init()V 156 t
ExitReason-Code: 1 (/home/santapark/Extended3/DEEPerence/reEx/devRoot_sample91@devRoot-D-R.obfuscated.ilog)
b29e6a69: Patch size: 1
Devices presenting anti-analysis: 
	devRoot
b29e6a69: outDir - /home/santapark/Extended3/DEEPerence/reEx/sample91.apk@devRoot-D-R.apk.obfuscated_devRoot
Wow!!!!!  --  com.crizen.mobile.smartsign.activity.ActivityLogo/init:()V
fallthrough: 15c
branchTarget: 184
label = sswitch_data_4
GOTO -- 15c 	184
axmlPath: /home/santapark/Extended3/DEEPerence/reEx/sample91.apk@devRoot-D-R.apk.obfuscated_devRoot/AndroidManifest.xml
outDir: /home/santapark/Extended3/DEEPerence/reEx/sample91.apk@devRoot-D-R.apk.obfuscated_devRoot/sample91.apk@devRoot-D-R.apk.obfuscated.apk
b29e6a69: Patched APK File: /home/santapark/Extended3/DEEPerence/reEx/sample91.apk@devRoot-D-R.apk.obfuscated_devRoot/signed_sample91.apk@devRoot-D-R.apk.obfuscated.apk
b29e6a69: First address of Lcom/crizen/mobile/smartsign/activity/ActivityLogo;->init()V = 4e31d0
b29e6a69: Address - Lcom/crizen/mobile/smartsign/activity/ActivityLogo;->init()V@156	 lastOffset = 33c
b29e6a69: Instruction@@: SPARSE_SWITCH
b29e6a69: (Not Installed) Trying remove : true
Installing apk: /home/santapark/Extended3/DEEPerence/reEx/sample91.apk@devRoot-D-R.apk.obfuscated_devRoot/signed_sample91.apk@devRoot-D-R.apk.obfuscated.apk
b29e6a69: Installation Failed :( - /home/santapark/Extended3/DEEPerence/reEx/sample91.apk@devRoot-D-R.apk.obfuscated_devRoot/signed_sample91.apk@devRoot-D-R.apk.obfuscated.apk
b29e6a69: startApplication called! - devRoot
b29e6a69: Collecting logcat... (/home/santapark/Extended3/DEEPerence/reEx/devRoot_sample91@devRoot-D-R.obfuscated.ilog)
b29e6a69: Running Application: com.crizen.mobile.smartsign
b29e6a69: Running is done - starting comparing... : 5001
b29e6a69: Terminated logcat thread...by itself
b29e6a69: Top-activity: com.android.launcher3/.Launcher
PIDs--------------------------------------------------------------------------
PIDs--------------------------------------------------------------------------
Stopping app: com.crizen.mobile.smartsign
b29e6a69: (Not Installed) Trying remove : true
b29e6a69: Remove Success
b29e6a69: ilog file size: 0
b29e6a69: End of collecting logcat...
HPFinder's try count remains: 14
b29e6a69: isFailedToLaunch: com.android.launcher3/.Launcher
b29e6a69: 	--result: Failed :( (1)
/home/santapark/Extended3/DEEPerence/reEx/sample91.apk@devRoot-D-R.apk.obfuscated.apk launch is failed on devRoot
[*] FlowManager: adjust finished.
-- current localPatchFilter: 4e329c
-- current localPatchFilter: 4e32ca
-- current localPatchFilter: 4e32f8
-- current localPatchFilter: 4e3276
-- current localPatchFilter: 4e3316
[GOOD]: Anti-analysis is identified! :) -- 1 --devRoot
android.app.Activity/startActivity:(Landroid/content/Intent;)V:54c626		=(rels)=>		1
[*] Unique action: 1:7536 : <<CALL>> : com.gun0912.tedpermission.TedInstance/checkPermissions:()V:54c626  =>  android.app.Activity/startActivity:(Landroid/content/Intent;)V:19cda0
	1:compareBackwardBranch: 1:706 : <<BRANCH>> : com.crizen.mobile.smartsign.activity.ActivityLogo/init:()V:4e3334  =>  com.crizen.mobile.smartsign.activity.ActivityLogo/init:()V:4e333c
android.widget.TextView/setText:(Ljava/lang/CharSequence;)V:4ef39e		=(rels)=>		1
[*] Unique action: 1:784 : <<CALL>> : com.crizen.mobile.smartsign.util.CrizenDialog/makeLayout:()V:4ef39e  =>  android.widget.TextView/setText:(Ljava/lang/CharSequence;)V:29ee34
	1:compareBackwardBranch: 1:706 : <<BRANCH>> : com.crizen.mobile.smartsign.activity.ActivityLogo/init:()V:4e3334  =>  com.crizen.mobile.smartsign.activity.ActivityLogo/init:()V:4e333c
android.view.View/setOnClickListener:(Landroid/view/View$OnClickListener;)V:4ef3a8		=(rels)=>		1
[*] Unique action: 1:785 : <<CALL>> : com.crizen.mobile.smartsign.util.CrizenDialog/makeLayout:()V:4ef3a8  =>  android.view.View/setOnClickListener:(Landroid/view/View$OnClickListener;)V:1bf5f8
	1:compareBackwardBranch: 1:706 : <<BRANCH>> : com.crizen.mobile.smartsign.activity.ActivityLogo/init:()V:4e3334  =>  com.crizen.mobile.smartsign.activity.ActivityLogo/init:()V:4e333c
android.app.Dialog/show:()V:4f40b2		=(rels)=>		1
[*] Unique action: 1:733 : <<CALL>> : com.crizen.mobile.smartsign.util.EventUtil/openDialog:(Landroid/content/Context;Ljava/lang/String;Ljava/lang/String;Landroid/view/View$OnClickListener;Landroid/view/View$OnClickListener;Landroid/view/View$OnClickListener;Ljava/lang/String;Ljava/lang/String;Ljava/lang/String;IZ)V:4f40b2  =>  android.app.Dialog/show:()V:1b4adc
	1:compareBackwardBranch: 1:706 : <<BRANCH>> : com.crizen.mobile.smartsign.activity.ActivityLogo/init:()V:4e3334  =>  com.crizen.mobile.smartsign.activity.ActivityLogo/init:()V:4e333c
Entry: 4e31c0
com.crizen.mobile.smartsign.activity.ActivityLogo/init:()V: 4e3334 -> 4e333c
		com.crizen.mobile.smartsign.activity.ActivityLogo/init:()V: 174 -> 17c
addPatchReadme: java.lang.Class<com.crizen.mobile.smartsign.activity.ActivityLogo>init()V 174 t
ilog Parsing Error: /home/santapark/Extended3/DEEPerence/reEx/devRoot_sample91@devRoot-D-R.obfuscated.ilog
b29e6a69: Patch size: 1
Devices presenting anti-analysis: 
	devRoot
b29e6a69: outDir - /home/santapark/Extended3/DEEPerence/reEx/sample91.apk@devRoot-D-R.apk.obfuscated_devRoot
Wow!!!!!  --  com.crizen.mobile.smartsign.activity.ActivityLogo/init:()V
fallthrough: 17a
branchTarget: 17c
label = sswitch_data_5
GOTO -- 17a 	17c
axmlPath: /home/santapark/Extended3/DEEPerence/reEx/sample91.apk@devRoot-D-R.apk.obfuscated_devRoot/AndroidManifest.xml
outDir: /home/santapark/Extended3/DEEPerence/reEx/sample91.apk@devRoot-D-R.apk.obfuscated_devRoot/sample91.apk@devRoot-D-R.apk.obfuscated.apk
b29e6a69: Patched APK File: /home/santapark/Extended3/DEEPerence/reEx/sample91.apk@devRoot-D-R.apk.obfuscated_devRoot/signed_sample91.apk@devRoot-D-R.apk.obfuscated.apk
b29e6a69: First address of Lcom/crizen/mobile/smartsign/activity/ActivityLogo;->init()V = 4e31d0
b29e6a69: Address - Lcom/crizen/mobile/smartsign/activity/ActivityLogo;->init()V@174	 lastOffset = 33c
b29e6a69: Instruction@@: SPARSE_SWITCH
b29e6a69: (Not Installed) Trying remove : true
Installing apk: /home/santapark/Extended3/DEEPerence/reEx/sample91.apk@devRoot-D-R.apk.obfuscated_devRoot/signed_sample91.apk@devRoot-D-R.apk.obfuscated.apk
b29e6a69: Installation Success
b29e6a69: startApplication called! - devRoot
b29e6a69: Collecting logcat... (/home/santapark/Extended3/DEEPerence/reEx/devRoot_sample91@devRoot-D-R.obfuscated.ilog)
b29e6a69: Running Application: com.crizen.mobile.smartsign
b29e6a69: Running is done - starting comparing... : 5001
b29e6a69: Terminated logcat thread...by itself
b29e6a69: Top-activity: com.android.launcher3/.Launcher
PIDs--------------------------------------------------------------------------
PIDs--------------------------------------------------------------------------
Stopping app: com.crizen.mobile.smartsign
Tryging remove : uninstall com.crizen.mobile.smartsign(com.crizen.mobile.smartsign)
b29e6a69: Remove Success
b29e6a69: ilog file size: 422225
b29e6a69: End of collecting logcat...
HPFinder's try count remains: 13
b29e6a69: isFailedToLaunch: com.android.launcher3/.Launcher
b29e6a69: 	--result: Failed :( (1)
/home/santapark/Extended3/DEEPerence/reEx/sample91.apk@devRoot-D-R.apk.obfuscated.apk launch is failed on devRoot
[*] FlowManager: adjust finished.
-- current localPatchFilter: 4e329c
-- current localPatchFilter: 4e32ca
-- current localPatchFilter: 4e32f8
-- current localPatchFilter: 4e3276
-- current localPatchFilter: 4e3316
-- current localPatchFilter: 4e3334
[GOOD]: Anti-analysis is identified! :) -- 1 --devRoot
android.app.Activity/startActivity:(Landroid/content/Intent;)V:54c626		=(rels)=>		1
[*] Unique action: 1:7536 : <<CALL>> : com.gun0912.tedpermission.TedInstance/checkPermissions:()V:54c626  =>  android.app.Activity/startActivity:(Landroid/content/Intent;)V:19cda0
	1:compareBackwardBranch: 1:703 : <<BRANCH>> : com.crizen.mobile.smartsign.activity.ActivityLogo/init:()V:4e335c  =>  com.crizen.mobile.smartsign.activity.ActivityLogo/init:()V:4e334c
android.widget.TextView/setText:(Ljava/lang/CharSequence;)V:4ef39e		=(rels)=>		1
[*] Unique action: 1:784 : <<CALL>> : com.crizen.mobile.smartsign.util.CrizenDialog/makeLayout:()V:4ef39e  =>  android.widget.TextView/setText:(Ljava/lang/CharSequence;)V:29ee34
	1:compareBackwardBranch: 1:703 : <<BRANCH>> : com.crizen.mobile.smartsign.activity.ActivityLogo/init:()V:4e335c  =>  com.crizen.mobile.smartsign.activity.ActivityLogo/init:()V:4e334c
android.view.View/setOnClickListener:(Landroid/view/View$OnClickListener;)V:4ef3a8		=(rels)=>		1
[*] Unique action: 1:785 : <<CALL>> : com.crizen.mobile.smartsign.util.CrizenDialog/makeLayout:()V:4ef3a8  =>  android.view.View/setOnClickListener:(Landroid/view/View$OnClickListener;)V:1bf5f8
	1:compareBackwardBranch: 1:703 : <<BRANCH>> : com.crizen.mobile.smartsign.activity.ActivityLogo/init:()V:4e335c  =>  com.crizen.mobile.smartsign.activity.ActivityLogo/init:()V:4e334c
android.app.Dialog/show:()V:4f40b2		=(rels)=>		1
[*] Unique action: 1:733 : <<CALL>> : com.crizen.mobile.smartsign.util.EventUtil/openDialog:(Landroid/content/Context;Ljava/lang/String;Ljava/lang/String;Landroid/view/View$OnClickListener;Landroid/view/View$OnClickListener;Landroid/view/View$OnClickListener;Ljava/lang/String;Ljava/lang/String;Ljava/lang/String;IZ)V:4f40b2  =>  android.app.Dialog/show:()V:1b4adc
	1:compareBackwardBranch: 1:703 : <<BRANCH>> : com.crizen.mobile.smartsign.activity.ActivityLogo/init:()V:4e335c  =>  com.crizen.mobile.smartsign.activity.ActivityLogo/init:()V:4e334c
Entry: 4e31c0
com.crizen.mobile.smartsign.activity.ActivityLogo/init:()V: 4e335c -> 4e334c
		com.crizen.mobile.smartsign.activity.ActivityLogo/init:()V: 19c -> 18c
addPatchReadme: java.lang.Class<com.crizen.mobile.smartsign.activity.ActivityLogo>init()V 19c t
ExitReason-Code: 4 (/home/santapark/Extended3/DEEPerence/reEx/devRoot_sample91@devRoot-D-R.obfuscated.ilog)
b29e6a69: Patch size: 1
Devices presenting anti-analysis: 
	devRoot
b29e6a69: outDir - /home/santapark/Extended3/DEEPerence/reEx/sample91.apk@devRoot-D-R.apk.obfuscated_devRoot
Wow!!!!!  --  com.crizen.mobile.smartsign.activity.ActivityLogo/init:()V
fallthrough: 1a0
branchTarget: 18c
label = cond_0
GOTO -- 1a0 	18c
axmlPath: /home/santapark/Extended3/DEEPerence/reEx/sample91.apk@devRoot-D-R.apk.obfuscated_devRoot/AndroidManifest.xml
outDir: /home/santapark/Extended3/DEEPerence/reEx/sample91.apk@devRoot-D-R.apk.obfuscated_devRoot/sample91.apk@devRoot-D-R.apk.obfuscated.apk
b29e6a69: Patched APK File: /home/santapark/Extended3/DEEPerence/reEx/sample91.apk@devRoot-D-R.apk.obfuscated_devRoot/signed_sample91.apk@devRoot-D-R.apk.obfuscated.apk
b29e6a69: First address of Lcom/crizen/mobile/smartsign/activity/ActivityLogo;->init()V = 4e31d0
b29e6a69: Address - Lcom/crizen/mobile/smartsign/activity/ActivityLogo;->init()V@19c	 lastOffset = 33c
b29e6a69: Instruction@@: IF_EQZ
b29e6a69: (Not Installed) Trying remove : true
Installing apk: /home/santapark/Extended3/DEEPerence/reEx/sample91.apk@devRoot-D-R.apk.obfuscated_devRoot/signed_sample91.apk@devRoot-D-R.apk.obfuscated.apk
b29e6a69: Installation Success
b29e6a69: startApplication called! - devRoot
b29e6a69: Collecting logcat... (/home/santapark/Extended3/DEEPerence/reEx/devRoot_sample91@devRoot-D-R.obfuscated.ilog)
b29e6a69: Running Application: com.crizen.mobile.smartsign
b29e6a69: Top-activity: com.crizen.mobile.smartsign/.activity.ActivityCriticalSteps
PIDs--------------------------------------------------------------------------
u0_a3115      23816    429 14046976 135116 0                  0 S com.crizen.mobile.smartsign
b29e6a69: Terminated logcat thread...by itself
PIDs--------------------------------------------------------------------------
u0_a3115      23816    429 14046976 135116 0                  0 S com.crizen.mobile.smartsign
Stopping app: com.crizen.mobile.smartsign
Tryging remove : uninstall com.crizen.mobile.smartsign(com.crizen.mobile.smartsign)
b29e6a69: Remove Success
b29e6a69: ilog file size: 73817716
b29e6a69: End of collecting logcat...
HPFinder's try count remains: 12
b29e6a69: isFailedToLaunch: com.crizen.mobile.smartsign/.activity.ActivityCriticalSteps
b29e6a69: 	--result: Good :)
ExitReason-Code: 1 (/home/santapark/Extended3/DEEPerence/reEx/devRef_sample91@devRoot-D-R.obfuscated.ilog)
ExitReason-Code: 1 (/home/santapark/Extended3/DEEPerence/reEx/devRoot_sample91@devRoot-D-R.obfuscated.ilog)
[*] FlowManager: adjust finished.
-- current localPatchFilter: 4e335c
Action is completely same :)
Action is completely same :)
b29e6a69: There is no difference. (tryAgain=false)
-- HPFinder will be done in this iteration :)
hasAntiAnalysis? - devTamper: false on com.crizen.mobile.smartsign.activity.ActivitySmartSign
hasAntiAnalysis? - devRoot: true on com.crizen.mobile.smartsign.activity.ActivitySmartSign
	isRemovedThem? - devRoot: true on com.crizen.mobile.smartsign.activity.ActivitySmartSign	-	tryCount: 7
hasAntiAnalysis? - devDebug: false on com.crizen.mobile.smartsign.activity.ActivitySmartSign
*****REPORT: com.crizen.mobile.smartsign
* Package name: com.crizen.mobile.smartsign
* Running time: 554
* FileSize: 6631549
devTamper : 75472617
devRef : 74856213
devRoot : 73817716
devDebug : 78425638
hasAntiAnalysis? - devTamper: false on com.crizen.mobile.smartsign.activity.ActivitySmartSign
hasAntiAnalysis? - devRoot: true on com.crizen.mobile.smartsign.activity.ActivitySmartSign
	isRemovedThem? - devRoot: true on com.crizen.mobile.smartsign.activity.ActivitySmartSign	-	tryCount: 7
hasAntiAnalysis? - devDebug: false on com.crizen.mobile.smartsign.activity.ActivitySmartSign
46604b9f: trying remove : com.crizen.mobile.smartsign
3601a6ff: trying remove : com.crizen.mobile.smartsign
b29e6a69: trying remove : com.crizen.mobile.smartsign
159ceeed: trying remove : com.crizen.mobile.smartsign
3601a6ff: (Not Installed) Trying remove : true
3601a6ff: -- Success
3601a6ff: result = true
b29e6a69: (Not Installed) Trying remove : true
b29e6a69: -- Success
b29e6a69: result = true
46604b9f: (Not Installed) Trying remove : true
46604b9f: -- Success
46604b9f: result = true
159ceeed: (Not Installed) Trying remove : true
159ceeed: -- Success
159ceeed: result = true
3601a6ff: isFailedToLaunch: com.crizen.mobile.smartsign/.activity.ActivityCriticalSteps
3601a6ff: 	--result: Good :)
