axmlPath: /home/santapark/Extended3/DEEPerence/reEx/com.obs.android.olm.ffnw.prod.apk.obfuscated_flattened/AndroidManifest.xml
launchable-activity: name='com.obs.android.messenger.MainActivity'  label='' icon=''
{ACTIVITY, com.obs.android.messenger.MainActivity, android.intent.action.MAIN}
{ACTIVITY, com.obs.mobile_tablet.components.CheckImageActivity}
{ACTIVITY, com.obs.mobile_tablet.transactions.deposits.DepositsCaptureImageActivity}
{ACTIVITY, com.obs.android.shared.RegistrationActivity}
{ACTIVITY, com.obs.android.shared.PINActivity}
{ACTIVITY, androidx.biometric.DeviceCredentialHandlerActivity}
{ACTIVITY, com.obs.android.messenger.MainActivity, android.intent.action.MAIN}
{ACTIVITY, com.obs.mobile_tablet.components.CheckImageActivity}
{ACTIVITY, com.obs.mobile_tablet.transactions.deposits.DepositsCaptureImageActivity}
{ACTIVITY, com.obs.android.shared.RegistrationActivity}
{ACTIVITY, com.obs.android.shared.PINActivity}
{ACTIVITY, androidx.biometric.DeviceCredentialHandlerActivity}
_getAllDexFiles: /home/santapark/Extended3/DEEPerence/reEx/com.obs.android.olm.ffnw.prod.apk.obfuscated_flattened/classes.dex
----------------/home/santapark/Extended3/DEEPerence/reEx/com.obs.android.olm.ffnw.prod.apk.obfuscated_flattened.apk
dexFile = org.jf.dexlib2.dexbacked.DexBackedDexFile@3f4b0485
com.obs.android.olm.ffnw.prod
com.obs.android.messenger.MainActivity
debuggable: false
46604b9f: (Not Installed) Trying remove : true
46604b9f: -- Success
b29e6a69: (Not Installed) Trying remove : true
b29e6a69: -- Success
159ceeed: (Not Installed) Trying remove : true
159ceeed: -- Success
3601a6ff: (Not Installed) Trying remove : true
3601a6ff: -- Success
Installing apk: /home/santapark/Extended3/DEEPerence/reEx/com.obs.android.olm.ffnw.prod.apk.obfuscated_flattened.apk
Installing apk: /home/santapark/Extended3/DEEPerence/reEx/com.obs.android.olm.ffnw.prod.apk.obfuscated_flattened.apk
Installing apk: /home/santapark/Extended3/DEEPerence/reEx/com.obs.android.olm.ffnw.prod.apk.obfuscated_flattened.apk
axmlPath: /home/santapark/Extended3/DEEPerence/reEx/com.obs.android.olm.ffnw.prod.apk.obfuscated_flattened_46604b9f/AndroidManifest.xml
outDir: /home/santapark/Extended3/DEEPerence/reEx/com.obs.android.olm.ffnw.prod.apk.obfuscated_flattened_46604b9f/com.obs.android.olm.ffnw.prod.apk.obfuscated_flattened.apk
159ceeed: Installation Success
46604b9f: Installing repackaged apk File: 
Installing apk: /home/santapark/Extended3/DEEPerence/reEx/com.obs.android.olm.ffnw.prod.apk.obfuscated_flattened_46604b9f/signed_com.obs.android.olm.ffnw.prod.apk.obfuscated_flattened.apk
3601a6ff: Installation Success
b29e6a69: Installation Success
46604b9f: Installation Success
46604b9f: startApplication called! - devTamper
3601a6ff: startApplication called! - devRef
b29e6a69: startApplication called! - devRoot
159ceeed: startApplication called! - devDebug
46604b9f: Collecting logcat... (/home/santapark/Extended3/DEEPerence/reEx/devTamper_com.obs.android.olm.ffnw.prod.obfuscated_flattened.ilog)
159ceeed: Collecting logcat... (/home/santapark/Extended3/DEEPerence/reEx/devDebug_com.obs.android.olm.ffnw.prod.obfuscated_flattened.ilog)
46604b9f: Running Application: com.obs.android.olm.ffnw.prod
b29e6a69: Collecting logcat... (/home/santapark/Extended3/DEEPerence/reEx/devRoot_com.obs.android.olm.ffnw.prod.obfuscated_flattened.ilog)
3601a6ff: Collecting logcat... (/home/santapark/Extended3/DEEPerence/reEx/devRef_com.obs.android.olm.ffnw.prod.obfuscated_flattened.ilog)
b29e6a69: Running Application: com.obs.android.olm.ffnw.prod
3601a6ff: Running Application: com.obs.android.olm.ffnw.prod
PIDs--------------------------------------------------------------------------
forward tcp:35535 jdwp:null
[*]Found JDWP Target: null
159ceeed: Running Application: com.obs.android.olm.ffnw.prod
PIDs--------------------------------------------------------------------------
u0_a703       27674    423 14419084 99612 0                   0 R com.obs.android.olm.ffnw.prod
46604b9f: Terminated logcat thread...by itself
b29e6a69: Terminated logcat thread...by itself
3601a6ff: Terminated logcat thread...by itself
46604b9f: Top-activity: com.obs.android.olm.ffnw.prod/com.obs.android.shared.RegistrationActivity
PIDs--------------------------------------------------------------------------
u0_a290        5991    425 14881516 172848 0                  0 S com.obs.android.olm.ffnw.prod
46604b9f: savedPid = 5991
PIDs--------------------------------------------------------------------------
u0_a290        5991    425 14881516 172848 0                  0 S com.obs.android.olm.ffnw.prod
46604b9f: savedPid2 = 5991
Stopping app: com.obs.android.olm.ffnw.prod
3601a6ff: Top-activity: com.obs.android.olm.ffnw.prod/com.obs.android.shared.RegistrationActivity
PIDs--------------------------------------------------------------------------
u0_a346        9708    414 14816960 171944 0                  0 S com.obs.android.olm.ffnw.prod
3601a6ff: savedPid = 9708
PIDs--------------------------------------------------------------------------
u0_a346        9708    414 14816960 171944 0                  0 S com.obs.android.olm.ffnw.prod
3601a6ff: savedPid2 = 9708
Stopping app: com.obs.android.olm.ffnw.prod
b29e6a69: Top-activity: com.obs.android.olm.ffnw.prod/com.obs.android.messenger.MainActivity
PIDs--------------------------------------------------------------------------
b29e6a69: savedPid = null
PIDs--------------------------------------------------------------------------
b29e6a69: savedPid2 = null
Stopping app: com.obs.android.olm.ffnw.prod
159ceeed: Terminated logcat thread...by itself
159ceeed: Top-activity: com.obs.android.olm.ffnw.prod/com.obs.android.messenger.MainActivity
PIDs--------------------------------------------------------------------------
159ceeed: savedPid = null
PIDs--------------------------------------------------------------------------
u0_a703       31591    423 14417224 96148 0                   0 R com.obs.android.olm.ffnw.prod
159ceeed: savedPid2 = 31591
Stopping app: com.obs.android.olm.ffnw.prod
Tryging remove : uninstall com.obs.android.olm.ffnw.prod(com.obs.android.olm.ffnw.prod)
46604b9f: Remove Success
46604b9f: ilog file size: 90589238
46604b9f: End of collecting logcat...
Tryging remove : uninstall com.obs.android.olm.ffnw.prod(com.obs.android.olm.ffnw.prod)
3601a6ff: Remove Success
3601a6ff: ilog file size: 90698575
3601a6ff: End of collecting logcat...
Tryging remove : uninstall com.obs.android.olm.ffnw.prod(com.obs.android.olm.ffnw.prod)
b29e6a69: Remove Success
b29e6a69: ilog file size: 44611814
b29e6a69: End of collecting logcat...
Tryging remove : uninstall com.obs.android.olm.ffnw.prod(com.obs.android.olm.ffnw.prod)
159ceeed: Remove Success
159ceeed: ilog file size: 45864043
159ceeed: End of collecting logcat...
HPFinder's try count remains: 29
Target PID : 9708
Target PID : 9708
Target PID : 9708
ExitReason-Code: 1 (/home/santapark/Extended3/DEEPerence/reEx/devRef_com.obs.android.olm.ffnw.prod.obfuscated_flattened.ilog)
Target PID : 
ExitReason-Code: 1 (/home/santapark/Extended3/DEEPerence/reEx/devRef_com.obs.android.olm.ffnw.prod.obfuscated_flattened.ilog)
Target PID : 5991
ExitReason-Code: 1 (/home/santapark/Extended3/DEEPerence/reEx/devRef_com.obs.android.olm.ffnw.prod.obfuscated_flattened.ilog)
Target PID : 31591
ExitReason-Code: 6 (/home/santapark/Extended3/DEEPerence/reEx/devRoot_com.obs.android.olm.ffnw.prod.obfuscated_flattened.ilog)
ExitReason-Code: 1 (/home/santapark/Extended3/DEEPerence/reEx/devDebug_com.obs.android.olm.ffnw.prod.obfuscated_flattened.ilog)
[*] FlowManager: adjust finished.
[GOOD]: Anti-analysis is identified! :) -- 1 --devRoot
android.view.View/setOnClickListener:(Landroid/view/View$OnClickListener;)V:3a149e		=(rels)=>		1
[*] Unique action: 1:99635 : <<CALL>> : com.obs.mobile_tablet.navigation.MainNavigation_ViewBinding/<init>:(Lcom/obs/mobile_tablet/navigation/MainNavigation;Landroid/view/View;)V:3a149e  =>  android.view.View/setOnClickListener:(Landroid/view/View$OnClickListener;)V:1bf5f8
[*] FlowManager: adjust finished.
[GOOD]: Anti-analysis is identified! :) -- 1 --devDebug
android.view.View/setOnClickListener:(Landroid/view/View$OnClickListener;)V:3a149e		=(rels)=>		1
[*] Unique action: 1:99635 : <<CALL>> : com.obs.mobile_tablet.navigation.MainNavigation_ViewBinding/<init>:(Lcom/obs/mobile_tablet/navigation/MainNavigation;Landroid/view/View;)V:3a149e  =>  android.view.View/setOnClickListener:(Landroid/view/View$OnClickListener;)V:1bf5f8
ExitReason-Code: 1 (/home/santapark/Extended3/DEEPerence/reEx/devTamper_com.obs.android.olm.ffnw.prod.obfuscated_flattened.ilog)
	1:compareBackwardBranch: 1:79349 : <<BRANCH>> : com.obs.android.shared.CBSApplication/a:(Landroid/content/Context;)Z:37b1ac  =>  com.obs.android.shared.CBSApplication/a:(Landroid/content/Context;)Z:37b1b6
android.widget.TextView/setText:(Ljava/lang/CharSequence;)V:39199c		=(rels)=>		1
[*] Unique action: 1:92310 : <<CALL>> : com.obs.mobile_tablet.MainActivity/onCreateView:(Landroid/view/LayoutInflater;Landroid/view/ViewGroup;Landroid/os/Bundle;)Landroid/view/View;:39199c  =>  android.widget.TextView/setText:(Ljava/lang/CharSequence;)V:29ee34
	1:compareBackwardBranch: 1:79349 : <<BRANCH>> : com.obs.android.shared.CBSApplication/a:(Landroid/content/Context;)Z:37b1ac  =>  com.obs.android.shared.CBSApplication/a:(Landroid/content/Context;)Z:37b1b6
android.widget.TextView/setText:(Ljava/lang/CharSequence;)V:387dfe		=(rels)=>		1
[*] Unique action: 1:123250 : <<CALL>> : com.obs.android.shared.RegistrationActivity$n/onCreateView:(Landroid/view/LayoutInflater;Landroid/view/ViewGroup;Landroid/os/Bundle;)Landroid/view/View;:387dfe  =>  android.widget.TextView/setText:(Ljava/lang/CharSequence;)V:29ee34
	1:compareBackwardBranch: 1:1011 : <<BRANCH>> : e.g.a.b.a.a/a:(Landroid/content/Context;)Z:3fe05a  =>  e.g.a.b.a.a/a:(Landroid/content/Context;)Z:3fe054
android.widget.TextView/setText:(Ljava/lang/CharSequence;)V:39199c		=(rels)=>		1
[*] Unique action: 1:92310 : <<CALL>> : com.obs.mobile_tablet.MainActivity/onCreateView:(Landroid/view/LayoutInflater;Landroid/view/ViewGroup;Landroid/os/Bundle;)Landroid/view/View;:39199c  =>  android.widget.TextView/setText:(Ljava/lang/CharSequence;)V:29ee34
	1:compareBackwardBranch: 1:79349 : <<BRANCH>> : com.obs.android.shared.CBSApplication/a:(Landroid/content/Context;)Z:37b1ac  =>  com.obs.android.shared.CBSApplication/a:(Landroid/content/Context;)Z:37b1b6
org.apache.http.impl.client.DefaultHttpClient/<init>:(Lorg/apache/http/conn/ClientConnectionManager;Lorg/apache/http/params/HttpParams;)V:463aee		=(rels)=>		1
[*] Unique action: 1:29775 : <<CALL>> : k.f.a.b.b/<init>:()V:463aee  =>  org.apache.http.impl.client.DefaultHttpClient/<init>:(Lorg/apache/http/conn/ClientConnectionManager;Lorg/apache/http/params/HttpParams;)V:31acc
	1:compareBackwardBranch: 1:869 : <<BRANCH>> : com.obs.android.shared.CBSApplication/a:(Landroid/content/Context;)Z:37b1ac  =>  com.obs.android.shared.CBSApplication/a:(Landroid/content/Context;)Z:37b1b6
android.view.View/setOnClickListener:(Landroid/view/View$OnClickListener;)V:2b5c42		=(rels)=>		1
[*] Unique action: 1:27987 : <<CALL>> : androidx.appcompat.widget.Toolbar/setNavigationOnClickListener:(Landroid/view/View$OnClickListener;)V:2b5c42  =>  android.view.View/setOnClickListener:(Landroid/view/View$OnClickListener;)V:1bf5f8
	1:compareBackwardBranch: 1:1011 : <<BRANCH>> : e.g.a.b.a.a/a:(Landroid/content/Context;)Z:3fe05a  =>  e.g.a.b.a.a/a:(Landroid/content/Context;)Z:3fe054
android.widget.TextView/setText:(Ljava/lang/CharSequence;)V:387dfe		=(rels)=>		1
[*] Unique action: 1:123250 : <<CALL>> : com.obs.android.shared.RegistrationActivity$n/onCreateView:(Landroid/view/LayoutInflater;Landroid/view/ViewGroup;Landroid/os/Bundle;)Landroid/view/View;:387dfe  =>  android.widget.TextView/setText:(Ljava/lang/CharSequence;)V:29ee34
	1:compareBackwardBranch: 1:869 : <<BRANCH>> : com.obs.android.shared.CBSApplication/a:(Landroid/content/Context;)Z:37b1ac  =>  com.obs.android.shared.CBSApplication/a:(Landroid/content/Context;)Z:37b1b6
android.view.ViewGroup/addView:(Landroid/view/View;Landroid/view/ViewGroup$LayoutParams;)V:2b3ec0		=(rels)=>		1
[*] Unique action: 1:28571 : <<CALL>> : androidx.appcompat.widget.Toolbar/a:(Landroid/view/View;Z)V:2b3ec0  =>  android.view.ViewGroup/addView:(Landroid/view/View;Landroid/view/ViewGroup$LayoutParams;)V:195988
	1:compareBackwardBranch: 1:869 : <<BRANCH>> : com.obs.android.shared.CBSApplication/a:(Landroid/content/Context;)Z:37b1ac  =>  com.obs.android.shared.CBSApplication/a:(Landroid/content/Context;)Z:37b1b6
android.widget.TextView/setText:(Ljava/lang/CharSequence;)V:2b5f00		=(rels)=>		1
[*] Unique action: 1:28580 : <<CALL>> : androidx.appcompat.widget.Toolbar/setTitle:(Ljava/lang/CharSequence;)V:2b5f00  =>  android.widget.TextView/setText:(Ljava/lang/CharSequence;)V:29ee34
	1:compareBackwardBranch: 1:869 : <<BRANCH>> : com.obs.android.shared.CBSApplication/a:(Landroid/content/Context;)Z:37b1ac  =>  com.obs.android.shared.CBSApplication/a:(Landroid/content/Context;)Z:37b1b6
android.view.ViewGroup/addView:(Landroid/view/View;ILandroid/view/ViewGroup$LayoutParams;)V:2b8ba4		=(rels)=>		1
[*] Unique action: 1:29542 : <<CALL>> : androidx.constraintlayout.widget.ConstraintLayout/addView:(Landroid/view/View;ILandroid/view/ViewGroup$LayoutParams;)V:2b8ba4  =>  android.view.ViewGroup/addView:(Landroid/view/View;ILandroid/view/ViewGroup$LayoutParams;)V:1959fc
	1:compareBackwardBranch: 1:869 : <<BRANCH>> : com.obs.android.shared.CBSApplication/a:(Landroid/content/Context;)Z:37b1ac  =>  com.obs.android.shared.CBSApplication/a:(Landroid/content/Context;)Z:37b1b6
android.view.View/setOnClickListener:(Landroid/view/View$OnClickListener;)V:3a15a8		=(rels)=>		1
[*] Unique action: 1:99665 : <<CALL>> : com.obs.mobile_tablet.navigation.MainNavigation_ViewBinding/<init>:(Lcom/obs/mobile_tablet/navigation/MainNavigation;Landroid/view/View;)V:3a15a8  =>  android.view.View/setOnClickListener:(Landroid/view/View$OnClickListener;)V:1bf5f8
	1:compareBackwardBranch: 1:1011 : <<BRANCH>> : e.g.a.b.a.a/a:(Landroid/content/Context;)Z:3fe05a  =>  e.g.a.b.a.a/a:(Landroid/content/Context;)Z:3fe054
org.apache.http.impl.client.DefaultHttpClient/<init>:(Lorg/apache/http/conn/ClientConnectionManager;Lorg/apache/http/params/HttpParams;)V:463aee		=(rels)=>		1
[*] Unique action: 1:29775 : <<CALL>> : k.f.a.b.b/<init>:()V:463aee  =>  org.apache.http.impl.client.DefaultHttpClient/<init>:(Lorg/apache/http/conn/ClientConnectionManager;Lorg/apache/http/params/HttpParams;)V:31acc
	1:compareBackwardBranch: 1:79349 : <<BRANCH>> : com.obs.android.shared.CBSApplication/a:(Landroid/content/Context;)Z:37b1ac  =>  com.obs.android.shared.CBSApplication/a:(Landroid/content/Context;)Z:37b1b6
android.view.View/setOnClickListener:(Landroid/view/View$OnClickListener;)V:2aa09e		=(rels)=>		1
[*] Unique action: 1:117689 : <<CALL>> : androidx.appcompat.app.AppCompatViewInflater/checkOnClickListener:(Landroid/view/View;Landroid/util/AttributeSet;)V:2aa09e  =>  android.view.View/setOnClickListener:(Landroid/view/View$OnClickListener;)V:1bf5f8
	1:compareBackwardBranch: 1:1011 : <<BRANCH>> : e.g.a.b.a.a/a:(Landroid/content/Context;)Z:3fe05a  =>  e.g.a.b.a.a/a:(Landroid/content/Context;)Z:3fe054
android.view.View/setOnClickListener:(Landroid/view/View$OnClickListener;)V:2b5c42		=(rels)=>		1
[*] Unique action: 1:27987 : <<CALL>> : androidx.appcompat.widget.Toolbar/setNavigationOnClickListener:(Landroid/view/View$OnClickListener;)V:2b5c42  =>  android.view.View/setOnClickListener:(Landroid/view/View$OnClickListener;)V:1bf5f8
	1:compareBackwardBranch: 1:1011 : <<BRANCH>> : e.g.a.b.a.a/a:(Landroid/content/Context;)Z:3fe05a  =>  e.g.a.b.a.a/a:(Landroid/content/Context;)Z:3fe054
android.view.ViewGroup/addView:(Landroid/view/View;Landroid/view/ViewGroup$LayoutParams;)V:2b3ec0		=(rels)=>		1
[*] Unique action: 1:28571 : <<CALL>> : androidx.appcompat.widget.Toolbar/a:(Landroid/view/View;Z)V:2b3ec0  =>  android.view.ViewGroup/addView:(Landroid/view/View;Landroid/view/ViewGroup$LayoutParams;)V:195988
	1:compareBackwardBranch: 1:1011 : <<BRANCH>> : e.g.a.b.a.a/a:(Landroid/content/Context;)Z:3fe05a  =>  e.g.a.b.a.a/a:(Landroid/content/Context;)Z:3fe054
android.widget.TextView/setText:(Ljava/lang/CharSequence;)V:2b5f00		=(rels)=>		1
[*] Unique action: 1:28580 : <<CALL>> : androidx.appcompat.widget.Toolbar/setTitle:(Ljava/lang/CharSequence;)V:2b5f00  =>  android.widget.TextView/setText:(Ljava/lang/CharSequence;)V:29ee34
	1:compareBackwardBranch: 1:1011 : <<BRANCH>> : e.g.a.b.a.a/a:(Landroid/content/Context;)Z:3fe05a  =>  e.g.a.b.a.a/a:(Landroid/content/Context;)Z:3fe054
android.view.ViewGroup/addView:(Landroid/view/View;ILandroid/view/ViewGroup$LayoutParams;)V:2b8ba4		=(rels)=>		1
[*] Unique action: 1:29542 : <<CALL>> : androidx.constraintlayout.widget.ConstraintLayout/addView:(Landroid/view/View;ILandroid/view/ViewGroup$LayoutParams;)V:2b8ba4  =>  android.view.ViewGroup/addView:(Landroid/view/View;ILandroid/view/ViewGroup$LayoutParams;)V:1959fc
	1:compareBackwardBranch: 1:79349 : <<BRANCH>> : com.obs.android.shared.CBSApplication/a:(Landroid/content/Context;)Z:37b1ac  =>  com.obs.android.shared.CBSApplication/a:(Landroid/content/Context;)Z:37b1b6
android.view.View/setOnClickListener:(Landroid/view/View$OnClickListener;)V:3a15ce		=(rels)=>		1
[*] Unique action: 1:99673 : <<CALL>> : com.obs.mobile_tablet.navigation.MainNavigation_ViewBinding/<init>:(Lcom/obs/mobile_tablet/navigation/MainNavigation;Landroid/view/View;)V:3a15ce  =>  android.view.View/setOnClickListener:(Landroid/view/View$OnClickListener;)V:1bf5f8
	1:compareBackwardBranch: 1:1011 : <<BRANCH>> : e.g.a.b.a.a/a:(Landroid/content/Context;)Z:3fe05a  =>  e.g.a.b.a.a/a:(Landroid/content/Context;)Z:3fe054
android.view.View/setOnClickListener:(Landroid/view/View$OnClickListener;)V:3a15a8		=(rels)=>		1
[*] Unique action: 1:99665 : <<CALL>> : com.obs.mobile_tablet.navigation.MainNavigation_ViewBinding/<init>:(Lcom/obs/mobile_tablet/navigation/MainNavigation;Landroid/view/View;)V:3a15a8  =>  android.view.View/setOnClickListener:(Landroid/view/View$OnClickListener;)V:1bf5f8
	1:compareBackwardBranch: 1:79349 : <<BRANCH>> : com.obs.android.shared.CBSApplication/a:(Landroid/content/Context;)Z:37b1ac  =>  com.obs.android.shared.CBSApplication/a:(Landroid/content/Context;)Z:37b1b6
android.os.Handler/postDelayed:(Ljava/lang/Runnable;J)Z:424b34		=(rels)=>		1
[*] Unique action: 1:105046 : <<CALL>> : e.i.a.a/onActivityPaused:(Landroid/app/Activity;)V:424b34  =>  android.os.Handler/postDelayed:(Ljava/lang/Runnable;J)Z:30ca84
	1:compareBackwardBranch: 1:1011 : <<BRANCH>> : e.g.a.b.a.a/a:(Landroid/content/Context;)Z:3fe05a  =>  e.g.a.b.a.a/a:(Landroid/content/Context;)Z:3fe054
android.view.View/setOnClickListener:(Landroid/view/View$OnClickListener;)V:2aa09e		=(rels)=>		1
[*] Unique action: 1:117689 : <<CALL>> : androidx.appcompat.app.AppCompatViewInflater/checkOnClickListener:(Landroid/view/View;Landroid/util/AttributeSet;)V:2aa09e  =>  android.view.View/setOnClickListener:(Landroid/view/View$OnClickListener;)V:1bf5f8
	1:compareBackwardBranch: 1:79349 : <<BRANCH>> : com.obs.android.shared.CBSApplication/a:(Landroid/content/Context;)Z:37b1ac  =>  com.obs.android.shared.CBSApplication/a:(Landroid/content/Context;)Z:37b1b6
android.view.ViewGroup/addView:(Landroid/view/View;)V:379720		=(rels)=>		1
[*] Unique action: 1:30610 : <<CALL>> : com.obs.android.messenger.MainActivity/onCreate:(Landroid/os/Bundle;)V:379720  =>  android.view.ViewGroup/addView:(Landroid/view/View;)V:19596c
	1:compareBackwardBranch: 1:869 : <<BRANCH>> : com.obs.android.shared.CBSApplication/a:(Landroid/content/Context;)Z:37b1ac  =>  com.obs.android.shared.CBSApplication/a:(Landroid/content/Context;)Z:37b1b6
android.widget.TextView/setText:(Ljava/lang/CharSequence;)V:39164e		=(rels)=>		1
[*] Unique action: 1:91529 : <<CALL>> : com.obs.mobile_tablet.MainActivity/onCreateView:(Landroid/view/LayoutInflater;Landroid/view/ViewGroup;Landroid/os/Bundle;)Landroid/view/View;:39164e  =>  android.widget.TextView/setText:(Ljava/lang/CharSequence;)V:29ee34
	1:compareBackwardBranch: 1:1011 : <<BRANCH>> : e.g.a.b.a.a/a:(Landroid/content/Context;)Z:3fe05a  =>  e.g.a.b.a.a/a:(Landroid/content/Context;)Z:3fe054
android.view.View/setOnClickListener:(Landroid/view/View$OnClickListener;)V:3a15ce		=(rels)=>		1
[*] Unique action: 1:99673 : <<CALL>> : com.obs.mobile_tablet.navigation.MainNavigation_ViewBinding/<init>:(Lcom/obs/mobile_tablet/navigation/MainNavigation;Landroid/view/View;)V:3a15ce  =>  android.view.View/setOnClickListener:(Landroid/view/View$OnClickListener;)V:1bf5f8
	1:compareBackwardBranch: 1:79349 : <<BRANCH>> : com.obs.android.shared.CBSApplication/a:(Landroid/content/Context;)Z:37b1ac  =>  com.obs.android.shared.CBSApplication/a:(Landroid/content/Context;)Z:37b1b6
android.view.ViewGroup/addView:(Landroid/view/View;)V:2905de		=(rels)=>		1
[*] Unique action: 1:92391 : <<CALL>> : a.l.a.j/a:(Landroidx/fragment/app/Fragment;IIIZ)V:2905de  =>  android.view.ViewGroup/addView:(Landroid/view/View;)V:19596c
	1:compareBackwardBranch: 1:79349 : <<BRANCH>> : com.obs.android.shared.CBSApplication/a:(Landroid/content/Context;)Z:37b1ac  =>  com.obs.android.shared.CBSApplication/a:(Landroid/content/Context;)Z:37b1b6
android.view.ViewGroup/addView:(Landroid/view/View;)V:26c67e		=(rels)=>		1
[*] Unique action: 1:91643 : <<CALL>> : a.b.p.y0/a:(Landroid/view/View;)V:26c67e  =>  android.view.ViewGroup/addView:(Landroid/view/View;)V:19596c
	1:compareBackwardBranch: 1:1011 : <<BRANCH>> : e.g.a.b.a.a/a:(Landroid/content/Context;)Z:3fe05a  =>  e.g.a.b.a.a/a:(Landroid/content/Context;)Z:3fe054
android.os.Handler/postDelayed:(Ljava/lang/Runnable;J)Z:424b34		=(rels)=>		1
[*] Unique action: 1:105046 : <<CALL>> : e.i.a.a/onActivityPaused:(Landroid/app/Activity;)V:424b34  =>  android.os.Handler/postDelayed:(Ljava/lang/Runnable;J)Z:30ca84
	1:compareBackwardBranch: 1:79349 : <<BRANCH>> : com.obs.android.shared.CBSApplication/a:(Landroid/content/Context;)Z:37b1ac  =>  com.obs.android.shared.CBSApplication/a:(Landroid/content/Context;)Z:37b1b6
android.widget.EditText/getText:()Landroid/text/Editable;:26577c		=(rels)=>		1
[*] Unique action: 1:124994 : <<CALL>> : a.b.p.j/getText:()Landroid/text/Editable;:26577c  =>  android.widget.EditText/getText:()Landroid/text/Editable;:2330f8
	1:compareBackwardBranch: 1:1011 : <<BRANCH>> : e.g.a.b.a.a/a:(Landroid/content/Context;)Z:3fe05a  =>  e.g.a.b.a.a/a:(Landroid/content/Context;)Z:3fe054
android.view.ViewGroup/addView:(Landroid/view/View;)V:379720		=(rels)=>		1
[*] Unique action: 1:30610 : <<CALL>> : com.obs.android.messenger.MainActivity/onCreate:(Landroid/os/Bundle;)V:379720  =>  android.view.ViewGroup/addView:(Landroid/view/View;)V:19596c
	1:compareBackwardBranch: 1:1011 : <<BRANCH>> : e.g.a.b.a.a/a:(Landroid/content/Context;)Z:3fe05a  =>  e.g.a.b.a.a/a:(Landroid/content/Context;)Z:3fe054
android.widget.TextView/setText:(Ljava/lang/CharSequence;)V:39164e		=(rels)=>		1
[*] Unique action: 1:91529 : <<CALL>> : com.obs.mobile_tablet.MainActivity/onCreateView:(Landroid/view/LayoutInflater;Landroid/view/ViewGroup;Landroid/os/Bundle;)Landroid/view/View;:39164e  =>  android.widget.TextView/setText:(Ljava/lang/CharSequence;)V:29ee34
	1:compareBackwardBranch: 1:79349 : <<BRANCH>> : com.obs.android.shared.CBSApplication/a:(Landroid/content/Context;)Z:37b1ac  =>  com.obs.android.shared.CBSApplication/a:(Landroid/content/Context;)Z:37b1b6
android.widget.TextView/setText:(Ljava/lang/CharSequence;)V:391c02		=(rels)=>		1
[*] Unique action: 1:103367 : <<CALL>> : com.obs.mobile_tablet.MainActivity/permissionsUpdate:(Le/g/b/f/a/m;)V:391c02  =>  android.widget.TextView/setText:(Ljava/lang/CharSequence;)V:29ee34
	1:compareBackwardBranch: 1:1011 : <<BRANCH>> : e.g.a.b.a.a/a:(Landroid/content/Context;)Z:3fe05a  =>  e.g.a.b.a.a/a:(Landroid/content/Context;)Z:3fe054
android.view.ViewGroup/addView:(Landroid/view/View;)V:2905de		=(rels)=>		1
[*] Unique action: 1:92391 : <<CALL>> : a.l.a.j/a:(Landroidx/fragment/app/Fragment;IIIZ)V:2905de  =>  android.view.ViewGroup/addView:(Landroid/view/View;)V:19596c
	1:compareBackwardBranch: 1:79349 : <<BRANCH>> : com.obs.android.shared.CBSApplication/a:(Landroid/content/Context;)Z:37b1ac  =>  com.obs.android.shared.CBSApplication/a:(Landroid/content/Context;)Z:37b1b6
android.widget.TextView/setText:(Ljava/lang/CharSequence;)V:3918e2		=(rels)=>		1
[*] Unique action: 1:92292 : <<CALL>> : com.obs.mobile_tablet.MainActivity/onCreateView:(Landroid/view/LayoutInflater;Landroid/view/ViewGroup;Landroid/os/Bundle;)Landroid/view/View;:3918e2  =>  android.widget.TextView/setText:(Ljava/lang/CharSequence;)V:29ee34
	1:compareBackwardBranch: 1:1011 : <<BRANCH>> : e.g.a.b.a.a/a:(Landroid/content/Context;)Z:3fe05a  =>  e.g.a.b.a.a/a:(Landroid/content/Context;)Z:3fe054
android.view.ViewGroup/addView:(Landroid/view/View;)V:26c67e		=(rels)=>		1
[*] Unique action: 1:91643 : <<CALL>> : a.b.p.y0/a:(Landroid/view/View;)V:26c67e  =>  android.view.ViewGroup/addView:(Landroid/view/View;)V:19596c
	1:compareBackwardBranch: 1:79349 : <<BRANCH>> : com.obs.android.shared.CBSApplication/a:(Landroid/content/Context;)Z:37b1ac  =>  com.obs.android.shared.CBSApplication/a:(Landroid/content/Context;)Z:37b1b6
android.view.View/setOnClickListener:(Landroid/view/View$OnClickListener;)V:391662		=(rels)=>		1
[*] Unique action: 1:91537 : <<CALL>> : com.obs.mobile_tablet.MainActivity/onCreateView:(Landroid/view/LayoutInflater;Landroid/view/ViewGroup;Landroid/os/Bundle;)Landroid/view/View;:391662  =>  android.view.View/setOnClickListener:(Landroid/view/View$OnClickListener;)V:1bf5f8
	1:compareBackwardBranch: 1:79349 : <<BRANCH>> : com.obs.android.shared.CBSApplication/a:(Landroid/content/Context;)Z:37b1ac  =>  com.obs.android.shared.CBSApplication/a:(Landroid/content/Context;)Z:37b1b6
android.view.View/setOnClickListener:(Landroid/view/View$OnClickListener;)V:3a1666		=(rels)=>		1
[*] Unique action: 1:99689 : <<CALL>> : com.obs.mobile_tablet.navigation.MainNavigation_ViewBinding/<init>:(Lcom/obs/mobile_tablet/navigation/MainNavigation;Landroid/view/View;)V:3a1666  =>  android.view.View/setOnClickListener:(Landroid/view/View$OnClickListener;)V:1bf5f8
	1:compareBackwardBranch: 1:1011 : <<BRANCH>> : e.g.a.b.a.a/a:(Landroid/content/Context;)Z:3fe05a  =>  e.g.a.b.a.a/a:(Landroid/content/Context;)Z:3fe054
android.widget.EditText/getText:()Landroid/text/Editable;:26577c		=(rels)=>		1
[*] Unique action: 1:124994 : <<CALL>> : a.b.p.j/getText:()Landroid/text/Editable;:26577c  =>  android.widget.EditText/getText:()Landroid/text/Editable;:2330f8
[*] FlowManager: adjust finished.
Action is completely same :)
Action is completely same :)
46604b9f: There is no difference. (tryAgain=false)
	1:compareBackwardBranch: 1:79349 : <<BRANCH>> : com.obs.android.shared.CBSApplication/a:(Landroid/content/Context;)Z:37b1ac  =>  com.obs.android.shared.CBSApplication/a:(Landroid/content/Context;)Z:37b1b6
android.view.View/setOnClickListener:(Landroid/view/View$OnClickListener;)V:3849a4		=(rels)=>		1
[*] Unique action: 1:125630 : <<CALL>> : com.obs.android.shared.RegistrationActivity$j/onCreateView:(Landroid/view/LayoutInflater;Landroid/view/ViewGroup;Landroid/os/Bundle;)Landroid/view/View;:3849a4  =>  android.view.View/setOnClickListener:(Landroid/view/View$OnClickListener;)V:1bf5f8
	1:compareBackwardBranch: 1:1011 : <<BRANCH>> : e.g.a.b.a.a/a:(Landroid/content/Context;)Z:3fe05a  =>  e.g.a.b.a.a/a:(Landroid/content/Context;)Z:3fe054
android.widget.TextView/setText:(Ljava/lang/CharSequence;)V:391c02		=(rels)=>		1
[*] Unique action: 1:103367 : <<CALL>> : com.obs.mobile_tablet.MainActivity/permissionsUpdate:(Le/g/b/f/a/m;)V:391c02  =>  android.widget.TextView/setText:(Ljava/lang/CharSequence;)V:29ee34
	1:compareBackwardBranch: 1:79349 : <<BRANCH>> : com.obs.android.shared.CBSApplication/a:(Landroid/content/Context;)Z:37b1ac  =>  com.obs.android.shared.CBSApplication/a:(Landroid/content/Context;)Z:37b1b6
android.view.View/setOnClickListener:(Landroid/view/View$OnClickListener;)V:3a14c4		=(rels)=>		1
[*] Unique action: 1:99645 : <<CALL>> : com.obs.mobile_tablet.navigation.MainNavigation_ViewBinding/<init>:(Lcom/obs/mobile_tablet/navigation/MainNavigation;Landroid/view/View;)V:3a14c4  =>  android.view.View/setOnClickListener:(Landroid/view/View$OnClickListener;)V:1bf5f8
	1:compareBackwardBranch: 1:1011 : <<BRANCH>> : e.g.a.b.a.a/a:(Landroid/content/Context;)Z:3fe05a  =>  e.g.a.b.a.a/a:(Landroid/content/Context;)Z:3fe054
android.widget.TextView/setText:(Ljava/lang/CharSequence;)V:3918e2		=(rels)=>		1
[*] Unique action: 1:92292 : <<CALL>> : com.obs.mobile_tablet.MainActivity/onCreateView:(Landroid/view/LayoutInflater;Landroid/view/ViewGroup;Landroid/os/Bundle;)Landroid/view/View;:3918e2  =>  android.widget.TextView/setText:(Ljava/lang/CharSequence;)V:29ee34
	1:compareBackwardBranch: 1:79349 : <<BRANCH>> : com.obs.android.shared.CBSApplication/a:(Landroid/content/Context;)Z:37b1ac  =>  com.obs.android.shared.CBSApplication/a:(Landroid/content/Context;)Z:37b1b6
java.lang.System/exit:(I)V:37bb26		=(rels)=>		1
[*] Unique action: 1:567 : <<CALL>> : com.obs.android.shared.CBSApplication/b:()V:37bb26  =>  java.lang.System/exit:(I)V:ea908
	1:compareBackwardBranch2: 1:869 : <<BRANCH>> : com.obs.android.shared.CBSApplication/a:(Landroid/content/Context;)Z:37b1ac  =>  com.obs.android.shared.CBSApplication/a:(Landroid/content/Context;)Z:37b1b6
Entry: 37a768
com.obs.android.shared.CBSApplication/a:(Landroid/content/Context;)Z: 37b1ac -> 37b1b6
		com.obs.android.shared.CBSApplication/a:(Landroid/content/Context;)Z: a44 -> a4e
addPatchReadme: java.lang.Class<com.obs.android.shared.CBSApplication>a(Landroid/content/Context;)Z a44 t
b29e6a69: [+] Patches found in this round: 1
b29e6a69: [*] Found Patch size: 1
Target PID : 
ExitReason-Code: 6 (/home/santapark/Extended3/DEEPerence/reEx/devRoot_com.obs.android.olm.ffnw.prod.obfuscated_flattened.ilog)
b29e6a69: 	@@@Found patch addr: 37b1bc
b29e6a69: Querying offset: 37b1ac
b29e6a69: 	--Add method name to patch = com.obs.android.shared.CBSApplication/a:(Landroid/content/Context;)Z 	37b1ac
	1:compareBackwardBranch: 1:1011 : <<BRANCH>> : e.g.a.b.a.a/a:(Landroid/content/Context;)Z:3fe05a  =>  e.g.a.b.a.a/a:(Landroid/content/Context;)Z:3fe054
android.view.View/setOnClickListener:(Landroid/view/View$OnClickListener;)V:391662		=(rels)=>		1
[*] Unique action: 1:91537 : <<CALL>> : com.obs.mobile_tablet.MainActivity/onCreateView:(Landroid/view/LayoutInflater;Landroid/view/ViewGroup;Landroid/os/Bundle;)Landroid/view/View;:391662  =>  android.view.View/setOnClickListener:(Landroid/view/View$OnClickListener;)V:1bf5f8
	1:compareBackwardBranch: 1:1011 : <<BRANCH>> : e.g.a.b.a.a/a:(Landroid/content/Context;)Z:3fe05a  =>  e.g.a.b.a.a/a:(Landroid/content/Context;)Z:3fe054
android.view.View/setOnClickListener:(Landroid/view/View$OnClickListener;)V:3a1666		=(rels)=>		1
[*] Unique action: 1:99689 : <<CALL>> : com.obs.mobile_tablet.navigation.MainNavigation_ViewBinding/<init>:(Lcom/obs/mobile_tablet/navigation/MainNavigation;Landroid/view/View;)V:3a1666  =>  android.view.View/setOnClickListener:(Landroid/view/View$OnClickListener;)V:1bf5f8
	1:compareBackwardBranch: 1:1011 : <<BRANCH>> : e.g.a.b.a.a/a:(Landroid/content/Context;)Z:3fe05a  =>  e.g.a.b.a.a/a:(Landroid/content/Context;)Z:3fe054
android.view.View/setOnClickListener:(Landroid/view/View$OnClickListener;)V:3849a4		=(rels)=>		1
[*] Unique action: 1:125630 : <<CALL>> : com.obs.android.shared.RegistrationActivity$j/onCreateView:(Landroid/view/LayoutInflater;Landroid/view/ViewGroup;Landroid/os/Bundle;)Landroid/view/View;:3849a4  =>  android.view.View/setOnClickListener:(Landroid/view/View$OnClickListener;)V:1bf5f8
	1:compareBackwardBranch: 1:1011 : <<BRANCH>> : e.g.a.b.a.a/a:(Landroid/content/Context;)Z:3fe05a  =>  e.g.a.b.a.a/a:(Landroid/content/Context;)Z:3fe054
android.view.View/setOnClickListener:(Landroid/view/View$OnClickListener;)V:3a14c4		=(rels)=>		1
[*] Unique action: 1:99645 : <<CALL>> : com.obs.mobile_tablet.navigation.MainNavigation_ViewBinding/<init>:(Lcom/obs/mobile_tablet/navigation/MainNavigation;Landroid/view/View;)V:3a14c4  =>  android.view.View/setOnClickListener:(Landroid/view/View$OnClickListener;)V:1bf5f8
	1:compareBackwardBranch: 1:1011 : <<BRANCH>> : e.g.a.b.a.a/a:(Landroid/content/Context;)Z:3fe05a  =>  e.g.a.b.a.a/a:(Landroid/content/Context;)Z:3fe054
java.lang.System/exit:(I)V:37bb26		=(rels)=>		1
[*] Unique action: 1:1048 : <<CALL>> : com.obs.android.shared.CBSApplication/b:()V:37bb26  =>  java.lang.System/exit:(I)V:ea908
	1:compareBackwardBranch2: 1:1011 : <<BRANCH>> : e.g.a.b.a.a/a:(Landroid/content/Context;)Z:3fe05a  =>  e.g.a.b.a.a/a:(Landroid/content/Context;)Z:3fe054
Entry: 3fdeb0
e.g.a.b.a.a/a:(Landroid/content/Context;)Z: 3fe05a -> 3fe054
		e.g.a.b.a.a/a:(Landroid/content/Context;)Z: 1aa -> 1a4
addPatchReadme: java.lang.Class<e.g.a.b.a.a>a(Landroid/content/Context;)Z 1aa t
159ceeed: [+] Patches found in this round: 1
159ceeed: [*] Found Patch size: 1
Target PID : 
ExitReason-Code: 6 (/home/santapark/Extended3/DEEPerence/reEx/devDebug_com.obs.android.olm.ffnw.prod.obfuscated_flattened.ilog)
159ceeed: 	@@@Found patch addr: 3fe06a
159ceeed: Querying offset: 3fe05a
159ceeed: 	--Add method name to patch = e.g.a.b.a.a/a:(Landroid/content/Context;)Z 	3fe05a
Devices presenting anti-analysis: 
	devRoot
	devDebug
b29e6a69: patching method: com.obs.android.shared.CBSApplication/a:(Landroid/content/Context;)Z
b29e6a69: outDir - /home/santapark/Extended3/DEEPerence/reEx/com.obs.android.olm.ffnw.prod.apk.obfuscated_flattened_devRoot
Wow!!!!!  --  com.obs.android.shared.CBSApplication/a:(Landroid/content/Context;)Z
fallthrough: a48
branchTarget: a4e
label = cond_15
GOTO -- a48 	a4e
axmlPath: /home/santapark/Extended3/DEEPerence/reEx/com.obs.android.olm.ffnw.prod.apk.obfuscated_flattened_devRoot/AndroidManifest.xml
outDir: /home/santapark/Extended3/DEEPerence/reEx/com.obs.android.olm.ffnw.prod.apk.obfuscated_flattened_devRoot/com.obs.android.olm.ffnw.prod.apk.obfuscated_flattened.apk
b29e6a69: Patched APK File: /home/santapark/Extended3/DEEPerence/reEx/com.obs.android.olm.ffnw.prod.apk.obfuscated_flattened_devRoot/signed_com.obs.android.olm.ffnw.prod.apk.obfuscated_flattened.apk
b29e6a69: First address of Lcom/obs/android/shared/CBSApplication;->a(Landroid/content/Context;)Z = 37a778
b29e6a69: Address - Lcom/obs/android/shared/CBSApplication;->a(Landroid/content/Context;)Z@a44	 lastOffset = 1318
b29e6a69: Instruction@@: IF_NEZ
159ceeed: patching method: e.g.a.b.a.a/a:(Landroid/content/Context;)Z
159ceeed: outDir - /home/santapark/Extended3/DEEPerence/reEx/com.obs.android.olm.ffnw.prod.apk.obfuscated_flattened_devDebug
Wow!!!!!  --  e.g.a.b.a.a/a:(Landroid/content/Context;)Z
fallthrough: 1ae
branchTarget: 1a4
label = cond_1
GOTO -- 1ae 	1a4
axmlPath: /home/santapark/Extended3/DEEPerence/reEx/com.obs.android.olm.ffnw.prod.apk.obfuscated_flattened_devDebug/AndroidManifest.xml
outDir: /home/santapark/Extended3/DEEPerence/reEx/com.obs.android.olm.ffnw.prod.apk.obfuscated_flattened_devDebug/com.obs.android.olm.ffnw.prod.apk.obfuscated_flattened.apk
159ceeed: Patched APK File: /home/santapark/Extended3/DEEPerence/reEx/com.obs.android.olm.ffnw.prod.apk.obfuscated_flattened_devDebug/signed_com.obs.android.olm.ffnw.prod.apk.obfuscated_flattened.apk
159ceeed: First address of Le/g/a/b/a/a;->a(Landroid/content/Context;)Z = 3fdec0
159ceeed: Address - Le/g/a/b/a/a;->a(Landroid/content/Context;)Z@1aa	 lastOffset = 464
159ceeed: Instruction@@: IF_EQZ
b29e6a69: (Not Installed) Trying remove : true
159ceeed: (Not Installed) Trying remove : true
Installing apk: /home/santapark/Extended3/DEEPerence/reEx/com.obs.android.olm.ffnw.prod.apk.obfuscated_flattened_devRoot/signed_com.obs.android.olm.ffnw.prod.apk.obfuscated_flattened.apk
Installing apk: /home/santapark/Extended3/DEEPerence/reEx/com.obs.android.olm.ffnw.prod.apk.obfuscated_flattened_devDebug/signed_com.obs.android.olm.ffnw.prod.apk.obfuscated_flattened.apk
159ceeed: Installation Success
b29e6a69: Installation Success
b29e6a69: startApplication called! - devRoot
159ceeed: startApplication called! - devDebug
b29e6a69: Collecting logcat... (/home/santapark/Extended3/DEEPerence/reEx/devRoot_com.obs.android.olm.ffnw.prod.obfuscated_flattened.ilog)
b29e6a69: Running Application: com.obs.android.olm.ffnw.prod
159ceeed: Collecting logcat... (/home/santapark/Extended3/DEEPerence/reEx/devDebug_com.obs.android.olm.ffnw.prod.obfuscated_flattened.ilog)
PIDs--------------------------------------------------------------------------
u0_a704       31656    423 14455244 108308 0                  0 S com.obs.android.olm.ffnw.prod
forward tcp:35535 jdwp:31656
[*]Found JDWP Target: 31656
159ceeed: Running Application: com.obs.android.olm.ffnw.prod
PIDs--------------------------------------------------------------------------
u0_a704       31656    423 14730364 156456 0                  0 R com.obs.android.olm.ffnw.prod
159ceeed: Tryging attach jdb to 31656
jdb -connect com.sun.jdi.SocketAttach:hostname=localhost,port=35535
159ceeed: Running is done - starting comparing... : 10001
159ceeed: Terminated logcat thread...by itself
159ceeed: Top-activity: com.android.launcher3/.Launcher
PIDs--------------------------------------------------------------------------
159ceeed: savedPid = null
PIDs--------------------------------------------------------------------------
159ceeed: savedPid2 = null
Stopping app: com.obs.android.olm.ffnw.prod
Tryging remove : uninstall com.obs.android.olm.ffnw.prod(com.obs.android.olm.ffnw.prod)
159ceeed: Remove Success
159ceeed: ilog file size: 45387521
159ceeed: End of collecting logcat...
b29e6a69: Terminated logcat thread...by itself
b29e6a69: Top-activity: com.obs.android.olm.ffnw.prod/com.obs.android.shared.RegistrationActivity
PIDs--------------------------------------------------------------------------
u0_a389       13803    430 14891084 177196 0                  0 S com.obs.android.olm.ffnw.prod
b29e6a69: savedPid = 13803
PIDs--------------------------------------------------------------------------
u0_a389       13803    430 14891084 177196 0                  0 S com.obs.android.olm.ffnw.prod
b29e6a69: savedPid2 = 13803
Stopping app: com.obs.android.olm.ffnw.prod
Tryging remove : uninstall com.obs.android.olm.ffnw.prod(com.obs.android.olm.ffnw.prod)
b29e6a69: Remove Success
b29e6a69: ilog file size: 90397872
b29e6a69: End of collecting logcat...
HPFinder's try count remains: 28
Target PID : 9708
Target PID : 9708
ExitReason-Code: 1 (/home/santapark/Extended3/DEEPerence/reEx/devRef_com.obs.android.olm.ffnw.prod.obfuscated_flattened.ilog)
Target PID : 13803
ExitReason-Code: 1 (/home/santapark/Extended3/DEEPerence/reEx/devRef_com.obs.android.olm.ffnw.prod.obfuscated_flattened.ilog)
Target PID : 
ExitReason-Code: 6 (/home/santapark/Extended3/DEEPerence/reEx/devDebug_com.obs.android.olm.ffnw.prod.obfuscated_flattened.ilog)
159ceeed: adding filter -- 3fe05a
ExitReason-Code: 1 (/home/santapark/Extended3/DEEPerence/reEx/devRoot_com.obs.android.olm.ffnw.prod.obfuscated_flattened.ilog)
b29e6a69: adding filter -- 37b1ac
[*] FlowManager: adjust finished.
-- current localPatchFilter: 3fe05a
Action is completely same :)
java.lang.System/exit:(I)V:37bb26		=(rels)=>		1
[*] Unique action: 16:258665 : <<CALL>> : com.obs.android.shared.CBSApplication/b:()V:37bb26  =>  java.lang.System/exit:(I)V:ea908
	1:compareBackwardBranch2: 15:964 : <<BRANCH>> : e.g.a.b.a.a$a/run:()V:3fdd34  =>  e.g.a.b.a.a$a/run:()V:3fdd26
Entry: 3fdc74
e.g.a.b.a.a$a/run:()V: 3fdd34 -> 3fdd26
		e.g.a.b.a.a$a/run:()V: c0 -> b2
addPatchReadme: java.lang.Class<e.g.a.b.a.a$a>run()V c0 t
159ceeed: [+] Patches found in this round: 1
159ceeed: [*] Found Patch size: 1
Target PID : 
ExitReason-Code: 6 (/home/santapark/Extended3/DEEPerence/reEx/devDebug_com.obs.android.olm.ffnw.prod.obfuscated_flattened.ilog)
159ceeed: @@localPatchFilter -- 3fe06a
159ceeed: 	@@@Found patch addr: 3fdd44
159ceeed: Querying offset: 3fdd34
159ceeed: 	--Add method name to patch = e.g.a.b.a.a$a/run:()V 	3fdd34
[*] FlowManager: adjust finished.
-- current localPatchFilter: 37b1ac
Action is completely same :)
Action is completely same :)
b29e6a69: There is no difference. (tryAgain=false)
Devices presenting anti-analysis: 
	devDebug
159ceeed: patching method: e.g.a.b.a.a/a:(Landroid/content/Context;)Z
159ceeed: patching method: e.g.a.b.a.a$a/run:()V
159ceeed: outDir - /home/santapark/Extended3/DEEPerence/reEx/com.obs.android.olm.ffnw.prod.apk.obfuscated_flattened_devDebug
Wow!!!!!  --  e.g.a.b.a.a$a/run:()V
fallthrough: c4
branchTarget: b2
label = cond_0
GOTO -- c4 	b2
Wow!!!!!  --  e.g.a.b.a.a/a:(Landroid/content/Context;)Z
fallthrough: 1ae
branchTarget: 1a4
label = cond_1
GOTO -- 1ae 	1a4
axmlPath: /home/santapark/Extended3/DEEPerence/reEx/com.obs.android.olm.ffnw.prod.apk.obfuscated_flattened_devDebug/AndroidManifest.xml
outDir: /home/santapark/Extended3/DEEPerence/reEx/com.obs.android.olm.ffnw.prod.apk.obfuscated_flattened_devDebug/com.obs.android.olm.ffnw.prod.apk.obfuscated_flattened.apk
159ceeed: Patched APK File: /home/santapark/Extended3/DEEPerence/reEx/com.obs.android.olm.ffnw.prod.apk.obfuscated_flattened_devDebug/signed_com.obs.android.olm.ffnw.prod.apk.obfuscated_flattened.apk
159ceeed: First address of Le/g/a/b/a/a;->a(Landroid/content/Context;)Z = 3fdec0
159ceeed: Address - Le/g/a/b/a/a;->a(Landroid/content/Context;)Z@1aa	 lastOffset = 464
159ceeed: Instruction@@: IF_EQZ
159ceeed: First address of Le/g/a/b/a/a$a;->run()V = 3fdc84
159ceeed: Address - Le/g/a/b/a/a$a;->run()V@c0	 lastOffset = 164
159ceeed: Instruction@@: IF_EQZ
159ceeed: (Not Installed) Trying remove : true
Installing apk: /home/santapark/Extended3/DEEPerence/reEx/com.obs.android.olm.ffnw.prod.apk.obfuscated_flattened_devDebug/signed_com.obs.android.olm.ffnw.prod.apk.obfuscated_flattened.apk
159ceeed: Installation Success
159ceeed: startApplication called! - devDebug
159ceeed: Collecting logcat... (/home/santapark/Extended3/DEEPerence/reEx/devDebug_com.obs.android.olm.ffnw.prod.obfuscated_flattened.ilog)
PIDs--------------------------------------------------------------------------
u0_a705       31790    423 14437800 108132 0                  0 R com.obs.android.olm.ffnw.prod
forward tcp:35535 jdwp:31790
[*]Found JDWP Target: 31790
159ceeed: Running Application: com.obs.android.olm.ffnw.prod
PIDs--------------------------------------------------------------------------
u0_a705       31790    423 14730364 156128 0                  0 S com.obs.android.olm.ffnw.prod
159ceeed: Tryging attach jdb to 31790
jdb -connect com.sun.jdi.SocketAttach:hostname=localhost,port=35535
159ceeed: Terminated logcat thread...by itself
159ceeed: Top-activity: com.obs.android.olm.ffnw.prod/com.obs.android.shared.RegistrationActivity
PIDs--------------------------------------------------------------------------
u0_a705       31790    423 14796592 188868 0                  0 S com.obs.android.olm.ffnw.prod
159ceeed: savedPid = 31790
PIDs--------------------------------------------------------------------------
u0_a705       31790    423 14796592 188868 0                  0 S com.obs.android.olm.ffnw.prod
159ceeed: savedPid2 = 31790
Stopping app: com.obs.android.olm.ffnw.prod
Tryging remove : uninstall com.obs.android.olm.ffnw.prod(com.obs.android.olm.ffnw.prod)
159ceeed: Remove Success
159ceeed: ilog file size: 90667699
159ceeed: End of collecting logcat...
HPFinder's try count remains: 27
Target PID : 9708
ExitReason-Code: 1 (/home/santapark/Extended3/DEEPerence/reEx/devRef_com.obs.android.olm.ffnw.prod.obfuscated_flattened.ilog)
Target PID : 31790
ExitReason-Code: 1 (/home/santapark/Extended3/DEEPerence/reEx/devDebug_com.obs.android.olm.ffnw.prod.obfuscated_flattened.ilog)
159ceeed: adding filter -- 3fe05a
159ceeed: adding filter -- 3fdd34
[*] FlowManager: adjust finished.
-- current localPatchFilter: 3fe05a
-- current localPatchFilter: 3fdd34
Action is completely same :)
Action is completely same :)
159ceeed: There is no difference. (tryAgain=false)
-- HPFinder will be done in this iteration :)
hasAntiAnalysis? - devTamper: false on com.obs.android.messenger.MainActivity
hasAntiAnalysis? - devRoot: true on com.obs.android.messenger.MainActivity
	isRemovedThem? - devRoot: true on com.obs.android.messenger.MainActivity	-	tryCount: 1
hasAntiAnalysis? - devDebug: true on com.obs.android.messenger.MainActivity
	isRemovedThem? - devDebug: true on com.obs.android.messenger.MainActivity	-	tryCount: 2
*****REPORT: com.obs.android.olm.ffnw.prod
* Package name: com.obs.android.olm.ffnw.prod
* Running time: 555
* FileSize: 11238251
devTamper : 90589238
devRef : 90698575
devRoot : 90397872
devDebug : 90667699
hasAntiAnalysis? - devTamper: false on com.obs.android.messenger.MainActivity
hasAntiAnalysis? - devRoot: true on com.obs.android.messenger.MainActivity
	isRemovedThem? - devRoot: true on com.obs.android.messenger.MainActivity	-	tryCount: 1
hasAntiAnalysis? - devDebug: true on com.obs.android.messenger.MainActivity
	isRemovedThem? - devDebug: true on com.obs.android.messenger.MainActivity	-	tryCount: 2
46604b9f: trying remove : com.obs.android.olm.ffnw.prod
3601a6ff: trying remove : com.obs.android.olm.ffnw.prod
b29e6a69: trying remove : com.obs.android.olm.ffnw.prod
159ceeed: trying remove : com.obs.android.olm.ffnw.prod
159ceeed: (Not Installed) Trying remove : true
159ceeed: -- Success
159ceeed: result = true
46604b9f: (Not Installed) Trying remove : true
46604b9f: -- Success
46604b9f: result = true
b29e6a69: (Not Installed) Trying remove : true
b29e6a69: -- Success
b29e6a69: result = true
3601a6ff: (Not Installed) Trying remove : true
3601a6ff: -- Success
3601a6ff: result = true
3601a6ff: isFailedToLaunch: com.obs.android.olm.ffnw.prod/com.obs.android.shared.RegistrationActivity
3601a6ff: 	--result: Good :)
