axmlPath: /home/santapark/Extended3/DEEPerence/reEx/com.obs.android.olm.sunflower.prod.apk.obfuscated_flattened/AndroidManifest.xml
launchable-activity: name='com.obs.android.messenger.MainActivity'  label='' icon=''
{ACTIVITY, com.obs.android.messenger.MainActivity, android.intent.action.MAIN}
{ACTIVITY, com.obs.mobile_tablet.components.CheckImageActivity}
{ACTIVITY, com.obs.mobile_tablet.transactions.deposits.DepositsCaptureImageActivity}
{ACTIVITY, com.obs.android.shared.RegistrationActivity}
{ACTIVITY, com.obs.android.messenger.MainActivity, android.intent.action.MAIN}
{ACTIVITY, com.obs.mobile_tablet.components.CheckImageActivity}
{ACTIVITY, com.obs.mobile_tablet.transactions.deposits.DepositsCaptureImageActivity}
{ACTIVITY, com.obs.android.shared.RegistrationActivity}
_getAllDexFiles: /home/santapark/Extended3/DEEPerence/reEx/com.obs.android.olm.sunflower.prod.apk.obfuscated_flattened/classes.dex
----------------/home/santapark/Extended3/DEEPerence/reEx/com.obs.android.olm.sunflower.prod.apk.obfuscated_flattened.apk
dexFile = org.jf.dexlib2.dexbacked.DexBackedDexFile@7a76ba36
com.obs.android.olm.sunflower.prod
com.obs.android.messenger.MainActivity
debuggable: false
46604b9f: (Not Installed) Trying remove : true
46604b9f: -- Success
b29e6a69: (Not Installed) Trying remove : true
b29e6a69: -- Success
159ceeed: (Not Installed) Trying remove : true
159ceeed: -- Success
3601a6ff: (Not Installed) Trying remove : true
3601a6ff: -- Success
Installing apk: /home/santapark/Extended3/DEEPerence/reEx/com.obs.android.olm.sunflower.prod.apk.obfuscated_flattened.apk
Installing apk: /home/santapark/Extended3/DEEPerence/reEx/com.obs.android.olm.sunflower.prod.apk.obfuscated_flattened.apk
Installing apk: /home/santapark/Extended3/DEEPerence/reEx/com.obs.android.olm.sunflower.prod.apk.obfuscated_flattened.apk
axmlPath: /home/santapark/Extended3/DEEPerence/reEx/com.obs.android.olm.sunflower.prod.apk.obfuscated_flattened_46604b9f/AndroidManifest.xml
outDir: /home/santapark/Extended3/DEEPerence/reEx/com.obs.android.olm.sunflower.prod.apk.obfuscated_flattened_46604b9f/com.obs.android.olm.sunflower.prod.apk.obfuscated_flattened.apk
46604b9f: Installing repackaged apk File: 
Installing apk: /home/santapark/Extended3/DEEPerence/reEx/com.obs.android.olm.sunflower.prod.apk.obfuscated_flattened_46604b9f/signed_com.obs.android.olm.sunflower.prod.apk.obfuscated_flattened.apk
159ceeed: Installation Success
3601a6ff: Installation Success
b29e6a69: Installation Success
46604b9f: Installation Success
46604b9f: startApplication called! - devTamper
3601a6ff: startApplication called! - devRef
159ceeed: startApplication called! - devDebug
b29e6a69: startApplication called! - devRoot
b29e6a69: Collecting logcat... (/home/santapark/Extended3/DEEPerence/reEx/devRoot_com.obs.android.olm.sunflower.prod.obfuscated_flattened.ilog)
3601a6ff: Collecting logcat... (/home/santapark/Extended3/DEEPerence/reEx/devRef_com.obs.android.olm.sunflower.prod.obfuscated_flattened.ilog)
159ceeed: Collecting logcat... (/home/santapark/Extended3/DEEPerence/reEx/devDebug_com.obs.android.olm.sunflower.prod.obfuscated_flattened.ilog)
46604b9f: Collecting logcat... (/home/santapark/Extended3/DEEPerence/reEx/devTamper_com.obs.android.olm.sunflower.prod.obfuscated_flattened.ilog)
b29e6a69: Running Application: com.obs.android.olm.sunflower.prod
46604b9f: Running Application: com.obs.android.olm.sunflower.prod
3601a6ff: Running Application: com.obs.android.olm.sunflower.prod
PIDs--------------------------------------------------------------------------
u0_a739       25140    423 14394872 94948 0                   0 R com.obs.android.olm.sunflower.prod
forward tcp:35535 jdwp:25140
[*]Found JDWP Target: 25140
159ceeed: Running Application: com.obs.android.olm.sunflower.prod
PIDs--------------------------------------------------------------------------
u0_a739       25760    423 14399280 96220 0                   0 R com.obs.android.olm.sunflower.prod
159ceeed: pid changed(25140) --> 25760
b29e6a69: Terminated logcat thread...by itself
46604b9f: Terminated logcat thread...by itself
3601a6ff: Terminated logcat thread...by itself
46604b9f: Top-activity: com.obs.android.olm.sunflower.prod/com.obs.android.shared.RegistrationActivity
PIDs--------------------------------------------------------------------------
u0_a302        7741    425 14261976 170220 0                  0 S com.obs.android.olm.sunflower.prod
46604b9f: savedPid = 7741
PIDs--------------------------------------------------------------------------
u0_a302        7741    425 14261976 170220 0                  0 S com.obs.android.olm.sunflower.prod
46604b9f: savedPid2 = 7741
Stopping app: com.obs.android.olm.sunflower.prod
3601a6ff: Top-activity: com.obs.android.olm.sunflower.prod/com.obs.android.shared.RegistrationActivity
PIDs--------------------------------------------------------------------------
u0_a358       11480    414 14188232 171380 0                  0 S com.obs.android.olm.sunflower.prod
3601a6ff: savedPid = 11480
PIDs--------------------------------------------------------------------------
u0_a358       11480    414 14188232 171380 0                  0 S com.obs.android.olm.sunflower.prod
3601a6ff: savedPid2 = 11480
Stopping app: com.obs.android.olm.sunflower.prod
b29e6a69: Top-activity: com.obs.android.olm.sunflower.prod/com.obs.android.messenger.MainActivity
PIDs--------------------------------------------------------------------------
b29e6a69: savedPid = null
PIDs--------------------------------------------------------------------------
b29e6a69: savedPid2 = null
Stopping app: com.obs.android.olm.sunflower.prod
159ceeed: Terminated logcat thread...by itself
159ceeed: Top-activity: com.obs.android.olm.sunflower.prod/com.obs.android.messenger.MainActivity
PIDs--------------------------------------------------------------------------
159ceeed: savedPid = null
PIDs--------------------------------------------------------------------------
u0_a739       29853    423 14399280 95148 0                   0 R com.obs.android.olm.sunflower.prod
159ceeed: savedPid2 = 29853
Stopping app: com.obs.android.olm.sunflower.prod
Tryging remove : uninstall com.obs.android.olm.sunflower.prod(com.obs.android.olm.sunflower.prod)
46604b9f: Remove Success
46604b9f: ilog file size: 111740372
46604b9f: End of collecting logcat...
Tryging remove : uninstall com.obs.android.olm.sunflower.prod(com.obs.android.olm.sunflower.prod)
3601a6ff: Remove Success
3601a6ff: ilog file size: 181982208
3601a6ff: End of collecting logcat...
Tryging remove : uninstall com.obs.android.olm.sunflower.prod(com.obs.android.olm.sunflower.prod)
b29e6a69: Remove Success
b29e6a69: ilog file size: 51954118
b29e6a69: End of collecting logcat...
Tryging remove : uninstall com.obs.android.olm.sunflower.prod(com.obs.android.olm.sunflower.prod)
159ceeed: Remove Success
159ceeed: ilog file size: 60669078
159ceeed: End of collecting logcat...
HPFinder's try count remains: 29
Target PID : 11480
Target PID : 11480
Target PID : 11480
ExitReason-Code: 1 (/home/santapark/Extended3/DEEPerence/reEx/devRef_com.obs.android.olm.sunflower.prod.obfuscated_flattened.ilog)
Target PID : 
ExitReason-Code: 1 (/home/santapark/Extended3/DEEPerence/reEx/devRef_com.obs.android.olm.sunflower.prod.obfuscated_flattened.ilog)
Target PID : 29853
ExitReason-Code: 1 (/home/santapark/Extended3/DEEPerence/reEx/devRef_com.obs.android.olm.sunflower.prod.obfuscated_flattened.ilog)
Target PID : 7741
ExitReason-Code: 6 (/home/santapark/Extended3/DEEPerence/reEx/devRoot_com.obs.android.olm.sunflower.prod.obfuscated_flattened.ilog)
ExitReason-Code: 1 (/home/santapark/Extended3/DEEPerence/reEx/devDebug_com.obs.android.olm.sunflower.prod.obfuscated_flattened.ilog)
[*] FlowManager: adjust finished.
[GOOD]: Anti-analysis is identified! :) -- 1 --devRoot
android.view.View/setOnClickListener:(Landroid/view/View$OnClickListener;)V:390d38		=(rels)=>		1
[*] Unique action: 1:94515 : <<CALL>> : com.obs.mobile_tablet.navigation.MainNavigation_ViewBinding/<init>:(Lcom/obs/mobile_tablet/navigation/MainNavigation;Landroid/view/View;)V:390d38  =>  android.view.View/setOnClickListener:(Landroid/view/View$OnClickListener;)V:1bf5f8
[*] FlowManager: adjust finished.
[GOOD]: Anti-analysis is identified! :) -- 1 --devDebug
android.view.View/setOnClickListener:(Landroid/view/View$OnClickListener;)V:390d38		=(rels)=>		1
[*] Unique action: 1:94515 : <<CALL>> : com.obs.mobile_tablet.navigation.MainNavigation_ViewBinding/<init>:(Lcom/obs/mobile_tablet/navigation/MainNavigation;Landroid/view/View;)V:390d38  =>  android.view.View/setOnClickListener:(Landroid/view/View$OnClickListener;)V:1bf5f8
ExitReason-Code: 1 (/home/santapark/Extended3/DEEPerence/reEx/devTamper_com.obs.android.olm.sunflower.prod.obfuscated_flattened.ilog)
	1:compareBackwardBranch: 1:1135 : <<BRANCH>> : com.obs.android.shared.CBSApplication/b:(Landroid/content/Context;)Z:344d3a  =>  com.obs.android.shared.CBSApplication/b:(Landroid/content/Context;)Z:344d34
android.view.View/setOnClickListener:(Landroid/view/View$OnClickListener;)V:390c7a		=(rels)=>		1
[*] Unique action: 1:94497 : <<CALL>> : com.obs.mobile_tablet.navigation.MainNavigation_ViewBinding/<init>:(Lcom/obs/mobile_tablet/navigation/MainNavigation;Landroid/view/View;)V:390c7a  =>  android.view.View/setOnClickListener:(Landroid/view/View$OnClickListener;)V:1bf5f8
	1:compareBackwardBranch: 1:1323 : <<BRANCH>> : com.obs.android.shared.a.a/a:(Landroid/content/Context;)Z:356754  =>  com.obs.android.shared.a.a/a:(Landroid/content/Context;)Z:35675e
android.view.View/setOnClickListener:(Landroid/view/View$OnClickListener;)V:390c7a		=(rels)=>		1
[*] Unique action: 1:94497 : <<CALL>> : com.obs.mobile_tablet.navigation.MainNavigation_ViewBinding/<init>:(Lcom/obs/mobile_tablet/navigation/MainNavigation;Landroid/view/View;)V:390c7a  =>  android.view.View/setOnClickListener:(Landroid/view/View$OnClickListener;)V:1bf5f8
	1:compareBackwardBranch: 1:1135 : <<BRANCH>> : com.obs.android.shared.CBSApplication/b:(Landroid/content/Context;)Z:344d3a  =>  com.obs.android.shared.CBSApplication/b:(Landroid/content/Context;)Z:344d34
android.widget.TextView/setText:(Ljava/lang/CharSequence;)V:351170		=(rels)=>		1
[*] Unique action: 1:112579 : <<CALL>> : com.obs.android.shared.RegistrationActivity$e/a:(Landroid/view/LayoutInflater;Landroid/view/ViewGroup;Landroid/os/Bundle;)Landroid/view/View;:351170  =>  android.widget.TextView/setText:(Ljava/lang/CharSequence;)V:29ee34
	1:compareBackwardBranch: 1:1323 : <<BRANCH>> : com.obs.android.shared.a.a/a:(Landroid/content/Context;)Z:356754  =>  com.obs.android.shared.a.a/a:(Landroid/content/Context;)Z:35675e
android.widget.TextView/setText:(Ljava/lang/CharSequence;)V:351170		=(rels)=>		1
[*] Unique action: 1:112579 : <<CALL>> : com.obs.android.shared.RegistrationActivity$e/a:(Landroid/view/LayoutInflater;Landroid/view/ViewGroup;Landroid/os/Bundle;)Landroid/view/View;:351170  =>  android.widget.TextView/setText:(Ljava/lang/CharSequence;)V:29ee34
	1:compareBackwardBranch: 1:1135 : <<BRANCH>> : com.obs.android.shared.CBSApplication/b:(Landroid/content/Context;)Z:344d3a  =>  com.obs.android.shared.CBSApplication/b:(Landroid/content/Context;)Z:344d34
android.view.View/setOnClickListener:(Landroid/view/View$OnClickListener;)V:390d5e		=(rels)=>		1
[*] Unique action: 1:94523 : <<CALL>> : com.obs.mobile_tablet.navigation.MainNavigation_ViewBinding/<init>:(Lcom/obs/mobile_tablet/navigation/MainNavigation;Landroid/view/View;)V:390d5e  =>  android.view.View/setOnClickListener:(Landroid/view/View$OnClickListener;)V:1bf5f8
	1:compareBackwardBranch: 1:1323 : <<BRANCH>> : com.obs.android.shared.a.a/a:(Landroid/content/Context;)Z:356754  =>  com.obs.android.shared.a.a/a:(Landroid/content/Context;)Z:35675e
android.view.View/setOnClickListener:(Landroid/view/View$OnClickListener;)V:390d5e		=(rels)=>		1
[*] Unique action: 1:94523 : <<CALL>> : com.obs.mobile_tablet.navigation.MainNavigation_ViewBinding/<init>:(Lcom/obs/mobile_tablet/navigation/MainNavigation;Landroid/view/View;)V:390d5e  =>  android.view.View/setOnClickListener:(Landroid/view/View$OnClickListener;)V:1bf5f8
	1:compareBackwardBranch: 1:1135 : <<BRANCH>> : com.obs.android.shared.CBSApplication/b:(Landroid/content/Context;)Z:344d3a  =>  com.obs.android.shared.CBSApplication/b:(Landroid/content/Context;)Z:344d34
android.widget.TextView/setText:(Ljava/lang/CharSequence;)V:3731de		=(rels)=>		1
[*] Unique action: 1:96910 : <<CALL>> : com.obs.mobile_tablet.MainActivity/permissionsUpdate:(Lcom/obs/mobile_core/b/a/k;)V:3731de  =>  android.widget.TextView/setText:(Ljava/lang/CharSequence;)V:29ee34
	1:compareBackwardBranch: 1:1323 : <<BRANCH>> : com.obs.android.shared.a.a/a:(Landroid/content/Context;)Z:356754  =>  com.obs.android.shared.a.a/a:(Landroid/content/Context;)Z:35675e
android.widget.TextView/setText:(Ljava/lang/CharSequence;)V:3731de		=(rels)=>		1
[*] Unique action: 1:96910 : <<CALL>> : com.obs.mobile_tablet.MainActivity/permissionsUpdate:(Lcom/obs/mobile_core/b/a/k;)V:3731de  =>  android.widget.TextView/setText:(Ljava/lang/CharSequence;)V:29ee34
	1:compareBackwardBranch: 1:1135 : <<BRANCH>> : com.obs.android.shared.CBSApplication/b:(Landroid/content/Context;)Z:344d3a  =>  com.obs.android.shared.CBSApplication/b:(Landroid/content/Context;)Z:344d34
android.widget.TextView/setText:(Ljava/lang/CharSequence;)V:28f1a2		=(rels)=>		1
[*] Unique action: 1:25565 : <<CALL>> : android.support.v7.widget.Toolbar/setTitle:(Ljava/lang/CharSequence;)V:28f1a2  =>  android.widget.TextView/setText:(Ljava/lang/CharSequence;)V:29ee34
	1:compareBackwardBranch: 1:1323 : <<BRANCH>> : com.obs.android.shared.a.a/a:(Landroid/content/Context;)Z:356754  =>  com.obs.android.shared.a.a/a:(Landroid/content/Context;)Z:35675e
android.widget.TextView/setText:(Ljava/lang/CharSequence;)V:28f1a2		=(rels)=>		1
[*] Unique action: 1:25565 : <<CALL>> : android.support.v7.widget.Toolbar/setTitle:(Ljava/lang/CharSequence;)V:28f1a2  =>  android.widget.TextView/setText:(Ljava/lang/CharSequence;)V:29ee34
	1:compareBackwardBranch: 1:1135 : <<BRANCH>> : com.obs.android.shared.CBSApplication/b:(Landroid/content/Context;)Z:344d3a  =>  com.obs.android.shared.CBSApplication/b:(Landroid/content/Context;)Z:344d34
android.view.ViewGroup/addView:(Landroid/view/View;)V:34243e		=(rels)=>		1
[*] Unique action: 1:27402 : <<CALL>> : com.obs.android.messenger.MainActivity/onCreate:(Landroid/os/Bundle;)V:34243e  =>  android.view.ViewGroup/addView:(Landroid/view/View;)V:19596c
	1:compareBackwardBranch: 1:1323 : <<BRANCH>> : com.obs.android.shared.a.a/a:(Landroid/content/Context;)Z:356754  =>  com.obs.android.shared.a.a/a:(Landroid/content/Context;)Z:35675e
android.view.ViewGroup/addView:(Landroid/view/View;)V:34243e		=(rels)=>		1
[*] Unique action: 1:27402 : <<CALL>> : com.obs.android.messenger.MainActivity/onCreate:(Landroid/os/Bundle;)V:34243e  =>  android.view.ViewGroup/addView:(Landroid/view/View;)V:19596c
	1:compareBackwardBranch: 1:1135 : <<BRANCH>> : com.obs.android.shared.CBSApplication/b:(Landroid/content/Context;)Z:344d3a  =>  com.obs.android.shared.CBSApplication/b:(Landroid/content/Context;)Z:344d34
android.view.ViewGroup/addView:(Landroid/view/View;ILandroid/view/ViewGroup$LayoutParams;)V:237e08		=(rels)=>		1
[*] Unique action: 1:26534 : <<CALL>> : android.support.constraint.ConstraintLayout/addView:(Landroid/view/View;ILandroid/view/ViewGroup$LayoutParams;)V:237e08  =>  android.view.ViewGroup/addView:(Landroid/view/View;ILandroid/view/ViewGroup$LayoutParams;)V:1959fc
	1:compareBackwardBranch: 1:1323 : <<BRANCH>> : com.obs.android.shared.a.a/a:(Landroid/content/Context;)Z:356754  =>  com.obs.android.shared.a.a/a:(Landroid/content/Context;)Z:35675e
android.view.ViewGroup/addView:(Landroid/view/View;ILandroid/view/ViewGroup$LayoutParams;)V:237e08		=(rels)=>		1
[*] Unique action: 1:26534 : <<CALL>> : android.support.constraint.ConstraintLayout/addView:(Landroid/view/View;ILandroid/view/ViewGroup$LayoutParams;)V:237e08  =>  android.view.ViewGroup/addView:(Landroid/view/View;ILandroid/view/ViewGroup$LayoutParams;)V:1959fc
	1:compareBackwardBranch: 1:1135 : <<BRANCH>> : com.obs.android.shared.CBSApplication/b:(Landroid/content/Context;)Z:344d3a  =>  com.obs.android.shared.CBSApplication/b:(Landroid/content/Context;)Z:344d34
android.view.View/setOnClickListener:(Landroid/view/View$OnClickListener;)V:34e0d8		=(rels)=>		1
[*] Unique action: 1:114714 : <<CALL>> : com.obs.android.shared.RegistrationActivity$a/a:(Landroid/view/LayoutInflater;Landroid/view/ViewGroup;Landroid/os/Bundle;)Landroid/view/View;:34e0d8  =>  android.view.View/setOnClickListener:(Landroid/view/View$OnClickListener;)V:1bf5f8
	1:compareBackwardBranch: 1:1323 : <<BRANCH>> : com.obs.android.shared.a.a/a:(Landroid/content/Context;)Z:356754  =>  com.obs.android.shared.a.a/a:(Landroid/content/Context;)Z:35675e
android.view.View/setOnClickListener:(Landroid/view/View$OnClickListener;)V:34e0d8		=(rels)=>		1
[*] Unique action: 1:114714 : <<CALL>> : com.obs.android.shared.RegistrationActivity$a/a:(Landroid/view/LayoutInflater;Landroid/view/ViewGroup;Landroid/os/Bundle;)Landroid/view/View;:34e0d8  =>  android.view.View/setOnClickListener:(Landroid/view/View$OnClickListener;)V:1bf5f8
	1:compareBackwardBranch: 1:1135 : <<BRANCH>> : com.obs.android.shared.CBSApplication/b:(Landroid/content/Context;)Z:344d3a  =>  com.obs.android.shared.CBSApplication/b:(Landroid/content/Context;)Z:344d34
android.view.View/setOnClickListener:(Landroid/view/View$OnClickListener;)V:390c54		=(rels)=>		1
[*] Unique action: 1:94487 : <<CALL>> : com.obs.mobile_tablet.navigation.MainNavigation_ViewBinding/<init>:(Lcom/obs/mobile_tablet/navigation/MainNavigation;Landroid/view/View;)V:390c54  =>  android.view.View/setOnClickListener:(Landroid/view/View$OnClickListener;)V:1bf5f8
	1:compareBackwardBranch: 1:1323 : <<BRANCH>> : com.obs.android.shared.a.a/a:(Landroid/content/Context;)Z:356754  =>  com.obs.android.shared.a.a/a:(Landroid/content/Context;)Z:35675e
android.view.View/setOnClickListener:(Landroid/view/View$OnClickListener;)V:390c54		=(rels)=>		1
[*] Unique action: 1:94487 : <<CALL>> : com.obs.mobile_tablet.navigation.MainNavigation_ViewBinding/<init>:(Lcom/obs/mobile_tablet/navigation/MainNavigation;Landroid/view/View;)V:390c54  =>  android.view.View/setOnClickListener:(Landroid/view/View$OnClickListener;)V:1bf5f8
	1:compareBackwardBranch: 1:1135 : <<BRANCH>> : com.obs.android.shared.CBSApplication/b:(Landroid/content/Context;)Z:344d3a  =>  com.obs.android.shared.CBSApplication/b:(Landroid/content/Context;)Z:344d34
android.view.ViewGroup/addView:(Landroid/view/View;)V:2502a8		=(rels)=>		1
[*] Unique action: 1:88257 : <<CALL>> : android.support.v4.a.n/a:(Landroid/support/v4/a/h;IIIZ)V:2502a8  =>  android.view.ViewGroup/addView:(Landroid/view/View;)V:19596c
	1:compareBackwardBranch: 1:1323 : <<BRANCH>> : com.obs.android.shared.a.a/a:(Landroid/content/Context;)Z:356754  =>  com.obs.android.shared.a.a/a:(Landroid/content/Context;)Z:35675e
android.view.ViewGroup/addView:(Landroid/view/View;)V:2502a8		=(rels)=>		1
[*] Unique action: 1:88257 : <<CALL>> : android.support.v4.a.n/a:(Landroid/support/v4/a/h;IIIZ)V:2502a8  =>  android.view.ViewGroup/addView:(Landroid/view/View;)V:19596c
	1:compareBackwardBranch: 1:1135 : <<BRANCH>> : com.obs.android.shared.CBSApplication/b:(Landroid/content/Context;)Z:344d3a  =>  com.obs.android.shared.CBSApplication/b:(Landroid/content/Context;)Z:344d34
android.view.View/setOnClickListener:(Landroid/view/View$OnClickListener;)V:390df6		=(rels)=>		1
	1:compareBackwardBranch: 1:1323 : <<BRANCH>> : com.obs.android.shared.a.a/a:(Landroid/content/Context;)Z:356754  =>  com.obs.android.shared.a.a/a:(Landroid/content/Context;)Z:35675e
android.view.View/setOnClickListener:(Landroid/view/View$OnClickListener;)V:390df6		=(rels)=>		1
[*] Unique action: 1:94539 : <<CALL>> : com.obs.mobile_tablet.navigation.MainNavigation_ViewBinding/<init>:(Lcom/obs/mobile_tablet/navigation/MainNavigation;Landroid/view/View;)V:390df6  =>  android.view.View/setOnClickListener:(Landroid/view/View$OnClickListener;)V:1bf5f8
[*] Unique action: 1:94539 : <<CALL>> : com.obs.mobile_tablet.navigation.MainNavigation_ViewBinding/<init>:(Lcom/obs/mobile_tablet/navigation/MainNavigation;Landroid/view/View;)V:390df6  =>  android.view.View/setOnClickListener:(Landroid/view/View$OnClickListener;)V:1bf5f8
	1:compareBackwardBranch: 1:1323 : <<BRANCH>> : com.obs.android.shared.a.a/a:(Landroid/content/Context;)Z:356754  =>  com.obs.android.shared.a.a/a:(Landroid/content/Context;)Z:35675e
android.widget.TextView/setText:(Ljava/lang/CharSequence;)V:3728e6		=(rels)=>		1
[*] Unique action: 1:88247 : <<CALL>> : com.obs.mobile_tablet.MainActivity/a:(Landroid/view/LayoutInflater;Landroid/view/ViewGroup;Landroid/os/Bundle;)Landroid/view/View;:3728e6  =>  android.widget.TextView/setText:(Ljava/lang/CharSequence;)V:29ee34
	1:compareBackwardBranch: 1:1135 : <<BRANCH>> : com.obs.android.shared.CBSApplication/b:(Landroid/content/Context;)Z:344d3a  =>  com.obs.android.shared.CBSApplication/b:(Landroid/content/Context;)Z:344d34
android.widget.TextView/setText:(Ljava/lang/CharSequence;)V:3728e6		=(rels)=>		1
[*] Unique action: 1:88247 : <<CALL>> : com.obs.mobile_tablet.MainActivity/a:(Landroid/view/LayoutInflater;Landroid/view/ViewGroup;Landroid/os/Bundle;)Landroid/view/View;:3728e6  =>  android.widget.TextView/setText:(Ljava/lang/CharSequence;)V:29ee34
	1:compareBackwardBranch: 1:1323 : <<BRANCH>> : com.obs.android.shared.a.a/a:(Landroid/content/Context;)Z:356754  =>  com.obs.android.shared.a.a/a:(Landroid/content/Context;)Z:35675e
android.widget.TextView/setText:(Ljava/lang/CharSequence;)V:372846		=(rels)=>		1
[*] Unique action: 1:88228 : <<CALL>> : com.obs.mobile_tablet.MainActivity/a:(Landroid/view/LayoutInflater;Landroid/view/ViewGroup;Landroid/os/Bundle;)Landroid/view/View;:372846  =>  android.widget.TextView/setText:(Ljava/lang/CharSequence;)V:29ee34
	1:compareBackwardBranch: 1:1135 : <<BRANCH>> : com.obs.android.shared.CBSApplication/b:(Landroid/content/Context;)Z:344d3a  =>  com.obs.android.shared.CBSApplication/b:(Landroid/content/Context;)Z:344d34
android.widget.TextView/setText:(Ljava/lang/CharSequence;)V:372846		=(rels)=>		1
[*] Unique action: 1:88228 : <<CALL>> : com.obs.mobile_tablet.MainActivity/a:(Landroid/view/LayoutInflater;Landroid/view/ViewGroup;Landroid/os/Bundle;)Landroid/view/View;:372846  =>  android.widget.TextView/setText:(Ljava/lang/CharSequence;)V:29ee34
	1:compareBackwardBranch: 1:1323 : <<BRANCH>> : com.obs.android.shared.a.a/a:(Landroid/content/Context;)Z:356754  =>  com.obs.android.shared.a.a/a:(Landroid/content/Context;)Z:35675e
android.view.View/setOnClickListener:(Landroid/view/View$OnClickListener;)V:27a6f6		=(rels)=>		1
[*] Unique action: 1:107499 : <<CALL>> : android.support.v7.app.m/a:(Landroid/view/View;Landroid/util/AttributeSet;)V:27a6f6  =>  android.view.View/setOnClickListener:(Landroid/view/View$OnClickListener;)V:1bf5f8
	1:compareBackwardBranch: 1:1135 : <<BRANCH>> : com.obs.android.shared.CBSApplication/b:(Landroid/content/Context;)Z:344d3a  =>  com.obs.android.shared.CBSApplication/b:(Landroid/content/Context;)Z:344d34
android.view.View/setOnClickListener:(Landroid/view/View$OnClickListener;)V:27a6f6		=(rels)=>		1
[*] Unique action: 1:107499 : <<CALL>> : android.support.v7.app.m/a:(Landroid/view/View;Landroid/util/AttributeSet;)V:27a6f6  =>  android.view.View/setOnClickListener:(Landroid/view/View$OnClickListener;)V:1bf5f8
	1:compareBackwardBranch: 1:1323 : <<BRANCH>> : com.obs.android.shared.a.a/a:(Landroid/content/Context;)Z:356754  =>  com.obs.android.shared.a.a/a:(Landroid/content/Context;)Z:35675e
android.view.ViewGroup/addView:(Landroid/view/View;Landroid/view/ViewGroup$LayoutParams;)V:28d13e		=(rels)=>		1
[*] Unique action: 1:25557 : <<CALL>> : android.support.v7.widget.Toolbar/a:(Landroid/view/View;Z)V:28d13e  =>  android.view.ViewGroup/addView:(Landroid/view/View;Landroid/view/ViewGroup$LayoutParams;)V:195988
	1:compareBackwardBranch: 1:1135 : <<BRANCH>> : com.obs.android.shared.CBSApplication/b:(Landroid/content/Context;)Z:344d3a  =>  com.obs.android.shared.CBSApplication/b:(Landroid/content/Context;)Z:344d34
android.view.ViewGroup/addView:(Landroid/view/View;Landroid/view/ViewGroup$LayoutParams;)V:28d13e		=(rels)=>		1
[*] Unique action: 1:25557 : <<CALL>> : android.support.v7.widget.Toolbar/a:(Landroid/view/View;Z)V:28d13e  =>  android.view.ViewGroup/addView:(Landroid/view/View;Landroid/view/ViewGroup$LayoutParams;)V:195988
	1:compareBackwardBranch: 1:1323 : <<BRANCH>> : com.obs.android.shared.a.a/a:(Landroid/content/Context;)Z:356754  =>  com.obs.android.shared.a.a/a:(Landroid/content/Context;)Z:35675e
android.view.ViewGroup/addView:(Landroid/view/View;)V:297a9e		=(rels)=>		1
[*] Unique action: 1:87881 : <<CALL>> : android.support.v7.widget.aw/a:(Landroid/view/View;)V:297a9e  =>  android.view.ViewGroup/addView:(Landroid/view/View;)V:19596c
	1:compareBackwardBranch: 1:1135 : <<BRANCH>> : com.obs.android.shared.CBSApplication/b:(Landroid/content/Context;)Z:344d3a  =>  com.obs.android.shared.CBSApplication/b:(Landroid/content/Context;)Z:344d34
android.view.ViewGroup/addView:(Landroid/view/View;)V:297a9e		=(rels)=>		1
[*] Unique action: 1:87881 : <<CALL>> : android.support.v7.widget.aw/a:(Landroid/view/View;)V:297a9e  =>  android.view.ViewGroup/addView:(Landroid/view/View;)V:19596c
	1:compareBackwardBranch: 1:1323 : <<BRANCH>> : com.obs.android.shared.a.a/a:(Landroid/content/Context;)Z:356754  =>  com.obs.android.shared.a.a/a:(Landroid/content/Context;)Z:35675e
android.view.View/setOnClickListener:(Landroid/view/View$OnClickListener;)V:372620		=(rels)=>		1
[*] Unique action: 1:87767 : <<CALL>> : com.obs.mobile_tablet.MainActivity/a:(Landroid/view/LayoutInflater;Landroid/view/ViewGroup;Landroid/os/Bundle;)Landroid/view/View;:372620  =>  android.view.View/setOnClickListener:(Landroid/view/View$OnClickListener;)V:1bf5f8
	1:compareBackwardBranch: 1:1135 : <<BRANCH>> : com.obs.android.shared.CBSApplication/b:(Landroid/content/Context;)Z:344d3a  =>  com.obs.android.shared.CBSApplication/b:(Landroid/content/Context;)Z:344d34
android.view.View/setOnClickListener:(Landroid/view/View$OnClickListener;)V:372620		=(rels)=>		1
[*] Unique action: 1:87767 : <<CALL>> : com.obs.mobile_tablet.MainActivity/a:(Landroid/view/LayoutInflater;Landroid/view/ViewGroup;Landroid/os/Bundle;)Landroid/view/View;:372620  =>  android.view.View/setOnClickListener:(Landroid/view/View$OnClickListener;)V:1bf5f8
	1:compareBackwardBranch: 1:1323 : <<BRANCH>> : com.obs.android.shared.a.a/a:(Landroid/content/Context;)Z:356754  =>  com.obs.android.shared.a.a/a:(Landroid/content/Context;)Z:35675e
android.view.View/setOnClickListener:(Landroid/view/View$OnClickListener;)V:28ef12		=(rels)=>		1
[*] Unique action: 1:25137 : <<CALL>> : android.support.v7.widget.Toolbar/setNavigationOnClickListener:(Landroid/view/View$OnClickListener;)V:28ef12  =>  android.view.View/setOnClickListener:(Landroid/view/View$OnClickListener;)V:1bf5f8
	1:compareBackwardBranch: 1:1135 : <<BRANCH>> : com.obs.android.shared.CBSApplication/b:(Landroid/content/Context;)Z:344d3a  =>  com.obs.android.shared.CBSApplication/b:(Landroid/content/Context;)Z:344d34
android.view.View/setOnClickListener:(Landroid/view/View$OnClickListener;)V:28ef12		=(rels)=>		1
[*] Unique action: 1:25137 : <<CALL>> : android.support.v7.widget.Toolbar/setNavigationOnClickListener:(Landroid/view/View$OnClickListener;)V:28ef12  =>  android.view.View/setOnClickListener:(Landroid/view/View$OnClickListener;)V:1bf5f8
	1:compareBackwardBranch: 1:1323 : <<BRANCH>> : com.obs.android.shared.a.a/a:(Landroid/content/Context;)Z:356754  =>  com.obs.android.shared.a.a/a:(Landroid/content/Context;)Z:35675e
android.widget.TextView/setText:(Ljava/lang/CharSequence;)V:37260c		=(rels)=>		1
[*] Unique action: 1:87759 : <<CALL>> : com.obs.mobile_tablet.MainActivity/a:(Landroid/view/LayoutInflater;Landroid/view/ViewGroup;Landroid/os/Bundle;)Landroid/view/View;:37260c  =>  android.widget.TextView/setText:(Ljava/lang/CharSequence;)V:29ee34
	1:compareBackwardBranch: 1:1135 : <<BRANCH>> : com.obs.android.shared.CBSApplication/b:(Landroid/content/Context;)Z:344d3a  =>  com.obs.android.shared.CBSApplication/b:(Landroid/content/Context;)Z:344d34
android.widget.TextView/setText:(Ljava/lang/CharSequence;)V:37260c		=(rels)=>		1
[*] Unique action: 1:87759 : <<CALL>> : com.obs.mobile_tablet.MainActivity/a:(Landroid/view/LayoutInflater;Landroid/view/ViewGroup;Landroid/os/Bundle;)Landroid/view/View;:37260c  =>  android.widget.TextView/setText:(Ljava/lang/CharSequence;)V:29ee34
[*] FlowManager: adjust finished.
Action is completely same :)
Action is completely same :)
46604b9f: There is no difference. (tryAgain=false)
	1:compareBackwardBranch: 1:1135 : <<BRANCH>> : com.obs.android.shared.CBSApplication/b:(Landroid/content/Context;)Z:344d3a  =>  com.obs.android.shared.CBSApplication/b:(Landroid/content/Context;)Z:344d34
android.os.Handler/postDelayed:(Ljava/lang/Runnable;J)Z:2b07f0		=(rels)=>		1
[*] Unique action: 1:97803 : <<CALL>> : com.a.a.a/onActivityPaused:(Landroid/app/Activity;)V:2b07f0  =>  android.os.Handler/postDelayed:(Ljava/lang/Runnable;J)Z:30ca84
	1:compareBackwardBranch: 1:1323 : <<BRANCH>> : com.obs.android.shared.a.a/a:(Landroid/content/Context;)Z:356754  =>  com.obs.android.shared.a.a/a:(Landroid/content/Context;)Z:35675e
android.os.Handler/postDelayed:(Ljava/lang/Runnable;J)Z:2b07f0		=(rels)=>		1
[*] Unique action: 1:97803 : <<CALL>> : com.a.a.a/onActivityPaused:(Landroid/app/Activity;)V:2b07f0  =>  android.os.Handler/postDelayed:(Ljava/lang/Runnable;J)Z:30ca84
	1:compareBackwardBranch: 1:1135 : <<BRANCH>> : com.obs.android.shared.CBSApplication/b:(Landroid/content/Context;)Z:344d3a  =>  com.obs.android.shared.CBSApplication/b:(Landroid/content/Context;)Z:344d34
org.apache.http.impl.client.DefaultHttpClient/<init>:(Lorg/apache/http/conn/ClientConnectionManager;Lorg/apache/http/params/HttpParams;)V:3f81e2		=(rels)=>		1
[*] Unique action: 1:26816 : <<CALL>> : org.c.a.a.b/<init>:()V:3f81e2  =>  org.apache.http.impl.client.DefaultHttpClient/<init>:(Lorg/apache/http/conn/ClientConnectionManager;Lorg/apache/http/params/HttpParams;)V:31acc
	1:compareBackwardBranch: 1:1323 : <<BRANCH>> : com.obs.android.shared.a.a/a:(Landroid/content/Context;)Z:356754  =>  com.obs.android.shared.a.a/a:(Landroid/content/Context;)Z:35675e
org.apache.http.impl.client.DefaultHttpClient/<init>:(Lorg/apache/http/conn/ClientConnectionManager;Lorg/apache/http/params/HttpParams;)V:3f81e2		=(rels)=>		1
[*] Unique action: 1:26816 : <<CALL>> : org.c.a.a.b/<init>:()V:3f81e2  =>  org.apache.http.impl.client.DefaultHttpClient/<init>:(Lorg/apache/http/conn/ClientConnectionManager;Lorg/apache/http/params/HttpParams;)V:31acc
	1:compareBackwardBranch: 1:1135 : <<BRANCH>> : com.obs.android.shared.CBSApplication/b:(Landroid/content/Context;)Z:344d3a  =>  com.obs.android.shared.CBSApplication/b:(Landroid/content/Context;)Z:344d34
java.lang.System/exit:(I)V:34424e		=(rels)=>		1
[*] Unique action: 1:693 : <<CALL>> : com.obs.android.shared.CBSApplication/b:()V:34424e  =>  java.lang.System/exit:(I)V:ea908
	1:compareBackwardBranch: 1:1323 : <<BRANCH>> : com.obs.android.shared.a.a/a:(Landroid/content/Context;)Z:356754  =>  com.obs.android.shared.a.a/a:(Landroid/content/Context;)Z:35675e
java.lang.System/exit:(I)V:34424e		=(rels)=>		1
[*] Unique action: 1:1353 : <<CALL>> : com.obs.android.shared.CBSApplication/b:()V:34424e  =>  java.lang.System/exit:(I)V:ea908
	1:compareBackwardBranch2: 1:1135 : <<BRANCH>> : com.obs.android.shared.CBSApplication/b:(Landroid/content/Context;)Z:344d3a  =>  com.obs.android.shared.CBSApplication/b:(Landroid/content/Context;)Z:344d34
Entry: 34438c
com.obs.android.shared.CBSApplication/b:(Landroid/content/Context;)Z: 344d3a -> 344d34
		com.obs.android.shared.CBSApplication/b:(Landroid/content/Context;)Z: 9ae -> 9a8
addPatchReadme: java.lang.Class<com.obs.android.shared.CBSApplication>b(Landroid/content/Context;)Z 9ae t
b29e6a69: [+] Patches found in this round: 1
b29e6a69: [*] Found Patch size: 1
Target PID : 
	1:compareBackwardBranch2: 1:1323 : <<BRANCH>> : com.obs.android.shared.a.a/a:(Landroid/content/Context;)Z:356754  =>  com.obs.android.shared.a.a/a:(Landroid/content/Context;)Z:35675e
Entry: 3565dc
com.obs.android.shared.a.a/a:(Landroid/content/Context;)Z: 356754 -> 35675e
		com.obs.android.shared.a.a/a:(Landroid/content/Context;)Z: 178 -> 182
addPatchReadme: java.lang.Class<com.obs.android.shared.a.a>a(Landroid/content/Context;)Z 178 t
159ceeed: [+] Patches found in this round: 1
159ceeed: [*] Found Patch size: 1
Target PID : 
ExitReason-Code: 6 (/home/santapark/Extended3/DEEPerence/reEx/devRoot_com.obs.android.olm.sunflower.prod.obfuscated_flattened.ilog)
b29e6a69: 	@@@Found patch addr: 344d4a
b29e6a69: Querying offset: 344d3a
b29e6a69: 	--Add method name to patch = com.obs.android.shared.CBSApplication/b:(Landroid/content/Context;)Z 	344d3a
ExitReason-Code: 6 (/home/santapark/Extended3/DEEPerence/reEx/devDebug_com.obs.android.olm.sunflower.prod.obfuscated_flattened.ilog)
159ceeed: 	@@@Found patch addr: 356764
159ceeed: Querying offset: 356754
159ceeed: 	--Add method name to patch = com.obs.android.shared.a.a/a:(Landroid/content/Context;)Z 	356754
Devices presenting anti-analysis: 
	devRoot
	devDebug
b29e6a69: patching method: com.obs.android.shared.CBSApplication/b:(Landroid/content/Context;)Z
b29e6a69: outDir - /home/santapark/Extended3/DEEPerence/reEx/com.obs.android.olm.sunflower.prod.apk.obfuscated_flattened_devRoot
Wow!!!!!  --  com.obs.android.shared.CBSApplication/b:(Landroid/content/Context;)Z
fallthrough: 9b2
branchTarget: 9a8
label = cond_11
GOTO -- 9b2 	9a8
axmlPath: /home/santapark/Extended3/DEEPerence/reEx/com.obs.android.olm.sunflower.prod.apk.obfuscated_flattened_devRoot/AndroidManifest.xml
outDir: /home/santapark/Extended3/DEEPerence/reEx/com.obs.android.olm.sunflower.prod.apk.obfuscated_flattened_devRoot/com.obs.android.olm.sunflower.prod.apk.obfuscated_flattened.apk
b29e6a69: Patched APK File: /home/santapark/Extended3/DEEPerence/reEx/com.obs.android.olm.sunflower.prod.apk.obfuscated_flattened_devRoot/signed_com.obs.android.olm.sunflower.prod.apk.obfuscated_flattened.apk
b29e6a69: First address of Lcom/obs/android/shared/CBSApplication;->b(Landroid/content/Context;)Z = 34439c
b29e6a69: Address - Lcom/obs/android/shared/CBSApplication;->b(Landroid/content/Context;)Z@9ae	 lastOffset = 1b38
b29e6a69: Instruction@@: IF_NEZ
159ceeed: patching method: com.obs.android.shared.a.a/a:(Landroid/content/Context;)Z
159ceeed: outDir - /home/santapark/Extended3/DEEPerence/reEx/com.obs.android.olm.sunflower.prod.apk.obfuscated_flattened_devDebug
Wow!!!!!  --  com.obs.android.shared.a.a/a:(Landroid/content/Context;)Z
fallthrough: 17c
branchTarget: 182
label = cond_1
GOTO -- 17c 	182
axmlPath: /home/santapark/Extended3/DEEPerence/reEx/com.obs.android.olm.sunflower.prod.apk.obfuscated_flattened_devDebug/AndroidManifest.xml
outDir: /home/santapark/Extended3/DEEPerence/reEx/com.obs.android.olm.sunflower.prod.apk.obfuscated_flattened_devDebug/com.obs.android.olm.sunflower.prod.apk.obfuscated_flattened.apk
159ceeed: Patched APK File: /home/santapark/Extended3/DEEPerence/reEx/com.obs.android.olm.sunflower.prod.apk.obfuscated_flattened_devDebug/signed_com.obs.android.olm.sunflower.prod.apk.obfuscated_flattened.apk
159ceeed: First address of Lcom/obs/android/shared/a/a;->a(Landroid/content/Context;)Z = 3565ec
159ceeed: Address - Lcom/obs/android/shared/a/a;->a(Landroid/content/Context;)Z@178	 lastOffset = 450
159ceeed: Instruction@@: IF_EQZ
159ceeed: (Not Installed) Trying remove : true
b29e6a69: (Not Installed) Trying remove : true
Installing apk: /home/santapark/Extended3/DEEPerence/reEx/com.obs.android.olm.sunflower.prod.apk.obfuscated_flattened_devDebug/signed_com.obs.android.olm.sunflower.prod.apk.obfuscated_flattened.apk
Installing apk: /home/santapark/Extended3/DEEPerence/reEx/com.obs.android.olm.sunflower.prod.apk.obfuscated_flattened_devRoot/signed_com.obs.android.olm.sunflower.prod.apk.obfuscated_flattened.apk
159ceeed: Installation Success
b29e6a69: Installation Success
b29e6a69: startApplication called! - devRoot
159ceeed: startApplication called! - devDebug
159ceeed: Collecting logcat... (/home/santapark/Extended3/DEEPerence/reEx/devDebug_com.obs.android.olm.sunflower.prod.obfuscated_flattened.ilog)
b29e6a69: Collecting logcat... (/home/santapark/Extended3/DEEPerence/reEx/devRoot_com.obs.android.olm.sunflower.prod.obfuscated_flattened.ilog)
b29e6a69: Running Application: com.obs.android.olm.sunflower.prod
PIDs--------------------------------------------------------------------------
u0_a740       29917    423 13798920 105480 0                  0 R com.obs.android.olm.sunflower.prod
forward tcp:35535 jdwp:29917
[*]Found JDWP Target: 29917
159ceeed: Running Application: com.obs.android.olm.sunflower.prod
PIDs--------------------------------------------------------------------------
u0_a740       29917    423 14073908 155888 0                  0 R com.obs.android.olm.sunflower.prod
159ceeed: Tryging attach jdb to 29917
jdb -connect com.sun.jdi.SocketAttach:hostname=localhost,port=35535
159ceeed: Running is done - starting comparing... : 10001
159ceeed: Terminated logcat thread...by itself
159ceeed: Top-activity: com.android.launcher3/.Launcher
PIDs--------------------------------------------------------------------------
159ceeed: savedPid = null
PIDs--------------------------------------------------------------------------
159ceeed: savedPid2 = null
Stopping app: com.obs.android.olm.sunflower.prod
Tryging remove : uninstall com.obs.android.olm.sunflower.prod(com.obs.android.olm.sunflower.prod)
159ceeed: Remove Success
159ceeed: ilog file size: 48422830
159ceeed: End of collecting logcat...
b29e6a69: Terminated logcat thread...by itself
b29e6a69: Top-activity: com.obs.android.olm.sunflower.prod/com.obs.android.shared.RegistrationActivity
PIDs--------------------------------------------------------------------------
u0_a413        2167    430 14256224 176516 0                  0 S com.obs.android.olm.sunflower.prod
b29e6a69: savedPid = 2167
PIDs--------------------------------------------------------------------------
u0_a413        2167    430 14256224 176516 0                  0 S com.obs.android.olm.sunflower.prod
b29e6a69: savedPid2 = 2167
Stopping app: com.obs.android.olm.sunflower.prod
Tryging remove : uninstall com.obs.android.olm.sunflower.prod(com.obs.android.olm.sunflower.prod)
b29e6a69: Remove Success
b29e6a69: ilog file size: 198142117
b29e6a69: End of collecting logcat...
HPFinder's try count remains: 28
Target PID : 11480
Target PID : 11480
ExitReason-Code: 1 (/home/santapark/Extended3/DEEPerence/reEx/devRef_com.obs.android.olm.sunflower.prod.obfuscated_flattened.ilog)
Target PID : 
ExitReason-Code: 1 (/home/santapark/Extended3/DEEPerence/reEx/devRef_com.obs.android.olm.sunflower.prod.obfuscated_flattened.ilog)
Target PID : 2167
ExitReason-Code: 6 (/home/santapark/Extended3/DEEPerence/reEx/devDebug_com.obs.android.olm.sunflower.prod.obfuscated_flattened.ilog)
159ceeed: adding filter -- 356754
ExitReason-Code: 1 (/home/santapark/Extended3/DEEPerence/reEx/devRoot_com.obs.android.olm.sunflower.prod.obfuscated_flattened.ilog)
b29e6a69: adding filter -- 344d3a
[*] FlowManager: adjust finished.
-- current localPatchFilter: 356754
Action is completely same :)
java.lang.System/exit:(I)V:34424e		=(rels)=>		1
[*] Unique action: 16:239827 : <<CALL>> : com.obs.android.shared.CBSApplication/b:()V:34424e  =>  java.lang.System/exit:(I)V:ea908
	1:compareBackwardBranch2: 15:1278 : <<BRANCH>> : com.obs.android.shared.a.a$1/run:()V:356442  =>  com.obs.android.shared.a.a$1/run:()V:356452
Entry: 356398
com.obs.android.shared.a.a$1/run:()V: 356442 -> 356452
		com.obs.android.shared.a.a$1/run:()V: aa -> ba
addPatchReadme: java.lang.Class<com.obs.android.shared.a.a$1>run()V aa t
159ceeed: [+] Patches found in this round: 1
159ceeed: [*] Found Patch size: 1
Target PID : 
ExitReason-Code: 6 (/home/santapark/Extended3/DEEPerence/reEx/devDebug_com.obs.android.olm.sunflower.prod.obfuscated_flattened.ilog)
159ceeed: @@localPatchFilter -- 356764
159ceeed: 	@@@Found patch addr: 356452
159ceeed: Querying offset: 356442
159ceeed: 	--Add method name to patch = com.obs.android.shared.a.a$1/run:()V 	356442
[*] FlowManager: adjust finished.
-- current localPatchFilter: 344d3a
Action is completely same :)
Action is completely same :)
b29e6a69: There is no difference. (tryAgain=false)
Devices presenting anti-analysis: 
	devDebug
159ceeed: patching method: com.obs.android.shared.a.a/a:(Landroid/content/Context;)Z
159ceeed: patching method: com.obs.android.shared.a.a$1/run:()V
159ceeed: outDir - /home/santapark/Extended3/DEEPerence/reEx/com.obs.android.olm.sunflower.prod.apk.obfuscated_flattened_devDebug
Wow!!!!!  --  com.obs.android.shared.a.a$1/run:()V
fallthrough: ae
branchTarget: ba
label = cond_0
GOTO -- ae 	ba
Wow!!!!!  --  com.obs.android.shared.a.a/a:(Landroid/content/Context;)Z
fallthrough: 17c
branchTarget: 182
label = cond_1
GOTO -- 17c 	182
axmlPath: /home/santapark/Extended3/DEEPerence/reEx/com.obs.android.olm.sunflower.prod.apk.obfuscated_flattened_devDebug/AndroidManifest.xml
outDir: /home/santapark/Extended3/DEEPerence/reEx/com.obs.android.olm.sunflower.prod.apk.obfuscated_flattened_devDebug/com.obs.android.olm.sunflower.prod.apk.obfuscated_flattened.apk
159ceeed: Patched APK File: /home/santapark/Extended3/DEEPerence/reEx/com.obs.android.olm.sunflower.prod.apk.obfuscated_flattened_devDebug/signed_com.obs.android.olm.sunflower.prod.apk.obfuscated_flattened.apk
159ceeed: First address of Lcom/obs/android/shared/a/a;->a(Landroid/content/Context;)Z = 3565ec
159ceeed: Address - Lcom/obs/android/shared/a/a;->a(Landroid/content/Context;)Z@178	 lastOffset = 450
159ceeed: Instruction@@: IF_EQZ
159ceeed: First address of Lcom/obs/android/shared/a/a$1;->run()V = 3563a8
159ceeed: Address - Lcom/obs/android/shared/a/a$1;->run()V@aa	 lastOffset = 160
159ceeed: Instruction@@: IF_EQZ
159ceeed: (Not Installed) Trying remove : true
Installing apk: /home/santapark/Extended3/DEEPerence/reEx/com.obs.android.olm.sunflower.prod.apk.obfuscated_flattened_devDebug/signed_com.obs.android.olm.sunflower.prod.apk.obfuscated_flattened.apk
159ceeed: Installation Success
159ceeed: startApplication called! - devDebug
159ceeed: Collecting logcat... (/home/santapark/Extended3/DEEPerence/reEx/devDebug_com.obs.android.olm.sunflower.prod.obfuscated_flattened.ilog)
PIDs--------------------------------------------------------------------------
u0_a741       30050    423 13816364 105528 0                  0 R com.obs.android.olm.sunflower.prod
forward tcp:35535 jdwp:30050
[*]Found JDWP Target: 30050
159ceeed: Running Application: com.obs.android.olm.sunflower.prod
PIDs--------------------------------------------------------------------------
u0_a741       30050    423 14126232 155220 0                  0 R com.obs.android.olm.sunflower.prod
159ceeed: Tryging attach jdb to 30050
jdb -connect com.sun.jdi.SocketAttach:hostname=localhost,port=35535
159ceeed: Terminated logcat thread...by itself
159ceeed: Top-activity: com.obs.android.olm.sunflower.prod/com.obs.android.shared.RegistrationActivity
PIDs--------------------------------------------------------------------------
u0_a741       30050    423 14191392 187936 0                  0 S com.obs.android.olm.sunflower.prod
159ceeed: savedPid = 30050
PIDs--------------------------------------------------------------------------
u0_a741       30050    423 14191392 187936 0                  0 S com.obs.android.olm.sunflower.prod
159ceeed: savedPid2 = 30050
Stopping app: com.obs.android.olm.sunflower.prod
Tryging remove : uninstall com.obs.android.olm.sunflower.prod(com.obs.android.olm.sunflower.prod)
159ceeed: Remove Success
159ceeed: ilog file size: 111816192
159ceeed: End of collecting logcat...
HPFinder's try count remains: 27
Target PID : 11480
ExitReason-Code: 1 (/home/santapark/Extended3/DEEPerence/reEx/devRef_com.obs.android.olm.sunflower.prod.obfuscated_flattened.ilog)
Target PID : 30050
ExitReason-Code: 1 (/home/santapark/Extended3/DEEPerence/reEx/devDebug_com.obs.android.olm.sunflower.prod.obfuscated_flattened.ilog)
159ceeed: adding filter -- 356754
159ceeed: adding filter -- 356442
[*] FlowManager: adjust finished.
-- current localPatchFilter: 356754
-- current localPatchFilter: 356442
Action is completely same :)
Action is completely same :)
159ceeed: There is no difference. (tryAgain=false)
-- HPFinder will be done in this iteration :)
hasAntiAnalysis? - devTamper: false on com.obs.android.messenger.MainActivity
hasAntiAnalysis? - devRoot: true on com.obs.android.messenger.MainActivity
	isRemovedThem? - devRoot: true on com.obs.android.messenger.MainActivity	-	tryCount: 1
hasAntiAnalysis? - devDebug: true on com.obs.android.messenger.MainActivity
	isRemovedThem? - devDebug: true on com.obs.android.messenger.MainActivity	-	tryCount: 2
*****REPORT: com.obs.android.olm.sunflower.prod
* Package name: com.obs.android.olm.sunflower.prod
* Running time: 549
* FileSize: 6002643
devTamper : 111740372
devRef : 181982208
devRoot : 198142117
devDebug : 111816192
hasAntiAnalysis? - devTamper: false on com.obs.android.messenger.MainActivity
hasAntiAnalysis? - devRoot: true on com.obs.android.messenger.MainActivity
	isRemovedThem? - devRoot: true on com.obs.android.messenger.MainActivity	-	tryCount: 1
hasAntiAnalysis? - devDebug: true on com.obs.android.messenger.MainActivity
	isRemovedThem? - devDebug: true on com.obs.android.messenger.MainActivity	-	tryCount: 2
46604b9f: trying remove : com.obs.android.olm.sunflower.prod
3601a6ff: trying remove : com.obs.android.olm.sunflower.prod
b29e6a69: trying remove : com.obs.android.olm.sunflower.prod
159ceeed: trying remove : com.obs.android.olm.sunflower.prod
46604b9f: (Not Installed) Trying remove : true
46604b9f: -- Success
46604b9f: result = true
b29e6a69: (Not Installed) Trying remove : true
b29e6a69: -- Success
b29e6a69: result = true
159ceeed: (Not Installed) Trying remove : true
159ceeed: -- Success
159ceeed: result = true
3601a6ff: (Not Installed) Trying remove : true
3601a6ff: -- Success
3601a6ff: result = true
3601a6ff: isFailedToLaunch: com.obs.android.olm.sunflower.prod/com.obs.android.shared.RegistrationActivity
3601a6ff: 	--result: Good :)
