axmlPath: /home/santapark/Extended3/DEEPerence/reEx/com.obs.android.olm.greatwestern.prod.apk.obfuscated_flattened/AndroidManifest.xml
launchable-activity: name='com.obs.android.messenger.MainActivity'  label='' icon=''
{ACTIVITY, com.obs.android.messenger.MainActivity, android.intent.action.MAIN}
{ACTIVITY, com.obs.mobile_tablet.components.CheckImageActivity}
{ACTIVITY, com.obs.mobile_tablet.transactions.deposits.DepositsCaptureImageActivity}
{ACTIVITY, com.obs.android.shared.RegistrationActivity}
{ACTIVITY, com.obs.android.messenger.MainActivity, android.intent.action.MAIN}
{ACTIVITY, com.obs.mobile_tablet.components.CheckImageActivity}
{ACTIVITY, com.obs.mobile_tablet.transactions.deposits.DepositsCaptureImageActivity}
{ACTIVITY, com.obs.android.shared.RegistrationActivity}
_getAllDexFiles: /home/santapark/Extended3/DEEPerence/reEx/com.obs.android.olm.greatwestern.prod.apk.obfuscated_flattened/classes.dex
----------------/home/santapark/Extended3/DEEPerence/reEx/com.obs.android.olm.greatwestern.prod.apk.obfuscated_flattened.apk
dexFile = org.jf.dexlib2.dexbacked.DexBackedDexFile@75d22dac
com.obs.android.olm.greatwestern.prod
com.obs.android.messenger.MainActivity
debuggable: false
b29e6a69: (Not Installed) Trying remove : true
b29e6a69: -- Success
46604b9f: (Not Installed) Trying remove : true
46604b9f: -- Success
159ceeed: (Not Installed) Trying remove : true
159ceeed: -- Success
3601a6ff: (Not Installed) Trying remove : true
3601a6ff: -- Success
Installing apk: /home/santapark/Extended3/DEEPerence/reEx/com.obs.android.olm.greatwestern.prod.apk.obfuscated_flattened.apk
Installing apk: /home/santapark/Extended3/DEEPerence/reEx/com.obs.android.olm.greatwestern.prod.apk.obfuscated_flattened.apk
Installing apk: /home/santapark/Extended3/DEEPerence/reEx/com.obs.android.olm.greatwestern.prod.apk.obfuscated_flattened.apk
axmlPath: /home/santapark/Extended3/DEEPerence/reEx/com.obs.android.olm.greatwestern.prod.apk.obfuscated_flattened_46604b9f/AndroidManifest.xml
outDir: /home/santapark/Extended3/DEEPerence/reEx/com.obs.android.olm.greatwestern.prod.apk.obfuscated_flattened_46604b9f/com.obs.android.olm.greatwestern.prod.apk.obfuscated_flattened.apk
46604b9f: Installing repackaged apk File: 
Installing apk: /home/santapark/Extended3/DEEPerence/reEx/com.obs.android.olm.greatwestern.prod.apk.obfuscated_flattened_46604b9f/signed_com.obs.android.olm.greatwestern.prod.apk.obfuscated_flattened.apk
159ceeed: Installation Success
3601a6ff: Installation Success
b29e6a69: Installation Success
46604b9f: Installation Success
46604b9f: startApplication called! - devTamper
3601a6ff: startApplication called! - devRef
b29e6a69: startApplication called! - devRoot
159ceeed: startApplication called! - devDebug
b29e6a69: Collecting logcat... (/home/santapark/Extended3/DEEPerence/reEx/devRoot_com.obs.android.olm.greatwestern.prod.obfuscated_flattened.ilog)
3601a6ff: Collecting logcat... (/home/santapark/Extended3/DEEPerence/reEx/devRef_com.obs.android.olm.greatwestern.prod.obfuscated_flattened.ilog)
159ceeed: Collecting logcat... (/home/santapark/Extended3/DEEPerence/reEx/devDebug_com.obs.android.olm.greatwestern.prod.obfuscated_flattened.ilog)
46604b9f: Collecting logcat... (/home/santapark/Extended3/DEEPerence/reEx/devTamper_com.obs.android.olm.greatwestern.prod.obfuscated_flattened.ilog)
b29e6a69: Running Application: com.obs.android.olm.greatwestern.prod
3601a6ff: Running Application: com.obs.android.olm.greatwestern.prod
46604b9f: Running Application: com.obs.android.olm.greatwestern.prod
PIDs--------------------------------------------------------------------------
u0_a709        5347    423 14399280 96396 0                   0 R com.obs.android.olm.greatwestern.prod
forward tcp:35535 jdwp:5347
[*]Found JDWP Target: 5347
159ceeed: Running Application: com.obs.android.olm.greatwestern.prod
PIDs--------------------------------------------------------------------------
u0_a709        5976    423 13763296 103136 0                  0 R com.obs.android.olm.greatwestern.prod
159ceeed: pid changed(5347) --> 5976
b29e6a69: Terminated logcat thread...by itself
3601a6ff: Terminated logcat thread...by itself
46604b9f: Terminated logcat thread...by itself
46604b9f: Top-activity: com.obs.android.olm.greatwestern.prod/com.obs.android.shared.RegistrationActivity
PIDs--------------------------------------------------------------------------
u0_a292        6282    425 14193836 172184 0                  0 S com.obs.android.olm.greatwestern.prod
46604b9f: savedPid = 6282
PIDs--------------------------------------------------------------------------
u0_a292        6282    425 14193836 172184 0                  0 S com.obs.android.olm.greatwestern.prod
46604b9f: savedPid2 = 6282
Stopping app: com.obs.android.olm.greatwestern.prod
3601a6ff: Top-activity: com.obs.android.olm.greatwestern.prod/com.obs.android.shared.RegistrationActivity
PIDs--------------------------------------------------------------------------
u0_a348       10005    414 14171240 171380 0                  0 S com.obs.android.olm.greatwestern.prod
3601a6ff: savedPid = 10005
PIDs--------------------------------------------------------------------------
u0_a348       10005    414 14171240 171380 0                  0 S com.obs.android.olm.greatwestern.prod
3601a6ff: savedPid2 = 10005
Stopping app: com.obs.android.olm.greatwestern.prod
b29e6a69: Top-activity: com.obs.android.olm.greatwestern.prod/com.obs.android.messenger.MainActivity
PIDs--------------------------------------------------------------------------
u0_a392       27574    430 14549848 88736 0                   0 S com.obs.android.olm.greatwestern.prod
b29e6a69: savedPid = 27574
PIDs--------------------------------------------------------------------------
u0_a392       27574    430 13949852 94280 0                   0 S com.obs.android.olm.greatwestern.prod
b29e6a69: savedPid2 = 27574
Stopping app: com.obs.android.olm.greatwestern.prod
159ceeed: Terminated logcat thread...by itself
159ceeed: Top-activity: com.obs.android.olm.greatwestern.prod/com.obs.android.messenger.MainActivity
PIDs--------------------------------------------------------------------------
159ceeed: savedPid = null
PIDs--------------------------------------------------------------------------
u0_a709       10104    423 14416724 94060 0                   0 R com.obs.android.olm.greatwestern.prod
159ceeed: savedPid2 = 10104
Stopping app: com.obs.android.olm.greatwestern.prod
Tryging remove : uninstall com.obs.android.olm.greatwestern.prod(com.obs.android.olm.greatwestern.prod)
46604b9f: Remove Success
46604b9f: ilog file size: 111804609
46604b9f: End of collecting logcat...
Tryging remove : uninstall com.obs.android.olm.greatwestern.prod(com.obs.android.olm.greatwestern.prod)
3601a6ff: Remove Success
3601a6ff: ilog file size: 183456915
3601a6ff: End of collecting logcat...
Tryging remove : uninstall com.obs.android.olm.greatwestern.prod(com.obs.android.olm.greatwestern.prod)
b29e6a69: Remove Success
b29e6a69: ilog file size: 51834647
b29e6a69: End of collecting logcat...
Tryging remove : uninstall com.obs.android.olm.greatwestern.prod(com.obs.android.olm.greatwestern.prod)
159ceeed: Remove Success
159ceeed: ilog file size: 60714467
159ceeed: End of collecting logcat...
HPFinder's try count remains: 29
Target PID : 10005
Target PID : 10005
Target PID : 10005
ExitReason-Code: 1 (/home/santapark/Extended3/DEEPerence/reEx/devRef_com.obs.android.olm.greatwestern.prod.obfuscated_flattened.ilog)
Target PID : 27574
ExitReason-Code: 1 (/home/santapark/Extended3/DEEPerence/reEx/devRef_com.obs.android.olm.greatwestern.prod.obfuscated_flattened.ilog)
Target PID : 10104
ExitReason-Code: 1 (/home/santapark/Extended3/DEEPerence/reEx/devRef_com.obs.android.olm.greatwestern.prod.obfuscated_flattened.ilog)
Target PID : 6282
ExitReason-Code: 1 (/home/santapark/Extended3/DEEPerence/reEx/devRoot_com.obs.android.olm.greatwestern.prod.obfuscated_flattened.ilog)
ExitReason-Code: 1 (/home/santapark/Extended3/DEEPerence/reEx/devDebug_com.obs.android.olm.greatwestern.prod.obfuscated_flattened.ilog)
[*] FlowManager: adjust finished.
[GOOD]: Anti-analysis is identified! :) -- 1 --devRoot
android.widget.TextView/setText:(Ljava/lang/CharSequence;)V:373476		=(rels)=>		1
[*] Unique action: 1:97259 : <<CALL>> : com.obs.mobile_tablet.MainActivity/permissionsUpdate:(Lcom/obs/mobile_core/b/a/k;)V:373476  =>  android.widget.TextView/setText:(Ljava/lang/CharSequence;)V:29ee34
ExitReason-Code: 1 (/home/santapark/Extended3/DEEPerence/reEx/devTamper_com.obs.android.olm.greatwestern.prod.obfuscated_flattened.ilog)
[*] FlowManager: adjust finished.
[GOOD]: Anti-analysis is identified! :) -- 1 --devDebug
android.widget.TextView/setText:(Ljava/lang/CharSequence;)V:373476		=(rels)=>		1
[*] Unique action: 1:97259 : <<CALL>> : com.obs.mobile_tablet.MainActivity/permissionsUpdate:(Lcom/obs/mobile_core/b/a/k;)V:373476  =>  android.widget.TextView/setText:(Ljava/lang/CharSequence;)V:29ee34
	1:compareBackwardBranch: 1:1135 : <<BRANCH>> : com.obs.android.shared.CBSApplication/b:(Landroid/content/Context;)Z:344fec  =>  com.obs.android.shared.CBSApplication/b:(Landroid/content/Context;)Z:344fe6
android.view.ViewGroup/addView:(Landroid/view/View;)V:250564		=(rels)=>		1
[*] Unique action: 1:88606 : <<CALL>> : android.support.v4.a.n/a:(Landroid/support/v4/a/h;IIIZ)V:250564  =>  android.view.ViewGroup/addView:(Landroid/view/View;)V:19596c
	1:compareBackwardBranch: 1:1323 : <<BRANCH>> : com.obs.android.shared.a.a/a:(Landroid/content/Context;)Z:356a3c  =>  com.obs.android.shared.a.a/a:(Landroid/content/Context;)Z:356a36
android.view.ViewGroup/addView:(Landroid/view/View;)V:250564		=(rels)=>		1
[*] Unique action: 1:88606 : <<CALL>> : android.support.v4.a.n/a:(Landroid/support/v4/a/h;IIIZ)V:250564  =>  android.view.ViewGroup/addView:(Landroid/view/View;)V:19596c
	1:compareBackwardBranch: 1:1135 : <<BRANCH>> : com.obs.android.shared.CBSApplication/b:(Landroid/content/Context;)Z:344fec  =>  com.obs.android.shared.CBSApplication/b:(Landroid/content/Context;)Z:344fe6
org.apache.http.impl.client.DefaultHttpClient/<init>:(Lorg/apache/http/conn/ClientConnectionManager;Lorg/apache/http/params/HttpParams;)V:3f847e		=(rels)=>		1
[*] Unique action: 1:27112 : <<CALL>> : org.c.a.a.b/<init>:()V:3f847e  =>  org.apache.http.impl.client.DefaultHttpClient/<init>:(Lorg/apache/http/conn/ClientConnectionManager;Lorg/apache/http/params/HttpParams;)V:31acc
	1:compareBackwardBranch: 1:1135 : <<BRANCH>> : com.obs.android.shared.CBSApplication/b:(Landroid/content/Context;)Z:344fec  =>  com.obs.android.shared.CBSApplication/b:(Landroid/content/Context;)Z:344fe6
android.view.View/setOnClickListener:(Landroid/view/View$OnClickListener;)V:28f1ce		=(rels)=>		1
[*] Unique action: 1:25433 : <<CALL>> : android.support.v7.widget.Toolbar/setNavigationOnClickListener:(Landroid/view/View$OnClickListener;)V:28f1ce  =>  android.view.View/setOnClickListener:(Landroid/view/View$OnClickListener;)V:1bf5f8
	1:compareBackwardBranch: 1:1323 : <<BRANCH>> : com.obs.android.shared.a.a/a:(Landroid/content/Context;)Z:356a3c  =>  com.obs.android.shared.a.a/a:(Landroid/content/Context;)Z:356a36
org.apache.http.impl.client.DefaultHttpClient/<init>:(Lorg/apache/http/conn/ClientConnectionManager;Lorg/apache/http/params/HttpParams;)V:3f847e		=(rels)=>		1
[*] Unique action: 1:27112 : <<CALL>> : org.c.a.a.b/<init>:()V:3f847e  =>  org.apache.http.impl.client.DefaultHttpClient/<init>:(Lorg/apache/http/conn/ClientConnectionManager;Lorg/apache/http/params/HttpParams;)V:31acc
	1:compareBackwardBranch: 1:1135 : <<BRANCH>> : com.obs.android.shared.CBSApplication/b:(Landroid/content/Context;)Z:344fec  =>  com.obs.android.shared.CBSApplication/b:(Landroid/content/Context;)Z:344fe6
android.os.Handler/postDelayed:(Ljava/lang/Runnable;J)Z:2b0aac		=(rels)=>		1
[*] Unique action: 1:98152 : <<CALL>> : com.a.a.a/onActivityPaused:(Landroid/app/Activity;)V:2b0aac  =>  android.os.Handler/postDelayed:(Ljava/lang/Runnable;J)Z:30ca84
	1:compareBackwardBranch: 1:1323 : <<BRANCH>> : com.obs.android.shared.a.a/a:(Landroid/content/Context;)Z:356a3c  =>  com.obs.android.shared.a.a/a:(Landroid/content/Context;)Z:356a36
android.view.View/setOnClickListener:(Landroid/view/View$OnClickListener;)V:28f1ce		=(rels)=>		1
[*] Unique action: 1:25433 : <<CALL>> : android.support.v7.widget.Toolbar/setNavigationOnClickListener:(Landroid/view/View$OnClickListener;)V:28f1ce  =>  android.view.View/setOnClickListener:(Landroid/view/View$OnClickListener;)V:1bf5f8
	1:compareBackwardBranch: 1:1323 : <<BRANCH>> : com.obs.android.shared.a.a/a:(Landroid/content/Context;)Z:356a3c  =>  com.obs.android.shared.a.a/a:(Landroid/content/Context;)Z:356a36
android.os.Handler/postDelayed:(Ljava/lang/Runnable;J)Z:2b0aac		=(rels)=>		1
[*] Unique action: 1:98152 : <<CALL>> : com.a.a.a/onActivityPaused:(Landroid/app/Activity;)V:2b0aac  =>  android.os.Handler/postDelayed:(Ljava/lang/Runnable;J)Z:30ca84
	1:compareBackwardBranch: 1:1135 : <<BRANCH>> : com.obs.android.shared.CBSApplication/b:(Landroid/content/Context;)Z:344fec  =>  com.obs.android.shared.CBSApplication/b:(Landroid/content/Context;)Z:344fe6
android.view.ViewGroup/addView:(Landroid/view/View;ILandroid/view/ViewGroup$LayoutParams;)V:2380c4		=(rels)=>		1
[*] Unique action: 1:26830 : <<CALL>> : android.support.constraint.ConstraintLayout/addView:(Landroid/view/View;ILandroid/view/ViewGroup$LayoutParams;)V:2380c4  =>  android.view.ViewGroup/addView:(Landroid/view/View;ILandroid/view/ViewGroup$LayoutParams;)V:1959fc
	1:compareBackwardBranch: 1:1135 : <<BRANCH>> : com.obs.android.shared.CBSApplication/b:(Landroid/content/Context;)Z:344fec  =>  com.obs.android.shared.CBSApplication/b:(Landroid/content/Context;)Z:344fe6
android.view.View/setOnClickListener:(Landroid/view/View$OnClickListener;)V:34e39c		=(rels)=>		1
[*] Unique action: 1:115063 : <<CALL>> : com.obs.android.shared.RegistrationActivity$a/a:(Landroid/view/LayoutInflater;Landroid/view/ViewGroup;Landroid/os/Bundle;)Landroid/view/View;:34e39c  =>  android.view.View/setOnClickListener:(Landroid/view/View$OnClickListener;)V:1bf5f8
	1:compareBackwardBranch: 1:1323 : <<BRANCH>> : com.obs.android.shared.a.a/a:(Landroid/content/Context;)Z:356a3c  =>  com.obs.android.shared.a.a/a:(Landroid/content/Context;)Z:356a36
android.view.ViewGroup/addView:(Landroid/view/View;ILandroid/view/ViewGroup$LayoutParams;)V:2380c4		=(rels)=>		1
[*] Unique action: 1:26830 : <<CALL>> : android.support.constraint.ConstraintLayout/addView:(Landroid/view/View;ILandroid/view/ViewGroup$LayoutParams;)V:2380c4  =>  android.view.ViewGroup/addView:(Landroid/view/View;ILandroid/view/ViewGroup$LayoutParams;)V:1959fc
	1:compareBackwardBranch: 1:1323 : <<BRANCH>> : com.obs.android.shared.a.a/a:(Landroid/content/Context;)Z:356a3c  =>  com.obs.android.shared.a.a/a:(Landroid/content/Context;)Z:356a36
android.view.View/setOnClickListener:(Landroid/view/View$OnClickListener;)V:34e39c		=(rels)=>		1
[*] Unique action: 1:115063 : <<CALL>> : com.obs.android.shared.RegistrationActivity$a/a:(Landroid/view/LayoutInflater;Landroid/view/ViewGroup;Landroid/os/Bundle;)Landroid/view/View;:34e39c  =>  android.view.View/setOnClickListener:(Landroid/view/View$OnClickListener;)V:1bf5f8
	1:compareBackwardBranch: 1:1135 : <<BRANCH>> : com.obs.android.shared.CBSApplication/b:(Landroid/content/Context;)Z:344fec  =>  com.obs.android.shared.CBSApplication/b:(Landroid/content/Context;)Z:344fe6
android.widget.TextView/setText:(Ljava/lang/CharSequence;)V:372b7e		=(rels)=>		1
[*] Unique action: 1:88596 : <<CALL>> : com.obs.mobile_tablet.MainActivity/a:(Landroid/view/LayoutInflater;Landroid/view/ViewGroup;Landroid/os/Bundle;)Landroid/view/View;:372b7e  =>  android.widget.TextView/setText:(Ljava/lang/CharSequence;)V:29ee34
	1:compareBackwardBranch: 1:1323 : <<BRANCH>> : com.obs.android.shared.a.a/a:(Landroid/content/Context;)Z:356a3c  =>  com.obs.android.shared.a.a/a:(Landroid/content/Context;)Z:356a36
android.widget.TextView/setText:(Ljava/lang/CharSequence;)V:372b7e		=(rels)=>		1
[*] Unique action: 1:88596 : <<CALL>> : com.obs.mobile_tablet.MainActivity/a:(Landroid/view/LayoutInflater;Landroid/view/ViewGroup;Landroid/os/Bundle;)Landroid/view/View;:372b7e  =>  android.widget.TextView/setText:(Ljava/lang/CharSequence;)V:29ee34
	1:compareBackwardBranch: 1:1135 : <<BRANCH>> : com.obs.android.shared.CBSApplication/b:(Landroid/content/Context;)Z:344fec  =>  com.obs.android.shared.CBSApplication/b:(Landroid/content/Context;)Z:344fe6
android.widget.TextView/setText:(Ljava/lang/CharSequence;)V:372ade		=(rels)=>		1
[*] Unique action: 1:88577 : <<CALL>> : com.obs.mobile_tablet.MainActivity/a:(Landroid/view/LayoutInflater;Landroid/view/ViewGroup;Landroid/os/Bundle;)Landroid/view/View;:372ade  =>  android.widget.TextView/setText:(Ljava/lang/CharSequence;)V:29ee34
	1:compareBackwardBranch: 1:1323 : <<BRANCH>> : com.obs.android.shared.a.a/a:(Landroid/content/Context;)Z:356a3c  =>  com.obs.android.shared.a.a/a:(Landroid/content/Context;)Z:356a36
android.widget.TextView/setText:(Ljava/lang/CharSequence;)V:372ade		=(rels)=>		1
[*] Unique action: 1:88577 : <<CALL>> : com.obs.mobile_tablet.MainActivity/a:(Landroid/view/LayoutInflater;Landroid/view/ViewGroup;Landroid/os/Bundle;)Landroid/view/View;:372ade  =>  android.widget.TextView/setText:(Ljava/lang/CharSequence;)V:29ee34
	1:compareBackwardBranch: 1:1135 : <<BRANCH>> : com.obs.android.shared.CBSApplication/b:(Landroid/content/Context;)Z:344fec  =>  com.obs.android.shared.CBSApplication/b:(Landroid/content/Context;)Z:344fe6
android.view.View/setOnClickListener:(Landroid/view/View$OnClickListener;)V:390fd0		=(rels)=>		1
[*] Unique action: 1:94864 : <<CALL>> : com.obs.mobile_tablet.navigation.MainNavigation_ViewBinding/<init>:(Lcom/obs/mobile_tablet/navigation/MainNavigation;Landroid/view/View;)V:390fd0  =>  android.view.View/setOnClickListener:(Landroid/view/View$OnClickListener;)V:1bf5f8
	1:compareBackwardBranch: 1:1323 : <<BRANCH>> : com.obs.android.shared.a.a/a:(Landroid/content/Context;)Z:356a3c  =>  com.obs.android.shared.a.a/a:(Landroid/content/Context;)Z:356a36
android.view.View/setOnClickListener:(Landroid/view/View$OnClickListener;)V:390fd0		=(rels)=>		1
[*] Unique action: 1:94864 : <<CALL>> : com.obs.mobile_tablet.navigation.MainNavigation_ViewBinding/<init>:(Lcom/obs/mobile_tablet/navigation/MainNavigation;Landroid/view/View;)V:390fd0  =>  android.view.View/setOnClickListener:(Landroid/view/View$OnClickListener;)V:1bf5f8
	1:compareBackwardBranch: 1:1135 : <<BRANCH>> : com.obs.android.shared.CBSApplication/b:(Landroid/content/Context;)Z:344fec  =>  com.obs.android.shared.CBSApplication/b:(Landroid/content/Context;)Z:344fe6
android.widget.TextView/setText:(Ljava/lang/CharSequence;)V:35143e		=(rels)=>		1
[*] Unique action: 1:112954 : <<CALL>> : com.obs.android.shared.RegistrationActivity$e/a:(Landroid/view/LayoutInflater;Landroid/view/ViewGroup;Landroid/os/Bundle;)Landroid/view/View;:35143e  =>  android.widget.TextView/setText:(Ljava/lang/CharSequence;)V:29ee34
	1:compareBackwardBranch: 1:1323 : <<BRANCH>> : com.obs.android.shared.a.a/a:(Landroid/content/Context;)Z:356a3c  =>  com.obs.android.shared.a.a/a:(Landroid/content/Context;)Z:356a36
android.widget.TextView/setText:(Ljava/lang/CharSequence;)V:35143e		=(rels)=>		1
[*] Unique action: 1:112954 : <<CALL>> : com.obs.android.shared.RegistrationActivity$e/a:(Landroid/view/LayoutInflater;Landroid/view/ViewGroup;Landroid/os/Bundle;)Landroid/view/View;:35143e  =>  android.widget.TextView/setText:(Ljava/lang/CharSequence;)V:29ee34
	1:compareBackwardBranch: 1:1135 : <<BRANCH>> : com.obs.android.shared.CBSApplication/b:(Landroid/content/Context;)Z:344fec  =>  com.obs.android.shared.CBSApplication/b:(Landroid/content/Context;)Z:344fe6
android.view.View/setOnClickListener:(Landroid/view/View$OnClickListener;)V:390f12		=(rels)=>		1
[*] Unique action: 1:94846 : <<CALL>> : com.obs.mobile_tablet.navigation.MainNavigation_ViewBinding/<init>:(Lcom/obs/mobile_tablet/navigation/MainNavigation;Landroid/view/View;)V:390f12  =>  android.view.View/setOnClickListener:(Landroid/view/View$OnClickListener;)V:1bf5f8
	1:compareBackwardBranch: 1:1323 : <<BRANCH>> : com.obs.android.shared.a.a/a:(Landroid/content/Context;)Z:356a3c  =>  com.obs.android.shared.a.a/a:(Landroid/content/Context;)Z:356a36
android.view.View/setOnClickListener:(Landroid/view/View$OnClickListener;)V:390f12		=(rels)=>		1
[*] Unique action: 1:94846 : <<CALL>> : com.obs.mobile_tablet.navigation.MainNavigation_ViewBinding/<init>:(Lcom/obs/mobile_tablet/navigation/MainNavigation;Landroid/view/View;)V:390f12  =>  android.view.View/setOnClickListener:(Landroid/view/View$OnClickListener;)V:1bf5f8
	1:compareBackwardBranch: 1:1135 : <<BRANCH>> : com.obs.android.shared.CBSApplication/b:(Landroid/content/Context;)Z:344fec  =>  com.obs.android.shared.CBSApplication/b:(Landroid/content/Context;)Z:344fe6
android.view.ViewGroup/addView:(Landroid/view/View;)V:3426fa		=(rels)=>		1
[*] Unique action: 1:27698 : <<CALL>> : com.obs.android.messenger.MainActivity/onCreate:(Landroid/os/Bundle;)V:3426fa  =>  android.view.ViewGroup/addView:(Landroid/view/View;)V:19596c
	1:compareBackwardBranch: 1:1135 : <<BRANCH>> : com.obs.android.shared.CBSApplication/b:(Landroid/content/Context;)Z:344fec  =>  com.obs.android.shared.CBSApplication/b:(Landroid/content/Context;)Z:344fe6
android.view.View/setOnClickListener:(Landroid/view/View$OnClickListener;)V:3728b8		=(rels)=>		1
[*] Unique action: 1:88116 : <<CALL>> : com.obs.mobile_tablet.MainActivity/a:(Landroid/view/LayoutInflater;Landroid/view/ViewGroup;Landroid/os/Bundle;)Landroid/view/View;:3728b8  =>  android.view.View/setOnClickListener:(Landroid/view/View$OnClickListener;)V:1bf5f8
	1:compareBackwardBranch: 1:1323 : <<BRANCH>> : com.obs.android.shared.a.a/a:(Landroid/content/Context;)Z:356a3c  =>  com.obs.android.shared.a.a/a:(Landroid/content/Context;)Z:356a36
android.view.ViewGroup/addView:(Landroid/view/View;)V:3426fa		=(rels)=>		1
[*] Unique action: 1:27698 : <<CALL>> : com.obs.android.messenger.MainActivity/onCreate:(Landroid/os/Bundle;)V:3426fa  =>  android.view.ViewGroup/addView:(Landroid/view/View;)V:19596c
	1:compareBackwardBranch: 1:1323 : <<BRANCH>> : com.obs.android.shared.a.a/a:(Landroid/content/Context;)Z:356a3c  =>  com.obs.android.shared.a.a/a:(Landroid/content/Context;)Z:356a36
android.view.View/setOnClickListener:(Landroid/view/View$OnClickListener;)V:3728b8		=(rels)=>		1
[*] Unique action: 1:88116 : <<CALL>> : com.obs.mobile_tablet.MainActivity/a:(Landroid/view/LayoutInflater;Landroid/view/ViewGroup;Landroid/os/Bundle;)Landroid/view/View;:3728b8  =>  android.view.View/setOnClickListener:(Landroid/view/View$OnClickListener;)V:1bf5f8
	1:compareBackwardBranch: 1:1135 : <<BRANCH>> : com.obs.android.shared.CBSApplication/b:(Landroid/content/Context;)Z:344fec  =>  com.obs.android.shared.CBSApplication/b:(Landroid/content/Context;)Z:344fe6
android.view.View/setOnClickListener:(Landroid/view/View$OnClickListener;)V:390ff6		=(rels)=>		1
[*] Unique action: 1:94872 : <<CALL>> : com.obs.mobile_tablet.navigation.MainNavigation_ViewBinding/<init>:(Lcom/obs/mobile_tablet/navigation/MainNavigation;Landroid/view/View;)V:390ff6  =>  android.view.View/setOnClickListener:(Landroid/view/View$OnClickListener;)V:1bf5f8
	1:compareBackwardBranch: 1:1323 : <<BRANCH>> : com.obs.android.shared.a.a/a:(Landroid/content/Context;)Z:356a3c  =>  com.obs.android.shared.a.a/a:(Landroid/content/Context;)Z:356a36
android.view.View/setOnClickListener:(Landroid/view/View$OnClickListener;)V:390ff6		=(rels)=>		1
[*] Unique action: 1:94872 : <<CALL>> : com.obs.mobile_tablet.navigation.MainNavigation_ViewBinding/<init>:(Lcom/obs/mobile_tablet/navigation/MainNavigation;Landroid/view/View;)V:390ff6  =>  android.view.View/setOnClickListener:(Landroid/view/View$OnClickListener;)V:1bf5f8
	1:compareBackwardBranch: 1:1135 : <<BRANCH>> : com.obs.android.shared.CBSApplication/b:(Landroid/content/Context;)Z:344fec  =>  com.obs.android.shared.CBSApplication/b:(Landroid/content/Context;)Z:344fe6
android.view.ViewGroup/addView:(Landroid/view/View;Landroid/view/ViewGroup$LayoutParams;)V:28d3fa		=(rels)=>		1
[*] Unique action: 1:25853 : <<CALL>> : android.support.v7.widget.Toolbar/a:(Landroid/view/View;Z)V:28d3fa  =>  android.view.ViewGroup/addView:(Landroid/view/View;Landroid/view/ViewGroup$LayoutParams;)V:195988
	1:compareBackwardBranch: 1:1135 : <<BRANCH>> : com.obs.android.shared.CBSApplication/b:(Landroid/content/Context;)Z:344fec  =>  com.obs.android.shared.CBSApplication/b:(Landroid/content/Context;)Z:344fe6
android.view.ViewGroup/addView:(Landroid/view/View;)V:297d5a		=(rels)=>		1
[*] Unique action: 1:88230 : <<CALL>> : android.support.v7.widget.aw/a:(Landroid/view/View;)V:297d5a  =>  android.view.ViewGroup/addView:(Landroid/view/View;)V:19596c
	1:compareBackwardBranch: 1:1323 : <<BRANCH>> : com.obs.android.shared.a.a/a:(Landroid/content/Context;)Z:356a3c  =>  com.obs.android.shared.a.a/a:(Landroid/content/Context;)Z:356a36
android.view.ViewGroup/addView:(Landroid/view/View;Landroid/view/ViewGroup$LayoutParams;)V:28d3fa		=(rels)=>		1
[*] Unique action: 1:25853 : <<CALL>> : android.support.v7.widget.Toolbar/a:(Landroid/view/View;Z)V:28d3fa  =>  android.view.ViewGroup/addView:(Landroid/view/View;Landroid/view/ViewGroup$LayoutParams;)V:195988
	1:compareBackwardBranch: 1:1323 : <<BRANCH>> : com.obs.android.shared.a.a/a:(Landroid/content/Context;)Z:356a3c  =>  com.obs.android.shared.a.a/a:(Landroid/content/Context;)Z:356a36
android.view.ViewGroup/addView:(Landroid/view/View;)V:297d5a		=(rels)=>		1
[*] Unique action: 1:88230 : <<CALL>> : android.support.v7.widget.aw/a:(Landroid/view/View;)V:297d5a  =>  android.view.ViewGroup/addView:(Landroid/view/View;)V:19596c
	1:compareBackwardBranch: 1:1135 : <<BRANCH>> : com.obs.android.shared.CBSApplication/b:(Landroid/content/Context;)Z:344fec  =>  com.obs.android.shared.CBSApplication/b:(Landroid/content/Context;)Z:344fe6
android.widget.TextView/setText:(Ljava/lang/CharSequence;)V:3728a4		=(rels)=>		1
[*] Unique action: 1:88108 : <<CALL>> : com.obs.mobile_tablet.MainActivity/a:(Landroid/view/LayoutInflater;Landroid/view/ViewGroup;Landroid/os/Bundle;)Landroid/view/View;:3728a4  =>  android.widget.TextView/setText:(Ljava/lang/CharSequence;)V:29ee34
	1:compareBackwardBranch: 1:1323 : <<BRANCH>> : com.obs.android.shared.a.a/a:(Landroid/content/Context;)Z:356a3c  =>  com.obs.android.shared.a.a/a:(Landroid/content/Context;)Z:356a36
android.widget.TextView/setText:(Ljava/lang/CharSequence;)V:3728a4		=(rels)=>		1
[*] Unique action: 1:88108 : <<CALL>> : com.obs.mobile_tablet.MainActivity/a:(Landroid/view/LayoutInflater;Landroid/view/ViewGroup;Landroid/os/Bundle;)Landroid/view/View;:3728a4  =>  android.widget.TextView/setText:(Ljava/lang/CharSequence;)V:29ee34
	1:compareBackwardBranch: 1:1135 : <<BRANCH>> : com.obs.android.shared.CBSApplication/b:(Landroid/content/Context;)Z:344fec  =>  com.obs.android.shared.CBSApplication/b:(Landroid/content/Context;)Z:344fe6
android.view.View/setOnClickListener:(Landroid/view/View$OnClickListener;)V:27a9b2		=(rels)=>		1
[*] Unique action: 1:107848 : <<CALL>> : android.support.v7.app.m/a:(Landroid/view/View;Landroid/util/AttributeSet;)V:27a9b2  =>  android.view.View/setOnClickListener:(Landroid/view/View$OnClickListener;)V:1bf5f8
	1:compareBackwardBranch: 1:1323 : <<BRANCH>> : com.obs.android.shared.a.a/a:(Landroid/content/Context;)Z:356a3c  =>  com.obs.android.shared.a.a/a:(Landroid/content/Context;)Z:356a36
android.view.View/setOnClickListener:(Landroid/view/View$OnClickListener;)V:27a9b2		=(rels)=>		1
[*] Unique action: 1:107848 : <<CALL>> : android.support.v7.app.m/a:(Landroid/view/View;Landroid/util/AttributeSet;)V:27a9b2  =>  android.view.View/setOnClickListener:(Landroid/view/View$OnClickListener;)V:1bf5f8
	1:compareBackwardBranch: 1:1135 : <<BRANCH>> : com.obs.android.shared.CBSApplication/b:(Landroid/content/Context;)Z:344fec  =>  com.obs.android.shared.CBSApplication/b:(Landroid/content/Context;)Z:344fe6
android.view.View/setOnClickListener:(Landroid/view/View$OnClickListener;)V:390eec		=(rels)=>		1
[*] Unique action: 1:94836 : <<CALL>> : com.obs.mobile_tablet.navigation.MainNavigation_ViewBinding/<init>:(Lcom/obs/mobile_tablet/navigation/MainNavigation;Landroid/view/View;)V:390eec  =>  android.view.View/setOnClickListener:(Landroid/view/View$OnClickListener;)V:1bf5f8
	1:compareBackwardBranch: 1:1323 : <<BRANCH>> : com.obs.android.shared.a.a/a:(Landroid/content/Context;)Z:356a3c  =>  com.obs.android.shared.a.a/a:(Landroid/content/Context;)Z:356a36
android.view.View/setOnClickListener:(Landroid/view/View$OnClickListener;)V:390eec		=(rels)=>		1
[*] Unique action: 1:94836 : <<CALL>> : com.obs.mobile_tablet.navigation.MainNavigation_ViewBinding/<init>:(Lcom/obs/mobile_tablet/navigation/MainNavigation;Landroid/view/View;)V:390eec  =>  android.view.View/setOnClickListener:(Landroid/view/View$OnClickListener;)V:1bf5f8
	1:compareBackwardBranch: 1:1135 : <<BRANCH>> : com.obs.android.shared.CBSApplication/b:(Landroid/content/Context;)Z:344fec  =>  com.obs.android.shared.CBSApplication/b:(Landroid/content/Context;)Z:344fe6
android.widget.TextView/setText:(Ljava/lang/CharSequence;)V:28f45e		=(rels)=>		1
[*] Unique action: 1:25861 : <<CALL>> : android.support.v7.widget.Toolbar/setTitle:(Ljava/lang/CharSequence;)V:28f45e  =>  android.widget.TextView/setText:(Ljava/lang/CharSequence;)V:29ee34
	1:compareBackwardBranch: 1:1135 : <<BRANCH>> : com.obs.android.shared.CBSApplication/b:(Landroid/content/Context;)Z:344fec  =>  com.obs.android.shared.CBSApplication/b:(Landroid/content/Context;)Z:344fe6
android.view.View/setOnClickListener:(Landroid/view/View$OnClickListener;)V:39108e		=(rels)=>		1
[*] Unique action: 1:94888 : <<CALL>> : com.obs.mobile_tablet.navigation.MainNavigation_ViewBinding/<init>:(Lcom/obs/mobile_tablet/navigation/MainNavigation;Landroid/view/View;)V:39108e  =>  android.view.View/setOnClickListener:(Landroid/view/View$OnClickListener;)V:1bf5f8
	1:compareBackwardBranch: 1:1323 : <<BRANCH>> : com.obs.android.shared.a.a/a:(Landroid/content/Context;)Z:356a3c  =>  com.obs.android.shared.a.a/a:(Landroid/content/Context;)Z:356a36
android.widget.TextView/setText:(Ljava/lang/CharSequence;)V:28f45e		=(rels)=>		1
[*] Unique action: 1:25861 : <<CALL>> : android.support.v7.widget.Toolbar/setTitle:(Ljava/lang/CharSequence;)V:28f45e  =>  android.widget.TextView/setText:(Ljava/lang/CharSequence;)V:29ee34
	1:compareBackwardBranch: 1:1323 : <<BRANCH>> : com.obs.android.shared.a.a/a:(Landroid/content/Context;)Z:356a3c  =>  com.obs.android.shared.a.a/a:(Landroid/content/Context;)Z:356a36
android.view.View/setOnClickListener:(Landroid/view/View$OnClickListener;)V:39108e		=(rels)=>		1
[*] Unique action: 1:94888 : <<CALL>> : com.obs.mobile_tablet.navigation.MainNavigation_ViewBinding/<init>:(Lcom/obs/mobile_tablet/navigation/MainNavigation;Landroid/view/View;)V:39108e  =>  android.view.View/setOnClickListener:(Landroid/view/View$OnClickListener;)V:1bf5f8
	1:compareBackwardBranch: 1:1135 : <<BRANCH>> : com.obs.android.shared.CBSApplication/b:(Landroid/content/Context;)Z:344fec  =>  com.obs.android.shared.CBSApplication/b:(Landroid/content/Context;)Z:344fe6
java.lang.System/exit:(I)V:344506		=(rels)=>		1
[*] Unique action: 1:694 : <<CALL>> : com.obs.android.shared.CBSApplication/b:()V:344506  =>  java.lang.System/exit:(I)V:ea908
	1:compareBackwardBranch2: 1:1135 : <<BRANCH>> : com.obs.android.shared.CBSApplication/b:(Landroid/content/Context;)Z:344fec  =>  com.obs.android.shared.CBSApplication/b:(Landroid/content/Context;)Z:344fe6
Entry: 344644
com.obs.android.shared.CBSApplication/b:(Landroid/content/Context;)Z: 344fec -> 344fe6
		com.obs.android.shared.CBSApplication/b:(Landroid/content/Context;)Z: 9a8 -> 9a2
addPatchReadme: java.lang.Class<com.obs.android.shared.CBSApplication>b(Landroid/content/Context;)Z 9a8 t
b29e6a69: [+] Patches found in this round: 1
b29e6a69: [*] Found Patch size: 1
Target PID : 
	1:compareBackwardBranch: 1:1323 : <<BRANCH>> : com.obs.android.shared.a.a/a:(Landroid/content/Context;)Z:356a3c  =>  com.obs.android.shared.a.a/a:(Landroid/content/Context;)Z:356a36
java.lang.System/exit:(I)V:344506		=(rels)=>		1
[*] Unique action: 1:1354 : <<CALL>> : com.obs.android.shared.CBSApplication/b:()V:344506  =>  java.lang.System/exit:(I)V:ea908
ExitReason-Code: 6 (/home/santapark/Extended3/DEEPerence/reEx/devRoot_com.obs.android.olm.greatwestern.prod.obfuscated_flattened.ilog)
b29e6a69: 	@@@Found patch addr: 344ffc
b29e6a69: Querying offset: 344fec
b29e6a69: 	--Add method name to patch = com.obs.android.shared.CBSApplication/b:(Landroid/content/Context;)Z 	344fec
	1:compareBackwardBranch2: 1:1323 : <<BRANCH>> : com.obs.android.shared.a.a/a:(Landroid/content/Context;)Z:356a3c  =>  com.obs.android.shared.a.a/a:(Landroid/content/Context;)Z:356a36
Entry: 3568b0
com.obs.android.shared.a.a/a:(Landroid/content/Context;)Z: 356a3c -> 356a36
		com.obs.android.shared.a.a/a:(Landroid/content/Context;)Z: 18c -> 186
addPatchReadme: java.lang.Class<com.obs.android.shared.a.a>a(Landroid/content/Context;)Z 18c t
159ceeed: [+] Patches found in this round: 1
159ceeed: [*] Found Patch size: 1
Target PID : 
ExitReason-Code: 6 (/home/santapark/Extended3/DEEPerence/reEx/devDebug_com.obs.android.olm.greatwestern.prod.obfuscated_flattened.ilog)
159ceeed: 	@@@Found patch addr: 356a4c
159ceeed: Querying offset: 356a3c
159ceeed: 	--Add method name to patch = com.obs.android.shared.a.a/a:(Landroid/content/Context;)Z 	356a3c
[*] FlowManager: adjust finished.
Action is completely same :)
Action is completely same :)
46604b9f: There is no difference. (tryAgain=false)
Devices presenting anti-analysis: 
	devRoot
	devDebug
b29e6a69: patching method: com.obs.android.shared.CBSApplication/b:(Landroid/content/Context;)Z
b29e6a69: outDir - /home/santapark/Extended3/DEEPerence/reEx/com.obs.android.olm.greatwestern.prod.apk.obfuscated_flattened_devRoot
Wow!!!!!  --  com.obs.android.shared.CBSApplication/b:(Landroid/content/Context;)Z
fallthrough: 9ac
branchTarget: 9a2
label = cond_11
GOTO -- 9ac 	9a2
axmlPath: /home/santapark/Extended3/DEEPerence/reEx/com.obs.android.olm.greatwestern.prod.apk.obfuscated_flattened_devRoot/AndroidManifest.xml
outDir: /home/santapark/Extended3/DEEPerence/reEx/com.obs.android.olm.greatwestern.prod.apk.obfuscated_flattened_devRoot/com.obs.android.olm.greatwestern.prod.apk.obfuscated_flattened.apk
b29e6a69: Patched APK File: /home/santapark/Extended3/DEEPerence/reEx/com.obs.android.olm.greatwestern.prod.apk.obfuscated_flattened_devRoot/signed_com.obs.android.olm.greatwestern.prod.apk.obfuscated_flattened.apk
b29e6a69: First address of Lcom/obs/android/shared/CBSApplication;->b(Landroid/content/Context;)Z = 344654
b29e6a69: Address - Lcom/obs/android/shared/CBSApplication;->b(Landroid/content/Context;)Z@9a8	 lastOffset = 1b2c
b29e6a69: Instruction@@: IF_NEZ
159ceeed: patching method: com.obs.android.shared.a.a/a:(Landroid/content/Context;)Z
159ceeed: outDir - /home/santapark/Extended3/DEEPerence/reEx/com.obs.android.olm.greatwestern.prod.apk.obfuscated_flattened_devDebug
Wow!!!!!  --  com.obs.android.shared.a.a/a:(Landroid/content/Context;)Z
fallthrough: 190
branchTarget: 186
label = cond_1
GOTO -- 190 	186
axmlPath: /home/santapark/Extended3/DEEPerence/reEx/com.obs.android.olm.greatwestern.prod.apk.obfuscated_flattened_devDebug/AndroidManifest.xml
outDir: /home/santapark/Extended3/DEEPerence/reEx/com.obs.android.olm.greatwestern.prod.apk.obfuscated_flattened_devDebug/com.obs.android.olm.greatwestern.prod.apk.obfuscated_flattened.apk
159ceeed: Patched APK File: /home/santapark/Extended3/DEEPerence/reEx/com.obs.android.olm.greatwestern.prod.apk.obfuscated_flattened_devDebug/signed_com.obs.android.olm.greatwestern.prod.apk.obfuscated_flattened.apk
159ceeed: First address of Lcom/obs/android/shared/a/a;->a(Landroid/content/Context;)Z = 3568c0
159ceeed: Address - Lcom/obs/android/shared/a/a;->a(Landroid/content/Context;)Z@18c	 lastOffset = 450
159ceeed: Instruction@@: IF_EQZ
159ceeed: (Not Installed) Trying remove : true
b29e6a69: (Not Installed) Trying remove : true
Installing apk: /home/santapark/Extended3/DEEPerence/reEx/com.obs.android.olm.greatwestern.prod.apk.obfuscated_flattened_devDebug/signed_com.obs.android.olm.greatwestern.prod.apk.obfuscated_flattened.apk
Installing apk: /home/santapark/Extended3/DEEPerence/reEx/com.obs.android.olm.greatwestern.prod.apk.obfuscated_flattened_devRoot/signed_com.obs.android.olm.greatwestern.prod.apk.obfuscated_flattened.apk
159ceeed: Installation Success
b29e6a69: Installation Success
b29e6a69: startApplication called! - devRoot
159ceeed: startApplication called! - devDebug
159ceeed: Collecting logcat... (/home/santapark/Extended3/DEEPerence/reEx/devDebug_com.obs.android.olm.greatwestern.prod.obfuscated_flattened.ilog)
b29e6a69: Collecting logcat... (/home/santapark/Extended3/DEEPerence/reEx/devRoot_com.obs.android.olm.greatwestern.prod.obfuscated_flattened.ilog)
b29e6a69: Running Application: com.obs.android.olm.greatwestern.prod
PIDs--------------------------------------------------------------------------
u0_a710       10169    423 13798916 104692 0                  0 R com.obs.android.olm.greatwestern.prod
forward tcp:35535 jdwp:10169
[*]Found JDWP Target: 10169
159ceeed: Running Application: com.obs.android.olm.greatwestern.prod
PIDs--------------------------------------------------------------------------
u0_a710       10169    423 14074348 156036 0                  0 S com.obs.android.olm.greatwestern.prod
159ceeed: Tryging attach jdb to 10169
jdb -connect com.sun.jdi.SocketAttach:hostname=localhost,port=35535
b29e6a69: Terminated logcat thread...by itself
b29e6a69: Top-activity: com.obs.android.olm.greatwestern.prod/com.obs.android.shared.RegistrationActivity
PIDs--------------------------------------------------------------------------
u0_a393       27650    430 14246420 177036 0                  0 S com.obs.android.olm.greatwestern.prod
b29e6a69: savedPid = 27650
PIDs--------------------------------------------------------------------------
u0_a393       27650    430 14246420 177036 0                  0 S com.obs.android.olm.greatwestern.prod
b29e6a69: savedPid2 = 27650
Stopping app: com.obs.android.olm.greatwestern.prod
Tryging remove : uninstall com.obs.android.olm.greatwestern.prod(com.obs.android.olm.greatwestern.prod)
b29e6a69: Remove Success
b29e6a69: ilog file size: 190654795
b29e6a69: End of collecting logcat...
159ceeed: Terminated logcat thread...by itself
159ceeed: Top-activity: com.android.launcher3/.Launcher
PIDs--------------------------------------------------------------------------
u0_a710       10247    423 13763516 100664 0                  0 S com.obs.android.olm.greatwestern.prod
159ceeed: savedPid = 10247
PIDs--------------------------------------------------------------------------
u0_a710       10247    423 13763516 100664 0                  0 S com.obs.android.olm.greatwestern.prod
159ceeed: savedPid2 = 10247
Stopping app: com.obs.android.olm.greatwestern.prod
Tryging remove : uninstall com.obs.android.olm.greatwestern.prod(com.obs.android.olm.greatwestern.prod)
159ceeed: Remove Success
159ceeed: ilog file size: 49952597
159ceeed: End of collecting logcat...
HPFinder's try count remains: 28
Target PID : 10005
Target PID : 10005
ExitReason-Code: 1 (/home/santapark/Extended3/DEEPerence/reEx/devRef_com.obs.android.olm.greatwestern.prod.obfuscated_flattened.ilog)
Target PID : 27650
ExitReason-Code: 1 (/home/santapark/Extended3/DEEPerence/reEx/devRef_com.obs.android.olm.greatwestern.prod.obfuscated_flattened.ilog)
Target PID : 10247
ExitReason-Code: 1 (/home/santapark/Extended3/DEEPerence/reEx/devDebug_com.obs.android.olm.greatwestern.prod.obfuscated_flattened.ilog)
159ceeed: adding filter -- 356a3c
ExitReason-Code: 1 (/home/santapark/Extended3/DEEPerence/reEx/devRoot_com.obs.android.olm.greatwestern.prod.obfuscated_flattened.ilog)
b29e6a69: adding filter -- 344fec
[*] FlowManager: adjust finished.
-- current localPatchFilter: 356a3c
Action is completely same :)
java.lang.System/exit:(I)V:344506		=(rels)=>		1
[*] Unique action: 16:236179 : <<CALL>> : com.obs.android.shared.CBSApplication/b:()V:344506  =>  java.lang.System/exit:(I)V:ea908
	1:compareBackwardBranch2: 14:1279 : <<BRANCH>> : com.obs.android.shared.a.a$1/run:()V:356728  =>  com.obs.android.shared.a.a$1/run:()V:35671a
Entry: 356668
com.obs.android.shared.a.a$1/run:()V: 356728 -> 35671a
		com.obs.android.shared.a.a$1/run:()V: c0 -> b2
addPatchReadme: java.lang.Class<com.obs.android.shared.a.a$1>run()V c0 t
159ceeed: [+] Patches found in this round: 1
159ceeed: [*] Found Patch size: 1
Target PID : 
ExitReason-Code: 6 (/home/santapark/Extended3/DEEPerence/reEx/devDebug_com.obs.android.olm.greatwestern.prod.obfuscated_flattened.ilog)
159ceeed: @@localPatchFilter -- 356a4c
159ceeed: 	@@@Found patch addr: 356738
159ceeed: Querying offset: 356728
159ceeed: 	--Add method name to patch = com.obs.android.shared.a.a$1/run:()V 	356728
[*] FlowManager: adjust finished.
-- current localPatchFilter: 344fec
Action is completely same :)
Action is completely same :)
b29e6a69: There is no difference. (tryAgain=false)
Devices presenting anti-analysis: 
	devDebug
159ceeed: patching method: com.obs.android.shared.a.a/a:(Landroid/content/Context;)Z
159ceeed: patching method: com.obs.android.shared.a.a$1/run:()V
159ceeed: outDir - /home/santapark/Extended3/DEEPerence/reEx/com.obs.android.olm.greatwestern.prod.apk.obfuscated_flattened_devDebug
Wow!!!!!  --  com.obs.android.shared.a.a$1/run:()V
fallthrough: c4
branchTarget: b2
label = cond_0
GOTO -- c4 	b2
Wow!!!!!  --  com.obs.android.shared.a.a/a:(Landroid/content/Context;)Z
fallthrough: 190
branchTarget: 186
label = cond_1
GOTO -- 190 	186
axmlPath: /home/santapark/Extended3/DEEPerence/reEx/com.obs.android.olm.greatwestern.prod.apk.obfuscated_flattened_devDebug/AndroidManifest.xml
outDir: /home/santapark/Extended3/DEEPerence/reEx/com.obs.android.olm.greatwestern.prod.apk.obfuscated_flattened_devDebug/com.obs.android.olm.greatwestern.prod.apk.obfuscated_flattened.apk
159ceeed: Patched APK File: /home/santapark/Extended3/DEEPerence/reEx/com.obs.android.olm.greatwestern.prod.apk.obfuscated_flattened_devDebug/signed_com.obs.android.olm.greatwestern.prod.apk.obfuscated_flattened.apk
159ceeed: First address of Lcom/obs/android/shared/a/a;->a(Landroid/content/Context;)Z = 3568c0
159ceeed: Address - Lcom/obs/android/shared/a/a;->a(Landroid/content/Context;)Z@18c	 lastOffset = 450
159ceeed: Instruction@@: IF_EQZ
159ceeed: First address of Lcom/obs/android/shared/a/a$1;->run()V = 356678
159ceeed: Address - Lcom/obs/android/shared/a/a$1;->run()V@c0	 lastOffset = 164
159ceeed: Instruction@@: IF_EQZ
159ceeed: (Not Installed) Trying remove : true
Installing apk: /home/santapark/Extended3/DEEPerence/reEx/com.obs.android.olm.greatwestern.prod.apk.obfuscated_flattened_devDebug/signed_com.obs.android.olm.greatwestern.prod.apk.obfuscated_flattened.apk
159ceeed: Installation Success
159ceeed: startApplication called! - devDebug
159ceeed: Collecting logcat... (/home/santapark/Extended3/DEEPerence/reEx/devDebug_com.obs.android.olm.greatwestern.prod.obfuscated_flattened.ilog)
PIDs--------------------------------------------------------------------------
u0_a711       10324    423 13798916 104564 0                  0 S com.obs.android.olm.greatwestern.prod
forward tcp:35535 jdwp:10324
[*]Found JDWP Target: 10324
159ceeed: Running Application: com.obs.android.olm.greatwestern.prod
PIDs--------------------------------------------------------------------------
u0_a711       10324    423 14109220 156108 0                  0 S com.obs.android.olm.greatwestern.prod
159ceeed: Tryging attach jdb to 10324
jdb -connect com.sun.jdi.SocketAttach:hostname=localhost,port=35535
159ceeed: Terminated logcat thread...by itself
159ceeed: Top-activity: com.obs.android.olm.greatwestern.prod/com.obs.android.shared.RegistrationActivity
PIDs--------------------------------------------------------------------------
u0_a711       10324    423 14239928 189056 0                  0 S com.obs.android.olm.greatwestern.prod
159ceeed: savedPid = 10324
PIDs--------------------------------------------------------------------------
u0_a711       10324    423 14239928 189056 0                  0 S com.obs.android.olm.greatwestern.prod
159ceeed: savedPid2 = 10324
Stopping app: com.obs.android.olm.greatwestern.prod
Tryging remove : uninstall com.obs.android.olm.greatwestern.prod(com.obs.android.olm.greatwestern.prod)
159ceeed: Remove Success
159ceeed: ilog file size: 111879791
159ceeed: End of collecting logcat...
HPFinder's try count remains: 27
Target PID : 10005
ExitReason-Code: 1 (/home/santapark/Extended3/DEEPerence/reEx/devRef_com.obs.android.olm.greatwestern.prod.obfuscated_flattened.ilog)
Target PID : 10324
ExitReason-Code: 1 (/home/santapark/Extended3/DEEPerence/reEx/devDebug_com.obs.android.olm.greatwestern.prod.obfuscated_flattened.ilog)
159ceeed: adding filter -- 356a3c
159ceeed: adding filter -- 356728
[*] FlowManager: adjust finished.
-- current localPatchFilter: 356a3c
-- current localPatchFilter: 356728
Action is completely same :)
Action is completely same :)
159ceeed: There is no difference. (tryAgain=false)
-- HPFinder will be done in this iteration :)
hasAntiAnalysis? - devTamper: false on com.obs.android.messenger.MainActivity
hasAntiAnalysis? - devRoot: true on com.obs.android.messenger.MainActivity
	isRemovedThem? - devRoot: true on com.obs.android.messenger.MainActivity	-	tryCount: 1
hasAntiAnalysis? - devDebug: true on com.obs.android.messenger.MainActivity
	isRemovedThem? - devDebug: true on com.obs.android.messenger.MainActivity	-	tryCount: 2
*****REPORT: com.obs.android.olm.greatwestern.prod
* Package name: com.obs.android.olm.greatwestern.prod
* Running time: 565
* FileSize: 5775909
devTamper : 111804609
devRef : 183456915
devRoot : 190654795
devDebug : 111879791
hasAntiAnalysis? - devTamper: false on com.obs.android.messenger.MainActivity
hasAntiAnalysis? - devRoot: true on com.obs.android.messenger.MainActivity
	isRemovedThem? - devRoot: true on com.obs.android.messenger.MainActivity	-	tryCount: 1
hasAntiAnalysis? - devDebug: true on com.obs.android.messenger.MainActivity
	isRemovedThem? - devDebug: true on com.obs.android.messenger.MainActivity	-	tryCount: 2
46604b9f: trying remove : com.obs.android.olm.greatwestern.prod
3601a6ff: trying remove : com.obs.android.olm.greatwestern.prod
b29e6a69: trying remove : com.obs.android.olm.greatwestern.prod
159ceeed: trying remove : com.obs.android.olm.greatwestern.prod
46604b9f: (Not Installed) Trying remove : true
46604b9f: -- Success
46604b9f: result = true
b29e6a69: (Not Installed) Trying remove : true
b29e6a69: -- Success
b29e6a69: result = true
159ceeed: (Not Installed) Trying remove : true
159ceeed: -- Success
159ceeed: result = true
3601a6ff: (Not Installed) Trying remove : true
3601a6ff: -- Success
3601a6ff: result = true
3601a6ff: isFailedToLaunch: com.obs.android.olm.greatwestern.prod/com.obs.android.shared.RegistrationActivity
3601a6ff: 	--result: Good :)
