axmlPath: /home/santapark/Extended3/DEEPerence/reEx/com.obs.android.olm.southstate.prod.apk.obfuscated_flattened/AndroidManifest.xml
launchable-activity: name='com.obs.android.messenger.MainActivity'  label='' icon=''
{ACTIVITY, com.obs.android.messenger.MainActivity, android.intent.action.MAIN}
{ACTIVITY, com.obs.mobile_tablet.components.CheckImageActivity}
{ACTIVITY, com.obs.mobile_tablet.transactions.deposits.DepositsCaptureImageActivity}
{ACTIVITY, com.obs.android.shared.RegistrationActivity}
{ACTIVITY, com.obs.android.shared.PINActivity}
{ACTIVITY, androidx.biometric.DeviceCredentialHandlerActivity}
{ACTIVITY, com.obs.android.messenger.MainActivity, android.intent.action.MAIN}
{ACTIVITY, com.obs.mobile_tablet.components.CheckImageActivity}
{ACTIVITY, com.obs.mobile_tablet.transactions.deposits.DepositsCaptureImageActivity}
{ACTIVITY, com.obs.android.shared.RegistrationActivity}
{ACTIVITY, com.obs.android.shared.PINActivity}
{ACTIVITY, androidx.biometric.DeviceCredentialHandlerActivity}
_getAllDexFiles: /home/santapark/Extended3/DEEPerence/reEx/com.obs.android.olm.southstate.prod.apk.obfuscated_flattened/classes.dex
----------------/home/santapark/Extended3/DEEPerence/reEx/com.obs.android.olm.southstate.prod.apk.obfuscated_flattened.apk
dexFile = org.jf.dexlib2.dexbacked.DexBackedDexFile@4dfb2742
com.obs.android.olm.southstate.prod
com.obs.android.messenger.MainActivity
debuggable: false
b29e6a69: (Not Installed) Trying remove : true
b29e6a69: -- Success
46604b9f: (Not Installed) Trying remove : true
46604b9f: -- Success
159ceeed: (Not Installed) Trying remove : true
159ceeed: -- Success
3601a6ff: (Not Installed) Trying remove : true
3601a6ff: -- Success
Installing apk: /home/santapark/Extended3/DEEPerence/reEx/com.obs.android.olm.southstate.prod.apk.obfuscated_flattened.apk
Installing apk: /home/santapark/Extended3/DEEPerence/reEx/com.obs.android.olm.southstate.prod.apk.obfuscated_flattened.apk
Installing apk: /home/santapark/Extended3/DEEPerence/reEx/com.obs.android.olm.southstate.prod.apk.obfuscated_flattened.apk
axmlPath: /home/santapark/Extended3/DEEPerence/reEx/com.obs.android.olm.southstate.prod.apk.obfuscated_flattened_46604b9f/AndroidManifest.xml
outDir: /home/santapark/Extended3/DEEPerence/reEx/com.obs.android.olm.southstate.prod.apk.obfuscated_flattened_46604b9f/com.obs.android.olm.southstate.prod.apk.obfuscated_flattened.apk
46604b9f: Installing repackaged apk File: 
Installing apk: /home/santapark/Extended3/DEEPerence/reEx/com.obs.android.olm.southstate.prod.apk.obfuscated_flattened_46604b9f/signed_com.obs.android.olm.southstate.prod.apk.obfuscated_flattened.apk
159ceeed: Installation Success
3601a6ff: Installation Success
b29e6a69: Installation Success
46604b9f: Installation Success
46604b9f: startApplication called! - devTamper
3601a6ff: startApplication called! - devRef
b29e6a69: startApplication called! - devRoot
159ceeed: startApplication called! - devDebug
3601a6ff: Collecting logcat... (/home/santapark/Extended3/DEEPerence/reEx/devRef_com.obs.android.olm.southstate.prod.obfuscated_flattened.ilog)
159ceeed: Collecting logcat... (/home/santapark/Extended3/DEEPerence/reEx/devDebug_com.obs.android.olm.southstate.prod.obfuscated_flattened.ilog)
b29e6a69: Collecting logcat... (/home/santapark/Extended3/DEEPerence/reEx/devRoot_com.obs.android.olm.southstate.prod.obfuscated_flattened.ilog)
46604b9f: Collecting logcat... (/home/santapark/Extended3/DEEPerence/reEx/devTamper_com.obs.android.olm.southstate.prod.obfuscated_flattened.ilog)
46604b9f: Running Application: com.obs.android.olm.southstate.prod
3601a6ff: Running Application: com.obs.android.olm.southstate.prod
b29e6a69: Running Application: com.obs.android.olm.southstate.prod
PIDs--------------------------------------------------------------------------
forward tcp:35535 jdwp:null
[*]Found JDWP Target: null
159ceeed: Running Application: com.obs.android.olm.southstate.prod
PIDs--------------------------------------------------------------------------
u0_a733       15807    423 14436804 102788 0                  0 S com.obs.android.olm.southstate.prod
46604b9f: Terminated logcat thread...by itself
46604b9f: Top-activity: com.obs.android.olm.southstate.prod/com.obs.android.shared.RegistrationActivity
PIDs--------------------------------------------------------------------------
u0_a300        7449    425 14911160 174472 0                  0 S com.obs.android.olm.southstate.prod
46604b9f: savedPid = 7449
PIDs--------------------------------------------------------------------------
u0_a300        7449    425 14911160 174472 0                  0 S com.obs.android.olm.southstate.prod
46604b9f: savedPid2 = 7449
Stopping app: com.obs.android.olm.southstate.prod
3601a6ff: Terminated logcat thread...by itself
b29e6a69: Terminated logcat thread...by itself
3601a6ff: Top-activity: com.obs.android.olm.southstate.prod/com.obs.android.shared.RegistrationActivity
PIDs--------------------------------------------------------------------------
u0_a356       11187    414 14843504 174848 0                  0 S com.obs.android.olm.southstate.prod
3601a6ff: savedPid = 11187
PIDs--------------------------------------------------------------------------
u0_a356       11187    414 14843504 174848 0                  0 S com.obs.android.olm.southstate.prod
3601a6ff: savedPid2 = 11187
Stopping app: com.obs.android.olm.southstate.prod
b29e6a69: Top-activity: com.obs.android.olm.southstate.prod/com.obs.android.messenger.MainActivity
159ceeed: Terminated logcat thread...by itself
PIDs--------------------------------------------------------------------------
b29e6a69: savedPid = null
PIDs--------------------------------------------------------------------------
u0_a408       19932    430 14532404 75776 0                   0 R com.obs.android.olm.southstate.prod
b29e6a69: savedPid2 = 19932
Stopping app: com.obs.android.olm.southstate.prod
159ceeed: Top-activity: com.obs.android.olm.southstate.prod/com.obs.android.messenger.MainActivity
PIDs--------------------------------------------------------------------------
159ceeed: savedPid = null
PIDs--------------------------------------------------------------------------
159ceeed: savedPid2 = null
Stopping app: com.obs.android.olm.southstate.prod
Tryging remove : uninstall com.obs.android.olm.southstate.prod(com.obs.android.olm.southstate.prod)
46604b9f: Remove Success
46604b9f: ilog file size: 89530955
46604b9f: End of collecting logcat...
Tryging remove : uninstall com.obs.android.olm.southstate.prod(com.obs.android.olm.southstate.prod)
3601a6ff: Remove Success
3601a6ff: ilog file size: 89509378
3601a6ff: End of collecting logcat...
Tryging remove : uninstall com.obs.android.olm.southstate.prod(com.obs.android.olm.southstate.prod)
b29e6a69: Remove Success
b29e6a69: ilog file size: 48045259
b29e6a69: End of collecting logcat...
Tryging remove : uninstall com.obs.android.olm.southstate.prod(com.obs.android.olm.southstate.prod)
159ceeed: Remove Success
159ceeed: ilog file size: 47676429
159ceeed: End of collecting logcat...
HPFinder's try count remains: 29
Target PID : 11187
Target PID : 11187
Target PID : 11187
ExitReason-Code: 1 (/home/santapark/Extended3/DEEPerence/reEx/devRef_com.obs.android.olm.southstate.prod.obfuscated_flattened.ilog)
Target PID : 
ExitReason-Code: 1 (/home/santapark/Extended3/DEEPerence/reEx/devRef_com.obs.android.olm.southstate.prod.obfuscated_flattened.ilog)
Target PID : 7449
ExitReason-Code: 1 (/home/santapark/Extended3/DEEPerence/reEx/devRef_com.obs.android.olm.southstate.prod.obfuscated_flattened.ilog)
Target PID : 19932
ExitReason-Code: 6 (/home/santapark/Extended3/DEEPerence/reEx/devDebug_com.obs.android.olm.southstate.prod.obfuscated_flattened.ilog)
ExitReason-Code: 1 (/home/santapark/Extended3/DEEPerence/reEx/devRoot_com.obs.android.olm.southstate.prod.obfuscated_flattened.ilog)
[*] FlowManager: adjust finished.
[GOOD]: Anti-analysis is identified! :) -- 1 --devRoot
android.view.View/setOnClickListener:(Landroid/view/View$OnClickListener;)V:395c78		=(rels)=>		1
[*] Unique action: 1:88136 : <<CALL>> : com.obs.mobile_tablet.MainActivity/onCreateView:(Landroid/view/LayoutInflater;Landroid/view/ViewGroup;Landroid/os/Bundle;)Landroid/view/View;:395c78  =>  android.view.View/setOnClickListener:(Landroid/view/View$OnClickListener;)V:1bf5f8
[*] FlowManager: adjust finished.
[GOOD]: Anti-analysis is identified! :) -- 1 --devDebug
android.view.View/setOnClickListener:(Landroid/view/View$OnClickListener;)V:395c78		=(rels)=>		1
[*] Unique action: 1:88136 : <<CALL>> : com.obs.mobile_tablet.MainActivity/onCreateView:(Landroid/view/LayoutInflater;Landroid/view/ViewGroup;Landroid/os/Bundle;)Landroid/view/View;:395c78  =>  android.view.View/setOnClickListener:(Landroid/view/View$OnClickListener;)V:1bf5f8
ExitReason-Code: 1 (/home/santapark/Extended3/DEEPerence/reEx/devTamper_com.obs.android.olm.southstate.prod.obfuscated_flattened.ilog)
	1:compareBackwardBranch: 1:79728 : <<BRANCH>> : com.obs.android.shared.CBSApplication/a:(Landroid/content/Context;)Z:37dee0  =>  com.obs.android.shared.CBSApplication/a:(Landroid/content/Context;)Z:37deea
android.widget.TextView/setText:(Ljava/lang/CharSequence;)V:38c53a		=(rels)=>		1
[*] Unique action: 1:119757 : <<CALL>> : com.obs.android.shared.RegistrationActivity$n/onCreateView:(Landroid/view/LayoutInflater;Landroid/view/ViewGroup;Landroid/os/Bundle;)Landroid/view/View;:38c53a  =>  android.widget.TextView/setText:(Ljava/lang/CharSequence;)V:29ee34
	1:compareBackwardBranch: 1:1053 : <<BRANCH>> : e.g.a.b.z0.a/a:(Landroid/content/Context;)Z:401760  =>  e.g.a.b.z0.a/a:(Landroid/content/Context;)Z:40175a
android.widget.TextView/setText:(Ljava/lang/CharSequence;)V:38c53a		=(rels)=>		1
[*] Unique action: 1:119757 : <<CALL>> : com.obs.android.shared.RegistrationActivity$n/onCreateView:(Landroid/view/LayoutInflater;Landroid/view/ViewGroup;Landroid/os/Bundle;)Landroid/view/View;:38c53a  =>  android.widget.TextView/setText:(Ljava/lang/CharSequence;)V:29ee34
	1:compareBackwardBranch: 1:79728 : <<BRANCH>> : com.obs.android.shared.CBSApplication/a:(Landroid/content/Context;)Z:37dee0  =>  com.obs.android.shared.CBSApplication/a:(Landroid/content/Context;)Z:37deea
android.view.ViewGroup/addView:(Landroid/view/View;ILandroid/view/ViewGroup$LayoutParams;)V:2ba308		=(rels)=>		1
[*] Unique action: 1:29904 : <<CALL>> : androidx.constraintlayout.widget.ConstraintLayout/addView:(Landroid/view/View;ILandroid/view/ViewGroup$LayoutParams;)V:2ba308  =>  android.view.ViewGroup/addView:(Landroid/view/View;ILandroid/view/ViewGroup$LayoutParams;)V:1959fc
	1:compareBackwardBranch: 1:923 : <<BRANCH>> : com.obs.android.shared.CBSApplication/a:(Landroid/content/Context;)Z:37dee0  =>  com.obs.android.shared.CBSApplication/a:(Landroid/content/Context;)Z:37deea
android.view.View/setOnClickListener:(Landroid/view/View$OnClickListener;)V:3a4c7e		=(rels)=>		1
[*] Unique action: 1:96274 : <<CALL>> : com.obs.mobile_tablet.navigation.MainNavigation_ViewBinding/<init>:(Lcom/obs/mobile_tablet/navigation/MainNavigation;Landroid/view/View;)V:3a4c7e  =>  android.view.View/setOnClickListener:(Landroid/view/View$OnClickListener;)V:1bf5f8
	1:compareBackwardBranch: 1:79728 : <<BRANCH>> : com.obs.android.shared.CBSApplication/a:(Landroid/content/Context;)Z:37dee0  =>  com.obs.android.shared.CBSApplication/a:(Landroid/content/Context;)Z:37deea
android.view.ViewGroup/addView:(Landroid/view/View;)V:292b4e		=(rels)=>		1
[*] Unique action: 1:89039 : <<CALL>> : a.l.a.j/a:(Landroidx/fragment/app/Fragment;IIIZ)V:292b4e  =>  android.view.ViewGroup/addView:(Landroid/view/View;)V:19596c
	1:compareBackwardBranch: 1:1053 : <<BRANCH>> : e.g.a.b.z0.a/a:(Landroid/content/Context;)Z:401760  =>  e.g.a.b.z0.a/a:(Landroid/content/Context;)Z:40175a
android.view.ViewGroup/addView:(Landroid/view/View;ILandroid/view/ViewGroup$LayoutParams;)V:2ba308		=(rels)=>		1
[*] Unique action: 1:29904 : <<CALL>> : androidx.constraintlayout.widget.ConstraintLayout/addView:(Landroid/view/View;ILandroid/view/ViewGroup$LayoutParams;)V:2ba308  =>  android.view.ViewGroup/addView:(Landroid/view/View;ILandroid/view/ViewGroup$LayoutParams;)V:1959fc
	1:compareBackwardBranch: 1:1053 : <<BRANCH>> : e.g.a.b.z0.a/a:(Landroid/content/Context;)Z:401760  =>  e.g.a.b.z0.a/a:(Landroid/content/Context;)Z:40175a
android.view.View/setOnClickListener:(Landroid/view/View$OnClickListener;)V:3a4c7e		=(rels)=>		1
[*] Unique action: 1:96274 : <<CALL>> : com.obs.mobile_tablet.navigation.MainNavigation_ViewBinding/<init>:(Lcom/obs/mobile_tablet/navigation/MainNavigation;Landroid/view/View;)V:3a4c7e  =>  android.view.View/setOnClickListener:(Landroid/view/View$OnClickListener;)V:1bf5f8
	1:compareBackwardBranch: 1:79728 : <<BRANCH>> : com.obs.android.shared.CBSApplication/a:(Landroid/content/Context;)Z:37dee0  =>  com.obs.android.shared.CBSApplication/a:(Landroid/content/Context;)Z:37deea
android.widget.TextView/setText:(Ljava/lang/CharSequence;)V:39621e		=(rels)=>		1
[*] Unique action: 1:100017 : <<CALL>> : com.obs.mobile_tablet.MainActivity/permissionsUpdate:(Le/g/b/f/a/m;)V:39621e  =>  android.widget.TextView/setText:(Ljava/lang/CharSequence;)V:29ee34
	1:compareBackwardBranch: 1:1053 : <<BRANCH>> : e.g.a.b.z0.a/a:(Landroid/content/Context;)Z:401760  =>  e.g.a.b.z0.a/a:(Landroid/content/Context;)Z:40175a
android.view.ViewGroup/addView:(Landroid/view/View;)V:292b4e		=(rels)=>		1
[*] Unique action: 1:89039 : <<CALL>> : a.l.a.j/a:(Landroidx/fragment/app/Fragment;IIIZ)V:292b4e  =>  android.view.ViewGroup/addView:(Landroid/view/View;)V:19596c
	1:compareBackwardBranch: 1:79728 : <<BRANCH>> : com.obs.android.shared.CBSApplication/a:(Landroid/content/Context;)Z:37dee0  =>  com.obs.android.shared.CBSApplication/a:(Landroid/content/Context;)Z:37deea
android.widget.TextView/setText:(Ljava/lang/CharSequence;)V:395fbe		=(rels)=>		1
[*] Unique action: 1:88962 : <<CALL>> : com.obs.mobile_tablet.MainActivity/onCreateView:(Landroid/view/LayoutInflater;Landroid/view/ViewGroup;Landroid/os/Bundle;)Landroid/view/View;:395fbe  =>  android.widget.TextView/setText:(Ljava/lang/CharSequence;)V:29ee34
	1:compareBackwardBranch: 1:79728 : <<BRANCH>> : com.obs.android.shared.CBSApplication/a:(Landroid/content/Context;)Z:37dee0  =>  com.obs.android.shared.CBSApplication/a:(Landroid/content/Context;)Z:37deea
android.view.View/setOnClickListener:(Landroid/view/View$OnClickListener;)V:2b74e2		=(rels)=>		1
[*] Unique action: 1:28351 : <<CALL>> : androidx.appcompat.widget.Toolbar/setNavigationOnClickListener:(Landroid/view/View$OnClickListener;)V:2b74e2  =>  android.view.View/setOnClickListener:(Landroid/view/View$OnClickListener;)V:1bf5f8
	1:compareBackwardBranch: 1:923 : <<BRANCH>> : com.obs.android.shared.CBSApplication/a:(Landroid/content/Context;)Z:37dee0  =>  com.obs.android.shared.CBSApplication/a:(Landroid/content/Context;)Z:37deea
android.view.ViewGroup/addView:(Landroid/view/View;)V:26edf6		=(rels)=>		1
[*] Unique action: 1:88248 : <<CALL>> : a.b.p.x0/a:(Landroid/view/View;)V:26edf6  =>  android.view.ViewGroup/addView:(Landroid/view/View;)V:19596c
	1:compareBackwardBranch: 1:1053 : <<BRANCH>> : e.g.a.b.z0.a/a:(Landroid/content/Context;)Z:401760  =>  e.g.a.b.z0.a/a:(Landroid/content/Context;)Z:40175a
android.widget.TextView/setText:(Ljava/lang/CharSequence;)V:39621e		=(rels)=>		1
[*] Unique action: 1:100017 : <<CALL>> : com.obs.mobile_tablet.MainActivity/permissionsUpdate:(Le/g/b/f/a/m;)V:39621e  =>  android.widget.TextView/setText:(Ljava/lang/CharSequence;)V:29ee34
	1:compareBackwardBranch: 1:79728 : <<BRANCH>> : com.obs.android.shared.CBSApplication/a:(Landroid/content/Context;)Z:37dee0  =>  com.obs.android.shared.CBSApplication/a:(Landroid/content/Context;)Z:37deea
android.widget.TextView/setText:(Ljava/lang/CharSequence;)V:395f08		=(rels)=>		1
[*] Unique action: 1:88944 : <<CALL>> : com.obs.mobile_tablet.MainActivity/onCreateView:(Landroid/view/LayoutInflater;Landroid/view/ViewGroup;Landroid/os/Bundle;)Landroid/view/View;:395f08  =>  android.widget.TextView/setText:(Ljava/lang/CharSequence;)V:29ee34
	1:compareBackwardBranch: 1:1053 : <<BRANCH>> : e.g.a.b.z0.a/a:(Landroid/content/Context;)Z:401760  =>  e.g.a.b.z0.a/a:(Landroid/content/Context;)Z:40175a
android.widget.TextView/setText:(Ljava/lang/CharSequence;)V:395fbe		=(rels)=>		1
[*] Unique action: 1:88962 : <<CALL>> : com.obs.mobile_tablet.MainActivity/onCreateView:(Landroid/view/LayoutInflater;Landroid/view/ViewGroup;Landroid/os/Bundle;)Landroid/view/View;:395fbe  =>  android.widget.TextView/setText:(Ljava/lang/CharSequence;)V:29ee34
	1:compareBackwardBranch: 1:79728 : <<BRANCH>> : com.obs.android.shared.CBSApplication/a:(Landroid/content/Context;)Z:37dee0  =>  com.obs.android.shared.CBSApplication/a:(Landroid/content/Context;)Z:37deea
android.view.ViewGroup/addView:(Landroid/view/View;)V:37c466		=(rels)=>		1
[*] Unique action: 1:30838 : <<CALL>> : com.obs.android.messenger.MainActivity/onCreate:(Landroid/os/Bundle;)V:37c466  =>  android.view.ViewGroup/addView:(Landroid/view/View;)V:19596c
	1:compareBackwardBranch: 1:923 : <<BRANCH>> : com.obs.android.shared.CBSApplication/a:(Landroid/content/Context;)Z:37dee0  =>  com.obs.android.shared.CBSApplication/a:(Landroid/content/Context;)Z:37deea
android.widget.EditText/getText:()Landroid/text/Editable;:269674		=(rels)=>		1
[*] Unique action: 1:121495 : <<CALL>> : a.b.p.j/getText:()Landroid/text/Editable;:269674  =>  android.widget.EditText/getText:()Landroid/text/Editable;:2330f8
	1:compareBackwardBranch: 1:1053 : <<BRANCH>> : e.g.a.b.z0.a/a:(Landroid/content/Context;)Z:401760  =>  e.g.a.b.z0.a/a:(Landroid/content/Context;)Z:40175a
android.view.View/setOnClickListener:(Landroid/view/View$OnClickListener;)V:2b74e2		=(rels)=>		1
[*] Unique action: 1:28351 : <<CALL>> : androidx.appcompat.widget.Toolbar/setNavigationOnClickListener:(Landroid/view/View$OnClickListener;)V:2b74e2  =>  android.view.View/setOnClickListener:(Landroid/view/View$OnClickListener;)V:1bf5f8
	1:compareBackwardBranch: 1:1053 : <<BRANCH>> : e.g.a.b.z0.a/a:(Landroid/content/Context;)Z:401760  =>  e.g.a.b.z0.a/a:(Landroid/content/Context;)Z:40175a
android.view.ViewGroup/addView:(Landroid/view/View;)V:26edf6		=(rels)=>		1
[*] Unique action: 1:88248 : <<CALL>> : a.b.p.x0/a:(Landroid/view/View;)V:26edf6  =>  android.view.ViewGroup/addView:(Landroid/view/View;)V:19596c
	1:compareBackwardBranch: 1:79728 : <<BRANCH>> : com.obs.android.shared.CBSApplication/a:(Landroid/content/Context;)Z:37dee0  =>  com.obs.android.shared.CBSApplication/a:(Landroid/content/Context;)Z:37deea
android.view.View/setOnClickListener:(Landroid/view/View$OnClickListener;)V:3a4d88		=(rels)=>		1
[*] Unique action: 1:96304 : <<CALL>> : com.obs.mobile_tablet.navigation.MainNavigation_ViewBinding/<init>:(Lcom/obs/mobile_tablet/navigation/MainNavigation;Landroid/view/View;)V:3a4d88  =>  android.view.View/setOnClickListener:(Landroid/view/View$OnClickListener;)V:1bf5f8
	1:compareBackwardBranch: 1:79728 : <<BRANCH>> : com.obs.android.shared.CBSApplication/a:(Landroid/content/Context;)Z:37dee0  =>  com.obs.android.shared.CBSApplication/a:(Landroid/content/Context;)Z:37deea
android.widget.TextView/setText:(Ljava/lang/CharSequence;)V:2b7798		=(rels)=>		1
[*] Unique action: 1:28946 : <<CALL>> : androidx.appcompat.widget.Toolbar/setTitle:(Ljava/lang/CharSequence;)V:2b7798  =>  android.widget.TextView/setText:(Ljava/lang/CharSequence;)V:29ee34
	1:compareBackwardBranch: 1:1053 : <<BRANCH>> : e.g.a.b.z0.a/a:(Landroid/content/Context;)Z:401760  =>  e.g.a.b.z0.a/a:(Landroid/content/Context;)Z:40175a
android.widget.TextView/setText:(Ljava/lang/CharSequence;)V:395f08		=(rels)=>		1
[*] Unique action: 1:88944 : <<CALL>> : com.obs.mobile_tablet.MainActivity/onCreateView:(Landroid/view/LayoutInflater;Landroid/view/ViewGroup;Landroid/os/Bundle;)Landroid/view/View;:395f08  =>  android.widget.TextView/setText:(Ljava/lang/CharSequence;)V:29ee34
	1:compareBackwardBranch: 1:923 : <<BRANCH>> : com.obs.android.shared.CBSApplication/a:(Landroid/content/Context;)Z:37dee0  =>  com.obs.android.shared.CBSApplication/a:(Landroid/content/Context;)Z:37deea
android.view.View/setOnClickListener:(Landroid/view/View$OnClickListener;)V:3a4dae		=(rels)=>		1
[*] Unique action: 1:96312 : <<CALL>> : com.obs.mobile_tablet.navigation.MainNavigation_ViewBinding/<init>:(Lcom/obs/mobile_tablet/navigation/MainNavigation;Landroid/view/View;)V:3a4dae  =>  android.view.View/setOnClickListener:(Landroid/view/View$OnClickListener;)V:1bf5f8
	1:compareBackwardBranch: 1:79728 : <<BRANCH>> : com.obs.android.shared.CBSApplication/a:(Landroid/content/Context;)Z:37dee0  =>  com.obs.android.shared.CBSApplication/a:(Landroid/content/Context;)Z:37deea
android.view.View/setOnClickListener:(Landroid/view/View$OnClickListener;)V:38902e		=(rels)=>		1
[*] Unique action: 1:122128 : <<CALL>> : com.obs.android.shared.RegistrationActivity$j/onCreateView:(Landroid/view/LayoutInflater;Landroid/view/ViewGroup;Landroid/os/Bundle;)Landroid/view/View;:38902e  =>  android.view.View/setOnClickListener:(Landroid/view/View$OnClickListener;)V:1bf5f8
	1:compareBackwardBranch: 1:1053 : <<BRANCH>> : e.g.a.b.z0.a/a:(Landroid/content/Context;)Z:401760  =>  e.g.a.b.z0.a/a:(Landroid/content/Context;)Z:40175a
android.view.ViewGroup/addView:(Landroid/view/View;)V:37c466		=(rels)=>		1
[*] Unique action: 1:30838 : <<CALL>> : com.obs.android.messenger.MainActivity/onCreate:(Landroid/os/Bundle;)V:37c466  =>  android.view.ViewGroup/addView:(Landroid/view/View;)V:19596c
	1:compareBackwardBranch: 1:1053 : <<BRANCH>> : e.g.a.b.z0.a/a:(Landroid/content/Context;)Z:401760  =>  e.g.a.b.z0.a/a:(Landroid/content/Context;)Z:40175a
android.widget.EditText/getText:()Landroid/text/Editable;:269674		=(rels)=>		1
[*] Unique action: 1:121495 : <<CALL>> : a.b.p.j/getText:()Landroid/text/Editable;:269674  =>  android.widget.EditText/getText:()Landroid/text/Editable;:2330f8
	1:compareBackwardBranch: 1:79728 : <<BRANCH>> : com.obs.android.shared.CBSApplication/a:(Landroid/content/Context;)Z:37dee0  =>  com.obs.android.shared.CBSApplication/a:(Landroid/content/Context;)Z:37deea
org.apache.http.impl.client.DefaultHttpClient/<init>:(Lorg/apache/http/conn/ClientConnectionManager;Lorg/apache/http/params/HttpParams;)V:46121e		=(rels)=>		1
[*] Unique action: 1:30130 : <<CALL>> : k.f.a.b.a/<init>:()V:46121e  =>  org.apache.http.impl.client.DefaultHttpClient/<init>:(Lorg/apache/http/conn/ClientConnectionManager;Lorg/apache/http/params/HttpParams;)V:31acc
	1:compareBackwardBranch: 1:923 : <<BRANCH>> : com.obs.android.shared.CBSApplication/a:(Landroid/content/Context;)Z:37dee0  =>  com.obs.android.shared.CBSApplication/a:(Landroid/content/Context;)Z:37deea
android.os.Handler/postDelayed:(Ljava/lang/Runnable;J)Z:424d18		=(rels)=>		1
[*] Unique action: 1:101569 : <<CALL>> : e.i.a.a/onActivityPaused:(Landroid/app/Activity;)V:424d18  =>  android.os.Handler/postDelayed:(Ljava/lang/Runnable;J)Z:30ca84
	1:compareBackwardBranch: 1:1053 : <<BRANCH>> : e.g.a.b.z0.a/a:(Landroid/content/Context;)Z:401760  =>  e.g.a.b.z0.a/a:(Landroid/content/Context;)Z:40175a
android.view.View/setOnClickListener:(Landroid/view/View$OnClickListener;)V:3a4d88		=(rels)=>		1
[*] Unique action: 1:96304 : <<CALL>> : com.obs.mobile_tablet.navigation.MainNavigation_ViewBinding/<init>:(Lcom/obs/mobile_tablet/navigation/MainNavigation;Landroid/view/View;)V:3a4d88  =>  android.view.View/setOnClickListener:(Landroid/view/View$OnClickListener;)V:1bf5f8
[*] FlowManager: adjust finished.
Action is completely same :)
Action is completely same :)
46604b9f: There is no difference. (tryAgain=false)
	1:compareBackwardBranch: 1:79728 : <<BRANCH>> : com.obs.android.shared.CBSApplication/a:(Landroid/content/Context;)Z:37dee0  =>  com.obs.android.shared.CBSApplication/a:(Landroid/content/Context;)Z:37deea
android.view.View/setOnClickListener:(Landroid/view/View$OnClickListener;)V:3a4e46		=(rels)=>		1
[*] Unique action: 1:96328 : <<CALL>> : com.obs.mobile_tablet.navigation.MainNavigation_ViewBinding/<init>:(Lcom/obs/mobile_tablet/navigation/MainNavigation;Landroid/view/View;)V:3a4e46  =>  android.view.View/setOnClickListener:(Landroid/view/View$OnClickListener;)V:1bf5f8
	1:compareBackwardBranch: 1:1053 : <<BRANCH>> : e.g.a.b.z0.a/a:(Landroid/content/Context;)Z:401760  =>  e.g.a.b.z0.a/a:(Landroid/content/Context;)Z:40175a
android.widget.TextView/setText:(Ljava/lang/CharSequence;)V:2b7798		=(rels)=>		1
[*] Unique action: 1:28946 : <<CALL>> : androidx.appcompat.widget.Toolbar/setTitle:(Ljava/lang/CharSequence;)V:2b7798  =>  android.widget.TextView/setText:(Ljava/lang/CharSequence;)V:29ee34
	1:compareBackwardBranch: 1:1053 : <<BRANCH>> : e.g.a.b.z0.a/a:(Landroid/content/Context;)Z:401760  =>  e.g.a.b.z0.a/a:(Landroid/content/Context;)Z:40175a
android.view.View/setOnClickListener:(Landroid/view/View$OnClickListener;)V:3a4dae		=(rels)=>		1
[*] Unique action: 1:96312 : <<CALL>> : com.obs.mobile_tablet.navigation.MainNavigation_ViewBinding/<init>:(Lcom/obs/mobile_tablet/navigation/MainNavigation;Landroid/view/View;)V:3a4dae  =>  android.view.View/setOnClickListener:(Landroid/view/View$OnClickListener;)V:1bf5f8
	1:compareBackwardBranch: 1:79728 : <<BRANCH>> : com.obs.android.shared.CBSApplication/a:(Landroid/content/Context;)Z:37dee0  =>  com.obs.android.shared.CBSApplication/a:(Landroid/content/Context;)Z:37deea
android.view.View/setOnClickListener:(Landroid/view/View$OnClickListener;)V:2ac0f6		=(rels)=>		1
[*] Unique action: 1:114183 : <<CALL>> : androidx.appcompat.app.AppCompatViewInflater/checkOnClickListener:(Landroid/view/View;Landroid/util/AttributeSet;)V:2ac0f6  =>  android.view.View/setOnClickListener:(Landroid/view/View$OnClickListener;)V:1bf5f8
	1:compareBackwardBranch: 1:79728 : <<BRANCH>> : com.obs.android.shared.CBSApplication/a:(Landroid/content/Context;)Z:37dee0  =>  com.obs.android.shared.CBSApplication/a:(Landroid/content/Context;)Z:37deea
android.widget.TextView/setText:(Ljava/lang/CharSequence;)V:395c64		=(rels)=>		1
[*] Unique action: 1:88128 : <<CALL>> : com.obs.mobile_tablet.MainActivity/onCreateView:(Landroid/view/LayoutInflater;Landroid/view/ViewGroup;Landroid/os/Bundle;)Landroid/view/View;:395c64  =>  android.widget.TextView/setText:(Ljava/lang/CharSequence;)V:29ee34
	1:compareBackwardBranch: 1:1053 : <<BRANCH>> : e.g.a.b.z0.a/a:(Landroid/content/Context;)Z:401760  =>  e.g.a.b.z0.a/a:(Landroid/content/Context;)Z:40175a
android.view.View/setOnClickListener:(Landroid/view/View$OnClickListener;)V:38902e		=(rels)=>		1
[*] Unique action: 1:122128 : <<CALL>> : com.obs.android.shared.RegistrationActivity$j/onCreateView:(Landroid/view/LayoutInflater;Landroid/view/ViewGroup;Landroid/os/Bundle;)Landroid/view/View;:38902e  =>  android.view.View/setOnClickListener:(Landroid/view/View$OnClickListener;)V:1bf5f8
	1:compareBackwardBranch: 1:79728 : <<BRANCH>> : com.obs.android.shared.CBSApplication/a:(Landroid/content/Context;)Z:37dee0  =>  com.obs.android.shared.CBSApplication/a:(Landroid/content/Context;)Z:37deea
android.view.View/setOnClickListener:(Landroid/view/View$OnClickListener;)V:3a4ca4		=(rels)=>		1
[*] Unique action: 1:96284 : <<CALL>> : com.obs.mobile_tablet.navigation.MainNavigation_ViewBinding/<init>:(Lcom/obs/mobile_tablet/navigation/MainNavigation;Landroid/view/View;)V:3a4ca4  =>  android.view.View/setOnClickListener:(Landroid/view/View$OnClickListener;)V:1bf5f8
	1:compareBackwardBranch: 1:1053 : <<BRANCH>> : e.g.a.b.z0.a/a:(Landroid/content/Context;)Z:401760  =>  e.g.a.b.z0.a/a:(Landroid/content/Context;)Z:40175a
org.apache.http.impl.client.DefaultHttpClient/<init>:(Lorg/apache/http/conn/ClientConnectionManager;Lorg/apache/http/params/HttpParams;)V:46121e		=(rels)=>		1
[*] Unique action: 1:30130 : <<CALL>> : k.f.a.b.a/<init>:()V:46121e  =>  org.apache.http.impl.client.DefaultHttpClient/<init>:(Lorg/apache/http/conn/ClientConnectionManager;Lorg/apache/http/params/HttpParams;)V:31acc
	1:compareBackwardBranch: 1:79728 : <<BRANCH>> : com.obs.android.shared.CBSApplication/a:(Landroid/content/Context;)Z:37dee0  =>  com.obs.android.shared.CBSApplication/a:(Landroid/content/Context;)Z:37deea
android.view.ViewGroup/addView:(Landroid/view/View;Landroid/view/ViewGroup$LayoutParams;)V:2b59d4		=(rels)=>		1
[*] Unique action: 1:28937 : <<CALL>> : androidx.appcompat.widget.Toolbar/a:(Landroid/view/View;Z)V:2b59d4  =>  android.view.ViewGroup/addView:(Landroid/view/View;Landroid/view/ViewGroup$LayoutParams;)V:195988
	1:compareBackwardBranch: 1:1053 : <<BRANCH>> : e.g.a.b.z0.a/a:(Landroid/content/Context;)Z:401760  =>  e.g.a.b.z0.a/a:(Landroid/content/Context;)Z:40175a
android.os.Handler/postDelayed:(Ljava/lang/Runnable;J)Z:424d18		=(rels)=>		1
[*] Unique action: 1:101569 : <<CALL>> : e.i.a.a/onActivityPaused:(Landroid/app/Activity;)V:424d18  =>  android.os.Handler/postDelayed:(Ljava/lang/Runnable;J)Z:30ca84
	1:compareBackwardBranch: 1:923 : <<BRANCH>> : com.obs.android.shared.CBSApplication/a:(Landroid/content/Context;)Z:37dee0  =>  com.obs.android.shared.CBSApplication/a:(Landroid/content/Context;)Z:37deea
java.lang.System/exit:(I)V:37e882		=(rels)=>		1
[*] Unique action: 1:621 : <<CALL>> : com.obs.android.shared.CBSApplication/b:()V:37e882  =>  java.lang.System/exit:(I)V:ea908
	1:compareBackwardBranch2: 1:923 : <<BRANCH>> : com.obs.android.shared.CBSApplication/a:(Landroid/content/Context;)Z:37dee0  =>  com.obs.android.shared.CBSApplication/a:(Landroid/content/Context;)Z:37deea
Entry: 37d4b8
com.obs.android.shared.CBSApplication/a:(Landroid/content/Context;)Z: 37dee0 -> 37deea
		com.obs.android.shared.CBSApplication/a:(Landroid/content/Context;)Z: a28 -> a32
addPatchReadme: java.lang.Class<com.obs.android.shared.CBSApplication>a(Landroid/content/Context;)Z a28 t
b29e6a69: [+] Patches found in this round: 1
b29e6a69: [*] Found Patch size: 1
Target PID : 
ExitReason-Code: 6 (/home/santapark/Extended3/DEEPerence/reEx/devRoot_com.obs.android.olm.southstate.prod.obfuscated_flattened.ilog)
b29e6a69: 	@@@Found patch addr: 37def0
b29e6a69: Querying offset: 37dee0
b29e6a69: 	--Add method name to patch = com.obs.android.shared.CBSApplication/a:(Landroid/content/Context;)Z 	37dee0
	1:compareBackwardBranch: 1:1053 : <<BRANCH>> : e.g.a.b.z0.a/a:(Landroid/content/Context;)Z:401760  =>  e.g.a.b.z0.a/a:(Landroid/content/Context;)Z:40175a
android.view.View/setOnClickListener:(Landroid/view/View$OnClickListener;)V:3a4e46		=(rels)=>		1
[*] Unique action: 1:96328 : <<CALL>> : com.obs.mobile_tablet.navigation.MainNavigation_ViewBinding/<init>:(Lcom/obs/mobile_tablet/navigation/MainNavigation;Landroid/view/View;)V:3a4e46  =>  android.view.View/setOnClickListener:(Landroid/view/View$OnClickListener;)V:1bf5f8
	1:compareBackwardBranch: 1:1053 : <<BRANCH>> : e.g.a.b.z0.a/a:(Landroid/content/Context;)Z:401760  =>  e.g.a.b.z0.a/a:(Landroid/content/Context;)Z:40175a
android.view.View/setOnClickListener:(Landroid/view/View$OnClickListener;)V:2ac0f6		=(rels)=>		1
[*] Unique action: 1:114183 : <<CALL>> : androidx.appcompat.app.AppCompatViewInflater/checkOnClickListener:(Landroid/view/View;Landroid/util/AttributeSet;)V:2ac0f6  =>  android.view.View/setOnClickListener:(Landroid/view/View$OnClickListener;)V:1bf5f8
	1:compareBackwardBranch: 1:1053 : <<BRANCH>> : e.g.a.b.z0.a/a:(Landroid/content/Context;)Z:401760  =>  e.g.a.b.z0.a/a:(Landroid/content/Context;)Z:40175a
android.widget.TextView/setText:(Ljava/lang/CharSequence;)V:395c64		=(rels)=>		1
[*] Unique action: 1:88128 : <<CALL>> : com.obs.mobile_tablet.MainActivity/onCreateView:(Landroid/view/LayoutInflater;Landroid/view/ViewGroup;Landroid/os/Bundle;)Landroid/view/View;:395c64  =>  android.widget.TextView/setText:(Ljava/lang/CharSequence;)V:29ee34
	1:compareBackwardBranch: 1:1053 : <<BRANCH>> : e.g.a.b.z0.a/a:(Landroid/content/Context;)Z:401760  =>  e.g.a.b.z0.a/a:(Landroid/content/Context;)Z:40175a
android.view.View/setOnClickListener:(Landroid/view/View$OnClickListener;)V:3a4ca4		=(rels)=>		1
[*] Unique action: 1:96284 : <<CALL>> : com.obs.mobile_tablet.navigation.MainNavigation_ViewBinding/<init>:(Lcom/obs/mobile_tablet/navigation/MainNavigation;Landroid/view/View;)V:3a4ca4  =>  android.view.View/setOnClickListener:(Landroid/view/View$OnClickListener;)V:1bf5f8
	1:compareBackwardBranch: 1:1053 : <<BRANCH>> : e.g.a.b.z0.a/a:(Landroid/content/Context;)Z:401760  =>  e.g.a.b.z0.a/a:(Landroid/content/Context;)Z:40175a
android.view.ViewGroup/addView:(Landroid/view/View;Landroid/view/ViewGroup$LayoutParams;)V:2b59d4		=(rels)=>		1
[*] Unique action: 1:28937 : <<CALL>> : androidx.appcompat.widget.Toolbar/a:(Landroid/view/View;Z)V:2b59d4  =>  android.view.ViewGroup/addView:(Landroid/view/View;Landroid/view/ViewGroup$LayoutParams;)V:195988
	1:compareBackwardBranch: 1:1053 : <<BRANCH>> : e.g.a.b.z0.a/a:(Landroid/content/Context;)Z:401760  =>  e.g.a.b.z0.a/a:(Landroid/content/Context;)Z:40175a
java.lang.System/exit:(I)V:37e882		=(rels)=>		1
[*] Unique action: 1:1105 : <<CALL>> : com.obs.android.shared.CBSApplication/b:()V:37e882  =>  java.lang.System/exit:(I)V:ea908
	1:compareBackwardBranch2: 1:1053 : <<BRANCH>> : e.g.a.b.z0.a/a:(Landroid/content/Context;)Z:401760  =>  e.g.a.b.z0.a/a:(Landroid/content/Context;)Z:40175a
Entry: 4015c4
e.g.a.b.z0.a/a:(Landroid/content/Context;)Z: 401760 -> 40175a
		e.g.a.b.z0.a/a:(Landroid/content/Context;)Z: 19c -> 196
addPatchReadme: java.lang.Class<e.g.a.b.z0.a>a(Landroid/content/Context;)Z 19c t
159ceeed: [+] Patches found in this round: 1
159ceeed: [*] Found Patch size: 1
Target PID : 
ExitReason-Code: 6 (/home/santapark/Extended3/DEEPerence/reEx/devDebug_com.obs.android.olm.southstate.prod.obfuscated_flattened.ilog)
159ceeed: 	@@@Found patch addr: 401770
159ceeed: Querying offset: 401760
159ceeed: 	--Add method name to patch = e.g.a.b.z0.a/a:(Landroid/content/Context;)Z 	401760
Devices presenting anti-analysis: 
	devRoot
	devDebug
b29e6a69: patching method: com.obs.android.shared.CBSApplication/a:(Landroid/content/Context;)Z
b29e6a69: outDir - /home/santapark/Extended3/DEEPerence/reEx/com.obs.android.olm.southstate.prod.apk.obfuscated_flattened_devRoot
Wow!!!!!  --  com.obs.android.shared.CBSApplication/a:(Landroid/content/Context;)Z
fallthrough: a2c
branchTarget: a32
label = cond_15
GOTO -- a2c 	a32
axmlPath: /home/santapark/Extended3/DEEPerence/reEx/com.obs.android.olm.southstate.prod.apk.obfuscated_flattened_devRoot/AndroidManifest.xml
outDir: /home/santapark/Extended3/DEEPerence/reEx/com.obs.android.olm.southstate.prod.apk.obfuscated_flattened_devRoot/com.obs.android.olm.southstate.prod.apk.obfuscated_flattened.apk
b29e6a69: Patched APK File: /home/santapark/Extended3/DEEPerence/reEx/com.obs.android.olm.southstate.prod.apk.obfuscated_flattened_devRoot/signed_com.obs.android.olm.southstate.prod.apk.obfuscated_flattened.apk
b29e6a69: First address of Lcom/obs/android/shared/CBSApplication;->a(Landroid/content/Context;)Z = 37d4c8
b29e6a69: Address - Lcom/obs/android/shared/CBSApplication;->a(Landroid/content/Context;)Z@a28	 lastOffset = 131c
b29e6a69: Instruction@@: IF_NEZ
159ceeed: patching method: e.g.a.b.z0.a/a:(Landroid/content/Context;)Z
159ceeed: outDir - /home/santapark/Extended3/DEEPerence/reEx/com.obs.android.olm.southstate.prod.apk.obfuscated_flattened_devDebug
Wow!!!!!  --  e.g.a.b.z0.a/a:(Landroid/content/Context;)Z
fallthrough: 1a0
branchTarget: 196
label = cond_1
GOTO -- 1a0 	196
axmlPath: /home/santapark/Extended3/DEEPerence/reEx/com.obs.android.olm.southstate.prod.apk.obfuscated_flattened_devDebug/AndroidManifest.xml
outDir: /home/santapark/Extended3/DEEPerence/reEx/com.obs.android.olm.southstate.prod.apk.obfuscated_flattened_devDebug/com.obs.android.olm.southstate.prod.apk.obfuscated_flattened.apk
159ceeed: Patched APK File: /home/santapark/Extended3/DEEPerence/reEx/com.obs.android.olm.southstate.prod.apk.obfuscated_flattened_devDebug/signed_com.obs.android.olm.southstate.prod.apk.obfuscated_flattened.apk
159ceeed: First address of Le/g/a/b/z0/a;->a(Landroid/content/Context;)Z = 4015d4
159ceeed: Address - Le/g/a/b/z0/a;->a(Landroid/content/Context;)Z@19c	 lastOffset = 464
159ceeed: Instruction@@: IF_EQZ
159ceeed: (Not Installed) Trying remove : true
b29e6a69: (Not Installed) Trying remove : true
Installing apk: /home/santapark/Extended3/DEEPerence/reEx/com.obs.android.olm.southstate.prod.apk.obfuscated_flattened_devDebug/signed_com.obs.android.olm.southstate.prod.apk.obfuscated_flattened.apk
Installing apk: /home/santapark/Extended3/DEEPerence/reEx/com.obs.android.olm.southstate.prod.apk.obfuscated_flattened_devRoot/signed_com.obs.android.olm.southstate.prod.apk.obfuscated_flattened.apk
159ceeed: Installation Success
b29e6a69: Installation Success
b29e6a69: startApplication called! - devRoot
159ceeed: startApplication called! - devDebug
159ceeed: Collecting logcat... (/home/santapark/Extended3/DEEPerence/reEx/devDebug_com.obs.android.olm.southstate.prod.obfuscated_flattened.ilog)
b29e6a69: Collecting logcat... (/home/santapark/Extended3/DEEPerence/reEx/devRoot_com.obs.android.olm.southstate.prod.obfuscated_flattened.ilog)
b29e6a69: Running Application: com.obs.android.olm.southstate.prod
PIDs--------------------------------------------------------------------------
u0_a734       19795    423 14454932 108520 0                  0 R com.obs.android.olm.southstate.prod
forward tcp:35535 jdwp:19795
[*]Found JDWP Target: 19795
159ceeed: Running Application: com.obs.android.olm.southstate.prod
PIDs--------------------------------------------------------------------------
u0_a734       19795    423 14732168 159656 0                  0 S com.obs.android.olm.southstate.prod
159ceeed: Tryging attach jdb to 19795
jdb -connect com.sun.jdi.SocketAttach:hostname=localhost,port=35535
159ceeed: Running is done - starting comparing... : 10001
159ceeed: Terminated logcat thread...by itself
159ceeed: Top-activity: com.android.launcher3/.Launcher
PIDs--------------------------------------------------------------------------
159ceeed: savedPid = null
PIDs--------------------------------------------------------------------------
159ceeed: savedPid2 = null
Stopping app: com.obs.android.olm.southstate.prod
Tryging remove : uninstall com.obs.android.olm.southstate.prod(com.obs.android.olm.southstate.prod)
159ceeed: Remove Success
159ceeed: ilog file size: 41939254
159ceeed: End of collecting logcat...
b29e6a69: Terminated logcat thread...by itself
b29e6a69: Top-activity: com.obs.android.olm.southstate.prod/com.obs.android.shared.RegistrationActivity
PIDs--------------------------------------------------------------------------
u0_a409       20004    430 14950392 180392 0                  0 S com.obs.android.olm.southstate.prod
b29e6a69: savedPid = 20004
PIDs--------------------------------------------------------------------------
u0_a409       20004    430 14950392 180392 0                  0 S com.obs.android.olm.southstate.prod
b29e6a69: savedPid2 = 20004
Stopping app: com.obs.android.olm.southstate.prod
Tryging remove : uninstall com.obs.android.olm.southstate.prod(com.obs.android.olm.southstate.prod)
b29e6a69: Remove Success
b29e6a69: ilog file size: 89309708
b29e6a69: End of collecting logcat...
HPFinder's try count remains: 28
Target PID : 11187
Target PID : 11187
ExitReason-Code: 1 (/home/santapark/Extended3/DEEPerence/reEx/devRef_com.obs.android.olm.southstate.prod.obfuscated_flattened.ilog)
Target PID : 20004
ExitReason-Code: 1 (/home/santapark/Extended3/DEEPerence/reEx/devRef_com.obs.android.olm.southstate.prod.obfuscated_flattened.ilog)
Target PID : 
ExitReason-Code: 6 (/home/santapark/Extended3/DEEPerence/reEx/devDebug_com.obs.android.olm.southstate.prod.obfuscated_flattened.ilog)
159ceeed: adding filter -- 401760
ExitReason-Code: 1 (/home/santapark/Extended3/DEEPerence/reEx/devRoot_com.obs.android.olm.southstate.prod.obfuscated_flattened.ilog)
b29e6a69: adding filter -- 37dee0
[*] FlowManager: adjust finished.
-- current localPatchFilter: 401760
Action is completely same :)
java.lang.System/exit:(I)V:37e882		=(rels)=>		1
[*] Unique action: 16:237952 : <<CALL>> : com.obs.android.shared.CBSApplication/b:()V:37e882  =>  java.lang.System/exit:(I)V:ea908
	1:compareBackwardBranch2: 15:1057 : <<BRANCH>> : e.g.a.b.z0.a$a/run:()V:40143c  =>  e.g.a.b.z0.a$a/run:()V:40142e
Entry: 40137c
e.g.a.b.z0.a$a/run:()V: 40143c -> 40142e
		e.g.a.b.z0.a$a/run:()V: c0 -> b2
addPatchReadme: java.lang.Class<e.g.a.b.z0.a$a>run()V c0 t
159ceeed: [+] Patches found in this round: 1
159ceeed: [*] Found Patch size: 1
Target PID : 
ExitReason-Code: 6 (/home/santapark/Extended3/DEEPerence/reEx/devDebug_com.obs.android.olm.southstate.prod.obfuscated_flattened.ilog)
159ceeed: @@localPatchFilter -- 401770
159ceeed: 	@@@Found patch addr: 40144c
159ceeed: Querying offset: 40143c
159ceeed: 	--Add method name to patch = e.g.a.b.z0.a$a/run:()V 	40143c
[*] FlowManager: adjust finished.
-- current localPatchFilter: 37dee0
Action is completely same :)
Action is completely same :)
b29e6a69: There is no difference. (tryAgain=false)
Devices presenting anti-analysis: 
	devDebug
159ceeed: patching method: e.g.a.b.z0.a/a:(Landroid/content/Context;)Z
159ceeed: patching method: e.g.a.b.z0.a$a/run:()V
159ceeed: outDir - /home/santapark/Extended3/DEEPerence/reEx/com.obs.android.olm.southstate.prod.apk.obfuscated_flattened_devDebug
Wow!!!!!  --  e.g.a.b.z0.a$a/run:()V
fallthrough: c4
branchTarget: b2
label = cond_0
GOTO -- c4 	b2
Wow!!!!!  --  e.g.a.b.z0.a/a:(Landroid/content/Context;)Z
fallthrough: 1a0
branchTarget: 196
label = cond_1
GOTO -- 1a0 	196
axmlPath: /home/santapark/Extended3/DEEPerence/reEx/com.obs.android.olm.southstate.prod.apk.obfuscated_flattened_devDebug/AndroidManifest.xml
outDir: /home/santapark/Extended3/DEEPerence/reEx/com.obs.android.olm.southstate.prod.apk.obfuscated_flattened_devDebug/com.obs.android.olm.southstate.prod.apk.obfuscated_flattened.apk
159ceeed: Patched APK File: /home/santapark/Extended3/DEEPerence/reEx/com.obs.android.olm.southstate.prod.apk.obfuscated_flattened_devDebug/signed_com.obs.android.olm.southstate.prod.apk.obfuscated_flattened.apk
159ceeed: First address of Le/g/a/b/z0/a;->a(Landroid/content/Context;)Z = 4015d4
159ceeed: Address - Le/g/a/b/z0/a;->a(Landroid/content/Context;)Z@19c	 lastOffset = 464
159ceeed: Instruction@@: IF_EQZ
159ceeed: First address of Le/g/a/b/z0/a$a;->run()V = 40138c
159ceeed: Address - Le/g/a/b/z0/a$a;->run()V@c0	 lastOffset = 164
159ceeed: Instruction@@: IF_EQZ
159ceeed: (Not Installed) Trying remove : true
Installing apk: /home/santapark/Extended3/DEEPerence/reEx/com.obs.android.olm.southstate.prod.apk.obfuscated_flattened_devDebug/signed_com.obs.android.olm.southstate.prod.apk.obfuscated_flattened.apk
159ceeed: Installation Success
159ceeed: startApplication called! - devDebug
159ceeed: Collecting logcat... (/home/santapark/Extended3/DEEPerence/reEx/devDebug_com.obs.android.olm.southstate.prod.obfuscated_flattened.ilog)
PIDs--------------------------------------------------------------------------
u0_a735       19937    423 14454932 108676 0                  0 R com.obs.android.olm.southstate.prod
forward tcp:35535 jdwp:19937
[*]Found JDWP Target: 19937
159ceeed: Running Application: com.obs.android.olm.southstate.prod
PIDs--------------------------------------------------------------------------
u0_a735       19937    423 14732168 159356 0                  0 R com.obs.android.olm.southstate.prod
159ceeed: Tryging attach jdb to 19937
jdb -connect com.sun.jdi.SocketAttach:hostname=localhost,port=35535
159ceeed: Terminated logcat thread...by itself
159ceeed: Top-activity: com.obs.android.olm.southstate.prod/com.obs.android.shared.RegistrationActivity
PIDs--------------------------------------------------------------------------
u0_a735       19937    423 14868140 192032 0                  0 S com.obs.android.olm.southstate.prod
159ceeed: savedPid = 19937
PIDs--------------------------------------------------------------------------
u0_a735       19937    423 14868140 192032 0                  0 S com.obs.android.olm.southstate.prod
159ceeed: savedPid2 = 19937
Stopping app: com.obs.android.olm.southstate.prod
Tryging remove : uninstall com.obs.android.olm.southstate.prod(com.obs.android.olm.southstate.prod)
159ceeed: Remove Success
159ceeed: ilog file size: 89631480
159ceeed: End of collecting logcat...
HPFinder's try count remains: 27
Target PID : 11187
ExitReason-Code: 1 (/home/santapark/Extended3/DEEPerence/reEx/devRef_com.obs.android.olm.southstate.prod.obfuscated_flattened.ilog)
Target PID : 19937
ExitReason-Code: 1 (/home/santapark/Extended3/DEEPerence/reEx/devDebug_com.obs.android.olm.southstate.prod.obfuscated_flattened.ilog)
159ceeed: adding filter -- 401760
159ceeed: adding filter -- 40143c
[*] FlowManager: adjust finished.
-- current localPatchFilter: 401760
-- current localPatchFilter: 40143c
Action is completely same :)
Action is completely same :)
159ceeed: There is no difference. (tryAgain=false)
-- HPFinder will be done in this iteration :)
hasAntiAnalysis? - devTamper: false on com.obs.android.messenger.MainActivity
hasAntiAnalysis? - devRoot: true on com.obs.android.messenger.MainActivity
	isRemovedThem? - devRoot: true on com.obs.android.messenger.MainActivity	-	tryCount: 1
hasAntiAnalysis? - devDebug: true on com.obs.android.messenger.MainActivity
	isRemovedThem? - devDebug: true on com.obs.android.messenger.MainActivity	-	tryCount: 2
*****REPORT: com.obs.android.olm.southstate.prod
* Package name: com.obs.android.olm.southstate.prod
* Running time: 555
* FileSize: 11344340
devTamper : 89530955
devRef : 89509378
devRoot : 89309708
devDebug : 89631480
hasAntiAnalysis? - devTamper: false on com.obs.android.messenger.MainActivity
hasAntiAnalysis? - devRoot: true on com.obs.android.messenger.MainActivity
	isRemovedThem? - devRoot: true on com.obs.android.messenger.MainActivity	-	tryCount: 1
hasAntiAnalysis? - devDebug: true on com.obs.android.messenger.MainActivity
	isRemovedThem? - devDebug: true on com.obs.android.messenger.MainActivity	-	tryCount: 2
46604b9f: trying remove : com.obs.android.olm.southstate.prod
3601a6ff: trying remove : com.obs.android.olm.southstate.prod
b29e6a69: trying remove : com.obs.android.olm.southstate.prod
159ceeed: trying remove : com.obs.android.olm.southstate.prod
46604b9f: (Not Installed) Trying remove : true
46604b9f: -- Success
46604b9f: result = true
159ceeed: (Not Installed) Trying remove : true
159ceeed: -- Success
159ceeed: result = true
b29e6a69: (Not Installed) Trying remove : true
b29e6a69: -- Success
b29e6a69: result = true
3601a6ff: (Not Installed) Trying remove : true
3601a6ff: -- Success
3601a6ff: result = true
3601a6ff: isFailedToLaunch: com.obs.android.olm.southstate.prod/com.obs.android.shared.RegistrationActivity
3601a6ff: 	--result: Good :)
