axmlPath: /home/santapark/Extended3/DEEPerence/reEx/com.obs.android.olm.peoplesbank.prod.apk.obfuscated_flattened/AndroidManifest.xml
launchable-activity: name='com.obs.android.messenger.MainActivity'  label='' icon=''
{ACTIVITY, com.obs.android.messenger.MainActivity, android.intent.action.MAIN}
{ACTIVITY, com.obs.mobile_tablet.components.CheckImageActivity}
{ACTIVITY, com.obs.mobile_tablet.transactions.deposits.DepositsCaptureImageActivity}
{ACTIVITY, com.obs.android.shared.RegistrationActivity}
{ACTIVITY, com.obs.android.messenger.MainActivity, android.intent.action.MAIN}
{ACTIVITY, com.obs.mobile_tablet.components.CheckImageActivity}
{ACTIVITY, com.obs.mobile_tablet.transactions.deposits.DepositsCaptureImageActivity}
{ACTIVITY, com.obs.android.shared.RegistrationActivity}
_getAllDexFiles: /home/santapark/Extended3/DEEPerence/reEx/com.obs.android.olm.peoplesbank.prod.apk.obfuscated_flattened/classes.dex
----------------/home/santapark/Extended3/DEEPerence/reEx/com.obs.android.olm.peoplesbank.prod.apk.obfuscated_flattened.apk
dexFile = org.jf.dexlib2.dexbacked.DexBackedDexFile@743e0268
com.obs.android.olm.peoplesbank.prod
com.obs.android.messenger.MainActivity
debuggable: false
b29e6a69: (Not Installed) Trying remove : true
b29e6a69: -- Success
46604b9f: (Not Installed) Trying remove : true
46604b9f: -- Success
159ceeed: (Not Installed) Trying remove : true
159ceeed: -- Success
3601a6ff: (Not Installed) Trying remove : true
3601a6ff: -- Success
Installing apk: /home/santapark/Extended3/DEEPerence/reEx/com.obs.android.olm.peoplesbank.prod.apk.obfuscated_flattened.apk
Installing apk: /home/santapark/Extended3/DEEPerence/reEx/com.obs.android.olm.peoplesbank.prod.apk.obfuscated_flattened.apk
Installing apk: /home/santapark/Extended3/DEEPerence/reEx/com.obs.android.olm.peoplesbank.prod.apk.obfuscated_flattened.apk
axmlPath: /home/santapark/Extended3/DEEPerence/reEx/com.obs.android.olm.peoplesbank.prod.apk.obfuscated_flattened_46604b9f/AndroidManifest.xml
outDir: /home/santapark/Extended3/DEEPerence/reEx/com.obs.android.olm.peoplesbank.prod.apk.obfuscated_flattened_46604b9f/com.obs.android.olm.peoplesbank.prod.apk.obfuscated_flattened.apk
46604b9f: Installing repackaged apk File: 
Installing apk: /home/santapark/Extended3/DEEPerence/reEx/com.obs.android.olm.peoplesbank.prod.apk.obfuscated_flattened_46604b9f/signed_com.obs.android.olm.peoplesbank.prod.apk.obfuscated_flattened.apk
159ceeed: Installation Success
3601a6ff: Installation Success
b29e6a69: Installation Success
46604b9f: Installation Success
46604b9f: startApplication called! - devTamper
3601a6ff: startApplication called! - devRef
b29e6a69: startApplication called! - devRoot
159ceeed: startApplication called! - devDebug
46604b9f: Collecting logcat... (/home/santapark/Extended3/DEEPerence/reEx/devTamper_com.obs.android.olm.peoplesbank.prod.obfuscated_flattened.ilog)
159ceeed: Collecting logcat... (/home/santapark/Extended3/DEEPerence/reEx/devDebug_com.obs.android.olm.peoplesbank.prod.obfuscated_flattened.ilog)
b29e6a69: Collecting logcat... (/home/santapark/Extended3/DEEPerence/reEx/devRoot_com.obs.android.olm.peoplesbank.prod.obfuscated_flattened.ilog)
3601a6ff: Collecting logcat... (/home/santapark/Extended3/DEEPerence/reEx/devRef_com.obs.android.olm.peoplesbank.prod.obfuscated_flattened.ilog)
46604b9f: Running Application: com.obs.android.olm.peoplesbank.prod
b29e6a69: Running Application: com.obs.android.olm.peoplesbank.prod
3601a6ff: Running Application: com.obs.android.olm.peoplesbank.prod
PIDs--------------------------------------------------------------------------
u0_a727        4829    423 14399272 97924 0                   0 R com.obs.android.olm.peoplesbank.prod
forward tcp:35535 jdwp:4829
[*]Found JDWP Target: 4829
159ceeed: Running Application: com.obs.android.olm.peoplesbank.prod
PIDs--------------------------------------------------------------------------
46604b9f: Terminated logcat thread...by itself
b29e6a69: Terminated logcat thread...by itself
3601a6ff: Terminated logcat thread...by itself
46604b9f: Top-activity: com.obs.android.olm.peoplesbank.prod/com.obs.android.shared.RegistrationActivity
PIDs--------------------------------------------------------------------------
u0_a298        7155    425 14253832 173348 0                  0 S com.obs.android.olm.peoplesbank.prod
46604b9f: savedPid = 7155
PIDs--------------------------------------------------------------------------
u0_a298        7155    425 14253832 173348 0                  0 S com.obs.android.olm.peoplesbank.prod
46604b9f: savedPid2 = 7155
Stopping app: com.obs.android.olm.peoplesbank.prod
3601a6ff: Top-activity: com.obs.android.olm.peoplesbank.prod/com.obs.android.shared.RegistrationActivity
PIDs--------------------------------------------------------------------------
u0_a354       10892    414 14218940 172784 0                  0 S com.obs.android.olm.peoplesbank.prod
3601a6ff: savedPid = 10892
PIDs--------------------------------------------------------------------------
u0_a354       10892    414 14218940 172784 0                  0 S com.obs.android.olm.peoplesbank.prod
3601a6ff: savedPid2 = 10892
Stopping app: com.obs.android.olm.peoplesbank.prod
b29e6a69: Top-activity: com.obs.android.olm.peoplesbank.prod/com.obs.android.messenger.MainActivity
PIDs--------------------------------------------------------------------------
u0_a404        6005    430 14532404 80412 0                   0 R com.obs.android.olm.peoplesbank.prod
b29e6a69: savedPid = 6005
PIDs--------------------------------------------------------------------------
u0_a404        6005    430 13891436 97516 0                   0 R com.obs.android.olm.peoplesbank.prod
b29e6a69: savedPid2 = 6005
Stopping app: com.obs.android.olm.peoplesbank.prod
159ceeed: Terminated logcat thread...by itself
159ceeed: Top-activity: com.obs.android.olm.peoplesbank.prod/com.obs.android.messenger.MainActivity
PIDs--------------------------------------------------------------------------
159ceeed: savedPid = null
PIDs--------------------------------------------------------------------------
u0_a727        9622    423 14416716 97268 0                   0 R com.obs.android.olm.peoplesbank.prod
159ceeed: savedPid2 = 9622
Stopping app: com.obs.android.olm.peoplesbank.prod
Tryging remove : uninstall com.obs.android.olm.peoplesbank.prod(com.obs.android.olm.peoplesbank.prod)
46604b9f: Remove Success
46604b9f: ilog file size: 111747784
46604b9f: End of collecting logcat...
Tryging remove : uninstall com.obs.android.olm.peoplesbank.prod(com.obs.android.olm.peoplesbank.prod)
3601a6ff: Remove Success
3601a6ff: ilog file size: 184507977
3601a6ff: End of collecting logcat...
Tryging remove : uninstall com.obs.android.olm.peoplesbank.prod(com.obs.android.olm.peoplesbank.prod)
b29e6a69: Remove Success
b29e6a69: ilog file size: 51833677
b29e6a69: End of collecting logcat...
Tryging remove : uninstall com.obs.android.olm.peoplesbank.prod(com.obs.android.olm.peoplesbank.prod)
159ceeed: Remove Success
159ceeed: ilog file size: 61021125
159ceeed: End of collecting logcat...
HPFinder's try count remains: 29
Target PID : 10892
Target PID : 10892
Target PID : 10892
ExitReason-Code: 1 (/home/santapark/Extended3/DEEPerence/reEx/devRef_com.obs.android.olm.peoplesbank.prod.obfuscated_flattened.ilog)
Target PID : 7155
ExitReason-Code: 1 (/home/santapark/Extended3/DEEPerence/reEx/devRef_com.obs.android.olm.peoplesbank.prod.obfuscated_flattened.ilog)
Target PID : 9622
ExitReason-Code: 1 (/home/santapark/Extended3/DEEPerence/reEx/devRef_com.obs.android.olm.peoplesbank.prod.obfuscated_flattened.ilog)
Target PID : 6005
ExitReason-Code: 1 (/home/santapark/Extended3/DEEPerence/reEx/devRoot_com.obs.android.olm.peoplesbank.prod.obfuscated_flattened.ilog)
ExitReason-Code: 1 (/home/santapark/Extended3/DEEPerence/reEx/devDebug_com.obs.android.olm.peoplesbank.prod.obfuscated_flattened.ilog)
[*] FlowManager: adjust finished.
[GOOD]: Anti-analysis is identified! :) -- 1 --devRoot
android.view.ViewGroup/addView:(Landroid/view/View;)V:24e584		=(rels)=>		1
[*] Unique action: 1:88324 : <<CALL>> : android.support.v4.a.n/a:(Landroid/support/v4/a/h;IIIZ)V:24e584  =>  android.view.ViewGroup/addView:(Landroid/view/View;)V:19596c
ExitReason-Code: 1 (/home/santapark/Extended3/DEEPerence/reEx/devTamper_com.obs.android.olm.peoplesbank.prod.obfuscated_flattened.ilog)
[*] FlowManager: adjust finished.
[GOOD]: Anti-analysis is identified! :) -- 1 --devDebug
android.view.ViewGroup/addView:(Landroid/view/View;)V:24e584		=(rels)=>		1
[*] Unique action: 1:88324 : <<CALL>> : android.support.v4.a.n/a:(Landroid/support/v4/a/h;IIIZ)V:24e584  =>  android.view.ViewGroup/addView:(Landroid/view/View;)V:19596c
	1:compareBackwardBranch: 1:1135 : <<BRANCH>> : com.obs.android.shared.CBSApplication/b:(Landroid/content/Context;)Z:343012  =>  com.obs.android.shared.CBSApplication/b:(Landroid/content/Context;)Z:34300c
android.view.View/setOnClickListener:(Landroid/view/View$OnClickListener;)V:34c2b4		=(rels)=>		1
[*] Unique action: 1:114781 : <<CALL>> : com.obs.android.shared.RegistrationActivity$a/a:(Landroid/view/LayoutInflater;Landroid/view/ViewGroup;Landroid/os/Bundle;)Landroid/view/View;:34c2b4  =>  android.view.View/setOnClickListener:(Landroid/view/View$OnClickListener;)V:1bf5f8
	1:compareBackwardBranch: 1:1323 : <<BRANCH>> : com.obs.android.shared.a.a/a:(Landroid/content/Context;)Z:354940  =>  com.obs.android.shared.a.a/a:(Landroid/content/Context;)Z:35493a
android.view.View/setOnClickListener:(Landroid/view/View$OnClickListener;)V:34c2b4		=(rels)=>		1
[*] Unique action: 1:114781 : <<CALL>> : com.obs.android.shared.RegistrationActivity$a/a:(Landroid/view/LayoutInflater;Landroid/view/ViewGroup;Landroid/os/Bundle;)Landroid/view/View;:34c2b4  =>  android.view.View/setOnClickListener:(Landroid/view/View$OnClickListener;)V:1bf5f8
	1:compareBackwardBranch: 1:1135 : <<BRANCH>> : com.obs.android.shared.CBSApplication/b:(Landroid/content/Context;)Z:343012  =>  com.obs.android.shared.CBSApplication/b:(Landroid/content/Context;)Z:34300c
android.os.Handler/postDelayed:(Ljava/lang/Runnable;J)Z:2aeacc		=(rels)=>		1
[*] Unique action: 1:97870 : <<CALL>> : com.a.a.a/onActivityPaused:(Landroid/app/Activity;)V:2aeacc  =>  android.os.Handler/postDelayed:(Ljava/lang/Runnable;J)Z:30ca84
	1:compareBackwardBranch: 1:1323 : <<BRANCH>> : com.obs.android.shared.a.a/a:(Landroid/content/Context;)Z:354940  =>  com.obs.android.shared.a.a/a:(Landroid/content/Context;)Z:35493a
android.os.Handler/postDelayed:(Ljava/lang/Runnable;J)Z:2aeacc		=(rels)=>		1
[*] Unique action: 1:97870 : <<CALL>> : com.a.a.a/onActivityPaused:(Landroid/app/Activity;)V:2aeacc  =>  android.os.Handler/postDelayed:(Ljava/lang/Runnable;J)Z:30ca84
	1:compareBackwardBranch: 1:1135 : <<BRANCH>> : com.obs.android.shared.CBSApplication/b:(Landroid/content/Context;)Z:343012  =>  com.obs.android.shared.CBSApplication/b:(Landroid/content/Context;)Z:34300c
android.view.View/setOnClickListener:(Landroid/view/View$OnClickListener;)V:28d1ee		=(rels)=>		1
[*] Unique action: 1:25188 : <<CALL>> : android.support.v7.widget.Toolbar/setNavigationOnClickListener:(Landroid/view/View$OnClickListener;)V:28d1ee  =>  android.view.View/setOnClickListener:(Landroid/view/View$OnClickListener;)V:1bf5f8
	1:compareBackwardBranch: 1:1135 : <<BRANCH>> : com.obs.android.shared.CBSApplication/b:(Landroid/content/Context;)Z:343012  =>  com.obs.android.shared.CBSApplication/b:(Landroid/content/Context;)Z:34300c
android.view.ViewGroup/addView:(Landroid/view/View;ILandroid/view/ViewGroup$LayoutParams;)V:2360e4		=(rels)=>		1
[*] Unique action: 1:26585 : <<CALL>> : android.support.constraint.ConstraintLayout/addView:(Landroid/view/View;ILandroid/view/ViewGroup$LayoutParams;)V:2360e4  =>  android.view.ViewGroup/addView:(Landroid/view/View;ILandroid/view/ViewGroup$LayoutParams;)V:1959fc
	1:compareBackwardBranch: 1:1135 : <<BRANCH>> : com.obs.android.shared.CBSApplication/b:(Landroid/content/Context;)Z:343012  =>  com.obs.android.shared.CBSApplication/b:(Landroid/content/Context;)Z:34300c
android.widget.TextView/setText:(Ljava/lang/CharSequence;)V:37127e		=(rels)=>		1
[*] Unique action: 1:96977 : <<CALL>> : com.obs.mobile_tablet.MainActivity/permissionsUpdate:(Lcom/obs/mobile_core/b/a/k;)V:37127e  =>  android.widget.TextView/setText:(Ljava/lang/CharSequence;)V:29ee34
	1:compareBackwardBranch: 1:1323 : <<BRANCH>> : com.obs.android.shared.a.a/a:(Landroid/content/Context;)Z:354940  =>  com.obs.android.shared.a.a/a:(Landroid/content/Context;)Z:35493a
android.view.View/setOnClickListener:(Landroid/view/View$OnClickListener;)V:28d1ee		=(rels)=>		1
[*] Unique action: 1:25188 : <<CALL>> : android.support.v7.widget.Toolbar/setNavigationOnClickListener:(Landroid/view/View$OnClickListener;)V:28d1ee  =>  android.view.View/setOnClickListener:(Landroid/view/View$OnClickListener;)V:1bf5f8
	1:compareBackwardBranch: 1:1323 : <<BRANCH>> : com.obs.android.shared.a.a/a:(Landroid/content/Context;)Z:354940  =>  com.obs.android.shared.a.a/a:(Landroid/content/Context;)Z:35493a
android.view.ViewGroup/addView:(Landroid/view/View;ILandroid/view/ViewGroup$LayoutParams;)V:2360e4		=(rels)=>		1
[*] Unique action: 1:26585 : <<CALL>> : android.support.constraint.ConstraintLayout/addView:(Landroid/view/View;ILandroid/view/ViewGroup$LayoutParams;)V:2360e4  =>  android.view.ViewGroup/addView:(Landroid/view/View;ILandroid/view/ViewGroup$LayoutParams;)V:1959fc
	1:compareBackwardBranch: 1:1323 : <<BRANCH>> : com.obs.android.shared.a.a/a:(Landroid/content/Context;)Z:354940  =>  com.obs.android.shared.a.a/a:(Landroid/content/Context;)Z:35493a
android.widget.TextView/setText:(Ljava/lang/CharSequence;)V:37127e		=(rels)=>		1
[*] Unique action: 1:96977 : <<CALL>> : com.obs.mobile_tablet.MainActivity/permissionsUpdate:(Lcom/obs/mobile_core/b/a/k;)V:37127e  =>  android.widget.TextView/setText:(Ljava/lang/CharSequence;)V:29ee34
	1:compareBackwardBranch: 1:1135 : <<BRANCH>> : com.obs.android.shared.CBSApplication/b:(Landroid/content/Context;)Z:343012  =>  com.obs.android.shared.CBSApplication/b:(Landroid/content/Context;)Z:34300c
android.view.ViewGroup/addView:(Landroid/view/View;)V:34071a		=(rels)=>		1
[*] Unique action: 1:27453 : <<CALL>> : com.obs.android.messenger.MainActivity/onCreate:(Landroid/os/Bundle;)V:34071a  =>  android.view.ViewGroup/addView:(Landroid/view/View;)V:19596c
	1:compareBackwardBranch: 1:1135 : <<BRANCH>> : com.obs.android.shared.CBSApplication/b:(Landroid/content/Context;)Z:343012  =>  com.obs.android.shared.CBSApplication/b:(Landroid/content/Context;)Z:34300c
android.widget.TextView/setText:(Ljava/lang/CharSequence;)V:370986		=(rels)=>		1
[*] Unique action: 1:88314 : <<CALL>> : com.obs.mobile_tablet.MainActivity/a:(Landroid/view/LayoutInflater;Landroid/view/ViewGroup;Landroid/os/Bundle;)Landroid/view/View;:370986  =>  android.widget.TextView/setText:(Ljava/lang/CharSequence;)V:29ee34
	1:compareBackwardBranch: 1:1323 : <<BRANCH>> : com.obs.android.shared.a.a/a:(Landroid/content/Context;)Z:354940  =>  com.obs.android.shared.a.a/a:(Landroid/content/Context;)Z:35493a
android.view.ViewGroup/addView:(Landroid/view/View;)V:34071a		=(rels)=>		1
[*] Unique action: 1:27453 : <<CALL>> : com.obs.android.messenger.MainActivity/onCreate:(Landroid/os/Bundle;)V:34071a  =>  android.view.ViewGroup/addView:(Landroid/view/View;)V:19596c
	1:compareBackwardBranch: 1:1323 : <<BRANCH>> : com.obs.android.shared.a.a/a:(Landroid/content/Context;)Z:354940  =>  com.obs.android.shared.a.a/a:(Landroid/content/Context;)Z:35493a
android.widget.TextView/setText:(Ljava/lang/CharSequence;)V:370986		=(rels)=>		1
[*] Unique action: 1:88314 : <<CALL>> : com.obs.mobile_tablet.MainActivity/a:(Landroid/view/LayoutInflater;Landroid/view/ViewGroup;Landroid/os/Bundle;)Landroid/view/View;:370986  =>  android.widget.TextView/setText:(Ljava/lang/CharSequence;)V:29ee34
	1:compareBackwardBranch: 1:1135 : <<BRANCH>> : com.obs.android.shared.CBSApplication/b:(Landroid/content/Context;)Z:343012  =>  com.obs.android.shared.CBSApplication/b:(Landroid/content/Context;)Z:34300c
android.widget.TextView/setText:(Ljava/lang/CharSequence;)V:3708e6		=(rels)=>		1
[*] Unique action: 1:88295 : <<CALL>> : com.obs.mobile_tablet.MainActivity/a:(Landroid/view/LayoutInflater;Landroid/view/ViewGroup;Landroid/os/Bundle;)Landroid/view/View;:3708e6  =>  android.widget.TextView/setText:(Ljava/lang/CharSequence;)V:29ee34
	1:compareBackwardBranch: 1:1323 : <<BRANCH>> : com.obs.android.shared.a.a/a:(Landroid/content/Context;)Z:354940  =>  com.obs.android.shared.a.a/a:(Landroid/content/Context;)Z:35493a
android.widget.TextView/setText:(Ljava/lang/CharSequence;)V:3708e6		=(rels)=>		1
[*] Unique action: 1:88295 : <<CALL>> : com.obs.mobile_tablet.MainActivity/a:(Landroid/view/LayoutInflater;Landroid/view/ViewGroup;Landroid/os/Bundle;)Landroid/view/View;:3708e6  =>  android.widget.TextView/setText:(Ljava/lang/CharSequence;)V:29ee34
	1:compareBackwardBranch: 1:1135 : <<BRANCH>> : com.obs.android.shared.CBSApplication/b:(Landroid/content/Context;)Z:343012  =>  com.obs.android.shared.CBSApplication/b:(Landroid/content/Context;)Z:34300c
android.view.ViewGroup/addView:(Landroid/view/View;Landroid/view/ViewGroup$LayoutParams;)V:28b41a		=(rels)=>		1
[*] Unique action: 1:25608 : <<CALL>> : android.support.v7.widget.Toolbar/a:(Landroid/view/View;Z)V:28b41a  =>  android.view.ViewGroup/addView:(Landroid/view/View;Landroid/view/ViewGroup$LayoutParams;)V:195988
	1:compareBackwardBranch: 1:1135 : <<BRANCH>> : com.obs.android.shared.CBSApplication/b:(Landroid/content/Context;)Z:343012  =>  com.obs.android.shared.CBSApplication/b:(Landroid/content/Context;)Z:34300c
android.view.View/setOnClickListener:(Landroid/view/View$OnClickListener;)V:38ec8a		=(rels)=>		1
[*] Unique action: 1:94590 : <<CALL>> : com.obs.mobile_tablet.navigation.MainNavigation_ViewBinding/<init>:(Lcom/obs/mobile_tablet/navigation/MainNavigation;Landroid/view/View;)V:38ec8a  =>  android.view.View/setOnClickListener:(Landroid/view/View$OnClickListener;)V:1bf5f8
	1:compareBackwardBranch: 1:1323 : <<BRANCH>> : com.obs.android.shared.a.a/a:(Landroid/content/Context;)Z:354940  =>  com.obs.android.shared.a.a/a:(Landroid/content/Context;)Z:35493a
android.view.ViewGroup/addView:(Landroid/view/View;Landroid/view/ViewGroup$LayoutParams;)V:28b41a		=(rels)=>		1
[*] Unique action: 1:25608 : <<CALL>> : android.support.v7.widget.Toolbar/a:(Landroid/view/View;Z)V:28b41a  =>  android.view.ViewGroup/addView:(Landroid/view/View;Landroid/view/ViewGroup$LayoutParams;)V:195988
	1:compareBackwardBranch: 1:1323 : <<BRANCH>> : com.obs.android.shared.a.a/a:(Landroid/content/Context;)Z:354940  =>  com.obs.android.shared.a.a/a:(Landroid/content/Context;)Z:35493a
android.view.View/setOnClickListener:(Landroid/view/View$OnClickListener;)V:38ec8a		=(rels)=>		1
[*] Unique action: 1:94590 : <<CALL>> : com.obs.mobile_tablet.navigation.MainNavigation_ViewBinding/<init>:(Lcom/obs/mobile_tablet/navigation/MainNavigation;Landroid/view/View;)V:38ec8a  =>  android.view.View/setOnClickListener:(Landroid/view/View$OnClickListener;)V:1bf5f8
	1:compareBackwardBranch: 1:1135 : <<BRANCH>> : com.obs.android.shared.CBSApplication/b:(Landroid/content/Context;)Z:343012  =>  com.obs.android.shared.CBSApplication/b:(Landroid/content/Context;)Z:34300c
android.view.ViewGroup/addView:(Landroid/view/View;)V:295d7a		=(rels)=>		1
[*] Unique action: 1:87868 : <<CALL>> : android.support.v7.widget.aw/a:(Landroid/view/View;)V:295d7a  =>  android.view.ViewGroup/addView:(Landroid/view/View;)V:19596c
	1:compareBackwardBranch: 1:1323 : <<BRANCH>> : com.obs.android.shared.a.a/a:(Landroid/content/Context;)Z:354940  =>  com.obs.android.shared.a.a/a:(Landroid/content/Context;)Z:35493a
android.view.ViewGroup/addView:(Landroid/view/View;)V:295d7a		=(rels)=>		1
[*] Unique action: 1:87868 : <<CALL>> : android.support.v7.widget.aw/a:(Landroid/view/View;)V:295d7a  =>  android.view.ViewGroup/addView:(Landroid/view/View;)V:19596c
	1:compareBackwardBranch: 1:1135 : <<BRANCH>> : com.obs.android.shared.CBSApplication/b:(Landroid/content/Context;)Z:343012  =>  com.obs.android.shared.CBSApplication/b:(Landroid/content/Context;)Z:34300c
org.apache.http.impl.client.DefaultHttpClient/<init>:(Lorg/apache/http/conn/ClientConnectionManager;Lorg/apache/http/params/HttpParams;)V:3f610a		=(rels)=>		1
[*] Unique action: 1:26867 : <<CALL>> : org.c.a.a.b/<init>:()V:3f610a  =>  org.apache.http.impl.client.DefaultHttpClient/<init>:(Lorg/apache/http/conn/ClientConnectionManager;Lorg/apache/http/params/HttpParams;)V:31acc
	1:compareBackwardBranch: 1:1135 : <<BRANCH>> : com.obs.android.shared.CBSApplication/b:(Landroid/content/Context;)Z:343012  =>  com.obs.android.shared.CBSApplication/b:(Landroid/content/Context;)Z:34300c
android.view.View/setOnClickListener:(Landroid/view/View$OnClickListener;)V:2789d2		=(rels)=>		1
[*] Unique action: 1:107566 : <<CALL>> : android.support.v7.app.m/a:(Landroid/view/View;Landroid/util/AttributeSet;)V:2789d2  =>  android.view.View/setOnClickListener:(Landroid/view/View$OnClickListener;)V:1bf5f8
	1:compareBackwardBranch: 1:1323 : <<BRANCH>> : com.obs.android.shared.a.a/a:(Landroid/content/Context;)Z:354940  =>  com.obs.android.shared.a.a/a:(Landroid/content/Context;)Z:35493a
org.apache.http.impl.client.DefaultHttpClient/<init>:(Lorg/apache/http/conn/ClientConnectionManager;Lorg/apache/http/params/HttpParams;)V:3f610a		=(rels)=>		1
[*] Unique action: 1:26867 : <<CALL>> : org.c.a.a.b/<init>:()V:3f610a  =>  org.apache.http.impl.client.DefaultHttpClient/<init>:(Lorg/apache/http/conn/ClientConnectionManager;Lorg/apache/http/params/HttpParams;)V:31acc
	1:compareBackwardBranch: 1:1323 : <<BRANCH>> : com.obs.android.shared.a.a/a:(Landroid/content/Context;)Z:354940  =>  com.obs.android.shared.a.a/a:(Landroid/content/Context;)Z:35493a
android.view.View/setOnClickListener:(Landroid/view/View$OnClickListener;)V:2789d2		=(rels)=>		1
[*] Unique action: 1:107566 : <<CALL>> : android.support.v7.app.m/a:(Landroid/view/View;Landroid/util/AttributeSet;)V:2789d2  =>  android.view.View/setOnClickListener:(Landroid/view/View$OnClickListener;)V:1bf5f8
	1:compareBackwardBranch: 1:1135 : <<BRANCH>> : com.obs.android.shared.CBSApplication/b:(Landroid/content/Context;)Z:343012  =>  com.obs.android.shared.CBSApplication/b:(Landroid/content/Context;)Z:34300c
android.widget.TextView/setText:(Ljava/lang/CharSequence;)V:28d47e		=(rels)=>		1
[*] Unique action: 1:25616 : <<CALL>> : android.support.v7.widget.Toolbar/setTitle:(Ljava/lang/CharSequence;)V:28d47e  =>  android.widget.TextView/setText:(Ljava/lang/CharSequence;)V:29ee34
	1:compareBackwardBranch: 1:1135 : <<BRANCH>> : com.obs.android.shared.CBSApplication/b:(Landroid/content/Context;)Z:343012  =>  com.obs.android.shared.CBSApplication/b:(Landroid/content/Context;)Z:34300c
android.view.View/setOnClickListener:(Landroid/view/View$OnClickListener;)V:3706c0		=(rels)=>		1
[*] Unique action: 1:87754 : <<CALL>> : com.obs.mobile_tablet.MainActivity/a:(Landroid/view/LayoutInflater;Landroid/view/ViewGroup;Landroid/os/Bundle;)Landroid/view/View;:3706c0  =>  android.view.View/setOnClickListener:(Landroid/view/View$OnClickListener;)V:1bf5f8
	1:compareBackwardBranch: 1:1323 : <<BRANCH>> : com.obs.android.shared.a.a/a:(Landroid/content/Context;)Z:354940  =>  com.obs.android.shared.a.a/a:(Landroid/content/Context;)Z:35493a
android.widget.TextView/setText:(Ljava/lang/CharSequence;)V:28d47e		=(rels)=>		1
[*] Unique action: 1:25616 : <<CALL>> : android.support.v7.widget.Toolbar/setTitle:(Ljava/lang/CharSequence;)V:28d47e  =>  android.widget.TextView/setText:(Ljava/lang/CharSequence;)V:29ee34
	1:compareBackwardBranch: 1:1323 : <<BRANCH>> : com.obs.android.shared.a.a/a:(Landroid/content/Context;)Z:354940  =>  com.obs.android.shared.a.a/a:(Landroid/content/Context;)Z:35493a
android.view.View/setOnClickListener:(Landroid/view/View$OnClickListener;)V:3706c0		=(rels)=>		1
[*] Unique action: 1:87754 : <<CALL>> : com.obs.mobile_tablet.MainActivity/a:(Landroid/view/LayoutInflater;Landroid/view/ViewGroup;Landroid/os/Bundle;)Landroid/view/View;:3706c0  =>  android.view.View/setOnClickListener:(Landroid/view/View$OnClickListener;)V:1bf5f8
	1:compareBackwardBranch: 1:1135 : <<BRANCH>> : com.obs.android.shared.CBSApplication/b:(Landroid/content/Context;)Z:343012  =>  com.obs.android.shared.CBSApplication/b:(Landroid/content/Context;)Z:34300c
android.widget.TextView/setText:(Ljava/lang/CharSequence;)V:34f34c		=(rels)=>		1
[*] Unique action: 1:112672 : <<CALL>> : com.obs.android.shared.RegistrationActivity$e/a:(Landroid/view/LayoutInflater;Landroid/view/ViewGroup;Landroid/os/Bundle;)Landroid/view/View;:34f34c  =>  android.widget.TextView/setText:(Ljava/lang/CharSequence;)V:29ee34
	1:compareBackwardBranch: 1:1323 : <<BRANCH>> : com.obs.android.shared.a.a/a:(Landroid/content/Context;)Z:354940  =>  com.obs.android.shared.a.a/a:(Landroid/content/Context;)Z:35493a
android.widget.TextView/setText:(Ljava/lang/CharSequence;)V:34f34c		=(rels)=>		1
[*] Unique action: 1:112672 : <<CALL>> : com.obs.android.shared.RegistrationActivity$e/a:(Landroid/view/LayoutInflater;Landroid/view/ViewGroup;Landroid/os/Bundle;)Landroid/view/View;:34f34c  =>  android.widget.TextView/setText:(Ljava/lang/CharSequence;)V:29ee34
	1:compareBackwardBranch: 1:1135 : <<BRANCH>> : com.obs.android.shared.CBSApplication/b:(Landroid/content/Context;)Z:343012  =>  com.obs.android.shared.CBSApplication/b:(Landroid/content/Context;)Z:34300c
android.view.View/setOnClickListener:(Landroid/view/View$OnClickListener;)V:38eb80		=(rels)=>		1
[*] Unique action: 1:94554 : <<CALL>> : com.obs.mobile_tablet.navigation.MainNavigation_ViewBinding/<init>:(Lcom/obs/mobile_tablet/navigation/MainNavigation;Landroid/view/View;)V:38eb80  =>  android.view.View/setOnClickListener:(Landroid/view/View$OnClickListener;)V:1bf5f8
	1:compareBackwardBranch: 1:1323 : <<BRANCH>> : com.obs.android.shared.a.a/a:(Landroid/content/Context;)Z:354940  =>  com.obs.android.shared.a.a/a:(Landroid/content/Context;)Z:35493a
android.view.View/setOnClickListener:(Landroid/view/View$OnClickListener;)V:38eb80		=(rels)=>		1
[*] Unique action: 1:94554 : <<CALL>> : com.obs.mobile_tablet.navigation.MainNavigation_ViewBinding/<init>:(Lcom/obs/mobile_tablet/navigation/MainNavigation;Landroid/view/View;)V:38eb80  =>  android.view.View/setOnClickListener:(Landroid/view/View$OnClickListener;)V:1bf5f8
	1:compareBackwardBranch: 1:1135 : <<BRANCH>> : com.obs.android.shared.CBSApplication/b:(Landroid/content/Context;)Z:343012  =>  com.obs.android.shared.CBSApplication/b:(Landroid/content/Context;)Z:34300c
android.view.View/setOnClickListener:(Landroid/view/View$OnClickListener;)V:38ed22		=(rels)=>		1
[*] Unique action: 1:94606 : <<CALL>> : com.obs.mobile_tablet.navigation.MainNavigation_ViewBinding/<init>:(Lcom/obs/mobile_tablet/navigation/MainNavigation;Landroid/view/View;)V:38ed22  =>  android.view.View/setOnClickListener:(Landroid/view/View$OnClickListener;)V:1bf5f8
	1:compareBackwardBranch: 1:1323 : <<BRANCH>> : com.obs.android.shared.a.a/a:(Landroid/content/Context;)Z:354940  =>  com.obs.android.shared.a.a/a:(Landroid/content/Context;)Z:35493a
android.view.View/setOnClickListener:(Landroid/view/View$OnClickListener;)V:38ed22		=(rels)=>		1
[*] Unique action: 1:94606 : <<CALL>> : com.obs.mobile_tablet.navigation.MainNavigation_ViewBinding/<init>:(Lcom/obs/mobile_tablet/navigation/MainNavigation;Landroid/view/View;)V:38ed22  =>  android.view.View/setOnClickListener:(Landroid/view/View$OnClickListener;)V:1bf5f8
	1:compareBackwardBranch: 1:1135 : <<BRANCH>> : com.obs.android.shared.CBSApplication/b:(Landroid/content/Context;)Z:343012  =>  com.obs.android.shared.CBSApplication/b:(Landroid/content/Context;)Z:34300c
android.widget.TextView/setText:(Ljava/lang/CharSequence;)V:3706ac		=(rels)=>		1
[*] Unique action: 1:87746 : <<CALL>> : com.obs.mobile_tablet.MainActivity/a:(Landroid/view/LayoutInflater;Landroid/view/ViewGroup;Landroid/os/Bundle;)Landroid/view/View;:3706ac  =>  android.widget.TextView/setText:(Ljava/lang/CharSequence;)V:29ee34
	1:compareBackwardBranch: 1:1323 : <<BRANCH>> : com.obs.android.shared.a.a/a:(Landroid/content/Context;)Z:354940  =>  com.obs.android.shared.a.a/a:(Landroid/content/Context;)Z:35493a
android.widget.TextView/setText:(Ljava/lang/CharSequence;)V:3706ac		=(rels)=>		1
[*] Unique action: 1:87746 : <<CALL>> : com.obs.mobile_tablet.MainActivity/a:(Landroid/view/LayoutInflater;Landroid/view/ViewGroup;Landroid/os/Bundle;)Landroid/view/View;:3706ac  =>  android.widget.TextView/setText:(Ljava/lang/CharSequence;)V:29ee34
	1:compareBackwardBranch: 1:1135 : <<BRANCH>> : com.obs.android.shared.CBSApplication/b:(Landroid/content/Context;)Z:343012  =>  com.obs.android.shared.CBSApplication/b:(Landroid/content/Context;)Z:34300c
android.view.View/setOnClickListener:(Landroid/view/View$OnClickListener;)V:38ec64		=(rels)=>		1
[*] Unique action: 1:94582 : <<CALL>> : com.obs.mobile_tablet.navigation.MainNavigation_ViewBinding/<init>:(Lcom/obs/mobile_tablet/navigation/MainNavigation;Landroid/view/View;)V:38ec64  =>  android.view.View/setOnClickListener:(Landroid/view/View$OnClickListener;)V:1bf5f8
	1:compareBackwardBranch: 1:1323 : <<BRANCH>> : com.obs.android.shared.a.a/a:(Landroid/content/Context;)Z:354940  =>  com.obs.android.shared.a.a/a:(Landroid/content/Context;)Z:35493a
android.view.View/setOnClickListener:(Landroid/view/View$OnClickListener;)V:38ec64		=(rels)=>		1
[*] Unique action: 1:94582 : <<CALL>> : com.obs.mobile_tablet.navigation.MainNavigation_ViewBinding/<init>:(Lcom/obs/mobile_tablet/navigation/MainNavigation;Landroid/view/View;)V:38ec64  =>  android.view.View/setOnClickListener:(Landroid/view/View$OnClickListener;)V:1bf5f8
	1:compareBackwardBranch: 1:1135 : <<BRANCH>> : com.obs.android.shared.CBSApplication/b:(Landroid/content/Context;)Z:343012  =>  com.obs.android.shared.CBSApplication/b:(Landroid/content/Context;)Z:34300c
android.view.View/setOnClickListener:(Landroid/view/View$OnClickListener;)V:38eba6		=(rels)=>		1
[*] Unique action: 1:94564 : <<CALL>> : com.obs.mobile_tablet.navigation.MainNavigation_ViewBinding/<init>:(Lcom/obs/mobile_tablet/navigation/MainNavigation;Landroid/view/View;)V:38eba6  =>  android.view.View/setOnClickListener:(Landroid/view/View$OnClickListener;)V:1bf5f8
	1:compareBackwardBranch: 1:1323 : <<BRANCH>> : com.obs.android.shared.a.a/a:(Landroid/content/Context;)Z:354940  =>  com.obs.android.shared.a.a/a:(Landroid/content/Context;)Z:35493a
android.view.View/setOnClickListener:(Landroid/view/View$OnClickListener;)V:38eba6		=(rels)=>		1
[*] Unique action: 1:94564 : <<CALL>> : com.obs.mobile_tablet.navigation.MainNavigation_ViewBinding/<init>:(Lcom/obs/mobile_tablet/navigation/MainNavigation;Landroid/view/View;)V:38eba6  =>  android.view.View/setOnClickListener:(Landroid/view/View$OnClickListener;)V:1bf5f8
	1:compareBackwardBranch: 1:1135 : <<BRANCH>> : com.obs.android.shared.CBSApplication/b:(Landroid/content/Context;)Z:343012  =>  com.obs.android.shared.CBSApplication/b:(Landroid/content/Context;)Z:34300c
java.lang.System/exit:(I)V:342526		=(rels)=>		1
[*] Unique action: 1:694 : <<CALL>> : com.obs.android.shared.CBSApplication/b:()V:342526  =>  java.lang.System/exit:(I)V:ea908
	1:compareBackwardBranch: 1:1323 : <<BRANCH>> : com.obs.android.shared.a.a/a:(Landroid/content/Context;)Z:354940  =>  com.obs.android.shared.a.a/a:(Landroid/content/Context;)Z:35493a
java.lang.System/exit:(I)V:342526		=(rels)=>		1
[*] Unique action: 1:1354 : <<CALL>> : com.obs.android.shared.CBSApplication/b:()V:342526  =>  java.lang.System/exit:(I)V:ea908
	1:compareBackwardBranch2: 1:1135 : <<BRANCH>> : com.obs.android.shared.CBSApplication/b:(Landroid/content/Context;)Z:343012  =>  com.obs.android.shared.CBSApplication/b:(Landroid/content/Context;)Z:34300c
Entry: 342664
com.obs.android.shared.CBSApplication/b:(Landroid/content/Context;)Z: 343012 -> 34300c
		com.obs.android.shared.CBSApplication/b:(Landroid/content/Context;)Z: 9ae -> 9a8
addPatchReadme: java.lang.Class<com.obs.android.shared.CBSApplication>b(Landroid/content/Context;)Z 9ae t
b29e6a69: [+] Patches found in this round: 1
b29e6a69: [*] Found Patch size: 1
Target PID : 
	1:compareBackwardBranch2: 1:1323 : <<BRANCH>> : com.obs.android.shared.a.a/a:(Landroid/content/Context;)Z:354940  =>  com.obs.android.shared.a.a/a:(Landroid/content/Context;)Z:35493a
Entry: 3547c8
com.obs.android.shared.a.a/a:(Landroid/content/Context;)Z: 354940 -> 35493a
		com.obs.android.shared.a.a/a:(Landroid/content/Context;)Z: 178 -> 172
addPatchReadme: java.lang.Class<com.obs.android.shared.a.a>a(Landroid/content/Context;)Z 178 t
159ceeed: [+] Patches found in this round: 1
159ceeed: [*] Found Patch size: 1
Target PID : 
[*] FlowManager: adjust finished.
Action is completely same :)
Action is completely same :)
46604b9f: There is no difference. (tryAgain=false)
ExitReason-Code: 6 (/home/santapark/Extended3/DEEPerence/reEx/devRoot_com.obs.android.olm.peoplesbank.prod.obfuscated_flattened.ilog)
b29e6a69: 	@@@Found patch addr: 343022
b29e6a69: Querying offset: 343012
b29e6a69: 	--Add method name to patch = com.obs.android.shared.CBSApplication/b:(Landroid/content/Context;)Z 	343012
ExitReason-Code: 6 (/home/santapark/Extended3/DEEPerence/reEx/devDebug_com.obs.android.olm.peoplesbank.prod.obfuscated_flattened.ilog)
159ceeed: 	@@@Found patch addr: 354950
159ceeed: Querying offset: 354940
159ceeed: 	--Add method name to patch = com.obs.android.shared.a.a/a:(Landroid/content/Context;)Z 	354940
Devices presenting anti-analysis: 
	devRoot
	devDebug
b29e6a69: patching method: com.obs.android.shared.CBSApplication/b:(Landroid/content/Context;)Z
b29e6a69: outDir - /home/santapark/Extended3/DEEPerence/reEx/com.obs.android.olm.peoplesbank.prod.apk.obfuscated_flattened_devRoot
Wow!!!!!  --  com.obs.android.shared.CBSApplication/b:(Landroid/content/Context;)Z
fallthrough: 9b2
branchTarget: 9a8
label = cond_11
GOTO -- 9b2 	9a8
axmlPath: /home/santapark/Extended3/DEEPerence/reEx/com.obs.android.olm.peoplesbank.prod.apk.obfuscated_flattened_devRoot/AndroidManifest.xml
outDir: /home/santapark/Extended3/DEEPerence/reEx/com.obs.android.olm.peoplesbank.prod.apk.obfuscated_flattened_devRoot/com.obs.android.olm.peoplesbank.prod.apk.obfuscated_flattened.apk
b29e6a69: Patched APK File: /home/santapark/Extended3/DEEPerence/reEx/com.obs.android.olm.peoplesbank.prod.apk.obfuscated_flattened_devRoot/signed_com.obs.android.olm.peoplesbank.prod.apk.obfuscated_flattened.apk
b29e6a69: First address of Lcom/obs/android/shared/CBSApplication;->b(Landroid/content/Context;)Z = 342674
b29e6a69: Address - Lcom/obs/android/shared/CBSApplication;->b(Landroid/content/Context;)Z@9ae	 lastOffset = 1b2c
b29e6a69: Instruction@@: IF_NEZ
159ceeed: patching method: com.obs.android.shared.a.a/a:(Landroid/content/Context;)Z
159ceeed: outDir - /home/santapark/Extended3/DEEPerence/reEx/com.obs.android.olm.peoplesbank.prod.apk.obfuscated_flattened_devDebug
Wow!!!!!  --  com.obs.android.shared.a.a/a:(Landroid/content/Context;)Z
fallthrough: 17c
branchTarget: 172
label = cond_1
GOTO -- 17c 	172
axmlPath: /home/santapark/Extended3/DEEPerence/reEx/com.obs.android.olm.peoplesbank.prod.apk.obfuscated_flattened_devDebug/AndroidManifest.xml
outDir: /home/santapark/Extended3/DEEPerence/reEx/com.obs.android.olm.peoplesbank.prod.apk.obfuscated_flattened_devDebug/com.obs.android.olm.peoplesbank.prod.apk.obfuscated_flattened.apk
159ceeed: Patched APK File: /home/santapark/Extended3/DEEPerence/reEx/com.obs.android.olm.peoplesbank.prod.apk.obfuscated_flattened_devDebug/signed_com.obs.android.olm.peoplesbank.prod.apk.obfuscated_flattened.apk
159ceeed: First address of Lcom/obs/android/shared/a/a;->a(Landroid/content/Context;)Z = 3547d8
159ceeed: Address - Lcom/obs/android/shared/a/a;->a(Landroid/content/Context;)Z@178	 lastOffset = 454
159ceeed: Instruction@@: IF_EQZ
b29e6a69: (Not Installed) Trying remove : true
159ceeed: (Not Installed) Trying remove : true
Installing apk: /home/santapark/Extended3/DEEPerence/reEx/com.obs.android.olm.peoplesbank.prod.apk.obfuscated_flattened_devRoot/signed_com.obs.android.olm.peoplesbank.prod.apk.obfuscated_flattened.apk
Installing apk: /home/santapark/Extended3/DEEPerence/reEx/com.obs.android.olm.peoplesbank.prod.apk.obfuscated_flattened_devDebug/signed_com.obs.android.olm.peoplesbank.prod.apk.obfuscated_flattened.apk
159ceeed: Installation Success
b29e6a69: Installation Success
b29e6a69: startApplication called! - devRoot
159ceeed: startApplication called! - devDebug
b29e6a69: Collecting logcat... (/home/santapark/Extended3/DEEPerence/reEx/devRoot_com.obs.android.olm.peoplesbank.prod.obfuscated_flattened.ilog)
b29e6a69: Running Application: com.obs.android.olm.peoplesbank.prod
159ceeed: Collecting logcat... (/home/santapark/Extended3/DEEPerence/reEx/devDebug_com.obs.android.olm.peoplesbank.prod.obfuscated_flattened.ilog)
PIDs--------------------------------------------------------------------------
u0_a728        9687    423 13798924 109696 0                  0 R com.obs.android.olm.peoplesbank.prod
forward tcp:35535 jdwp:9687
[*]Found JDWP Target: 9687
159ceeed: Running Application: com.obs.android.olm.peoplesbank.prod
PIDs--------------------------------------------------------------------------
u0_a728        9687    423 14110812 157776 0                  0 R com.obs.android.olm.peoplesbank.prod
159ceeed: Tryging attach jdb to 9687
jdb -connect com.sun.jdi.SocketAttach:hostname=localhost,port=35535
159ceeed: Running is done - starting comparing... : 10001
159ceeed: Terminated logcat thread...by itself
159ceeed: Top-activity: com.android.launcher3/.Launcher
PIDs--------------------------------------------------------------------------
159ceeed: savedPid = null
PIDs--------------------------------------------------------------------------
159ceeed: savedPid2 = null
Stopping app: com.obs.android.olm.peoplesbank.prod
Tryging remove : uninstall com.obs.android.olm.peoplesbank.prod(com.obs.android.olm.peoplesbank.prod)
159ceeed: Remove Success
159ceeed: ilog file size: 48964066
159ceeed: End of collecting logcat...
b29e6a69: Terminated logcat thread...by itself
b29e6a69: Top-activity: com.obs.android.olm.peoplesbank.prod/com.obs.android.shared.RegistrationActivity
PIDs--------------------------------------------------------------------------
u0_a405        6079    430 14262344 179216 0                  0 S com.obs.android.olm.peoplesbank.prod
b29e6a69: savedPid = 6079
PIDs--------------------------------------------------------------------------
u0_a405        6079    430 14262344 179216 0                  0 S com.obs.android.olm.peoplesbank.prod
b29e6a69: savedPid2 = 6079
Stopping app: com.obs.android.olm.peoplesbank.prod
Tryging remove : uninstall com.obs.android.olm.peoplesbank.prod(com.obs.android.olm.peoplesbank.prod)
b29e6a69: Remove Success
b29e6a69: ilog file size: 190604643
b29e6a69: End of collecting logcat...
HPFinder's try count remains: 28
Target PID : 10892
Target PID : 10892
ExitReason-Code: 1 (/home/santapark/Extended3/DEEPerence/reEx/devRef_com.obs.android.olm.peoplesbank.prod.obfuscated_flattened.ilog)
Target PID : 6079
ExitReason-Code: 1 (/home/santapark/Extended3/DEEPerence/reEx/devRef_com.obs.android.olm.peoplesbank.prod.obfuscated_flattened.ilog)
Target PID : 
ExitReason-Code: 6 (/home/santapark/Extended3/DEEPerence/reEx/devDebug_com.obs.android.olm.peoplesbank.prod.obfuscated_flattened.ilog)
159ceeed: adding filter -- 354940
ExitReason-Code: 1 (/home/santapark/Extended3/DEEPerence/reEx/devRoot_com.obs.android.olm.peoplesbank.prod.obfuscated_flattened.ilog)
b29e6a69: adding filter -- 343012
[*] FlowManager: adjust finished.
-- current localPatchFilter: 354940
Action is completely same :)
java.lang.System/exit:(I)V:342526		=(rels)=>		1
[*] Unique action: 16:242563 : <<CALL>> : com.obs.android.shared.CBSApplication/b:()V:342526  =>  java.lang.System/exit:(I)V:ea908
	1:compareBackwardBranch2: 15:1280 : <<BRANCH>> : com.obs.android.shared.a.a$1/run:()V:35463a  =>  com.obs.android.shared.a.a$1/run:()V:354644
Entry: 354580
com.obs.android.shared.a.a$1/run:()V: 35463a -> 354644
		com.obs.android.shared.a.a$1/run:()V: ba -> c4
addPatchReadme: java.lang.Class<com.obs.android.shared.a.a$1>run()V ba t
159ceeed: [+] Patches found in this round: 1
159ceeed: [*] Found Patch size: 1
Target PID : 
ExitReason-Code: 6 (/home/santapark/Extended3/DEEPerence/reEx/devDebug_com.obs.android.olm.peoplesbank.prod.obfuscated_flattened.ilog)
159ceeed: @@localPatchFilter -- 354950
159ceeed: 	@@@Found patch addr: 35464a
159ceeed: Querying offset: 35463a
159ceeed: 	--Add method name to patch = com.obs.android.shared.a.a$1/run:()V 	35463a
[*] FlowManager: adjust finished.
-- current localPatchFilter: 343012
Action is completely same :)
Action is completely same :)
b29e6a69: There is no difference. (tryAgain=false)
Devices presenting anti-analysis: 
	devDebug
159ceeed: patching method: com.obs.android.shared.a.a/a:(Landroid/content/Context;)Z
159ceeed: patching method: com.obs.android.shared.a.a$1/run:()V
159ceeed: outDir - /home/santapark/Extended3/DEEPerence/reEx/com.obs.android.olm.peoplesbank.prod.apk.obfuscated_flattened_devDebug
Wow!!!!!  --  com.obs.android.shared.a.a$1/run:()V
fallthrough: be
branchTarget: c4
label = cond_0
GOTO -- be 	c4
Wow!!!!!  --  com.obs.android.shared.a.a/a:(Landroid/content/Context;)Z
fallthrough: 17c
branchTarget: 172
label = cond_1
GOTO -- 17c 	172
axmlPath: /home/santapark/Extended3/DEEPerence/reEx/com.obs.android.olm.peoplesbank.prod.apk.obfuscated_flattened_devDebug/AndroidManifest.xml
outDir: /home/santapark/Extended3/DEEPerence/reEx/com.obs.android.olm.peoplesbank.prod.apk.obfuscated_flattened_devDebug/com.obs.android.olm.peoplesbank.prod.apk.obfuscated_flattened.apk
159ceeed: Patched APK File: /home/santapark/Extended3/DEEPerence/reEx/com.obs.android.olm.peoplesbank.prod.apk.obfuscated_flattened_devDebug/signed_com.obs.android.olm.peoplesbank.prod.apk.obfuscated_flattened.apk
159ceeed: First address of Lcom/obs/android/shared/a/a;->a(Landroid/content/Context;)Z = 3547d8
159ceeed: Address - Lcom/obs/android/shared/a/a;->a(Landroid/content/Context;)Z@178	 lastOffset = 454
159ceeed: Instruction@@: IF_EQZ
159ceeed: First address of Lcom/obs/android/shared/a/a$1;->run()V = 354590
159ceeed: Address - Lcom/obs/android/shared/a/a$1;->run()V@ba	 lastOffset = 164
159ceeed: Instruction@@: IF_EQZ
159ceeed: (Not Installed) Trying remove : true
Installing apk: /home/santapark/Extended3/DEEPerence/reEx/com.obs.android.olm.peoplesbank.prod.apk.obfuscated_flattened_devDebug/signed_com.obs.android.olm.peoplesbank.prod.apk.obfuscated_flattened.apk
159ceeed: Installation Success
159ceeed: startApplication called! - devDebug
159ceeed: Collecting logcat... (/home/santapark/Extended3/DEEPerence/reEx/devDebug_com.obs.android.olm.peoplesbank.prod.obfuscated_flattened.ilog)
PIDs--------------------------------------------------------------------------
u0_a729        9823    423 13816356 104516 0                  0 R com.obs.android.olm.peoplesbank.prod
forward tcp:35535 jdwp:9823
[*]Found JDWP Target: 9823
159ceeed: Running Application: com.obs.android.olm.peoplesbank.prod
PIDs--------------------------------------------------------------------------
u0_a729        9823    423 14093384 155952 0                  0 R com.obs.android.olm.peoplesbank.prod
159ceeed: Tryging attach jdb to 9823
jdb -connect com.sun.jdi.SocketAttach:hostname=localhost,port=35535
159ceeed: Terminated logcat thread...by itself
159ceeed: Top-activity: com.obs.android.olm.peoplesbank.prod/com.obs.android.shared.RegistrationActivity
PIDs--------------------------------------------------------------------------
u0_a729        9823    423 14195472 189360 0                  0 S com.obs.android.olm.peoplesbank.prod
159ceeed: savedPid = 9823
PIDs--------------------------------------------------------------------------
u0_a729        9823    423 14195472 189360 0                  0 S com.obs.android.olm.peoplesbank.prod
159ceeed: savedPid2 = 9823
Stopping app: com.obs.android.olm.peoplesbank.prod
Tryging remove : uninstall com.obs.android.olm.peoplesbank.prod(com.obs.android.olm.peoplesbank.prod)
159ceeed: Remove Success
159ceeed: ilog file size: 111841734
159ceeed: End of collecting logcat...
HPFinder's try count remains: 27
Target PID : 10892
ExitReason-Code: 1 (/home/santapark/Extended3/DEEPerence/reEx/devRef_com.obs.android.olm.peoplesbank.prod.obfuscated_flattened.ilog)
Target PID : 9823
ExitReason-Code: 1 (/home/santapark/Extended3/DEEPerence/reEx/devDebug_com.obs.android.olm.peoplesbank.prod.obfuscated_flattened.ilog)
159ceeed: adding filter -- 354940
159ceeed: adding filter -- 35463a
[*] FlowManager: adjust finished.
-- current localPatchFilter: 354940
-- current localPatchFilter: 35463a
Action is completely same :)
Action is completely same :)
159ceeed: There is no difference. (tryAgain=false)
-- HPFinder will be done in this iteration :)
hasAntiAnalysis? - devTamper: false on com.obs.android.messenger.MainActivity
hasAntiAnalysis? - devRoot: true on com.obs.android.messenger.MainActivity
	isRemovedThem? - devRoot: true on com.obs.android.messenger.MainActivity	-	tryCount: 1
hasAntiAnalysis? - devDebug: true on com.obs.android.messenger.MainActivity
	isRemovedThem? - devDebug: true on com.obs.android.messenger.MainActivity	-	tryCount: 2
*****REPORT: com.obs.android.olm.peoplesbank.prod
* Package name: com.obs.android.olm.peoplesbank.prod
* Running time: 550
* FileSize: 5781598
devTamper : 111747784
devRef : 184507977
devRoot : 190604643
devDebug : 111841734
hasAntiAnalysis? - devTamper: false on com.obs.android.messenger.MainActivity
hasAntiAnalysis? - devRoot: true on com.obs.android.messenger.MainActivity
	isRemovedThem? - devRoot: true on com.obs.android.messenger.MainActivity	-	tryCount: 1
hasAntiAnalysis? - devDebug: true on com.obs.android.messenger.MainActivity
	isRemovedThem? - devDebug: true on com.obs.android.messenger.MainActivity	-	tryCount: 2
46604b9f: trying remove : com.obs.android.olm.peoplesbank.prod
3601a6ff: trying remove : com.obs.android.olm.peoplesbank.prod
b29e6a69: trying remove : com.obs.android.olm.peoplesbank.prod
159ceeed: trying remove : com.obs.android.olm.peoplesbank.prod
46604b9f: (Not Installed) Trying remove : true
46604b9f: -- Success
46604b9f: result = true
159ceeed: (Not Installed) Trying remove : true
159ceeed: -- Success
159ceeed: result = true
b29e6a69: (Not Installed) Trying remove : true
b29e6a69: -- Success
b29e6a69: result = true
3601a6ff: (Not Installed) Trying remove : true
3601a6ff: -- Success
3601a6ff: result = true
3601a6ff: isFailedToLaunch: com.obs.android.olm.peoplesbank.prod/com.obs.android.shared.RegistrationActivity
3601a6ff: 	--result: Good :)
