axmlPath: /home/santapark/Extended3/DEEPerence/reEx/com.obs.android.olm.tbk.prod.apk.obfuscated_flattened/AndroidManifest.xml
launchable-activity: name='com.obs.android.messenger.MainActivity'  label='' icon=''
{ACTIVITY, com.obs.android.messenger.MainActivity, android.intent.action.MAIN}
{ACTIVITY, com.obs.mobile_tablet.components.CheckImageActivity}
{ACTIVITY, com.obs.mobile_tablet.transactions.deposits.DepositsCaptureImageActivity}
{ACTIVITY, com.obs.android.shared.RegistrationActivity}
{ACTIVITY, com.obs.android.shared.PINActivity}
{ACTIVITY, androidx.biometric.DeviceCredentialHandlerActivity}
{ACTIVITY, com.obs.android.messenger.MainActivity, android.intent.action.MAIN}
{ACTIVITY, com.obs.mobile_tablet.components.CheckImageActivity}
{ACTIVITY, com.obs.mobile_tablet.transactions.deposits.DepositsCaptureImageActivity}
{ACTIVITY, com.obs.android.shared.RegistrationActivity}
{ACTIVITY, com.obs.android.shared.PINActivity}
{ACTIVITY, androidx.biometric.DeviceCredentialHandlerActivity}
_getAllDexFiles: /home/santapark/Extended3/DEEPerence/reEx/com.obs.android.olm.tbk.prod.apk.obfuscated_flattened/classes.dex
----------------/home/santapark/Extended3/DEEPerence/reEx/com.obs.android.olm.tbk.prod.apk.obfuscated_flattened.apk
dexFile = org.jf.dexlib2.dexbacked.DexBackedDexFile@750bc12d
com.obs.android.olm.tbk.prod
com.obs.android.messenger.MainActivity
debuggable: false
46604b9f: (Not Installed) Trying remove : true
46604b9f: -- Success
159ceeed: (Not Installed) Trying remove : true
159ceeed: -- Success
b29e6a69: (Not Installed) Trying remove : true
b29e6a69: -- Success
3601a6ff: (Not Installed) Trying remove : true
3601a6ff: -- Success
Installing apk: /home/santapark/Extended3/DEEPerence/reEx/com.obs.android.olm.tbk.prod.apk.obfuscated_flattened.apk
Installing apk: /home/santapark/Extended3/DEEPerence/reEx/com.obs.android.olm.tbk.prod.apk.obfuscated_flattened.apk
Installing apk: /home/santapark/Extended3/DEEPerence/reEx/com.obs.android.olm.tbk.prod.apk.obfuscated_flattened.apk
axmlPath: /home/santapark/Extended3/DEEPerence/reEx/com.obs.android.olm.tbk.prod.apk.obfuscated_flattened_46604b9f/AndroidManifest.xml
outDir: /home/santapark/Extended3/DEEPerence/reEx/com.obs.android.olm.tbk.prod.apk.obfuscated_flattened_46604b9f/com.obs.android.olm.tbk.prod.apk.obfuscated_flattened.apk
159ceeed: Installation Success
3601a6ff: Installation Success
b29e6a69: Installation Success
46604b9f: Installing repackaged apk File: 
Installing apk: /home/santapark/Extended3/DEEPerence/reEx/com.obs.android.olm.tbk.prod.apk.obfuscated_flattened_46604b9f/signed_com.obs.android.olm.tbk.prod.apk.obfuscated_flattened.apk
46604b9f: Installation Success
46604b9f: startApplication called! - devTamper
3601a6ff: startApplication called! - devRef
b29e6a69: startApplication called! - devRoot
159ceeed: startApplication called! - devDebug
b29e6a69: Collecting logcat... (/home/santapark/Extended3/DEEPerence/reEx/devRoot_com.obs.android.olm.tbk.prod.obfuscated_flattened.ilog)
159ceeed: Collecting logcat... (/home/santapark/Extended3/DEEPerence/reEx/devDebug_com.obs.android.olm.tbk.prod.obfuscated_flattened.ilog)
3601a6ff: Collecting logcat... (/home/santapark/Extended3/DEEPerence/reEx/devRef_com.obs.android.olm.tbk.prod.obfuscated_flattened.ilog)
46604b9f: Collecting logcat... (/home/santapark/Extended3/DEEPerence/reEx/devTamper_com.obs.android.olm.tbk.prod.obfuscated_flattened.ilog)
b29e6a69: Running Application: com.obs.android.olm.tbk.prod
46604b9f: Running Application: com.obs.android.olm.tbk.prod
3601a6ff: Running Application: com.obs.android.olm.tbk.prod
PIDs--------------------------------------------------------------------------
forward tcp:35535 jdwp:null
[*]Found JDWP Target: null
159ceeed: Running Application: com.obs.android.olm.tbk.prod
PIDs--------------------------------------------------------------------------
u0_a742       30876    423 14417204 97960 0                   0 R com.obs.android.olm.tbk.prod
b29e6a69: Terminated logcat thread...by itself
46604b9f: Terminated logcat thread...by itself
3601a6ff: Terminated logcat thread...by itself
46604b9f: Top-activity: com.obs.android.olm.tbk.prod/com.obs.android.shared.RegistrationActivity
PIDs--------------------------------------------------------------------------
u0_a303        7886    425 14850392 172564 0                  0 S com.obs.android.olm.tbk.prod
46604b9f: savedPid = 7886
PIDs--------------------------------------------------------------------------
u0_a303        7886    425 14850392 172564 0                  0 S com.obs.android.olm.tbk.prod
46604b9f: savedPid2 = 7886
Stopping app: com.obs.android.olm.tbk.prod
3601a6ff: Top-activity: com.obs.android.olm.tbk.prod/com.obs.android.shared.RegistrationActivity
PIDs--------------------------------------------------------------------------
u0_a359       11631    414 14817544 171596 0                  0 S com.obs.android.olm.tbk.prod
3601a6ff: savedPid = 11631
PIDs--------------------------------------------------------------------------
u0_a359       11631    414 14817544 171596 0                  0 S com.obs.android.olm.tbk.prod
3601a6ff: savedPid2 = 11631
Stopping app: com.obs.android.olm.tbk.prod
b29e6a69: Top-activity: com.obs.android.olm.tbk.prod/com.obs.android.messenger.MainActivity
PIDs--------------------------------------------------------------------------
b29e6a69: savedPid = null
PIDs--------------------------------------------------------------------------
b29e6a69: savedPid2 = null
Stopping app: com.obs.android.olm.tbk.prod
159ceeed: Terminated logcat thread...by itself
159ceeed: Top-activity: com.obs.android.olm.tbk.prod/com.obs.android.messenger.MainActivity
PIDs--------------------------------------------------------------------------
159ceeed: savedPid = null
PIDs--------------------------------------------------------------------------
159ceeed: savedPid2 = null
Stopping app: com.obs.android.olm.tbk.prod
Tryging remove : uninstall com.obs.android.olm.tbk.prod(com.obs.android.olm.tbk.prod)
46604b9f: Remove Success
46604b9f: ilog file size: 89458303
46604b9f: End of collecting logcat...
Tryging remove : uninstall com.obs.android.olm.tbk.prod(com.obs.android.olm.tbk.prod)
3601a6ff: Remove Success
3601a6ff: ilog file size: 89412339
3601a6ff: End of collecting logcat...
Tryging remove : uninstall com.obs.android.olm.tbk.prod(com.obs.android.olm.tbk.prod)
b29e6a69: Remove Success
b29e6a69: ilog file size: 48296257
b29e6a69: End of collecting logcat...
Tryging remove : uninstall com.obs.android.olm.tbk.prod(com.obs.android.olm.tbk.prod)
159ceeed: Remove Success
159ceeed: ilog file size: 48144572
159ceeed: End of collecting logcat...
HPFinder's try count remains: 29
Target PID : 11631
Target PID : 11631
Target PID : 11631
ExitReason-Code: 1 (/home/santapark/Extended3/DEEPerence/reEx/devRef_com.obs.android.olm.tbk.prod.obfuscated_flattened.ilog)
Target PID : 
ExitReason-Code: 1 (/home/santapark/Extended3/DEEPerence/reEx/devRef_com.obs.android.olm.tbk.prod.obfuscated_flattened.ilog)
Target PID : 7886
ExitReason-Code: 1 (/home/santapark/Extended3/DEEPerence/reEx/devRef_com.obs.android.olm.tbk.prod.obfuscated_flattened.ilog)
Target PID : 
ExitReason-Code: 6 (/home/santapark/Extended3/DEEPerence/reEx/devDebug_com.obs.android.olm.tbk.prod.obfuscated_flattened.ilog)
ExitReason-Code: 6 (/home/santapark/Extended3/DEEPerence/reEx/devRoot_com.obs.android.olm.tbk.prod.obfuscated_flattened.ilog)
[*] FlowManager: adjust finished.
[GOOD]: Anti-analysis is identified! :) -- 1 --devRoot
android.view.View/setOnClickListener:(Landroid/view/View$OnClickListener;)V:389158		=(rels)=>		1
[*] Unique action: 1:121621 : <<CALL>> : com.obs.android.shared.RegistrationActivity$j/onCreateView:(Landroid/view/LayoutInflater;Landroid/view/ViewGroup;Landroid/os/Bundle;)Landroid/view/View;:389158  =>  android.view.View/setOnClickListener:(Landroid/view/View$OnClickListener;)V:1bf5f8
[*] FlowManager: adjust finished.
[GOOD]: Anti-analysis is identified! :) -- 1 --devDebug
android.view.View/setOnClickListener:(Landroid/view/View$OnClickListener;)V:389158		=(rels)=>		1
[*] Unique action: 1:121621 : <<CALL>> : com.obs.android.shared.RegistrationActivity$j/onCreateView:(Landroid/view/LayoutInflater;Landroid/view/ViewGroup;Landroid/os/Bundle;)Landroid/view/View;:389158  =>  android.view.View/setOnClickListener:(Landroid/view/View$OnClickListener;)V:1bf5f8
ExitReason-Code: 1 (/home/santapark/Extended3/DEEPerence/reEx/devTamper_com.obs.android.olm.tbk.prod.obfuscated_flattened.ilog)
	1:compareBackwardBranch: 1:79183 : <<BRANCH>> : com.obs.android.shared.CBSApplication/a:(Landroid/content/Context;)Z:37dfdc  =>  com.obs.android.shared.CBSApplication/a:(Landroid/content/Context;)Z:37dfd6
android.view.ViewGroup/addView:(Landroid/view/View;)V:292c4a		=(rels)=>		1
[*] Unique action: 1:88532 : <<CALL>> : a.l.a.j/a:(Landroidx/fragment/app/Fragment;IIIZ)V:292c4a  =>  android.view.ViewGroup/addView:(Landroid/view/View;)V:19596c
	1:compareBackwardBranch: 1:1067 : <<BRANCH>> : e.g.a.b.z0.a/a:(Landroid/content/Context;)Z:401882  =>  e.g.a.b.z0.a/a:(Landroid/content/Context;)Z:40187c
android.view.ViewGroup/addView:(Landroid/view/View;)V:292c4a		=(rels)=>		1
[*] Unique action: 1:88532 : <<CALL>> : a.l.a.j/a:(Landroidx/fragment/app/Fragment;IIIZ)V:292c4a  =>  android.view.ViewGroup/addView:(Landroid/view/View;)V:19596c
	1:compareBackwardBranch: 1:79183 : <<BRANCH>> : com.obs.android.shared.CBSApplication/a:(Landroid/content/Context;)Z:37dfdc  =>  com.obs.android.shared.CBSApplication/a:(Landroid/content/Context;)Z:37dfd6
android.widget.TextView/setText:(Ljava/lang/CharSequence;)V:396030		=(rels)=>		1
[*] Unique action: 1:88437 : <<CALL>> : com.obs.mobile_tablet.MainActivity/onCreateView:(Landroid/view/LayoutInflater;Landroid/view/ViewGroup;Landroid/os/Bundle;)Landroid/view/View;:396030  =>  android.widget.TextView/setText:(Ljava/lang/CharSequence;)V:29ee34
	1:compareBackwardBranch: 1:79183 : <<BRANCH>> : com.obs.android.shared.CBSApplication/a:(Landroid/content/Context;)Z:37dfdc  =>  com.obs.android.shared.CBSApplication/a:(Landroid/content/Context;)Z:37dfd6
android.view.View/setOnClickListener:(Landroid/view/View$OnClickListener;)V:3a4eb0		=(rels)=>		1
[*] Unique action: 1:95797 : <<CALL>> : com.obs.mobile_tablet.navigation.MainNavigation_ViewBinding/<init>:(Lcom/obs/mobile_tablet/navigation/MainNavigation;Landroid/view/View;)V:3a4eb0  =>  android.view.View/setOnClickListener:(Landroid/view/View$OnClickListener;)V:1bf5f8
	1:compareBackwardBranch: 1:1067 : <<BRANCH>> : e.g.a.b.z0.a/a:(Landroid/content/Context;)Z:401882  =>  e.g.a.b.z0.a/a:(Landroid/content/Context;)Z:40187c
android.widget.TextView/setText:(Ljava/lang/CharSequence;)V:396030		=(rels)=>		1
[*] Unique action: 1:88437 : <<CALL>> : com.obs.mobile_tablet.MainActivity/onCreateView:(Landroid/view/LayoutInflater;Landroid/view/ViewGroup;Landroid/os/Bundle;)Landroid/view/View;:396030  =>  android.widget.TextView/setText:(Ljava/lang/CharSequence;)V:29ee34
	1:compareBackwardBranch: 1:79183 : <<BRANCH>> : com.obs.android.shared.CBSApplication/a:(Landroid/content/Context;)Z:37dfdc  =>  com.obs.android.shared.CBSApplication/a:(Landroid/content/Context;)Z:37dfd6
android.view.View/setOnClickListener:(Landroid/view/View$OnClickListener;)V:3a4ed6		=(rels)=>		1
[*] Unique action: 1:95805 : <<CALL>> : com.obs.mobile_tablet.navigation.MainNavigation_ViewBinding/<init>:(Lcom/obs/mobile_tablet/navigation/MainNavigation;Landroid/view/View;)V:3a4ed6  =>  android.view.View/setOnClickListener:(Landroid/view/View$OnClickListener;)V:1bf5f8
	1:compareBackwardBranch: 1:79183 : <<BRANCH>> : com.obs.android.shared.CBSApplication/a:(Landroid/content/Context;)Z:37dfdc  =>  com.obs.android.shared.CBSApplication/a:(Landroid/content/Context;)Z:37dfd6
android.view.ViewGroup/addView:(Landroid/view/View;ILandroid/view/ViewGroup$LayoutParams;)V:2ba404		=(rels)=>		1
[*] Unique action: 1:29395 : <<CALL>> : androidx.constraintlayout.widget.ConstraintLayout/addView:(Landroid/view/View;ILandroid/view/ViewGroup$LayoutParams;)V:2ba404  =>  android.view.ViewGroup/addView:(Landroid/view/View;ILandroid/view/ViewGroup$LayoutParams;)V:1959fc
	1:compareBackwardBranch: 1:1067 : <<BRANCH>> : e.g.a.b.z0.a/a:(Landroid/content/Context;)Z:401882  =>  e.g.a.b.z0.a/a:(Landroid/content/Context;)Z:40187c
android.view.View/setOnClickListener:(Landroid/view/View$OnClickListener;)V:3a4eb0		=(rels)=>		1
[*] Unique action: 1:95797 : <<CALL>> : com.obs.mobile_tablet.navigation.MainNavigation_ViewBinding/<init>:(Lcom/obs/mobile_tablet/navigation/MainNavigation;Landroid/view/View;)V:3a4eb0  =>  android.view.View/setOnClickListener:(Landroid/view/View$OnClickListener;)V:1bf5f8
	1:compareBackwardBranch: 1:922 : <<BRANCH>> : com.obs.android.shared.CBSApplication/a:(Landroid/content/Context;)Z:37dfdc  =>  com.obs.android.shared.CBSApplication/a:(Landroid/content/Context;)Z:37dfd6
android.widget.TextView/setText:(Ljava/lang/CharSequence;)V:38c66a		=(rels)=>		1
[*] Unique action: 1:119250 : <<CALL>> : com.obs.android.shared.RegistrationActivity$n/onCreateView:(Landroid/view/LayoutInflater;Landroid/view/ViewGroup;Landroid/os/Bundle;)Landroid/view/View;:38c66a  =>  android.widget.TextView/setText:(Ljava/lang/CharSequence;)V:29ee34
	1:compareBackwardBranch: 1:1067 : <<BRANCH>> : e.g.a.b.z0.a/a:(Landroid/content/Context;)Z:401882  =>  e.g.a.b.z0.a/a:(Landroid/content/Context;)Z:40187c
android.view.View/setOnClickListener:(Landroid/view/View$OnClickListener;)V:3a4ed6		=(rels)=>		1
[*] Unique action: 1:95805 : <<CALL>> : com.obs.mobile_tablet.navigation.MainNavigation_ViewBinding/<init>:(Lcom/obs/mobile_tablet/navigation/MainNavigation;Landroid/view/View;)V:3a4ed6  =>  android.view.View/setOnClickListener:(Landroid/view/View$OnClickListener;)V:1bf5f8
	1:compareBackwardBranch: 1:79183 : <<BRANCH>> : com.obs.android.shared.CBSApplication/a:(Landroid/content/Context;)Z:37dfdc  =>  com.obs.android.shared.CBSApplication/a:(Landroid/content/Context;)Z:37dfd6
android.view.ViewGroup/addView:(Landroid/view/View;)V:26eef2		=(rels)=>		1
[*] Unique action: 1:87787 : <<CALL>> : a.b.p.x0/a:(Landroid/view/View;)V:26eef2  =>  android.view.ViewGroup/addView:(Landroid/view/View;)V:19596c
	1:compareBackwardBranch: 1:79183 : <<BRANCH>> : com.obs.android.shared.CBSApplication/a:(Landroid/content/Context;)Z:37dfdc  =>  com.obs.android.shared.CBSApplication/a:(Landroid/content/Context;)Z:37dfd6
android.view.View/setOnClickListener:(Landroid/view/View$OnClickListener;)V:3a4f6e		=(rels)=>		1
[*] Unique action: 1:95821 : <<CALL>> : com.obs.mobile_tablet.navigation.MainNavigation_ViewBinding/<init>:(Lcom/obs/mobile_tablet/navigation/MainNavigation;Landroid/view/View;)V:3a4f6e  =>  android.view.View/setOnClickListener:(Landroid/view/View$OnClickListener;)V:1bf5f8
	1:compareBackwardBranch: 1:1067 : <<BRANCH>> : e.g.a.b.z0.a/a:(Landroid/content/Context;)Z:401882  =>  e.g.a.b.z0.a/a:(Landroid/content/Context;)Z:40187c
android.view.ViewGroup/addView:(Landroid/view/View;ILandroid/view/ViewGroup$LayoutParams;)V:2ba404		=(rels)=>		1
[*] Unique action: 1:29395 : <<CALL>> : androidx.constraintlayout.widget.ConstraintLayout/addView:(Landroid/view/View;ILandroid/view/ViewGroup$LayoutParams;)V:2ba404  =>  android.view.ViewGroup/addView:(Landroid/view/View;ILandroid/view/ViewGroup$LayoutParams;)V:1959fc
	1:compareBackwardBranch: 1:1067 : <<BRANCH>> : e.g.a.b.z0.a/a:(Landroid/content/Context;)Z:401882  =>  e.g.a.b.z0.a/a:(Landroid/content/Context;)Z:40187c
android.widget.TextView/setText:(Ljava/lang/CharSequence;)V:38c66a		=(rels)=>		1
[*] Unique action: 1:119250 : <<CALL>> : com.obs.android.shared.RegistrationActivity$n/onCreateView:(Landroid/view/LayoutInflater;Landroid/view/ViewGroup;Landroid/os/Bundle;)Landroid/view/View;:38c66a  =>  android.widget.TextView/setText:(Ljava/lang/CharSequence;)V:29ee34
	1:compareBackwardBranch: 1:79183 : <<BRANCH>> : com.obs.android.shared.CBSApplication/a:(Landroid/content/Context;)Z:37dfdc  =>  com.obs.android.shared.CBSApplication/a:(Landroid/content/Context;)Z:37dfd6
android.view.View/setOnClickListener:(Landroid/view/View$OnClickListener;)V:2b75de		=(rels)=>		1
[*] Unique action: 1:27842 : <<CALL>> : androidx.appcompat.widget.Toolbar/setNavigationOnClickListener:(Landroid/view/View$OnClickListener;)V:2b75de  =>  android.view.View/setOnClickListener:(Landroid/view/View$OnClickListener;)V:1bf5f8
	1:compareBackwardBranch: 1:922 : <<BRANCH>> : com.obs.android.shared.CBSApplication/a:(Landroid/content/Context;)Z:37dfdc  =>  com.obs.android.shared.CBSApplication/a:(Landroid/content/Context;)Z:37dfd6
android.widget.TextView/setText:(Ljava/lang/CharSequence;)V:395d8c		=(rels)=>		1
[*] Unique action: 1:87667 : <<CALL>> : com.obs.mobile_tablet.MainActivity/onCreateView:(Landroid/view/LayoutInflater;Landroid/view/ViewGroup;Landroid/os/Bundle;)Landroid/view/View;:395d8c  =>  android.widget.TextView/setText:(Ljava/lang/CharSequence;)V:29ee34
	1:compareBackwardBranch: 1:1067 : <<BRANCH>> : e.g.a.b.z0.a/a:(Landroid/content/Context;)Z:401882  =>  e.g.a.b.z0.a/a:(Landroid/content/Context;)Z:40187c
android.view.ViewGroup/addView:(Landroid/view/View;)V:26eef2		=(rels)=>		1
	1:compareBackwardBranch: 1:79183 : <<BRANCH>> : com.obs.android.shared.CBSApplication/a:(Landroid/content/Context;)Z:37dfdc  =>  com.obs.android.shared.CBSApplication/a:(Landroid/content/Context;)Z:37dfd6
android.view.ViewGroup/addView:(Landroid/view/View;)V:37c562		=(rels)=>		1
[*] Unique action: 1:87787 : <<CALL>> : a.b.p.x0/a:(Landroid/view/View;)V:26eef2  =>  android.view.ViewGroup/addView:(Landroid/view/View;)V:19596c
[*] Unique action: 1:30329 : <<CALL>> : com.obs.android.messenger.MainActivity/onCreate:(Landroid/os/Bundle;)V:37c562  =>  android.view.ViewGroup/addView:(Landroid/view/View;)V:19596c
	1:compareBackwardBranch: 1:922 : <<BRANCH>> : com.obs.android.shared.CBSApplication/a:(Landroid/content/Context;)Z:37dfdc  =>  com.obs.android.shared.CBSApplication/a:(Landroid/content/Context;)Z:37dfd6
android.widget.EditText/getText:()Landroid/text/Editable;:269770		=(rels)=>		1
[*] Unique action: 1:120988 : <<CALL>> : a.b.p.j/getText:()Landroid/text/Editable;:269770  =>  android.widget.EditText/getText:()Landroid/text/Editable;:2330f8
	1:compareBackwardBranch: 1:1067 : <<BRANCH>> : e.g.a.b.z0.a/a:(Landroid/content/Context;)Z:401882  =>  e.g.a.b.z0.a/a:(Landroid/content/Context;)Z:40187c
android.view.View/setOnClickListener:(Landroid/view/View$OnClickListener;)V:3a4f6e		=(rels)=>		1
[*] Unique action: 1:95821 : <<CALL>> : com.obs.mobile_tablet.navigation.MainNavigation_ViewBinding/<init>:(Lcom/obs/mobile_tablet/navigation/MainNavigation;Landroid/view/View;)V:3a4f6e  =>  android.view.View/setOnClickListener:(Landroid/view/View$OnClickListener;)V:1bf5f8
	1:compareBackwardBranch: 1:79183 : <<BRANCH>> : com.obs.android.shared.CBSApplication/a:(Landroid/content/Context;)Z:37dfdc  =>  com.obs.android.shared.CBSApplication/a:(Landroid/content/Context;)Z:37dfd6
android.view.View/setOnClickListener:(Landroid/view/View$OnClickListener;)V:3a4dcc		=(rels)=>		1
[*] Unique action: 1:95777 : <<CALL>> : com.obs.mobile_tablet.navigation.MainNavigation_ViewBinding/<init>:(Lcom/obs/mobile_tablet/navigation/MainNavigation;Landroid/view/View;)V:3a4dcc  =>  android.view.View/setOnClickListener:(Landroid/view/View$OnClickListener;)V:1bf5f8
	1:compareBackwardBranch: 1:79183 : <<BRANCH>> : com.obs.android.shared.CBSApplication/a:(Landroid/content/Context;)Z:37dfdc  =>  com.obs.android.shared.CBSApplication/a:(Landroid/content/Context;)Z:37dfd6
org.apache.http.impl.client.DefaultHttpClient/<init>:(Lorg/apache/http/conn/ClientConnectionManager;Lorg/apache/http/params/HttpParams;)V:46133e		=(rels)=>		1
[*] Unique action: 1:29621 : <<CALL>> : k.f.a.b.a/<init>:()V:46133e  =>  org.apache.http.impl.client.DefaultHttpClient/<init>:(Lorg/apache/http/conn/ClientConnectionManager;Lorg/apache/http/params/HttpParams;)V:31acc
	1:compareBackwardBranch: 1:1067 : <<BRANCH>> : e.g.a.b.z0.a/a:(Landroid/content/Context;)Z:401882  =>  e.g.a.b.z0.a/a:(Landroid/content/Context;)Z:40187c
android.view.View/setOnClickListener:(Landroid/view/View$OnClickListener;)V:2b75de		=(rels)=>		1
[*] Unique action: 1:27842 : <<CALL>> : androidx.appcompat.widget.Toolbar/setNavigationOnClickListener:(Landroid/view/View$OnClickListener;)V:2b75de  =>  android.view.View/setOnClickListener:(Landroid/view/View$OnClickListener;)V:1bf5f8
	1:compareBackwardBranch: 1:922 : <<BRANCH>> : com.obs.android.shared.CBSApplication/a:(Landroid/content/Context;)Z:37dfdc  =>  com.obs.android.shared.CBSApplication/a:(Landroid/content/Context;)Z:37dfd6
android.view.View/setOnClickListener:(Landroid/view/View$OnClickListener;)V:2ac1f2		=(rels)=>		1
[*] Unique action: 1:113676 : <<CALL>> : androidx.appcompat.app.AppCompatViewInflater/checkOnClickListener:(Landroid/view/View;Landroid/util/AttributeSet;)V:2ac1f2  =>  android.view.View/setOnClickListener:(Landroid/view/View$OnClickListener;)V:1bf5f8
	1:compareBackwardBranch: 1:1067 : <<BRANCH>> : e.g.a.b.z0.a/a:(Landroid/content/Context;)Z:401882  =>  e.g.a.b.z0.a/a:(Landroid/content/Context;)Z:40187c
android.widget.TextView/setText:(Ljava/lang/CharSequence;)V:395d8c		=(rels)=>		1
[*] Unique action: 1:87667 : <<CALL>> : com.obs.mobile_tablet.MainActivity/onCreateView:(Landroid/view/LayoutInflater;Landroid/view/ViewGroup;Landroid/os/Bundle;)Landroid/view/View;:395d8c  =>  android.widget.TextView/setText:(Ljava/lang/CharSequence;)V:29ee34
	1:compareBackwardBranch: 1:79183 : <<BRANCH>> : com.obs.android.shared.CBSApplication/a:(Landroid/content/Context;)Z:37dfdc  =>  com.obs.android.shared.CBSApplication/a:(Landroid/content/Context;)Z:37dfd6
android.view.View/setOnClickListener:(Landroid/view/View$OnClickListener;)V:395da0		=(rels)=>		1
[*] Unique action: 1:87675 : <<CALL>> : com.obs.mobile_tablet.MainActivity/onCreateView:(Landroid/view/LayoutInflater;Landroid/view/ViewGroup;Landroid/os/Bundle;)Landroid/view/View;:395da0  =>  android.view.View/setOnClickListener:(Landroid/view/View$OnClickListener;)V:1bf5f8
[*] FlowManager: adjust finished.
Action is completely same :)
Action is completely same :)
46604b9f: There is no difference. (tryAgain=false)
	1:compareBackwardBranch: 1:1067 : <<BRANCH>> : e.g.a.b.z0.a/a:(Landroid/content/Context;)Z:401882  =>  e.g.a.b.z0.a/a:(Landroid/content/Context;)Z:40187c
android.view.ViewGroup/addView:(Landroid/view/View;)V:37c562		=(rels)=>		1
[*] Unique action: 1:30329 : <<CALL>> : com.obs.android.messenger.MainActivity/onCreate:(Landroid/os/Bundle;)V:37c562  =>  android.view.ViewGroup/addView:(Landroid/view/View;)V:19596c
	1:compareBackwardBranch: 1:1067 : <<BRANCH>> : e.g.a.b.z0.a/a:(Landroid/content/Context;)Z:401882  =>  e.g.a.b.z0.a/a:(Landroid/content/Context;)Z:40187c
android.widget.EditText/getText:()Landroid/text/Editable;:269770		=(rels)=>		1
[*] Unique action: 1:120988 : <<CALL>> : a.b.p.j/getText:()Landroid/text/Editable;:269770  =>  android.widget.EditText/getText:()Landroid/text/Editable;:2330f8
	1:compareBackwardBranch: 1:79183 : <<BRANCH>> : com.obs.android.shared.CBSApplication/a:(Landroid/content/Context;)Z:37dfdc  =>  com.obs.android.shared.CBSApplication/a:(Landroid/content/Context;)Z:37dfd6
android.os.Handler/postDelayed:(Ljava/lang/Runnable;J)Z:424e38		=(rels)=>		1
[*] Unique action: 1:101062 : <<CALL>> : e.i.a.a/onActivityPaused:(Landroid/app/Activity;)V:424e38  =>  android.os.Handler/postDelayed:(Ljava/lang/Runnable;J)Z:30ca84
	1:compareBackwardBranch: 1:79183 : <<BRANCH>> : com.obs.android.shared.CBSApplication/a:(Landroid/content/Context;)Z:37dfdc  =>  com.obs.android.shared.CBSApplication/a:(Landroid/content/Context;)Z:37dfd6
android.view.ViewGroup/addView:(Landroid/view/View;Landroid/view/ViewGroup$LayoutParams;)V:2b5ad0		=(rels)=>		1
[*] Unique action: 1:28428 : <<CALL>> : androidx.appcompat.widget.Toolbar/a:(Landroid/view/View;Z)V:2b5ad0  =>  android.view.ViewGroup/addView:(Landroid/view/View;Landroid/view/ViewGroup$LayoutParams;)V:195988
	1:compareBackwardBranch: 1:922 : <<BRANCH>> : com.obs.android.shared.CBSApplication/a:(Landroid/content/Context;)Z:37dfdc  =>  com.obs.android.shared.CBSApplication/a:(Landroid/content/Context;)Z:37dfd6
android.view.View/setOnClickListener:(Landroid/view/View$OnClickListener;)V:3a4da6		=(rels)=>		1
[*] Unique action: 1:95767 : <<CALL>> : com.obs.mobile_tablet.navigation.MainNavigation_ViewBinding/<init>:(Lcom/obs/mobile_tablet/navigation/MainNavigation;Landroid/view/View;)V:3a4da6  =>  android.view.View/setOnClickListener:(Landroid/view/View$OnClickListener;)V:1bf5f8
	1:compareBackwardBranch: 1:1067 : <<BRANCH>> : e.g.a.b.z0.a/a:(Landroid/content/Context;)Z:401882  =>  e.g.a.b.z0.a/a:(Landroid/content/Context;)Z:40187c
android.view.View/setOnClickListener:(Landroid/view/View$OnClickListener;)V:3a4dcc		=(rels)=>		1
[*] Unique action: 1:95777 : <<CALL>> : com.obs.mobile_tablet.navigation.MainNavigation_ViewBinding/<init>:(Lcom/obs/mobile_tablet/navigation/MainNavigation;Landroid/view/View;)V:3a4dcc  =>  android.view.View/setOnClickListener:(Landroid/view/View$OnClickListener;)V:1bf5f8
	1:compareBackwardBranch: 1:79183 : <<BRANCH>> : com.obs.android.shared.CBSApplication/a:(Landroid/content/Context;)Z:37dfdc  =>  com.obs.android.shared.CBSApplication/a:(Landroid/content/Context;)Z:37dfd6
android.widget.TextView/setText:(Ljava/lang/CharSequence;)V:2b7894		=(rels)=>		1
[*] Unique action: 1:28437 : <<CALL>> : androidx.appcompat.widget.Toolbar/setTitle:(Ljava/lang/CharSequence;)V:2b7894  =>  android.widget.TextView/setText:(Ljava/lang/CharSequence;)V:29ee34
	1:compareBackwardBranch: 1:922 : <<BRANCH>> : com.obs.android.shared.CBSApplication/a:(Landroid/content/Context;)Z:37dfdc  =>  com.obs.android.shared.CBSApplication/a:(Landroid/content/Context;)Z:37dfd6
android.widget.TextView/setText:(Ljava/lang/CharSequence;)V:396346		=(rels)=>		1
[*] Unique action: 1:99510 : <<CALL>> : com.obs.mobile_tablet.MainActivity/permissionsUpdate:(Le/g/b/f/a/m;)V:396346  =>  android.widget.TextView/setText:(Ljava/lang/CharSequence;)V:29ee34
	1:compareBackwardBranch: 1:1067 : <<BRANCH>> : e.g.a.b.z0.a/a:(Landroid/content/Context;)Z:401882  =>  e.g.a.b.z0.a/a:(Landroid/content/Context;)Z:40187c
org.apache.http.impl.client.DefaultHttpClient/<init>:(Lorg/apache/http/conn/ClientConnectionManager;Lorg/apache/http/params/HttpParams;)V:46133e		=(rels)=>		1
[*] Unique action: 1:29621 : <<CALL>> : k.f.a.b.a/<init>:()V:46133e  =>  org.apache.http.impl.client.DefaultHttpClient/<init>:(Lorg/apache/http/conn/ClientConnectionManager;Lorg/apache/http/params/HttpParams;)V:31acc
	1:compareBackwardBranch: 1:1067 : <<BRANCH>> : e.g.a.b.z0.a/a:(Landroid/content/Context;)Z:401882  =>  e.g.a.b.z0.a/a:(Landroid/content/Context;)Z:40187c
android.view.View/setOnClickListener:(Landroid/view/View$OnClickListener;)V:2ac1f2		=(rels)=>		1
[*] Unique action: 1:113676 : <<CALL>> : androidx.appcompat.app.AppCompatViewInflater/checkOnClickListener:(Landroid/view/View;Landroid/util/AttributeSet;)V:2ac1f2  =>  android.view.View/setOnClickListener:(Landroid/view/View$OnClickListener;)V:1bf5f8
	1:compareBackwardBranch: 1:79183 : <<BRANCH>> : com.obs.android.shared.CBSApplication/a:(Landroid/content/Context;)Z:37dfdc  =>  com.obs.android.shared.CBSApplication/a:(Landroid/content/Context;)Z:37dfd6
android.widget.TextView/setText:(Ljava/lang/CharSequence;)V:3960e6		=(rels)=>		1
[*] Unique action: 1:88455 : <<CALL>> : com.obs.mobile_tablet.MainActivity/onCreateView:(Landroid/view/LayoutInflater;Landroid/view/ViewGroup;Landroid/os/Bundle;)Landroid/view/View;:3960e6  =>  android.widget.TextView/setText:(Ljava/lang/CharSequence;)V:29ee34
	1:compareBackwardBranch: 1:1067 : <<BRANCH>> : e.g.a.b.z0.a/a:(Landroid/content/Context;)Z:401882  =>  e.g.a.b.z0.a/a:(Landroid/content/Context;)Z:40187c
android.view.View/setOnClickListener:(Landroid/view/View$OnClickListener;)V:395da0		=(rels)=>		1
	1:compareBackwardBranch: 1:79183 : <<BRANCH>> : com.obs.android.shared.CBSApplication/a:(Landroid/content/Context;)Z:37dfdc  =>  com.obs.android.shared.CBSApplication/a:(Landroid/content/Context;)Z:37dfd6
java.lang.System/exit:(I)V:37e96a		=(rels)=>		1
[*] Unique action: 1:620 : <<CALL>> : com.obs.android.shared.CBSApplication/b:()V:37e96a  =>  java.lang.System/exit:(I)V:ea908
[*] Unique action: 1:87675 : <<CALL>> : com.obs.mobile_tablet.MainActivity/onCreateView:(Landroid/view/LayoutInflater;Landroid/view/ViewGroup;Landroid/os/Bundle;)Landroid/view/View;:395da0  =>  android.view.View/setOnClickListener:(Landroid/view/View$OnClickListener;)V:1bf5f8
	1:compareBackwardBranch2: 1:922 : <<BRANCH>> : com.obs.android.shared.CBSApplication/a:(Landroid/content/Context;)Z:37dfdc  =>  com.obs.android.shared.CBSApplication/a:(Landroid/content/Context;)Z:37dfd6
Entry: 37d5b0
com.obs.android.shared.CBSApplication/a:(Landroid/content/Context;)Z: 37dfdc -> 37dfd6
		com.obs.android.shared.CBSApplication/a:(Landroid/content/Context;)Z: a2c -> a26
addPatchReadme: java.lang.Class<com.obs.android.shared.CBSApplication>a(Landroid/content/Context;)Z a2c t
b29e6a69: [+] Patches found in this round: 1
b29e6a69: [*] Found Patch size: 1
Target PID : 
ExitReason-Code: 6 (/home/santapark/Extended3/DEEPerence/reEx/devRoot_com.obs.android.olm.tbk.prod.obfuscated_flattened.ilog)
b29e6a69: 	@@@Found patch addr: 37dfec
b29e6a69: Querying offset: 37dfdc
b29e6a69: 	--Add method name to patch = com.obs.android.shared.CBSApplication/a:(Landroid/content/Context;)Z 	37dfdc
	1:compareBackwardBranch: 1:1067 : <<BRANCH>> : e.g.a.b.z0.a/a:(Landroid/content/Context;)Z:401882  =>  e.g.a.b.z0.a/a:(Landroid/content/Context;)Z:40187c
android.os.Handler/postDelayed:(Ljava/lang/Runnable;J)Z:424e38		=(rels)=>		1
[*] Unique action: 1:101062 : <<CALL>> : e.i.a.a/onActivityPaused:(Landroid/app/Activity;)V:424e38  =>  android.os.Handler/postDelayed:(Ljava/lang/Runnable;J)Z:30ca84
	1:compareBackwardBranch: 1:1067 : <<BRANCH>> : e.g.a.b.z0.a/a:(Landroid/content/Context;)Z:401882  =>  e.g.a.b.z0.a/a:(Landroid/content/Context;)Z:40187c
android.view.ViewGroup/addView:(Landroid/view/View;Landroid/view/ViewGroup$LayoutParams;)V:2b5ad0		=(rels)=>		1
[*] Unique action: 1:28428 : <<CALL>> : androidx.appcompat.widget.Toolbar/a:(Landroid/view/View;Z)V:2b5ad0  =>  android.view.ViewGroup/addView:(Landroid/view/View;Landroid/view/ViewGroup$LayoutParams;)V:195988
	1:compareBackwardBranch: 1:1067 : <<BRANCH>> : e.g.a.b.z0.a/a:(Landroid/content/Context;)Z:401882  =>  e.g.a.b.z0.a/a:(Landroid/content/Context;)Z:40187c
android.view.View/setOnClickListener:(Landroid/view/View$OnClickListener;)V:3a4da6		=(rels)=>		1
[*] Unique action: 1:95767 : <<CALL>> : com.obs.mobile_tablet.navigation.MainNavigation_ViewBinding/<init>:(Lcom/obs/mobile_tablet/navigation/MainNavigation;Landroid/view/View;)V:3a4da6  =>  android.view.View/setOnClickListener:(Landroid/view/View$OnClickListener;)V:1bf5f8
	1:compareBackwardBranch: 1:1067 : <<BRANCH>> : e.g.a.b.z0.a/a:(Landroid/content/Context;)Z:401882  =>  e.g.a.b.z0.a/a:(Landroid/content/Context;)Z:40187c
android.widget.TextView/setText:(Ljava/lang/CharSequence;)V:2b7894		=(rels)=>		1
[*] Unique action: 1:28437 : <<CALL>> : androidx.appcompat.widget.Toolbar/setTitle:(Ljava/lang/CharSequence;)V:2b7894  =>  android.widget.TextView/setText:(Ljava/lang/CharSequence;)V:29ee34
	1:compareBackwardBranch: 1:1067 : <<BRANCH>> : e.g.a.b.z0.a/a:(Landroid/content/Context;)Z:401882  =>  e.g.a.b.z0.a/a:(Landroid/content/Context;)Z:40187c
android.widget.TextView/setText:(Ljava/lang/CharSequence;)V:396346		=(rels)=>		1
[*] Unique action: 1:99510 : <<CALL>> : com.obs.mobile_tablet.MainActivity/permissionsUpdate:(Le/g/b/f/a/m;)V:396346  =>  android.widget.TextView/setText:(Ljava/lang/CharSequence;)V:29ee34
	1:compareBackwardBranch: 1:1067 : <<BRANCH>> : e.g.a.b.z0.a/a:(Landroid/content/Context;)Z:401882  =>  e.g.a.b.z0.a/a:(Landroid/content/Context;)Z:40187c
android.widget.TextView/setText:(Ljava/lang/CharSequence;)V:3960e6		=(rels)=>		1
[*] Unique action: 1:88455 : <<CALL>> : com.obs.mobile_tablet.MainActivity/onCreateView:(Landroid/view/LayoutInflater;Landroid/view/ViewGroup;Landroid/os/Bundle;)Landroid/view/View;:3960e6  =>  android.widget.TextView/setText:(Ljava/lang/CharSequence;)V:29ee34
	1:compareBackwardBranch: 1:1067 : <<BRANCH>> : e.g.a.b.z0.a/a:(Landroid/content/Context;)Z:401882  =>  e.g.a.b.z0.a/a:(Landroid/content/Context;)Z:40187c
java.lang.System/exit:(I)V:37e96a		=(rels)=>		1
[*] Unique action: 1:1104 : <<CALL>> : com.obs.android.shared.CBSApplication/b:()V:37e96a  =>  java.lang.System/exit:(I)V:ea908
	1:compareBackwardBranch2: 1:1067 : <<BRANCH>> : e.g.a.b.z0.a/a:(Landroid/content/Context;)Z:401882  =>  e.g.a.b.z0.a/a:(Landroid/content/Context;)Z:40187c
Entry: 4016e4
e.g.a.b.z0.a/a:(Landroid/content/Context;)Z: 401882 -> 40187c
		e.g.a.b.z0.a/a:(Landroid/content/Context;)Z: 19e -> 198
addPatchReadme: java.lang.Class<e.g.a.b.z0.a>a(Landroid/content/Context;)Z 19e t
159ceeed: [+] Patches found in this round: 1
159ceeed: [*] Found Patch size: 1
Target PID : 
ExitReason-Code: 6 (/home/santapark/Extended3/DEEPerence/reEx/devDebug_com.obs.android.olm.tbk.prod.obfuscated_flattened.ilog)
159ceeed: 	@@@Found patch addr: 401892
159ceeed: Querying offset: 401882
159ceeed: 	--Add method name to patch = e.g.a.b.z0.a/a:(Landroid/content/Context;)Z 	401882
Devices presenting anti-analysis: 
	devRoot
	devDebug
b29e6a69: patching method: com.obs.android.shared.CBSApplication/a:(Landroid/content/Context;)Z
b29e6a69: outDir - /home/santapark/Extended3/DEEPerence/reEx/com.obs.android.olm.tbk.prod.apk.obfuscated_flattened_devRoot
Wow!!!!!  --  com.obs.android.shared.CBSApplication/a:(Landroid/content/Context;)Z
fallthrough: a30
branchTarget: a26
label = cond_15
GOTO -- a30 	a26
axmlPath: /home/santapark/Extended3/DEEPerence/reEx/com.obs.android.olm.tbk.prod.apk.obfuscated_flattened_devRoot/AndroidManifest.xml
outDir: /home/santapark/Extended3/DEEPerence/reEx/com.obs.android.olm.tbk.prod.apk.obfuscated_flattened_devRoot/com.obs.android.olm.tbk.prod.apk.obfuscated_flattened.apk
b29e6a69: Patched APK File: /home/santapark/Extended3/DEEPerence/reEx/com.obs.android.olm.tbk.prod.apk.obfuscated_flattened_devRoot/signed_com.obs.android.olm.tbk.prod.apk.obfuscated_flattened.apk
b29e6a69: First address of Lcom/obs/android/shared/CBSApplication;->a(Landroid/content/Context;)Z = 37d5c0
b29e6a69: Address - Lcom/obs/android/shared/CBSApplication;->a(Landroid/content/Context;)Z@a2c	 lastOffset = 1314
b29e6a69: Instruction@@: IF_NEZ
159ceeed: patching method: e.g.a.b.z0.a/a:(Landroid/content/Context;)Z
159ceeed: outDir - /home/santapark/Extended3/DEEPerence/reEx/com.obs.android.olm.tbk.prod.apk.obfuscated_flattened_devDebug
Wow!!!!!  --  e.g.a.b.z0.a/a:(Landroid/content/Context;)Z
fallthrough: 1a2
branchTarget: 198
label = cond_1
GOTO -- 1a2 	198
axmlPath: /home/santapark/Extended3/DEEPerence/reEx/com.obs.android.olm.tbk.prod.apk.obfuscated_flattened_devDebug/AndroidManifest.xml
outDir: /home/santapark/Extended3/DEEPerence/reEx/com.obs.android.olm.tbk.prod.apk.obfuscated_flattened_devDebug/com.obs.android.olm.tbk.prod.apk.obfuscated_flattened.apk
159ceeed: Patched APK File: /home/santapark/Extended3/DEEPerence/reEx/com.obs.android.olm.tbk.prod.apk.obfuscated_flattened_devDebug/signed_com.obs.android.olm.tbk.prod.apk.obfuscated_flattened.apk
159ceeed: First address of Le/g/a/b/z0/a;->a(Landroid/content/Context;)Z = 4016f4
159ceeed: Address - Le/g/a/b/z0/a;->a(Landroid/content/Context;)Z@19e	 lastOffset = 464
159ceeed: Instruction@@: IF_EQZ
b29e6a69: (Not Installed) Trying remove : true
159ceeed: (Not Installed) Trying remove : true
Installing apk: /home/santapark/Extended3/DEEPerence/reEx/com.obs.android.olm.tbk.prod.apk.obfuscated_flattened_devRoot/signed_com.obs.android.olm.tbk.prod.apk.obfuscated_flattened.apk
Installing apk: /home/santapark/Extended3/DEEPerence/reEx/com.obs.android.olm.tbk.prod.apk.obfuscated_flattened_devDebug/signed_com.obs.android.olm.tbk.prod.apk.obfuscated_flattened.apk
159ceeed: Installation Success
b29e6a69: Installation Success
b29e6a69: startApplication called! - devRoot
159ceeed: startApplication called! - devDebug
159ceeed: Collecting logcat... (/home/santapark/Extended3/DEEPerence/reEx/devDebug_com.obs.android.olm.tbk.prod.obfuscated_flattened.ilog)
b29e6a69: Collecting logcat... (/home/santapark/Extended3/DEEPerence/reEx/devRoot_com.obs.android.olm.tbk.prod.obfuscated_flattened.ilog)
b29e6a69: Running Application: com.obs.android.olm.tbk.prod
PIDs--------------------------------------------------------------------------
u0_a743        2995    423 14472376 108168 0                  0 R com.obs.android.olm.tbk.prod
forward tcp:35535 jdwp:2995
[*]Found JDWP Target: 2995
159ceeed: Running Application: com.obs.android.olm.tbk.prod
PIDs--------------------------------------------------------------------------
u0_a743        2995    423 14747236 156536 0                  0 S com.obs.android.olm.tbk.prod
159ceeed: Tryging attach jdb to 2995
jdb -connect com.sun.jdi.SocketAttach:hostname=localhost,port=35535
159ceeed: Running is done - starting comparing... : 10001
159ceeed: Terminated logcat thread...by itself
159ceeed: Top-activity: com.android.launcher3/.Launcher
PIDs--------------------------------------------------------------------------
159ceeed: savedPid = null
PIDs--------------------------------------------------------------------------
159ceeed: savedPid2 = null
Stopping app: com.obs.android.olm.tbk.prod
Tryging remove : uninstall com.obs.android.olm.tbk.prod(com.obs.android.olm.tbk.prod)
159ceeed: Remove Success
159ceeed: ilog file size: 41725925
159ceeed: End of collecting logcat...
b29e6a69: Terminated logcat thread...by itself
b29e6a69: Top-activity: com.obs.android.olm.tbk.prod/com.obs.android.shared.RegistrationActivity
PIDs--------------------------------------------------------------------------
u0_a415        9232    430 14896820 178160 0                  0 S com.obs.android.olm.tbk.prod
b29e6a69: savedPid = 9232
PIDs--------------------------------------------------------------------------
u0_a415        9232    430 14896820 178160 0                  0 S com.obs.android.olm.tbk.prod
b29e6a69: savedPid2 = 9232
Stopping app: com.obs.android.olm.tbk.prod
Tryging remove : uninstall com.obs.android.olm.tbk.prod(com.obs.android.olm.tbk.prod)
b29e6a69: Remove Success
b29e6a69: ilog file size: 89221771
b29e6a69: End of collecting logcat...
HPFinder's try count remains: 28
Target PID : 11631
Target PID : 11631
ExitReason-Code: 1 (/home/santapark/Extended3/DEEPerence/reEx/devRef_com.obs.android.olm.tbk.prod.obfuscated_flattened.ilog)
Target PID : 9232
ExitReason-Code: 1 (/home/santapark/Extended3/DEEPerence/reEx/devRef_com.obs.android.olm.tbk.prod.obfuscated_flattened.ilog)
Target PID : 
ExitReason-Code: 6 (/home/santapark/Extended3/DEEPerence/reEx/devDebug_com.obs.android.olm.tbk.prod.obfuscated_flattened.ilog)
159ceeed: adding filter -- 401882
ExitReason-Code: 1 (/home/santapark/Extended3/DEEPerence/reEx/devRoot_com.obs.android.olm.tbk.prod.obfuscated_flattened.ilog)
b29e6a69: adding filter -- 37dfdc
[*] FlowManager: adjust finished.
-- current localPatchFilter: 401882
Action is completely same :)
java.lang.System/exit:(I)V:37e96a		=(rels)=>		1
[*] Unique action: 17:236541 : <<CALL>> : com.obs.android.shared.CBSApplication/b:()V:37e96a  =>  java.lang.System/exit:(I)V:ea908
	1:compareBackwardBranch2: 14:1029 : <<BRANCH>> : e.g.a.b.z0.a$a/run:()V:401562  =>  e.g.a.b.z0.a$a/run:()V:401554
Entry: 40149c
e.g.a.b.z0.a$a/run:()V: 401562 -> 401554
		e.g.a.b.z0.a$a/run:()V: c6 -> b8
addPatchReadme: java.lang.Class<e.g.a.b.z0.a$a>run()V c6 t
159ceeed: [+] Patches found in this round: 1
159ceeed: [*] Found Patch size: 1
Target PID : 
ExitReason-Code: 6 (/home/santapark/Extended3/DEEPerence/reEx/devDebug_com.obs.android.olm.tbk.prod.obfuscated_flattened.ilog)
159ceeed: @@localPatchFilter -- 401892
159ceeed: 	@@@Found patch addr: 401572
159ceeed: Querying offset: 401562
159ceeed: 	--Add method name to patch = e.g.a.b.z0.a$a/run:()V 	401562
[*] FlowManager: adjust finished.
-- current localPatchFilter: 37dfdc
Action is completely same :)
Action is completely same :)
b29e6a69: There is no difference. (tryAgain=false)
Devices presenting anti-analysis: 
	devDebug
159ceeed: patching method: e.g.a.b.z0.a/a:(Landroid/content/Context;)Z
159ceeed: patching method: e.g.a.b.z0.a$a/run:()V
159ceeed: outDir - /home/santapark/Extended3/DEEPerence/reEx/com.obs.android.olm.tbk.prod.apk.obfuscated_flattened_devDebug
Wow!!!!!  --  e.g.a.b.z0.a/a:(Landroid/content/Context;)Z
fallthrough: 1a2
branchTarget: 198
label = cond_1
GOTO -- 1a2 	198
Wow!!!!!  --  e.g.a.b.z0.a$a/run:()V
fallthrough: ca
branchTarget: b8
label = cond_0
GOTO -- ca 	b8
axmlPath: /home/santapark/Extended3/DEEPerence/reEx/com.obs.android.olm.tbk.prod.apk.obfuscated_flattened_devDebug/AndroidManifest.xml
outDir: /home/santapark/Extended3/DEEPerence/reEx/com.obs.android.olm.tbk.prod.apk.obfuscated_flattened_devDebug/com.obs.android.olm.tbk.prod.apk.obfuscated_flattened.apk
159ceeed: Patched APK File: /home/santapark/Extended3/DEEPerence/reEx/com.obs.android.olm.tbk.prod.apk.obfuscated_flattened_devDebug/signed_com.obs.android.olm.tbk.prod.apk.obfuscated_flattened.apk
159ceeed: First address of Le/g/a/b/z0/a;->a(Landroid/content/Context;)Z = 4016f4
159ceeed: Address - Le/g/a/b/z0/a;->a(Landroid/content/Context;)Z@19e	 lastOffset = 464
159ceeed: Instruction@@: IF_EQZ
159ceeed: First address of Le/g/a/b/z0/a$a;->run()V = 4014ac
159ceeed: Address - Le/g/a/b/z0/a$a;->run()V@c6	 lastOffset = 164
159ceeed: Instruction@@: IF_EQZ
159ceeed: (Not Installed) Trying remove : true
Installing apk: /home/santapark/Extended3/DEEPerence/reEx/com.obs.android.olm.tbk.prod.apk.obfuscated_flattened_devDebug/signed_com.obs.android.olm.tbk.prod.apk.obfuscated_flattened.apk
159ceeed: Installation Success
159ceeed: startApplication called! - devDebug
159ceeed: Collecting logcat... (/home/santapark/Extended3/DEEPerence/reEx/devDebug_com.obs.android.olm.tbk.prod.obfuscated_flattened.ilog)
PIDs--------------------------------------------------------------------------
u0_a744        3130    423 14454932 108196 0                  0 R com.obs.android.olm.tbk.prod
forward tcp:35535 jdwp:3130
[*]Found JDWP Target: 3130
159ceeed: Running Application: com.obs.android.olm.tbk.prod
PIDs--------------------------------------------------------------------------
u0_a744        3130    423 14729792 156248 0                  0 S com.obs.android.olm.tbk.prod
159ceeed: Tryging attach jdb to 3130
jdb -connect com.sun.jdi.SocketAttach:hostname=localhost,port=35535
159ceeed: Running is done - starting comparing... : 10001
159ceeed: Terminated logcat thread...by itself
159ceeed: Top-activity: com.obs.android.olm.tbk.prod/com.obs.android.shared.RegistrationActivity
PIDs--------------------------------------------------------------------------
u0_a744        3130    423 14841204 189492 0                  0 S com.obs.android.olm.tbk.prod
159ceeed: savedPid = 3130
PIDs--------------------------------------------------------------------------
u0_a744        3130    423 14841204 189492 0                  0 S com.obs.android.olm.tbk.prod
159ceeed: savedPid2 = 3130
Stopping app: com.obs.android.olm.tbk.prod
Tryging remove : uninstall com.obs.android.olm.tbk.prod(com.obs.android.olm.tbk.prod)
159ceeed: Remove Success
159ceeed: ilog file size: 89192961
159ceeed: End of collecting logcat...
HPFinder's try count remains: 27
Target PID : 11631
ExitReason-Code: 1 (/home/santapark/Extended3/DEEPerence/reEx/devRef_com.obs.android.olm.tbk.prod.obfuscated_flattened.ilog)
Target PID : 3130
ExitReason-Code: 1 (/home/santapark/Extended3/DEEPerence/reEx/devDebug_com.obs.android.olm.tbk.prod.obfuscated_flattened.ilog)
159ceeed: adding filter -- 401882
159ceeed: adding filter -- 401562
[*] FlowManager: adjust finished.
-- current localPatchFilter: 401882
-- current localPatchFilter: 401562
Action is completely same :)
Action is completely same :)
159ceeed: There is no difference. (tryAgain=false)
-- HPFinder will be done in this iteration :)
hasAntiAnalysis? - devTamper: false on com.obs.android.messenger.MainActivity
hasAntiAnalysis? - devRoot: true on com.obs.android.messenger.MainActivity
	isRemovedThem? - devRoot: true on com.obs.android.messenger.MainActivity	-	tryCount: 1
hasAntiAnalysis? - devDebug: true on com.obs.android.messenger.MainActivity
	isRemovedThem? - devDebug: true on com.obs.android.messenger.MainActivity	-	tryCount: 2
*****REPORT: com.obs.android.olm.tbk.prod
* Package name: com.obs.android.olm.tbk.prod
* Running time: 481
* FileSize: 11175585
devTamper : 89458303
devRef : 89412339
devRoot : 89221771
devDebug : 89192961
hasAntiAnalysis? - devTamper: false on com.obs.android.messenger.MainActivity
hasAntiAnalysis? - devRoot: true on com.obs.android.messenger.MainActivity
	isRemovedThem? - devRoot: true on com.obs.android.messenger.MainActivity	-	tryCount: 1
hasAntiAnalysis? - devDebug: true on com.obs.android.messenger.MainActivity
	isRemovedThem? - devDebug: true on com.obs.android.messenger.MainActivity	-	tryCount: 2
46604b9f: trying remove : com.obs.android.olm.tbk.prod
3601a6ff: trying remove : com.obs.android.olm.tbk.prod
b29e6a69: trying remove : com.obs.android.olm.tbk.prod
159ceeed: trying remove : com.obs.android.olm.tbk.prod
46604b9f: (Not Installed) Trying remove : true
46604b9f: -- Success
46604b9f: result = true
159ceeed: (Not Installed) Trying remove : true
b29e6a69: (Not Installed) Trying remove : true
159ceeed: -- Success
159ceeed: result = true
b29e6a69: -- Success
b29e6a69: result = true
3601a6ff: (Not Installed) Trying remove : true
3601a6ff: -- Success
3601a6ff: result = true
3601a6ff: isFailedToLaunch: com.obs.android.olm.tbk.prod/com.obs.android.shared.RegistrationActivity
3601a6ff: 	--result: Good :)
