axmlPath: /home/santapark/Extended3/DEEPerence/reEx/com.obs.android.olm.northwest.prod.apk.obfuscated_flattened/AndroidManifest.xml
launchable-activity: name='com.obs.android.messenger.MainActivity'  label='' icon=''
{ACTIVITY, com.obs.android.messenger.MainActivity, android.intent.action.MAIN}
{ACTIVITY, com.obs.mobile_tablet.components.CheckImageActivity}
{ACTIVITY, com.obs.mobile_tablet.transactions.deposits.DepositsCaptureImageActivity}
{ACTIVITY, com.obs.android.shared.RegistrationActivity}
{ACTIVITY, com.obs.android.messenger.MainActivity, android.intent.action.MAIN}
{ACTIVITY, com.obs.mobile_tablet.components.CheckImageActivity}
{ACTIVITY, com.obs.mobile_tablet.transactions.deposits.DepositsCaptureImageActivity}
{ACTIVITY, com.obs.android.shared.RegistrationActivity}
_getAllDexFiles: /home/santapark/Extended3/DEEPerence/reEx/com.obs.android.olm.northwest.prod.apk.obfuscated_flattened/classes.dex
----------------/home/santapark/Extended3/DEEPerence/reEx/com.obs.android.olm.northwest.prod.apk.obfuscated_flattened.apk
dexFile = org.jf.dexlib2.dexbacked.DexBackedDexFile@379c4308
com.obs.android.olm.northwest.prod
com.obs.android.messenger.MainActivity
debuggable: false
b29e6a69: (Not Installed) Trying remove : true
b29e6a69: -- Success
159ceeed: (Not Installed) Trying remove : true
159ceeed: -- Success
46604b9f: (Not Installed) Trying remove : true
46604b9f: -- Success
3601a6ff: (Not Installed) Trying remove : true
3601a6ff: -- Success
Installing apk: /home/santapark/Extended3/DEEPerence/reEx/com.obs.android.olm.northwest.prod.apk.obfuscated_flattened.apk
Installing apk: /home/santapark/Extended3/DEEPerence/reEx/com.obs.android.olm.northwest.prod.apk.obfuscated_flattened.apk
Installing apk: /home/santapark/Extended3/DEEPerence/reEx/com.obs.android.olm.northwest.prod.apk.obfuscated_flattened.apk
axmlPath: /home/santapark/Extended3/DEEPerence/reEx/com.obs.android.olm.northwest.prod.apk.obfuscated_flattened_46604b9f/AndroidManifest.xml
outDir: /home/santapark/Extended3/DEEPerence/reEx/com.obs.android.olm.northwest.prod.apk.obfuscated_flattened_46604b9f/com.obs.android.olm.northwest.prod.apk.obfuscated_flattened.apk
46604b9f: Installing repackaged apk File: 
Installing apk: /home/santapark/Extended3/DEEPerence/reEx/com.obs.android.olm.northwest.prod.apk.obfuscated_flattened_46604b9f/signed_com.obs.android.olm.northwest.prod.apk.obfuscated_flattened.apk
159ceeed: Installation Success
3601a6ff: Installation Success
b29e6a69: Installation Success
46604b9f: Installation Success
46604b9f: startApplication called! - devTamper
3601a6ff: startApplication called! - devRef
b29e6a69: startApplication called! - devRoot
159ceeed: startApplication called! - devDebug
b29e6a69: Collecting logcat... (/home/santapark/Extended3/DEEPerence/reEx/devRoot_com.obs.android.olm.northwest.prod.obfuscated_flattened.ilog)
3601a6ff: Collecting logcat... (/home/santapark/Extended3/DEEPerence/reEx/devRef_com.obs.android.olm.northwest.prod.obfuscated_flattened.ilog)
46604b9f: Collecting logcat... (/home/santapark/Extended3/DEEPerence/reEx/devTamper_com.obs.android.olm.northwest.prod.obfuscated_flattened.ilog)
159ceeed: Collecting logcat... (/home/santapark/Extended3/DEEPerence/reEx/devDebug_com.obs.android.olm.northwest.prod.obfuscated_flattened.ilog)
b29e6a69: Running Application: com.obs.android.olm.northwest.prod
3601a6ff: Running Application: com.obs.android.olm.northwest.prod
46604b9f: Running Application: com.obs.android.olm.northwest.prod
PIDs--------------------------------------------------------------------------
u0_a721       26118    423 14399284 97036 0                   0 R com.obs.android.olm.northwest.prod
forward tcp:35535 jdwp:26118
[*]Found JDWP Target: 26118
159ceeed: Running Application: com.obs.android.olm.northwest.prod
PIDs--------------------------------------------------------------------------
b29e6a69: Terminated logcat thread...by itself
3601a6ff: Terminated logcat thread...by itself
46604b9f: Terminated logcat thread...by itself
46604b9f: Top-activity: com.obs.android.olm.northwest.prod/com.obs.android.shared.RegistrationActivity
PIDs--------------------------------------------------------------------------
u0_a296        6866    425 14268216 169856 0                  0 S com.obs.android.olm.northwest.prod
46604b9f: savedPid = 6866
PIDs--------------------------------------------------------------------------
u0_a296        6866    425 14268216 169856 0                  0 S com.obs.android.olm.northwest.prod
46604b9f: savedPid2 = 6866
Stopping app: com.obs.android.olm.northwest.prod
3601a6ff: Top-activity: com.obs.android.olm.northwest.prod/com.obs.android.shared.RegistrationActivity
PIDs--------------------------------------------------------------------------
u0_a352       10596    414 14150420 170292 0                  0 S com.obs.android.olm.northwest.prod
3601a6ff: savedPid = 10596
PIDs--------------------------------------------------------------------------
u0_a352       10596    414 14150420 170292 0                  0 S com.obs.android.olm.northwest.prod
3601a6ff: savedPid2 = 10596
Stopping app: com.obs.android.olm.northwest.prod
b29e6a69: Top-activity: com.obs.android.olm.northwest.prod/com.obs.android.messenger.MainActivity
PIDs--------------------------------------------------------------------------
b29e6a69: savedPid = null
PIDs--------------------------------------------------------------------------
b29e6a69: savedPid2 = null
Stopping app: com.obs.android.olm.northwest.prod
159ceeed: Terminated logcat thread...by itself
159ceeed: Top-activity: com.obs.android.olm.northwest.prod/com.obs.android.messenger.MainActivity
PIDs--------------------------------------------------------------------------
159ceeed: savedPid = null
PIDs--------------------------------------------------------------------------
159ceeed: savedPid2 = null
Stopping app: com.obs.android.olm.northwest.prod
Tryging remove : uninstall com.obs.android.olm.northwest.prod(com.obs.android.olm.northwest.prod)
46604b9f: Remove Success
46604b9f: ilog file size: 112502460
46604b9f: End of collecting logcat...
Tryging remove : uninstall com.obs.android.olm.northwest.prod(com.obs.android.olm.northwest.prod)
3601a6ff: Remove Success
3601a6ff: ilog file size: 183640771
3601a6ff: End of collecting logcat...
Tryging remove : uninstall com.obs.android.olm.northwest.prod(com.obs.android.olm.northwest.prod)
b29e6a69: Remove Success
b29e6a69: ilog file size: 51785382
b29e6a69: End of collecting logcat...
Tryging remove : uninstall com.obs.android.olm.northwest.prod(com.obs.android.olm.northwest.prod)
159ceeed: Remove Success
159ceeed: ilog file size: 60981901
159ceeed: End of collecting logcat...
HPFinder's try count remains: 29
Target PID : 10596
Target PID : 10596
Target PID : 10596
ExitReason-Code: 1 (/home/santapark/Extended3/DEEPerence/reEx/devRef_com.obs.android.olm.northwest.prod.obfuscated_flattened.ilog)
Target PID : 
ExitReason-Code: 1 (/home/santapark/Extended3/DEEPerence/reEx/devRef_com.obs.android.olm.northwest.prod.obfuscated_flattened.ilog)
Target PID : 6866
ExitReason-Code: 1 (/home/santapark/Extended3/DEEPerence/reEx/devRef_com.obs.android.olm.northwest.prod.obfuscated_flattened.ilog)
Target PID : 
ExitReason-Code: 6 (/home/santapark/Extended3/DEEPerence/reEx/devRoot_com.obs.android.olm.northwest.prod.obfuscated_flattened.ilog)
ExitReason-Code: 6 (/home/santapark/Extended3/DEEPerence/reEx/devDebug_com.obs.android.olm.northwest.prod.obfuscated_flattened.ilog)
[*] FlowManager: adjust finished.
[GOOD]: Anti-analysis is identified! :) -- 1 --devRoot
android.widget.TextView/setText:(Ljava/lang/CharSequence;)V:3732f6		=(rels)=>		1
[*] Unique action: 1:100305 : <<CALL>> : com.obs.mobile_tablet.MainActivity/permissionsUpdate:(Lcom/obs/mobile_core/b/a/k;)V:3732f6  =>  android.widget.TextView/setText:(Ljava/lang/CharSequence;)V:29ee34
[*] FlowManager: adjust finished.
[GOOD]: Anti-analysis is identified! :) -- 1 --devDebug
android.widget.TextView/setText:(Ljava/lang/CharSequence;)V:3732f6		=(rels)=>		1
[*] Unique action: 1:100305 : <<CALL>> : com.obs.mobile_tablet.MainActivity/permissionsUpdate:(Lcom/obs/mobile_core/b/a/k;)V:3732f6  =>  android.widget.TextView/setText:(Ljava/lang/CharSequence;)V:29ee34
ExitReason-Code: 1 (/home/santapark/Extended3/DEEPerence/reEx/devTamper_com.obs.android.olm.northwest.prod.obfuscated_flattened.ilog)
	1:compareBackwardBranch: 1:1134 : <<BRANCH>> : com.obs.android.shared.CBSApplication/b:(Landroid/content/Context;)Z:344e5c  =>  com.obs.android.shared.CBSApplication/b:(Landroid/content/Context;)Z:344e56
android.view.View/setOnClickListener:(Landroid/view/View$OnClickListener;)V:34e1f0		=(rels)=>		1
[*] Unique action: 1:118109 : <<CALL>> : com.obs.android.shared.RegistrationActivity$a/a:(Landroid/view/LayoutInflater;Landroid/view/ViewGroup;Landroid/os/Bundle;)Landroid/view/View;:34e1f0  =>  android.view.View/setOnClickListener:(Landroid/view/View$OnClickListener;)V:1bf5f8
	1:compareBackwardBranch: 1:1322 : <<BRANCH>> : com.obs.android.shared.a.a/a:(Landroid/content/Context;)Z:356880  =>  com.obs.android.shared.a.a/a:(Landroid/content/Context;)Z:35687a
android.view.View/setOnClickListener:(Landroid/view/View$OnClickListener;)V:34e1f0		=(rels)=>		1
[*] Unique action: 1:118109 : <<CALL>> : com.obs.android.shared.RegistrationActivity$a/a:(Landroid/view/LayoutInflater;Landroid/view/ViewGroup;Landroid/os/Bundle;)Landroid/view/View;:34e1f0  =>  android.view.View/setOnClickListener:(Landroid/view/View$OnClickListener;)V:1bf5f8
	1:compareBackwardBranch: 1:1134 : <<BRANCH>> : com.obs.android.shared.CBSApplication/b:(Landroid/content/Context;)Z:344e5c  =>  com.obs.android.shared.CBSApplication/b:(Landroid/content/Context;)Z:344e56
org.apache.http.impl.client.DefaultHttpClient/<init>:(Lorg/apache/http/conn/ClientConnectionManager;Lorg/apache/http/params/HttpParams;)V:3f82fa		=(rels)=>		1
[*] Unique action: 1:26816 : <<CALL>> : org.c.a.a.b/<init>:()V:3f82fa  =>  org.apache.http.impl.client.DefaultHttpClient/<init>:(Lorg/apache/http/conn/ClientConnectionManager;Lorg/apache/http/params/HttpParams;)V:31acc
	1:compareBackwardBranch: 1:1134 : <<BRANCH>> : com.obs.android.shared.CBSApplication/b:(Landroid/content/Context;)Z:344e5c  =>  com.obs.android.shared.CBSApplication/b:(Landroid/content/Context;)Z:344e56
android.widget.TextView/setText:(Ljava/lang/CharSequence;)V:351292		=(rels)=>		1
[*] Unique action: 1:116000 : <<CALL>> : com.obs.android.shared.RegistrationActivity$e/a:(Landroid/view/LayoutInflater;Landroid/view/ViewGroup;Landroid/os/Bundle;)Landroid/view/View;:351292  =>  android.widget.TextView/setText:(Ljava/lang/CharSequence;)V:29ee34
	1:compareBackwardBranch: 1:1322 : <<BRANCH>> : com.obs.android.shared.a.a/a:(Landroid/content/Context;)Z:356880  =>  com.obs.android.shared.a.a/a:(Landroid/content/Context;)Z:35687a
org.apache.http.impl.client.DefaultHttpClient/<init>:(Lorg/apache/http/conn/ClientConnectionManager;Lorg/apache/http/params/HttpParams;)V:3f82fa		=(rels)=>		1
[*] Unique action: 1:26816 : <<CALL>> : org.c.a.a.b/<init>:()V:3f82fa  =>  org.apache.http.impl.client.DefaultHttpClient/<init>:(Lorg/apache/http/conn/ClientConnectionManager;Lorg/apache/http/params/HttpParams;)V:31acc
	1:compareBackwardBranch: 1:1322 : <<BRANCH>> : com.obs.android.shared.a.a/a:(Landroid/content/Context;)Z:356880  =>  com.obs.android.shared.a.a/a:(Landroid/content/Context;)Z:35687a
android.widget.TextView/setText:(Ljava/lang/CharSequence;)V:351292		=(rels)=>		1
[*] Unique action: 1:116000 : <<CALL>> : com.obs.android.shared.RegistrationActivity$e/a:(Landroid/view/LayoutInflater;Landroid/view/ViewGroup;Landroid/os/Bundle;)Landroid/view/View;:351292  =>  android.widget.TextView/setText:(Ljava/lang/CharSequence;)V:29ee34
	1:compareBackwardBranch: 1:1134 : <<BRANCH>> : com.obs.android.shared.CBSApplication/b:(Landroid/content/Context;)Z:344e5c  =>  com.obs.android.shared.CBSApplication/b:(Landroid/content/Context;)Z:344e56
android.widget.TextView/setText:(Ljava/lang/CharSequence;)V:3729fe		=(rels)=>		1
[*] Unique action: 1:91642 : <<CALL>> : com.obs.mobile_tablet.MainActivity/a:(Landroid/view/LayoutInflater;Landroid/view/ViewGroup;Landroid/os/Bundle;)Landroid/view/View;:3729fe  =>  android.widget.TextView/setText:(Ljava/lang/CharSequence;)V:29ee34
	1:compareBackwardBranch: 1:1322 : <<BRANCH>> : com.obs.android.shared.a.a/a:(Landroid/content/Context;)Z:356880  =>  com.obs.android.shared.a.a/a:(Landroid/content/Context;)Z:35687a
android.widget.TextView/setText:(Ljava/lang/CharSequence;)V:3729fe		=(rels)=>		1
[*] Unique action: 1:91642 : <<CALL>> : com.obs.mobile_tablet.MainActivity/a:(Landroid/view/LayoutInflater;Landroid/view/ViewGroup;Landroid/os/Bundle;)Landroid/view/View;:3729fe  =>  android.widget.TextView/setText:(Ljava/lang/CharSequence;)V:29ee34
	1:compareBackwardBranch: 1:1134 : <<BRANCH>> : com.obs.android.shared.CBSApplication/b:(Landroid/content/Context;)Z:344e5c  =>  com.obs.android.shared.CBSApplication/b:(Landroid/content/Context;)Z:344e56
android.widget.TextView/setText:(Ljava/lang/CharSequence;)V:37295e		=(rels)=>		1
[*] Unique action: 1:91623 : <<CALL>> : com.obs.mobile_tablet.MainActivity/a:(Landroid/view/LayoutInflater;Landroid/view/ViewGroup;Landroid/os/Bundle;)Landroid/view/View;:37295e  =>  android.widget.TextView/setText:(Ljava/lang/CharSequence;)V:29ee34
	1:compareBackwardBranch: 1:1322 : <<BRANCH>> : com.obs.android.shared.a.a/a:(Landroid/content/Context;)Z:356880  =>  com.obs.android.shared.a.a/a:(Landroid/content/Context;)Z:35687a
android.widget.TextView/setText:(Ljava/lang/CharSequence;)V:37295e		=(rels)=>		1
[*] Unique action: 1:91623 : <<CALL>> : com.obs.mobile_tablet.MainActivity/a:(Landroid/view/LayoutInflater;Landroid/view/ViewGroup;Landroid/os/Bundle;)Landroid/view/View;:37295e  =>  android.widget.TextView/setText:(Ljava/lang/CharSequence;)V:29ee34
	1:compareBackwardBranch: 1:1134 : <<BRANCH>> : com.obs.android.shared.CBSApplication/b:(Landroid/content/Context;)Z:344e5c  =>  com.obs.android.shared.CBSApplication/b:(Landroid/content/Context;)Z:344e56
android.view.View/setOnClickListener:(Landroid/view/View$OnClickListener;)V:390e50		=(rels)=>		1
[*] Unique action: 1:97910 : <<CALL>> : com.obs.mobile_tablet.navigation.MainNavigation_ViewBinding/<init>:(Lcom/obs/mobile_tablet/navigation/MainNavigation;Landroid/view/View;)V:390e50  =>  android.view.View/setOnClickListener:(Landroid/view/View$OnClickListener;)V:1bf5f8
	1:compareBackwardBranch: 1:1322 : <<BRANCH>> : com.obs.android.shared.a.a/a:(Landroid/content/Context;)Z:356880  =>  com.obs.android.shared.a.a/a:(Landroid/content/Context;)Z:35687a
android.view.View/setOnClickListener:(Landroid/view/View$OnClickListener;)V:390e50		=(rels)=>		1
[*] Unique action: 1:97910 : <<CALL>> : com.obs.mobile_tablet.navigation.MainNavigation_ViewBinding/<init>:(Lcom/obs/mobile_tablet/navigation/MainNavigation;Landroid/view/View;)V:390e50  =>  android.view.View/setOnClickListener:(Landroid/view/View$OnClickListener;)V:1bf5f8
	1:compareBackwardBranch: 1:1134 : <<BRANCH>> : com.obs.android.shared.CBSApplication/b:(Landroid/content/Context;)Z:344e5c  =>  com.obs.android.shared.CBSApplication/b:(Landroid/content/Context;)Z:344e56
android.widget.TextView/setText:(Ljava/lang/CharSequence;)V:28f2c2		=(rels)=>		1
[*] Unique action: 1:25564 : <<CALL>> : android.support.v7.widget.Toolbar/setTitle:(Ljava/lang/CharSequence;)V:28f2c2  =>  android.widget.TextView/setText:(Ljava/lang/CharSequence;)V:29ee34
	1:compareBackwardBranch: 1:1134 : <<BRANCH>> : com.obs.android.shared.CBSApplication/b:(Landroid/content/Context;)Z:344e5c  =>  com.obs.android.shared.CBSApplication/b:(Landroid/content/Context;)Z:344e56
android.view.ViewGroup/addView:(Landroid/view/View;)V:34255e		=(rels)=>		1
[*] Unique action: 1:27402 : <<CALL>> : com.obs.android.messenger.MainActivity/onCreate:(Landroid/os/Bundle;)V:34255e  =>  android.view.ViewGroup/addView:(Landroid/view/View;)V:19596c
	1:compareBackwardBranch: 1:1322 : <<BRANCH>> : com.obs.android.shared.a.a/a:(Landroid/content/Context;)Z:356880  =>  com.obs.android.shared.a.a/a:(Landroid/content/Context;)Z:35687a
android.widget.TextView/setText:(Ljava/lang/CharSequence;)V:28f2c2		=(rels)=>		1
[*] Unique action: 1:25564 : <<CALL>> : android.support.v7.widget.Toolbar/setTitle:(Ljava/lang/CharSequence;)V:28f2c2  =>  android.widget.TextView/setText:(Ljava/lang/CharSequence;)V:29ee34
	1:compareBackwardBranch: 1:1134 : <<BRANCH>> : com.obs.android.shared.CBSApplication/b:(Landroid/content/Context;)Z:344e5c  =>  com.obs.android.shared.CBSApplication/b:(Landroid/content/Context;)Z:344e56
android.view.ViewGroup/addView:(Landroid/view/View;ILandroid/view/ViewGroup$LayoutParams;)V:237f28		=(rels)=>		1
[*] Unique action: 1:26533 : <<CALL>> : android.support.constraint.ConstraintLayout/addView:(Landroid/view/View;ILandroid/view/ViewGroup$LayoutParams;)V:237f28  =>  android.view.ViewGroup/addView:(Landroid/view/View;ILandroid/view/ViewGroup$LayoutParams;)V:1959fc
	1:compareBackwardBranch: 1:1322 : <<BRANCH>> : com.obs.android.shared.a.a/a:(Landroid/content/Context;)Z:356880  =>  com.obs.android.shared.a.a/a:(Landroid/content/Context;)Z:35687a
android.view.ViewGroup/addView:(Landroid/view/View;)V:34255e		=(rels)=>		1
[*] Unique action: 1:27402 : <<CALL>> : com.obs.android.messenger.MainActivity/onCreate:(Landroid/os/Bundle;)V:34255e  =>  android.view.ViewGroup/addView:(Landroid/view/View;)V:19596c
	1:compareBackwardBranch: 1:1134 : <<BRANCH>> : com.obs.android.shared.CBSApplication/b:(Landroid/content/Context;)Z:344e5c  =>  com.obs.android.shared.CBSApplication/b:(Landroid/content/Context;)Z:344e56
android.view.View/setOnClickListener:(Landroid/view/View$OnClickListener;)V:390d92		=(rels)=>		1
[*] Unique action: 1:97892 : <<CALL>> : com.obs.mobile_tablet.navigation.MainNavigation_ViewBinding/<init>:(Lcom/obs/mobile_tablet/navigation/MainNavigation;Landroid/view/View;)V:390d92  =>  android.view.View/setOnClickListener:(Landroid/view/View$OnClickListener;)V:1bf5f8
	1:compareBackwardBranch: 1:1322 : <<BRANCH>> : com.obs.android.shared.a.a/a:(Landroid/content/Context;)Z:356880  =>  com.obs.android.shared.a.a/a:(Landroid/content/Context;)Z:35687a
android.view.ViewGroup/addView:(Landroid/view/View;ILandroid/view/ViewGroup$LayoutParams;)V:237f28		=(rels)=>		1
[*] Unique action: 1:26533 : <<CALL>> : android.support.constraint.ConstraintLayout/addView:(Landroid/view/View;ILandroid/view/ViewGroup$LayoutParams;)V:237f28  =>  android.view.ViewGroup/addView:(Landroid/view/View;ILandroid/view/ViewGroup$LayoutParams;)V:1959fc
	1:compareBackwardBranch: 1:1322 : <<BRANCH>> : com.obs.android.shared.a.a/a:(Landroid/content/Context;)Z:356880  =>  com.obs.android.shared.a.a/a:(Landroid/content/Context;)Z:35687a
android.view.View/setOnClickListener:(Landroid/view/View$OnClickListener;)V:390d92		=(rels)=>		1
[*] Unique action: 1:97892 : <<CALL>> : com.obs.mobile_tablet.navigation.MainNavigation_ViewBinding/<init>:(Lcom/obs/mobile_tablet/navigation/MainNavigation;Landroid/view/View;)V:390d92  =>  android.view.View/setOnClickListener:(Landroid/view/View$OnClickListener;)V:1bf5f8
	1:compareBackwardBranch: 1:1134 : <<BRANCH>> : com.obs.android.shared.CBSApplication/b:(Landroid/content/Context;)Z:344e5c  =>  com.obs.android.shared.CBSApplication/b:(Landroid/content/Context;)Z:344e56
android.view.ViewGroup/addView:(Landroid/view/View;)V:2503c8		=(rels)=>		1
[*] Unique action: 1:91652 : <<CALL>> : android.support.v4.a.n/a:(Landroid/support/v4/a/h;IIIZ)V:2503c8  =>  android.view.ViewGroup/addView:(Landroid/view/View;)V:19596c
	1:compareBackwardBranch: 1:1322 : <<BRANCH>> : com.obs.android.shared.a.a/a:(Landroid/content/Context;)Z:356880  =>  com.obs.android.shared.a.a/a:(Landroid/content/Context;)Z:35687a
android.view.ViewGroup/addView:(Landroid/view/View;)V:2503c8		=(rels)=>		1
[*] Unique action: 1:91652 : <<CALL>> : android.support.v4.a.n/a:(Landroid/support/v4/a/h;IIIZ)V:2503c8  =>  android.view.ViewGroup/addView:(Landroid/view/View;)V:19596c
	1:compareBackwardBranch: 1:1134 : <<BRANCH>> : com.obs.android.shared.CBSApplication/b:(Landroid/content/Context;)Z:344e5c  =>  com.obs.android.shared.CBSApplication/b:(Landroid/content/Context;)Z:344e56
android.view.View/setOnClickListener:(Landroid/view/View$OnClickListener;)V:372738		=(rels)=>		1
[*] Unique action: 1:91162 : <<CALL>> : com.obs.mobile_tablet.MainActivity/a:(Landroid/view/LayoutInflater;Landroid/view/ViewGroup;Landroid/os/Bundle;)Landroid/view/View;:372738  =>  android.view.View/setOnClickListener:(Landroid/view/View$OnClickListener;)V:1bf5f8
	1:compareBackwardBranch: 1:1322 : <<BRANCH>> : com.obs.android.shared.a.a/a:(Landroid/content/Context;)Z:356880  =>  com.obs.android.shared.a.a/a:(Landroid/content/Context;)Z:35687a
android.view.View/setOnClickListener:(Landroid/view/View$OnClickListener;)V:372738		=(rels)=>		1
[*] Unique action: 1:91162 : <<CALL>> : com.obs.mobile_tablet.MainActivity/a:(Landroid/view/LayoutInflater;Landroid/view/ViewGroup;Landroid/os/Bundle;)Landroid/view/View;:372738  =>  android.view.View/setOnClickListener:(Landroid/view/View$OnClickListener;)V:1bf5f8
	1:compareBackwardBranch: 1:1134 : <<BRANCH>> : com.obs.android.shared.CBSApplication/b:(Landroid/content/Context;)Z:344e5c  =>  com.obs.android.shared.CBSApplication/b:(Landroid/content/Context;)Z:344e56
android.view.View/setOnClickListener:(Landroid/view/View$OnClickListener;)V:390e76		=(rels)=>		1
[*] Unique action: 1:97918 : <<CALL>> : com.obs.mobile_tablet.navigation.MainNavigation_ViewBinding/<init>:(Lcom/obs/mobile_tablet/navigation/MainNavigation;Landroid/view/View;)V:390e76  =>  android.view.View/setOnClickListener:(Landroid/view/View$OnClickListener;)V:1bf5f8
	1:compareBackwardBranch: 1:1322 : <<BRANCH>> : com.obs.android.shared.a.a/a:(Landroid/content/Context;)Z:356880  =>  com.obs.android.shared.a.a/a:(Landroid/content/Context;)Z:35687a
android.view.View/setOnClickListener:(Landroid/view/View$OnClickListener;)V:390e76		=(rels)=>		1
[*] Unique action: 1:97918 : <<CALL>> : com.obs.mobile_tablet.navigation.MainNavigation_ViewBinding/<init>:(Lcom/obs/mobile_tablet/navigation/MainNavigation;Landroid/view/View;)V:390e76  =>  android.view.View/setOnClickListener:(Landroid/view/View$OnClickListener;)V:1bf5f8
	1:compareBackwardBranch: 1:1134 : <<BRANCH>> : com.obs.android.shared.CBSApplication/b:(Landroid/content/Context;)Z:344e5c  =>  com.obs.android.shared.CBSApplication/b:(Landroid/content/Context;)Z:344e56
android.view.View/setOnClickListener:(Landroid/view/View$OnClickListener;)V:27a816		=(rels)=>		1
[*] Unique action: 1:110894 : <<CALL>> : android.support.v7.app.m/a:(Landroid/view/View;Landroid/util/AttributeSet;)V:27a816  =>  android.view.View/setOnClickListener:(Landroid/view/View$OnClickListener;)V:1bf5f8
	1:compareBackwardBranch: 1:1322 : <<BRANCH>> : com.obs.android.shared.a.a/a:(Landroid/content/Context;)Z:356880  =>  com.obs.android.shared.a.a/a:(Landroid/content/Context;)Z:35687a
android.view.View/setOnClickListener:(Landroid/view/View$OnClickListener;)V:27a816		=(rels)=>		1
[*] Unique action: 1:110894 : <<CALL>> : android.support.v7.app.m/a:(Landroid/view/View;Landroid/util/AttributeSet;)V:27a816  =>  android.view.View/setOnClickListener:(Landroid/view/View$OnClickListener;)V:1bf5f8
	1:compareBackwardBranch: 1:1134 : <<BRANCH>> : com.obs.android.shared.CBSApplication/b:(Landroid/content/Context;)Z:344e5c  =>  com.obs.android.shared.CBSApplication/b:(Landroid/content/Context;)Z:344e56
android.widget.TextView/setText:(Ljava/lang/CharSequence;)V:372724		=(rels)=>		1
[*] Unique action: 1:91154 : <<CALL>> : com.obs.mobile_tablet.MainActivity/a:(Landroid/view/LayoutInflater;Landroid/view/ViewGroup;Landroid/os/Bundle;)Landroid/view/View;:372724  =>  android.widget.TextView/setText:(Ljava/lang/CharSequence;)V:29ee34
	1:compareBackwardBranch: 1:1322 : <<BRANCH>> : com.obs.android.shared.a.a/a:(Landroid/content/Context;)Z:356880  =>  com.obs.android.shared.a.a/a:(Landroid/content/Context;)Z:35687a
android.widget.TextView/setText:(Ljava/lang/CharSequence;)V:372724		=(rels)=>		1
[*] Unique action: 1:91154 : <<CALL>> : com.obs.mobile_tablet.MainActivity/a:(Landroid/view/LayoutInflater;Landroid/view/ViewGroup;Landroid/os/Bundle;)Landroid/view/View;:372724  =>  android.widget.TextView/setText:(Ljava/lang/CharSequence;)V:29ee34
	1:compareBackwardBranch: 1:1134 : <<BRANCH>> : com.obs.android.shared.CBSApplication/b:(Landroid/content/Context;)Z:344e5c  =>  com.obs.android.shared.CBSApplication/b:(Landroid/content/Context;)Z:344e56
android.view.View/setOnClickListener:(Landroid/view/View$OnClickListener;)V:390d6c		=(rels)=>		1
[*] Unique action: 1:97882 : <<CALL>> : com.obs.mobile_tablet.navigation.MainNavigation_ViewBinding/<init>:(Lcom/obs/mobile_tablet/navigation/MainNavigation;Landroid/view/View;)V:390d6c  =>  android.view.View/setOnClickListener:(Landroid/view/View$OnClickListener;)V:1bf5f8
	1:compareBackwardBranch: 1:1322 : <<BRANCH>> : com.obs.android.shared.a.a/a:(Landroid/content/Context;)Z:356880  =>  com.obs.android.shared.a.a/a:(Landroid/content/Context;)Z:35687a
android.view.View/setOnClickListener:(Landroid/view/View$OnClickListener;)V:390d6c		=(rels)=>		1
[*] Unique action: 1:97882 : <<CALL>> : com.obs.mobile_tablet.navigation.MainNavigation_ViewBinding/<init>:(Lcom/obs/mobile_tablet/navigation/MainNavigation;Landroid/view/View;)V:390d6c  =>  android.view.View/setOnClickListener:(Landroid/view/View$OnClickListener;)V:1bf5f8
	1:compareBackwardBranch: 1:1134 : <<BRANCH>> : com.obs.android.shared.CBSApplication/b:(Landroid/content/Context;)Z:344e5c  =>  com.obs.android.shared.CBSApplication/b:(Landroid/content/Context;)Z:344e56
android.view.ViewGroup/addView:(Landroid/view/View;Landroid/view/ViewGroup$LayoutParams;)V:28d25e		=(rels)=>		1
[*] Unique action: 1:25556 : <<CALL>> : android.support.v7.widget.Toolbar/a:(Landroid/view/View;Z)V:28d25e  =>  android.view.ViewGroup/addView:(Landroid/view/View;Landroid/view/ViewGroup$LayoutParams;)V:195988
	1:compareBackwardBranch: 1:1134 : <<BRANCH>> : com.obs.android.shared.CBSApplication/b:(Landroid/content/Context;)Z:344e5c  =>  com.obs.android.shared.CBSApplication/b:(Landroid/content/Context;)Z:344e56
android.view.ViewGroup/addView:(Landroid/view/View;)V:297bbe		=(rels)=>		1
[*] Unique action: 1:91276 : <<CALL>> : android.support.v7.widget.aw/a:(Landroid/view/View;)V:297bbe  =>  android.view.ViewGroup/addView:(Landroid/view/View;)V:19596c
	1:compareBackwardBranch: 1:1322 : <<BRANCH>> : com.obs.android.shared.a.a/a:(Landroid/content/Context;)Z:356880  =>  com.obs.android.shared.a.a/a:(Landroid/content/Context;)Z:35687a
android.view.ViewGroup/addView:(Landroid/view/View;Landroid/view/ViewGroup$LayoutParams;)V:28d25e		=(rels)=>		1
[*] Unique action: 1:25556 : <<CALL>> : android.support.v7.widget.Toolbar/a:(Landroid/view/View;Z)V:28d25e  =>  android.view.ViewGroup/addView:(Landroid/view/View;Landroid/view/ViewGroup$LayoutParams;)V:195988
	1:compareBackwardBranch: 1:1322 : <<BRANCH>> : com.obs.android.shared.a.a/a:(Landroid/content/Context;)Z:356880  =>  com.obs.android.shared.a.a/a:(Landroid/content/Context;)Z:35687a
android.view.ViewGroup/addView:(Landroid/view/View;)V:297bbe		=(rels)=>		1
[*] Unique action: 1:91276 : <<CALL>> : android.support.v7.widget.aw/a:(Landroid/view/View;)V:297bbe  =>  android.view.ViewGroup/addView:(Landroid/view/View;)V:19596c
	1:compareBackwardBranch: 1:1134 : <<BRANCH>> : com.obs.android.shared.CBSApplication/b:(Landroid/content/Context;)Z:344e5c  =>  com.obs.android.shared.CBSApplication/b:(Landroid/content/Context;)Z:344e56
android.view.View/setOnClickListener:(Landroid/view/View$OnClickListener;)V:390f0e		=(rels)=>		1
[*] Unique action: 1:97934 : <<CALL>> : com.obs.mobile_tablet.navigation.MainNavigation_ViewBinding/<init>:(Lcom/obs/mobile_tablet/navigation/MainNavigation;Landroid/view/View;)V:390f0e  =>  android.view.View/setOnClickListener:(Landroid/view/View$OnClickListener;)V:1bf5f8
	1:compareBackwardBranch: 1:1322 : <<BRANCH>> : com.obs.android.shared.a.a/a:(Landroid/content/Context;)Z:356880  =>  com.obs.android.shared.a.a/a:(Landroid/content/Context;)Z:35687a
android.view.View/setOnClickListener:(Landroid/view/View$OnClickListener;)V:390f0e		=(rels)=>		1
[*] Unique action: 1:97934 : <<CALL>> : com.obs.mobile_tablet.navigation.MainNavigation_ViewBinding/<init>:(Lcom/obs/mobile_tablet/navigation/MainNavigation;Landroid/view/View;)V:390f0e  =>  android.view.View/setOnClickListener:(Landroid/view/View$OnClickListener;)V:1bf5f8
	1:compareBackwardBranch: 1:1134 : <<BRANCH>> : com.obs.android.shared.CBSApplication/b:(Landroid/content/Context;)Z:344e5c  =>  com.obs.android.shared.CBSApplication/b:(Landroid/content/Context;)Z:344e56
android.view.View/setOnClickListener:(Landroid/view/View$OnClickListener;)V:28f032		=(rels)=>		1
[*] Unique action: 1:25136 : <<CALL>> : android.support.v7.widget.Toolbar/setNavigationOnClickListener:(Landroid/view/View$OnClickListener;)V:28f032  =>  android.view.View/setOnClickListener:(Landroid/view/View$OnClickListener;)V:1bf5f8
	1:compareBackwardBranch: 1:1134 : <<BRANCH>> : com.obs.android.shared.CBSApplication/b:(Landroid/content/Context;)Z:344e5c  =>  com.obs.android.shared.CBSApplication/b:(Landroid/content/Context;)Z:344e56
android.os.Handler/postDelayed:(Ljava/lang/Runnable;J)Z:2b0910		=(rels)=>		1
[*] Unique action: 1:101198 : <<CALL>> : com.a.a.a/onActivityPaused:(Landroid/app/Activity;)V:2b0910  =>  android.os.Handler/postDelayed:(Ljava/lang/Runnable;J)Z:30ca84
	1:compareBackwardBranch: 1:1322 : <<BRANCH>> : com.obs.android.shared.a.a/a:(Landroid/content/Context;)Z:356880  =>  com.obs.android.shared.a.a/a:(Landroid/content/Context;)Z:35687a
android.view.View/setOnClickListener:(Landroid/view/View$OnClickListener;)V:28f032		=(rels)=>		1
[*] Unique action: 1:25136 : <<CALL>> : android.support.v7.widget.Toolbar/setNavigationOnClickListener:(Landroid/view/View$OnClickListener;)V:28f032  =>  android.view.View/setOnClickListener:(Landroid/view/View$OnClickListener;)V:1bf5f8
	1:compareBackwardBranch: 1:1322 : <<BRANCH>> : com.obs.android.shared.a.a/a:(Landroid/content/Context;)Z:356880  =>  com.obs.android.shared.a.a/a:(Landroid/content/Context;)Z:35687a
android.os.Handler/postDelayed:(Ljava/lang/Runnable;J)Z:2b0910		=(rels)=>		1
[*] Unique action: 1:101198 : <<CALL>> : com.a.a.a/onActivityPaused:(Landroid/app/Activity;)V:2b0910  =>  android.os.Handler/postDelayed:(Ljava/lang/Runnable;J)Z:30ca84
	1:compareBackwardBranch: 1:1134 : <<BRANCH>> : com.obs.android.shared.CBSApplication/b:(Landroid/content/Context;)Z:344e5c  =>  com.obs.android.shared.CBSApplication/b:(Landroid/content/Context;)Z:344e56
java.lang.System/exit:(I)V:34436e		=(rels)=>		1
[*] Unique action: 1:693 : <<CALL>> : com.obs.android.shared.CBSApplication/b:()V:34436e  =>  java.lang.System/exit:(I)V:ea908
	1:compareBackwardBranch2: 1:1134 : <<BRANCH>> : com.obs.android.shared.CBSApplication/b:(Landroid/content/Context;)Z:344e5c  =>  com.obs.android.shared.CBSApplication/b:(Landroid/content/Context;)Z:344e56
Entry: 3444ac
com.obs.android.shared.CBSApplication/b:(Landroid/content/Context;)Z: 344e5c -> 344e56
		com.obs.android.shared.CBSApplication/b:(Landroid/content/Context;)Z: 9b0 -> 9aa
addPatchReadme: java.lang.Class<com.obs.android.shared.CBSApplication>b(Landroid/content/Context;)Z 9b0 t
b29e6a69: [+] Patches found in this round: 1
b29e6a69: [*] Found Patch size: 1
Target PID : 
	1:compareBackwardBranch: 1:1322 : <<BRANCH>> : com.obs.android.shared.a.a/a:(Landroid/content/Context;)Z:356880  =>  com.obs.android.shared.a.a/a:(Landroid/content/Context;)Z:35687a
java.lang.System/exit:(I)V:34436e		=(rels)=>		1
[*] Unique action: 1:1353 : <<CALL>> : com.obs.android.shared.CBSApplication/b:()V:34436e  =>  java.lang.System/exit:(I)V:ea908
[*] FlowManager: adjust finished.
	1:compareBackwardBranch2: 1:1322 : <<BRANCH>> : com.obs.android.shared.a.a/a:(Landroid/content/Context;)Z:356880  =>  com.obs.android.shared.a.a/a:(Landroid/content/Context;)Z:35687a
Entry: 3566fc
com.obs.android.shared.a.a/a:(Landroid/content/Context;)Z: 356880 -> 35687a
		com.obs.android.shared.a.a/a:(Landroid/content/Context;)Z: 184 -> 17e
addPatchReadme: java.lang.Class<com.obs.android.shared.a.a>a(Landroid/content/Context;)Z 184 t
159ceeed: [+] Patches found in this round: 1
159ceeed: [*] Found Patch size: 1
Target PID : 
Action is completely same :)
Action is completely same :)
46604b9f: There is no difference. (tryAgain=false)
ExitReason-Code: 6 (/home/santapark/Extended3/DEEPerence/reEx/devRoot_com.obs.android.olm.northwest.prod.obfuscated_flattened.ilog)
b29e6a69: 	@@@Found patch addr: 344e6c
b29e6a69: Querying offset: 344e5c
b29e6a69: 	--Add method name to patch = com.obs.android.shared.CBSApplication/b:(Landroid/content/Context;)Z 	344e5c
ExitReason-Code: 6 (/home/santapark/Extended3/DEEPerence/reEx/devDebug_com.obs.android.olm.northwest.prod.obfuscated_flattened.ilog)
159ceeed: 	@@@Found patch addr: 356890
159ceeed: Querying offset: 356880
159ceeed: 	--Add method name to patch = com.obs.android.shared.a.a/a:(Landroid/content/Context;)Z 	356880
Devices presenting anti-analysis: 
	devRoot
	devDebug
b29e6a69: patching method: com.obs.android.shared.CBSApplication/b:(Landroid/content/Context;)Z
b29e6a69: outDir - /home/santapark/Extended3/DEEPerence/reEx/com.obs.android.olm.northwest.prod.apk.obfuscated_flattened_devRoot
Wow!!!!!  --  com.obs.android.shared.CBSApplication/b:(Landroid/content/Context;)Z
fallthrough: 9b4
branchTarget: 9aa
label = cond_11
GOTO -- 9b4 	9aa
axmlPath: /home/santapark/Extended3/DEEPerence/reEx/com.obs.android.olm.northwest.prod.apk.obfuscated_flattened_devRoot/AndroidManifest.xml
outDir: /home/santapark/Extended3/DEEPerence/reEx/com.obs.android.olm.northwest.prod.apk.obfuscated_flattened_devRoot/com.obs.android.olm.northwest.prod.apk.obfuscated_flattened.apk
b29e6a69: Patched APK File: /home/santapark/Extended3/DEEPerence/reEx/com.obs.android.olm.northwest.prod.apk.obfuscated_flattened_devRoot/signed_com.obs.android.olm.northwest.prod.apk.obfuscated_flattened.apk
b29e6a69: First address of Lcom/obs/android/shared/CBSApplication;->b(Landroid/content/Context;)Z = 3444bc
b29e6a69: Address - Lcom/obs/android/shared/CBSApplication;->b(Landroid/content/Context;)Z@9b0	 lastOffset = 1b40
b29e6a69: Instruction@@: IF_NEZ
159ceeed: patching method: com.obs.android.shared.a.a/a:(Landroid/content/Context;)Z
159ceeed: outDir - /home/santapark/Extended3/DEEPerence/reEx/com.obs.android.olm.northwest.prod.apk.obfuscated_flattened_devDebug
Wow!!!!!  --  com.obs.android.shared.a.a/a:(Landroid/content/Context;)Z
fallthrough: 188
branchTarget: 17e
label = cond_1
GOTO -- 188 	17e
axmlPath: /home/santapark/Extended3/DEEPerence/reEx/com.obs.android.olm.northwest.prod.apk.obfuscated_flattened_devDebug/AndroidManifest.xml
outDir: /home/santapark/Extended3/DEEPerence/reEx/com.obs.android.olm.northwest.prod.apk.obfuscated_flattened_devDebug/com.obs.android.olm.northwest.prod.apk.obfuscated_flattened.apk
159ceeed: Patched APK File: /home/santapark/Extended3/DEEPerence/reEx/com.obs.android.olm.northwest.prod.apk.obfuscated_flattened_devDebug/signed_com.obs.android.olm.northwest.prod.apk.obfuscated_flattened.apk
159ceeed: First address of Lcom/obs/android/shared/a/a;->a(Landroid/content/Context;)Z = 35670c
159ceeed: Address - Lcom/obs/android/shared/a/a;->a(Landroid/content/Context;)Z@184	 lastOffset = 454
159ceeed: Instruction@@: IF_EQZ
159ceeed: (Not Installed) Trying remove : true
b29e6a69: (Not Installed) Trying remove : true
Installing apk: /home/santapark/Extended3/DEEPerence/reEx/com.obs.android.olm.northwest.prod.apk.obfuscated_flattened_devDebug/signed_com.obs.android.olm.northwest.prod.apk.obfuscated_flattened.apk
Installing apk: /home/santapark/Extended3/DEEPerence/reEx/com.obs.android.olm.northwest.prod.apk.obfuscated_flattened_devRoot/signed_com.obs.android.olm.northwest.prod.apk.obfuscated_flattened.apk
159ceeed: Installation Success
b29e6a69: Installation Success
b29e6a69: startApplication called! - devRoot
159ceeed: startApplication called! - devDebug
b29e6a69: Collecting logcat... (/home/santapark/Extended3/DEEPerence/reEx/devRoot_com.obs.android.olm.northwest.prod.obfuscated_flattened.ilog)
159ceeed: Collecting logcat... (/home/santapark/Extended3/DEEPerence/reEx/devDebug_com.obs.android.olm.northwest.prod.obfuscated_flattened.ilog)
b29e6a69: Running Application: com.obs.android.olm.northwest.prod
PIDs--------------------------------------------------------------------------
u0_a722       30920    423 13798924 105796 0                  0 R com.obs.android.olm.northwest.prod
forward tcp:35535 jdwp:30920
[*]Found JDWP Target: 30920
159ceeed: Running Application: com.obs.android.olm.northwest.prod
PIDs--------------------------------------------------------------------------
u0_a722       30920    423 14090388 153864 0                  0 R com.obs.android.olm.northwest.prod
159ceeed: Tryging attach jdb to 30920
jdb -connect com.sun.jdi.SocketAttach:hostname=localhost,port=35535
159ceeed: Running is done - starting comparing... : 10001
159ceeed: Terminated logcat thread...by itself
159ceeed: Top-activity: com.android.launcher3/.Launcher
PIDs--------------------------------------------------------------------------
159ceeed: savedPid = null
PIDs--------------------------------------------------------------------------
159ceeed: savedPid2 = null
Stopping app: com.obs.android.olm.northwest.prod
Tryging remove : uninstall com.obs.android.olm.northwest.prod(com.obs.android.olm.northwest.prod)
159ceeed: Remove Success
159ceeed: ilog file size: 48704323
159ceeed: End of collecting logcat...
b29e6a69: Terminated logcat thread...by itself
b29e6a69: Top-activity: com.obs.android.olm.northwest.prod/com.obs.android.shared.RegistrationActivity
PIDs--------------------------------------------------------------------------
u0_a401       23867    430 14263456 177180 0                  0 S com.obs.android.olm.northwest.prod
b29e6a69: savedPid = 23867
PIDs--------------------------------------------------------------------------
u0_a401       23867    430 14263456 177180 0                  0 S com.obs.android.olm.northwest.prod
b29e6a69: savedPid2 = 23867
Stopping app: com.obs.android.olm.northwest.prod
Tryging remove : uninstall com.obs.android.olm.northwest.prod(com.obs.android.olm.northwest.prod)
b29e6a69: Remove Success
b29e6a69: ilog file size: 191341460
b29e6a69: End of collecting logcat...
HPFinder's try count remains: 28
Target PID : 10596
Target PID : 10596
ExitReason-Code: 1 (/home/santapark/Extended3/DEEPerence/reEx/devRef_com.obs.android.olm.northwest.prod.obfuscated_flattened.ilog)
Target PID : 23867
ExitReason-Code: 1 (/home/santapark/Extended3/DEEPerence/reEx/devRef_com.obs.android.olm.northwest.prod.obfuscated_flattened.ilog)
Target PID : 
ExitReason-Code: 6 (/home/santapark/Extended3/DEEPerence/reEx/devDebug_com.obs.android.olm.northwest.prod.obfuscated_flattened.ilog)
159ceeed: adding filter -- 356880
ExitReason-Code: 1 (/home/santapark/Extended3/DEEPerence/reEx/devRoot_com.obs.android.olm.northwest.prod.obfuscated_flattened.ilog)
b29e6a69: adding filter -- 344e5c
[*] FlowManager: adjust finished.
-- current localPatchFilter: 356880
Action is completely same :)
java.lang.System/exit:(I)V:34436e		=(rels)=>		1
[*] Unique action: 16:241223 : <<CALL>> : com.obs.android.shared.CBSApplication/b:()V:34436e  =>  java.lang.System/exit:(I)V:ea908
	1:compareBackwardBranch2: 15:1279 : <<BRANCH>> : com.obs.android.shared.a.a$1/run:()V:35657a  =>  com.obs.android.shared.a.a$1/run:()V:35656c
Entry: 3564b4
com.obs.android.shared.a.a$1/run:()V: 35657a -> 35656c
		com.obs.android.shared.a.a$1/run:()V: c6 -> b8
addPatchReadme: java.lang.Class<com.obs.android.shared.a.a$1>run()V c6 t
159ceeed: [+] Patches found in this round: 1
159ceeed: [*] Found Patch size: 1
Target PID : 
ExitReason-Code: 6 (/home/santapark/Extended3/DEEPerence/reEx/devDebug_com.obs.android.olm.northwest.prod.obfuscated_flattened.ilog)
159ceeed: @@localPatchFilter -- 356890
159ceeed: 	@@@Found patch addr: 35658a
159ceeed: Querying offset: 35657a
159ceeed: 	--Add method name to patch = com.obs.android.shared.a.a$1/run:()V 	35657a
[*] FlowManager: adjust finished.
-- current localPatchFilter: 344e5c
Action is completely same :)
Action is completely same :)
b29e6a69: There is no difference. (tryAgain=false)
Devices presenting anti-analysis: 
	devDebug
159ceeed: patching method: com.obs.android.shared.a.a/a:(Landroid/content/Context;)Z
159ceeed: patching method: com.obs.android.shared.a.a$1/run:()V
159ceeed: outDir - /home/santapark/Extended3/DEEPerence/reEx/com.obs.android.olm.northwest.prod.apk.obfuscated_flattened_devDebug
Wow!!!!!  --  com.obs.android.shared.a.a$1/run:()V
fallthrough: ca
branchTarget: b8
label = cond_0
GOTO -- ca 	b8
Wow!!!!!  --  com.obs.android.shared.a.a/a:(Landroid/content/Context;)Z
fallthrough: 188
branchTarget: 17e
label = cond_1
GOTO -- 188 	17e
axmlPath: /home/santapark/Extended3/DEEPerence/reEx/com.obs.android.olm.northwest.prod.apk.obfuscated_flattened_devDebug/AndroidManifest.xml
outDir: /home/santapark/Extended3/DEEPerence/reEx/com.obs.android.olm.northwest.prod.apk.obfuscated_flattened_devDebug/com.obs.android.olm.northwest.prod.apk.obfuscated_flattened.apk
159ceeed: Patched APK File: /home/santapark/Extended3/DEEPerence/reEx/com.obs.android.olm.northwest.prod.apk.obfuscated_flattened_devDebug/signed_com.obs.android.olm.northwest.prod.apk.obfuscated_flattened.apk
159ceeed: First address of Lcom/obs/android/shared/a/a;->a(Landroid/content/Context;)Z = 35670c
159ceeed: Address - Lcom/obs/android/shared/a/a;->a(Landroid/content/Context;)Z@184	 lastOffset = 454
159ceeed: Instruction@@: IF_EQZ
159ceeed: First address of Lcom/obs/android/shared/a/a$1;->run()V = 3564c4
159ceeed: Address - Lcom/obs/android/shared/a/a$1;->run()V@c6	 lastOffset = 164
159ceeed: Instruction@@: IF_EQZ
159ceeed: (Not Installed) Trying remove : true
Installing apk: /home/santapark/Extended3/DEEPerence/reEx/com.obs.android.olm.northwest.prod.apk.obfuscated_flattened_devDebug/signed_com.obs.android.olm.northwest.prod.apk.obfuscated_flattened.apk
159ceeed: Installation Success
159ceeed: startApplication called! - devDebug
159ceeed: Collecting logcat... (/home/santapark/Extended3/DEEPerence/reEx/devDebug_com.obs.android.olm.northwest.prod.obfuscated_flattened.ilog)
PIDs--------------------------------------------------------------------------
u0_a723       31053    423 13798924 105748 0                  0 R com.obs.android.olm.northwest.prod
forward tcp:35535 jdwp:31053
[*]Found JDWP Target: 31053
159ceeed: Running Application: com.obs.android.olm.northwest.prod
PIDs--------------------------------------------------------------------------
u0_a723       31053    423 14090388 153756 0                  0 S com.obs.android.olm.northwest.prod
159ceeed: Tryging attach jdb to 31053
jdb -connect com.sun.jdi.SocketAttach:hostname=localhost,port=35535
159ceeed: Terminated logcat thread...by itself
159ceeed: Top-activity: com.obs.android.olm.northwest.prod/com.obs.android.shared.RegistrationActivity
PIDs--------------------------------------------------------------------------
u0_a723       31053    423 14197568 186364 0                  0 S com.obs.android.olm.northwest.prod
159ceeed: savedPid = 31053
PIDs--------------------------------------------------------------------------
u0_a723       31053    423 14197568 186364 0                  0 S com.obs.android.olm.northwest.prod
159ceeed: savedPid2 = 31053
Stopping app: com.obs.android.olm.northwest.prod
Tryging remove : uninstall com.obs.android.olm.northwest.prod(com.obs.android.olm.northwest.prod)
159ceeed: Remove Success
159ceeed: ilog file size: 112585420
159ceeed: End of collecting logcat...
HPFinder's try count remains: 27
Target PID : 10596
ExitReason-Code: 1 (/home/santapark/Extended3/DEEPerence/reEx/devRef_com.obs.android.olm.northwest.prod.obfuscated_flattened.ilog)
Target PID : 31053
ExitReason-Code: 1 (/home/santapark/Extended3/DEEPerence/reEx/devDebug_com.obs.android.olm.northwest.prod.obfuscated_flattened.ilog)
159ceeed: adding filter -- 356880
159ceeed: adding filter -- 35657a
[*] FlowManager: adjust finished.
-- current localPatchFilter: 356880
-- current localPatchFilter: 35657a
Action is completely same :)
Action is completely same :)
159ceeed: There is no difference. (tryAgain=false)
-- HPFinder will be done in this iteration :)
hasAntiAnalysis? - devTamper: false on com.obs.android.messenger.MainActivity
hasAntiAnalysis? - devRoot: true on com.obs.android.messenger.MainActivity
	isRemovedThem? - devRoot: true on com.obs.android.messenger.MainActivity	-	tryCount: 1
hasAntiAnalysis? - devDebug: true on com.obs.android.messenger.MainActivity
	isRemovedThem? - devDebug: true on com.obs.android.messenger.MainActivity	-	tryCount: 2
*****REPORT: com.obs.android.olm.northwest.prod
* Package name: com.obs.android.olm.northwest.prod
* Running time: 542
* FileSize: 5629153
devTamper : 112502460
devRef : 183640771
devRoot : 191341460
devDebug : 112585420
hasAntiAnalysis? - devTamper: false on com.obs.android.messenger.MainActivity
hasAntiAnalysis? - devRoot: true on com.obs.android.messenger.MainActivity
	isRemovedThem? - devRoot: true on com.obs.android.messenger.MainActivity	-	tryCount: 1
hasAntiAnalysis? - devDebug: true on com.obs.android.messenger.MainActivity
	isRemovedThem? - devDebug: true on com.obs.android.messenger.MainActivity	-	tryCount: 2
46604b9f: trying remove : com.obs.android.olm.northwest.prod
3601a6ff: trying remove : com.obs.android.olm.northwest.prod
b29e6a69: trying remove : com.obs.android.olm.northwest.prod
159ceeed: trying remove : com.obs.android.olm.northwest.prod
46604b9f: (Not Installed) Trying remove : true
46604b9f: -- Success
46604b9f: result = true
159ceeed: (Not Installed) Trying remove : true
159ceeed: -- Success
159ceeed: result = true
b29e6a69: (Not Installed) Trying remove : true
b29e6a69: -- Success
b29e6a69: result = true
3601a6ff: (Not Installed) Trying remove : true
3601a6ff: -- Success
3601a6ff: result = true
3601a6ff: isFailedToLaunch: com.obs.android.olm.northwest.prod/com.obs.android.shared.RegistrationActivity
3601a6ff: 	--result: Good :)
