axmlPath: /home/santapark/Extended3/DEEPerence/reEx/sample21.apk@devRoot-D-R@devDebug-D-R.apk.obfuscated_flattened/AndroidManifest.xml
launchable-activity: name='com.obs.android.messenger.MainActivity'  label='' icon=''
{ACTIVITY, com.obs.android.messenger.MainActivity, android.intent.action.MAIN}
{ACTIVITY, com.obs.mobile_tablet.components.CheckImageActivity}
{ACTIVITY, com.obs.mobile_tablet.transactions.deposits.DepositsCaptureImageActivity}
{ACTIVITY, com.obs.android.shared.RegistrationActivity}
{ACTIVITY, com.obs.android.messenger.MainActivity, android.intent.action.MAIN}
{ACTIVITY, com.obs.mobile_tablet.components.CheckImageActivity}
{ACTIVITY, com.obs.mobile_tablet.transactions.deposits.DepositsCaptureImageActivity}
{ACTIVITY, com.obs.android.shared.RegistrationActivity}
_getAllDexFiles: /home/santapark/Extended3/DEEPerence/reEx/sample21.apk@devRoot-D-R@devDebug-D-R.apk.obfuscated_flattened/classes.dex
----------------/home/santapark/Extended3/DEEPerence/reEx/sample21.apk@devRoot-D-R@devDebug-D-R.apk.obfuscated_flattened.apk
dexFile = org.jf.dexlib2.dexbacked.DexBackedDexFile@68dc098b
com.obs.android.olm.woodforest.prod
com.obs.android.messenger.MainActivity
debuggable: false
46604b9f: (Not Installed) Trying remove : true
46604b9f: -- Success
b29e6a69: (Not Installed) Trying remove : true
b29e6a69: -- Success
159ceeed: (Not Installed) Trying remove : true
159ceeed: -- Success
3601a6ff: (Not Installed) Trying remove : true
3601a6ff: -- Success
Installing apk: /home/santapark/Extended3/DEEPerence/reEx/sample21.apk@devRoot-D-R@devDebug-D-R.apk.obfuscated_flattened.apk
Installing apk: /home/santapark/Extended3/DEEPerence/reEx/sample21.apk@devRoot-D-R@devDebug-D-R.apk.obfuscated_flattened.apk
Installing apk: /home/santapark/Extended3/DEEPerence/reEx/sample21.apk@devRoot-D-R@devDebug-D-R.apk.obfuscated_flattened.apk
axmlPath: /home/santapark/Extended3/DEEPerence/reEx/sample21.apk@devRoot-D-R@devDebug-D-R.apk.obfuscated_flattened_46604b9f/AndroidManifest.xml
outDir: /home/santapark/Extended3/DEEPerence/reEx/sample21.apk@devRoot-D-R@devDebug-D-R.apk.obfuscated_flattened_46604b9f/sample21.apk@devRoot-D-R@devDebug-D-R.apk.obfuscated_flattened.apk
159ceeed: Installation Success
3601a6ff: Installation Success
b29e6a69: Installation Success
46604b9f: Installing repackaged apk File: 
Installing apk: /home/santapark/Extended3/DEEPerence/reEx/sample21.apk@devRoot-D-R@devDebug-D-R.apk.obfuscated_flattened_46604b9f/signed_sample21.apk@devRoot-D-R@devDebug-D-R.apk.obfuscated_flattened.apk
46604b9f: Installation Success
46604b9f: startApplication called! - devTamper
3601a6ff: startApplication called! - devRef
b29e6a69: startApplication called! - devRoot
159ceeed: startApplication called! - devDebug
159ceeed: Collecting logcat... (/home/santapark/Extended3/DEEPerence/reEx/devDebug_sample21@devRoot-D-R@devDebug-D-R.obfuscated_flattened.ilog)
3601a6ff: Collecting logcat... (/home/santapark/Extended3/DEEPerence/reEx/devRef_sample21@devRoot-D-R@devDebug-D-R.obfuscated_flattened.ilog)
46604b9f: Collecting logcat... (/home/santapark/Extended3/DEEPerence/reEx/devTamper_sample21@devRoot-D-R@devDebug-D-R.obfuscated_flattened.ilog)
b29e6a69: Collecting logcat... (/home/santapark/Extended3/DEEPerence/reEx/devRoot_sample21@devRoot-D-R@devDebug-D-R.obfuscated_flattened.ilog)
3601a6ff: Running Application: com.obs.android.olm.woodforest.prod
46604b9f: Running Application: com.obs.android.olm.woodforest.prod
b29e6a69: Running Application: com.obs.android.olm.woodforest.prod
PIDs--------------------------------------------------------------------------
u0_a781        6790    423 14416720 98624 0                   0 R com.obs.android.olm.woodforest.prod
forward tcp:35535 jdwp:6790
[*]Found JDWP Target: 6790
159ceeed: Running Application: com.obs.android.olm.woodforest.prod
PIDs--------------------------------------------------------------------------
3601a6ff: Terminated logcat thread...by itself
46604b9f: Terminated logcat thread...by itself
b29e6a69: Terminated logcat thread...by itself
46604b9f: Top-activity: com.obs.android.olm.woodforest.prod/com.obs.android.shared.RegistrationActivity
3601a6ff: Top-activity: com.obs.android.olm.woodforest.prod/com.obs.android.shared.RegistrationActivity
PIDs--------------------------------------------------------------------------
u0_a317       10228    425 14240940 172440 0                  0 S com.obs.android.olm.woodforest.prod
46604b9f: savedPid = 10228
PIDs--------------------------------------------------------------------------
u0_a373       14516    414 14200968 171744 0                  0 S com.obs.android.olm.woodforest.prod
3601a6ff: savedPid = 14516
PIDs--------------------------------------------------------------------------
u0_a317       10228    425 14240940 172440 0                  0 S com.obs.android.olm.woodforest.prod
46604b9f: savedPid2 = 10228
Stopping app: com.obs.android.olm.woodforest.prod
PIDs--------------------------------------------------------------------------
u0_a373       14516    414 14200968 171744 0                  0 S com.obs.android.olm.woodforest.prod
3601a6ff: savedPid2 = 14516
Stopping app: com.obs.android.olm.woodforest.prod
b29e6a69: Top-activity: com.obs.android.olm.woodforest.prod/com.obs.android.messenger.MainActivity
PIDs--------------------------------------------------------------------------
b29e6a69: savedPid = null
PIDs--------------------------------------------------------------------------
u0_a442        9296    430 13909748 96100 0                   0 R com.obs.android.olm.woodforest.prod
b29e6a69: savedPid2 = 9296
Stopping app: com.obs.android.olm.woodforest.prod
159ceeed: Terminated logcat thread...by itself
159ceeed: Top-activity: com.obs.android.olm.woodforest.prod/com.obs.android.messenger.MainActivity
PIDs--------------------------------------------------------------------------
159ceeed: savedPid = null
PIDs--------------------------------------------------------------------------
159ceeed: savedPid2 = null
Stopping app: com.obs.android.olm.woodforest.prod
Tryging remove : uninstall com.obs.android.olm.woodforest.prod(com.obs.android.olm.woodforest.prod)
3601a6ff: Remove Success
3601a6ff: ilog file size: 188527515
3601a6ff: End of collecting logcat...
Tryging remove : uninstall com.obs.android.olm.woodforest.prod(com.obs.android.olm.woodforest.prod)
46604b9f: Remove Success
46604b9f: ilog file size: 111786091
46604b9f: End of collecting logcat...
Tryging remove : uninstall com.obs.android.olm.woodforest.prod(com.obs.android.olm.woodforest.prod)
b29e6a69: Remove Success
b29e6a69: ilog file size: 51672748
b29e6a69: End of collecting logcat...
Tryging remove : uninstall com.obs.android.olm.woodforest.prod(com.obs.android.olm.woodforest.prod)
159ceeed: Remove Success
159ceeed: ilog file size: 60710184
159ceeed: End of collecting logcat...
HPFinder's try count remains: 29
Target PID : 14516
Target PID : 14516
Target PID : 14516
ExitReason-Code: 1 (/home/santapark/Extended3/DEEPerence/reEx/devRef_sample21@devRoot-D-R@devDebug-D-R.obfuscated_flattened.ilog)
Target PID : 
ExitReason-Code: 1 (/home/santapark/Extended3/DEEPerence/reEx/devRef_sample21@devRoot-D-R@devDebug-D-R.obfuscated_flattened.ilog)
Target PID : 9296
ExitReason-Code: 1 (/home/santapark/Extended3/DEEPerence/reEx/devRef_sample21@devRoot-D-R@devDebug-D-R.obfuscated_flattened.ilog)
Target PID : 10228
ExitReason-Code: 1 (/home/santapark/Extended3/DEEPerence/reEx/devRoot_sample21@devRoot-D-R@devDebug-D-R.obfuscated_flattened.ilog)
ExitReason-Code: 6 (/home/santapark/Extended3/DEEPerence/reEx/devDebug_sample21@devRoot-D-R@devDebug-D-R.obfuscated_flattened.ilog)
[*] FlowManager: adjust finished.
[GOOD]: Anti-analysis is identified! :) -- 1 --devRoot
android.widget.TextView/setText:(Ljava/lang/CharSequence;)V:28ea6a		=(rels)=>		1
[*] Unique action: 1:25805 : <<CALL>> : android.support.v7.widget.Toolbar/setTitle:(Ljava/lang/CharSequence;)V:28ea6a  =>  android.widget.TextView/setText:(Ljava/lang/CharSequence;)V:29ee34
[*] FlowManager: adjust finished.
[GOOD]: Anti-analysis is identified! :) -- 1 --devDebug
android.widget.TextView/setText:(Ljava/lang/CharSequence;)V:28ea6a		=(rels)=>		1
[*] Unique action: 1:25805 : <<CALL>> : android.support.v7.widget.Toolbar/setTitle:(Ljava/lang/CharSequence;)V:28ea6a  =>  android.widget.TextView/setText:(Ljava/lang/CharSequence;)V:29ee34
	1:compareBackwardBranch: 1:1135 : <<BRANCH>> : com.obs.android.shared.CBSApplication/b:(Landroid/content/Context;)Z:3445f2  =>  com.obs.android.shared.CBSApplication/b:(Landroid/content/Context;)Z:344602
org.apache.http.impl.client.DefaultHttpClient/<init>:(Lorg/apache/http/conn/ClientConnectionManager;Lorg/apache/http/params/HttpParams;)V:3f795a		=(rels)=>		1
[*] Unique action: 1:27055 : <<CALL>> : org.c.a.a.b/<init>:()V:3f795a  =>  org.apache.http.impl.client.DefaultHttpClient/<init>:(Lorg/apache/http/conn/ClientConnectionManager;Lorg/apache/http/params/HttpParams;)V:31acc
ExitReason-Code: 1 (/home/santapark/Extended3/DEEPerence/reEx/devTamper_sample21@devRoot-D-R@devDebug-D-R.obfuscated_flattened.ilog)
	1:compareBackwardBranch: 1:1323 : <<BRANCH>> : com.obs.android.shared.a.a/a:(Landroid/content/Context;)Z:35601c  =>  com.obs.android.shared.a.a/a:(Landroid/content/Context;)Z:356026
org.apache.http.impl.client.DefaultHttpClient/<init>:(Lorg/apache/http/conn/ClientConnectionManager;Lorg/apache/http/params/HttpParams;)V:3f795a		=(rels)=>		1
[*] Unique action: 1:27055 : <<CALL>> : org.c.a.a.b/<init>:()V:3f795a  =>  org.apache.http.impl.client.DefaultHttpClient/<init>:(Lorg/apache/http/conn/ClientConnectionManager;Lorg/apache/http/params/HttpParams;)V:31acc
	1:compareBackwardBranch: 1:1323 : <<BRANCH>> : com.obs.android.shared.a.a/a:(Landroid/content/Context;)Z:35601c  =>  com.obs.android.shared.a.a/a:(Landroid/content/Context;)Z:356026
android.widget.TextView/setText:(Ljava/lang/CharSequence;)V:3721d2		=(rels)=>		1
[*] Unique action: 1:88532 : <<CALL>> : com.obs.mobile_tablet.MainActivity/a:(Landroid/view/LayoutInflater;Landroid/view/ViewGroup;Landroid/os/Bundle;)Landroid/view/View;:3721d2  =>  android.widget.TextView/setText:(Ljava/lang/CharSequence;)V:29ee34
	1:compareBackwardBranch: 1:1135 : <<BRANCH>> : com.obs.android.shared.CBSApplication/b:(Landroid/content/Context;)Z:3445f2  =>  com.obs.android.shared.CBSApplication/b:(Landroid/content/Context;)Z:344602
android.widget.TextView/setText:(Ljava/lang/CharSequence;)V:3721d2		=(rels)=>		1
[*] Unique action: 1:88532 : <<CALL>> : com.obs.mobile_tablet.MainActivity/a:(Landroid/view/LayoutInflater;Landroid/view/ViewGroup;Landroid/os/Bundle;)Landroid/view/View;:3721d2  =>  android.widget.TextView/setText:(Ljava/lang/CharSequence;)V:29ee34
	1:compareBackwardBranch: 1:1323 : <<BRANCH>> : com.obs.android.shared.a.a/a:(Landroid/content/Context;)Z:35601c  =>  com.obs.android.shared.a.a/a:(Landroid/content/Context;)Z:356026
android.widget.TextView/setText:(Ljava/lang/CharSequence;)V:372132		=(rels)=>		1
[*] Unique action: 1:88513 : <<CALL>> : com.obs.mobile_tablet.MainActivity/a:(Landroid/view/LayoutInflater;Landroid/view/ViewGroup;Landroid/os/Bundle;)Landroid/view/View;:372132  =>  android.widget.TextView/setText:(Ljava/lang/CharSequence;)V:29ee34
	1:compareBackwardBranch: 1:1135 : <<BRANCH>> : com.obs.android.shared.CBSApplication/b:(Landroid/content/Context;)Z:3445f2  =>  com.obs.android.shared.CBSApplication/b:(Landroid/content/Context;)Z:344602
android.widget.TextView/setText:(Ljava/lang/CharSequence;)V:372132		=(rels)=>		1
[*] Unique action: 1:88513 : <<CALL>> : com.obs.mobile_tablet.MainActivity/a:(Landroid/view/LayoutInflater;Landroid/view/ViewGroup;Landroid/os/Bundle;)Landroid/view/View;:372132  =>  android.widget.TextView/setText:(Ljava/lang/CharSequence;)V:29ee34
	1:compareBackwardBranch: 1:1323 : <<BRANCH>> : com.obs.android.shared.a.a/a:(Landroid/content/Context;)Z:35601c  =>  com.obs.android.shared.a.a/a:(Landroid/content/Context;)Z:356026
android.view.View/setOnClickListener:(Landroid/view/View$OnClickListener;)V:3904b0		=(rels)=>		1
[*] Unique action: 1:94800 : <<CALL>> : com.obs.mobile_tablet.navigation.MainNavigation_ViewBinding/<init>:(Lcom/obs/mobile_tablet/navigation/MainNavigation;Landroid/view/View;)V:3904b0  =>  android.view.View/setOnClickListener:(Landroid/view/View$OnClickListener;)V:1bf5f8
	1:compareBackwardBranch: 1:1135 : <<BRANCH>> : com.obs.android.shared.CBSApplication/b:(Landroid/content/Context;)Z:3445f2  =>  com.obs.android.shared.CBSApplication/b:(Landroid/content/Context;)Z:344602
android.view.View/setOnClickListener:(Landroid/view/View$OnClickListener;)V:3904b0		=(rels)=>		1
[*] Unique action: 1:94800 : <<CALL>> : com.obs.mobile_tablet.navigation.MainNavigation_ViewBinding/<init>:(Lcom/obs/mobile_tablet/navigation/MainNavigation;Landroid/view/View;)V:3904b0  =>  android.view.View/setOnClickListener:(Landroid/view/View$OnClickListener;)V:1bf5f8
	1:compareBackwardBranch: 1:1323 : <<BRANCH>> : com.obs.android.shared.a.a/a:(Landroid/content/Context;)Z:35601c  =>  com.obs.android.shared.a.a/a:(Landroid/content/Context;)Z:356026
android.view.View/setOnClickListener:(Landroid/view/View$OnClickListener;)V:3903f2		=(rels)=>		1
[*] Unique action: 1:94782 : <<CALL>> : com.obs.mobile_tablet.navigation.MainNavigation_ViewBinding/<init>:(Lcom/obs/mobile_tablet/navigation/MainNavigation;Landroid/view/View;)V:3903f2  =>  android.view.View/setOnClickListener:(Landroid/view/View$OnClickListener;)V:1bf5f8
	1:compareBackwardBranch: 1:1135 : <<BRANCH>> : com.obs.android.shared.CBSApplication/b:(Landroid/content/Context;)Z:3445f2  =>  com.obs.android.shared.CBSApplication/b:(Landroid/content/Context;)Z:344602
android.view.View/setOnClickListener:(Landroid/view/View$OnClickListener;)V:3903f2		=(rels)=>		1
[*] Unique action: 1:94782 : <<CALL>> : com.obs.mobile_tablet.navigation.MainNavigation_ViewBinding/<init>:(Lcom/obs/mobile_tablet/navigation/MainNavigation;Landroid/view/View;)V:3903f2  =>  android.view.View/setOnClickListener:(Landroid/view/View$OnClickListener;)V:1bf5f8
	1:compareBackwardBranch: 1:1323 : <<BRANCH>> : com.obs.android.shared.a.a/a:(Landroid/content/Context;)Z:35601c  =>  com.obs.android.shared.a.a/a:(Landroid/content/Context;)Z:356026
android.view.ViewGroup/addView:(Landroid/view/View;Landroid/view/ViewGroup$LayoutParams;)V:28ca06		=(rels)=>		1
[*] Unique action: 1:25797 : <<CALL>> : android.support.v7.widget.Toolbar/a:(Landroid/view/View;Z)V:28ca06  =>  android.view.ViewGroup/addView:(Landroid/view/View;Landroid/view/ViewGroup$LayoutParams;)V:195988
	1:compareBackwardBranch: 1:1135 : <<BRANCH>> : com.obs.android.shared.CBSApplication/b:(Landroid/content/Context;)Z:3445f2  =>  com.obs.android.shared.CBSApplication/b:(Landroid/content/Context;)Z:344602
android.view.ViewGroup/addView:(Landroid/view/View;Landroid/view/ViewGroup$LayoutParams;)V:28ca06		=(rels)=>		1
[*] Unique action: 1:25797 : <<CALL>> : android.support.v7.widget.Toolbar/a:(Landroid/view/View;Z)V:28ca06  =>  android.view.ViewGroup/addView:(Landroid/view/View;Landroid/view/ViewGroup$LayoutParams;)V:195988
	1:compareBackwardBranch: 1:1323 : <<BRANCH>> : com.obs.android.shared.a.a/a:(Landroid/content/Context;)Z:35601c  =>  com.obs.android.shared.a.a/a:(Landroid/content/Context;)Z:356026
android.view.ViewGroup/addView:(Landroid/view/View;)V:297366		=(rels)=>		1
[*] Unique action: 1:88166 : <<CALL>> : android.support.v7.widget.aw/a:(Landroid/view/View;)V:297366  =>  android.view.ViewGroup/addView:(Landroid/view/View;)V:19596c
	1:compareBackwardBranch: 1:1135 : <<BRANCH>> : com.obs.android.shared.CBSApplication/b:(Landroid/content/Context;)Z:3445f2  =>  com.obs.android.shared.CBSApplication/b:(Landroid/content/Context;)Z:344602
android.view.ViewGroup/addView:(Landroid/view/View;)V:297366		=(rels)=>		1
[*] Unique action: 1:88166 : <<CALL>> : android.support.v7.widget.aw/a:(Landroid/view/View;)V:297366  =>  android.view.ViewGroup/addView:(Landroid/view/View;)V:19596c
	1:compareBackwardBranch: 1:1323 : <<BRANCH>> : com.obs.android.shared.a.a/a:(Landroid/content/Context;)Z:35601c  =>  com.obs.android.shared.a.a/a:(Landroid/content/Context;)Z:356026
android.widget.TextView/setText:(Ljava/lang/CharSequence;)V:371ef8		=(rels)=>		1
[*] Unique action: 1:88044 : <<CALL>> : com.obs.mobile_tablet.MainActivity/a:(Landroid/view/LayoutInflater;Landroid/view/ViewGroup;Landroid/os/Bundle;)Landroid/view/View;:371ef8  =>  android.widget.TextView/setText:(Ljava/lang/CharSequence;)V:29ee34
	1:compareBackwardBranch: 1:1135 : <<BRANCH>> : com.obs.android.shared.CBSApplication/b:(Landroid/content/Context;)Z:3445f2  =>  com.obs.android.shared.CBSApplication/b:(Landroid/content/Context;)Z:344602
android.widget.TextView/setText:(Ljava/lang/CharSequence;)V:371ef8		=(rels)=>		1
[*] Unique action: 1:88044 : <<CALL>> : com.obs.mobile_tablet.MainActivity/a:(Landroid/view/LayoutInflater;Landroid/view/ViewGroup;Landroid/os/Bundle;)Landroid/view/View;:371ef8  =>  android.widget.TextView/setText:(Ljava/lang/CharSequence;)V:29ee34
	1:compareBackwardBranch: 1:1135 : <<BRANCH>> : com.obs.android.shared.CBSApplication/b:(Landroid/content/Context;)Z:3445f2  =>  com.obs.android.shared.CBSApplication/b:(Landroid/content/Context;)Z:344602
android.view.View/setOnClickListener:(Landroid/view/View$OnClickListener;)V:3904d6		=(rels)=>		1
[*] Unique action: 1:94808 : <<CALL>> : com.obs.mobile_tablet.navigation.MainNavigation_ViewBinding/<init>:(Lcom/obs/mobile_tablet/navigation/MainNavigation;Landroid/view/View;)V:3904d6  =>  android.view.View/setOnClickListener:(Landroid/view/View$OnClickListener;)V:1bf5f8
	1:compareBackwardBranch: 1:1323 : <<BRANCH>> : com.obs.android.shared.a.a/a:(Landroid/content/Context;)Z:35601c  =>  com.obs.android.shared.a.a/a:(Landroid/content/Context;)Z:356026
android.view.View/setOnClickListener:(Landroid/view/View$OnClickListener;)V:3904d6		=(rels)=>		1
[*] Unique action: 1:94808 : <<CALL>> : com.obs.mobile_tablet.navigation.MainNavigation_ViewBinding/<init>:(Lcom/obs/mobile_tablet/navigation/MainNavigation;Landroid/view/View;)V:3904d6  =>  android.view.View/setOnClickListener:(Landroid/view/View$OnClickListener;)V:1bf5f8
	1:compareBackwardBranch: 1:1135 : <<BRANCH>> : com.obs.android.shared.CBSApplication/b:(Landroid/content/Context;)Z:3445f2  =>  com.obs.android.shared.CBSApplication/b:(Landroid/content/Context;)Z:344602
android.view.View/setOnClickListener:(Landroid/view/View$OnClickListener;)V:28e7da		=(rels)=>		1
[*] Unique action: 1:25377 : <<CALL>> : android.support.v7.widget.Toolbar/setNavigationOnClickListener:(Landroid/view/View$OnClickListener;)V:28e7da  =>  android.view.View/setOnClickListener:(Landroid/view/View$OnClickListener;)V:1bf5f8
	1:compareBackwardBranch: 1:1323 : <<BRANCH>> : com.obs.android.shared.a.a/a:(Landroid/content/Context;)Z:35601c  =>  com.obs.android.shared.a.a/a:(Landroid/content/Context;)Z:356026
android.view.View/setOnClickListener:(Landroid/view/View$OnClickListener;)V:28e7da		=(rels)=>		1
[*] Unique action: 1:25377 : <<CALL>> : android.support.v7.widget.Toolbar/setNavigationOnClickListener:(Landroid/view/View$OnClickListener;)V:28e7da  =>  android.view.View/setOnClickListener:(Landroid/view/View$OnClickListener;)V:1bf5f8
	1:compareBackwardBranch: 1:1135 : <<BRANCH>> : com.obs.android.shared.CBSApplication/b:(Landroid/content/Context;)Z:3445f2  =>  com.obs.android.shared.CBSApplication/b:(Landroid/content/Context;)Z:344602
android.view.ViewGroup/addView:(Landroid/view/View;)V:341d06		=(rels)=>		1
[*] Unique action: 1:27641 : <<CALL>> : com.obs.android.messenger.MainActivity/onCreate:(Landroid/os/Bundle;)V:341d06  =>  android.view.ViewGroup/addView:(Landroid/view/View;)V:19596c
	1:compareBackwardBranch: 1:1323 : <<BRANCH>> : com.obs.android.shared.a.a/a:(Landroid/content/Context;)Z:35601c  =>  com.obs.android.shared.a.a/a:(Landroid/content/Context;)Z:356026
android.view.ViewGroup/addView:(Landroid/view/View;)V:341d06		=(rels)=>		1
[*] Unique action: 1:27641 : <<CALL>> : com.obs.android.messenger.MainActivity/onCreate:(Landroid/os/Bundle;)V:341d06  =>  android.view.ViewGroup/addView:(Landroid/view/View;)V:19596c
	1:compareBackwardBranch: 1:1135 : <<BRANCH>> : com.obs.android.shared.CBSApplication/b:(Landroid/content/Context;)Z:3445f2  =>  com.obs.android.shared.CBSApplication/b:(Landroid/content/Context;)Z:344602
android.view.ViewGroup/addView:(Landroid/view/View;ILandroid/view/ViewGroup$LayoutParams;)V:2376d0		=(rels)=>		1
	1:compareBackwardBranch: 1:1323 : <<BRANCH>> : com.obs.android.shared.a.a/a:(Landroid/content/Context;)Z:35601c  =>  com.obs.android.shared.a.a/a:(Landroid/content/Context;)Z:356026
android.view.ViewGroup/addView:(Landroid/view/View;ILandroid/view/ViewGroup$LayoutParams;)V:2376d0		=(rels)=>		1
[*] Unique action: 1:26774 : <<CALL>> : android.support.constraint.ConstraintLayout/addView:(Landroid/view/View;ILandroid/view/ViewGroup$LayoutParams;)V:2376d0  =>  android.view.ViewGroup/addView:(Landroid/view/View;ILandroid/view/ViewGroup$LayoutParams;)V:1959fc
[*] Unique action: 1:26774 : <<CALL>> : android.support.constraint.ConstraintLayout/addView:(Landroid/view/View;ILandroid/view/ViewGroup$LayoutParams;)V:2376d0  =>  android.view.ViewGroup/addView:(Landroid/view/View;ILandroid/view/ViewGroup$LayoutParams;)V:1959fc
	1:compareBackwardBranch: 1:1135 : <<BRANCH>> : com.obs.android.shared.CBSApplication/b:(Landroid/content/Context;)Z:3445f2  =>  com.obs.android.shared.CBSApplication/b:(Landroid/content/Context;)Z:344602
android.os.Handler/postDelayed:(Ljava/lang/Runnable;J)Z:2b00b8		=(rels)=>		1
	1:compareBackwardBranch: 1:1323 : <<BRANCH>> : com.obs.android.shared.a.a/a:(Landroid/content/Context;)Z:35601c  =>  com.obs.android.shared.a.a/a:(Landroid/content/Context;)Z:356026
android.os.Handler/postDelayed:(Ljava/lang/Runnable;J)Z:2b00b8		=(rels)=>		1
[*] Unique action: 1:98088 : <<CALL>> : com.a.a.a/onActivityPaused:(Landroid/app/Activity;)V:2b00b8  =>  android.os.Handler/postDelayed:(Ljava/lang/Runnable;J)Z:30ca84
[*] Unique action: 1:98088 : <<CALL>> : com.a.a.a/onActivityPaused:(Landroid/app/Activity;)V:2b00b8  =>  android.os.Handler/postDelayed:(Ljava/lang/Runnable;J)Z:30ca84
[*] FlowManager: adjust finished.
Action is completely same :)
Action is completely same :)
46604b9f: There is no difference. (tryAgain=false)
	1:compareBackwardBranch: 1:1135 : <<BRANCH>> : com.obs.android.shared.CBSApplication/b:(Landroid/content/Context;)Z:3445f2  =>  com.obs.android.shared.CBSApplication/b:(Landroid/content/Context;)Z:344602
android.view.ViewGroup/addView:(Landroid/view/View;)V:24fb70		=(rels)=>		1
[*] Unique action: 1:88542 : <<CALL>> : android.support.v4.a.n/a:(Landroid/support/v4/a/h;IIIZ)V:24fb70  =>  android.view.ViewGroup/addView:(Landroid/view/View;)V:19596c
	1:compareBackwardBranch: 1:1323 : <<BRANCH>> : com.obs.android.shared.a.a/a:(Landroid/content/Context;)Z:35601c  =>  com.obs.android.shared.a.a/a:(Landroid/content/Context;)Z:356026
android.view.ViewGroup/addView:(Landroid/view/View;)V:24fb70		=(rels)=>		1
[*] Unique action: 1:88542 : <<CALL>> : android.support.v4.a.n/a:(Landroid/support/v4/a/h;IIIZ)V:24fb70  =>  android.view.ViewGroup/addView:(Landroid/view/View;)V:19596c
	1:compareBackwardBranch: 1:1135 : <<BRANCH>> : com.obs.android.shared.CBSApplication/b:(Landroid/content/Context;)Z:3445f2  =>  com.obs.android.shared.CBSApplication/b:(Landroid/content/Context;)Z:344602
android.view.View/setOnClickListener:(Landroid/view/View$OnClickListener;)V:34d9a0		=(rels)=>		1
[*] Unique action: 1:114999 : <<CALL>> : com.obs.android.shared.RegistrationActivity$a/a:(Landroid/view/LayoutInflater;Landroid/view/ViewGroup;Landroid/os/Bundle;)Landroid/view/View;:34d9a0  =>  android.view.View/setOnClickListener:(Landroid/view/View$OnClickListener;)V:1bf5f8
	1:compareBackwardBranch: 1:1323 : <<BRANCH>> : com.obs.android.shared.a.a/a:(Landroid/content/Context;)Z:35601c  =>  com.obs.android.shared.a.a/a:(Landroid/content/Context;)Z:356026
android.view.View/setOnClickListener:(Landroid/view/View$OnClickListener;)V:34d9a0		=(rels)=>		1
[*] Unique action: 1:114999 : <<CALL>> : com.obs.android.shared.RegistrationActivity$a/a:(Landroid/view/LayoutInflater;Landroid/view/ViewGroup;Landroid/os/Bundle;)Landroid/view/View;:34d9a0  =>  android.view.View/setOnClickListener:(Landroid/view/View$OnClickListener;)V:1bf5f8
	1:compareBackwardBranch: 1:1135 : <<BRANCH>> : com.obs.android.shared.CBSApplication/b:(Landroid/content/Context;)Z:3445f2  =>  com.obs.android.shared.CBSApplication/b:(Landroid/content/Context;)Z:344602
android.view.View/setOnClickListener:(Landroid/view/View$OnClickListener;)V:3903cc		=(rels)=>		1
[*] Unique action: 1:94772 : <<CALL>> : com.obs.mobile_tablet.navigation.MainNavigation_ViewBinding/<init>:(Lcom/obs/mobile_tablet/navigation/MainNavigation;Landroid/view/View;)V:3903cc  =>  android.view.View/setOnClickListener:(Landroid/view/View$OnClickListener;)V:1bf5f8
	1:compareBackwardBranch: 1:1323 : <<BRANCH>> : com.obs.android.shared.a.a/a:(Landroid/content/Context;)Z:35601c  =>  com.obs.android.shared.a.a/a:(Landroid/content/Context;)Z:356026
android.view.View/setOnClickListener:(Landroid/view/View$OnClickListener;)V:3903cc		=(rels)=>		1
[*] Unique action: 1:94772 : <<CALL>> : com.obs.mobile_tablet.navigation.MainNavigation_ViewBinding/<init>:(Lcom/obs/mobile_tablet/navigation/MainNavigation;Landroid/view/View;)V:3903cc  =>  android.view.View/setOnClickListener:(Landroid/view/View$OnClickListener;)V:1bf5f8
	1:compareBackwardBranch: 1:1135 : <<BRANCH>> : com.obs.android.shared.CBSApplication/b:(Landroid/content/Context;)Z:3445f2  =>  com.obs.android.shared.CBSApplication/b:(Landroid/content/Context;)Z:344602
android.widget.TextView/setText:(Ljava/lang/CharSequence;)V:350a42		=(rels)=>		1
[*] Unique action: 1:112890 : <<CALL>> : com.obs.android.shared.RegistrationActivity$e/a:(Landroid/view/LayoutInflater;Landroid/view/ViewGroup;Landroid/os/Bundle;)Landroid/view/View;:350a42  =>  android.widget.TextView/setText:(Ljava/lang/CharSequence;)V:29ee34
	1:compareBackwardBranch: 1:1323 : <<BRANCH>> : com.obs.android.shared.a.a/a:(Landroid/content/Context;)Z:35601c  =>  com.obs.android.shared.a.a/a:(Landroid/content/Context;)Z:356026
android.widget.TextView/setText:(Ljava/lang/CharSequence;)V:350a42		=(rels)=>		1
[*] Unique action: 1:112890 : <<CALL>> : com.obs.android.shared.RegistrationActivity$e/a:(Landroid/view/LayoutInflater;Landroid/view/ViewGroup;Landroid/os/Bundle;)Landroid/view/View;:350a42  =>  android.widget.TextView/setText:(Ljava/lang/CharSequence;)V:29ee34
	1:compareBackwardBranch: 1:1135 : <<BRANCH>> : com.obs.android.shared.CBSApplication/b:(Landroid/content/Context;)Z:3445f2  =>  com.obs.android.shared.CBSApplication/b:(Landroid/content/Context;)Z:344602
android.view.View/setOnClickListener:(Landroid/view/View$OnClickListener;)V:39056e		=(rels)=>		1
[*] Unique action: 1:94824 : <<CALL>> : com.obs.mobile_tablet.navigation.MainNavigation_ViewBinding/<init>:(Lcom/obs/mobile_tablet/navigation/MainNavigation;Landroid/view/View;)V:39056e  =>  android.view.View/setOnClickListener:(Landroid/view/View$OnClickListener;)V:1bf5f8
	1:compareBackwardBranch: 1:1323 : <<BRANCH>> : com.obs.android.shared.a.a/a:(Landroid/content/Context;)Z:35601c  =>  com.obs.android.shared.a.a/a:(Landroid/content/Context;)Z:356026
android.view.View/setOnClickListener:(Landroid/view/View$OnClickListener;)V:39056e		=(rels)=>		1
[*] Unique action: 1:94824 : <<CALL>> : com.obs.mobile_tablet.navigation.MainNavigation_ViewBinding/<init>:(Lcom/obs/mobile_tablet/navigation/MainNavigation;Landroid/view/View;)V:39056e  =>  android.view.View/setOnClickListener:(Landroid/view/View$OnClickListener;)V:1bf5f8
	1:compareBackwardBranch: 1:1135 : <<BRANCH>> : com.obs.android.shared.CBSApplication/b:(Landroid/content/Context;)Z:3445f2  =>  com.obs.android.shared.CBSApplication/b:(Landroid/content/Context;)Z:344602
android.view.View/setOnClickListener:(Landroid/view/View$OnClickListener;)V:279fbe		=(rels)=>		1
[*] Unique action: 1:107784 : <<CALL>> : android.support.v7.app.m/a:(Landroid/view/View;Landroid/util/AttributeSet;)V:279fbe  =>  android.view.View/setOnClickListener:(Landroid/view/View$OnClickListener;)V:1bf5f8
	1:compareBackwardBranch: 1:1323 : <<BRANCH>> : com.obs.android.shared.a.a/a:(Landroid/content/Context;)Z:35601c  =>  com.obs.android.shared.a.a/a:(Landroid/content/Context;)Z:356026
android.view.View/setOnClickListener:(Landroid/view/View$OnClickListener;)V:279fbe		=(rels)=>		1
[*] Unique action: 1:107784 : <<CALL>> : android.support.v7.app.m/a:(Landroid/view/View;Landroid/util/AttributeSet;)V:279fbe  =>  android.view.View/setOnClickListener:(Landroid/view/View$OnClickListener;)V:1bf5f8
	1:compareBackwardBranch: 1:1135 : <<BRANCH>> : com.obs.android.shared.CBSApplication/b:(Landroid/content/Context;)Z:3445f2  =>  com.obs.android.shared.CBSApplication/b:(Landroid/content/Context;)Z:344602
android.view.View/setOnClickListener:(Landroid/view/View$OnClickListener;)V:371f0c		=(rels)=>		1
[*] Unique action: 1:88052 : <<CALL>> : com.obs.mobile_tablet.MainActivity/a:(Landroid/view/LayoutInflater;Landroid/view/ViewGroup;Landroid/os/Bundle;)Landroid/view/View;:371f0c  =>  android.view.View/setOnClickListener:(Landroid/view/View$OnClickListener;)V:1bf5f8
	1:compareBackwardBranch: 1:1323 : <<BRANCH>> : com.obs.android.shared.a.a/a:(Landroid/content/Context;)Z:35601c  =>  com.obs.android.shared.a.a/a:(Landroid/content/Context;)Z:356026
android.view.View/setOnClickListener:(Landroid/view/View$OnClickListener;)V:371f0c		=(rels)=>		1
[*] Unique action: 1:88052 : <<CALL>> : com.obs.mobile_tablet.MainActivity/a:(Landroid/view/LayoutInflater;Landroid/view/ViewGroup;Landroid/os/Bundle;)Landroid/view/View;:371f0c  =>  android.view.View/setOnClickListener:(Landroid/view/View$OnClickListener;)V:1bf5f8
	1:compareBackwardBranch: 1:1135 : <<BRANCH>> : com.obs.android.shared.CBSApplication/b:(Landroid/content/Context;)Z:3445f2  =>  com.obs.android.shared.CBSApplication/b:(Landroid/content/Context;)Z:344602
android.widget.TextView/setText:(Ljava/lang/CharSequence;)V:372aca		=(rels)=>		1
[*] Unique action: 1:97195 : <<CALL>> : com.obs.mobile_tablet.MainActivity/permissionsUpdate:(Lcom/obs/mobile_core/b/a/k;)V:372aca  =>  android.widget.TextView/setText:(Ljava/lang/CharSequence;)V:29ee34
	1:compareBackwardBranch: 1:1323 : <<BRANCH>> : com.obs.android.shared.a.a/a:(Landroid/content/Context;)Z:35601c  =>  com.obs.android.shared.a.a/a:(Landroid/content/Context;)Z:356026
android.widget.TextView/setText:(Ljava/lang/CharSequence;)V:372aca		=(rels)=>		1
[*] Unique action: 1:97195 : <<CALL>> : com.obs.mobile_tablet.MainActivity/permissionsUpdate:(Lcom/obs/mobile_core/b/a/k;)V:372aca  =>  android.widget.TextView/setText:(Ljava/lang/CharSequence;)V:29ee34
	1:compareBackwardBranch: 1:1135 : <<BRANCH>> : com.obs.android.shared.CBSApplication/b:(Landroid/content/Context;)Z:3445f2  =>  com.obs.android.shared.CBSApplication/b:(Landroid/content/Context;)Z:344602
java.lang.System/exit:(I)V:343b16		=(rels)=>		1
[*] Unique action: 1:694 : <<CALL>> : com.obs.android.shared.CBSApplication/b:()V:343b16  =>  java.lang.System/exit:(I)V:ea908
	1:compareBackwardBranch: 1:1323 : <<BRANCH>> : com.obs.android.shared.a.a/a:(Landroid/content/Context;)Z:35601c  =>  com.obs.android.shared.a.a/a:(Landroid/content/Context;)Z:356026
java.lang.System/exit:(I)V:343b16		=(rels)=>		1
[*] Unique action: 1:1354 : <<CALL>> : com.obs.android.shared.CBSApplication/b:()V:343b16  =>  java.lang.System/exit:(I)V:ea908
	1:compareBackwardBranch2: 1:1135 : <<BRANCH>> : com.obs.android.shared.CBSApplication/b:(Landroid/content/Context;)Z:3445f2  =>  com.obs.android.shared.CBSApplication/b:(Landroid/content/Context;)Z:344602
	1:compareBackwardBranch2: 1:1323 : <<BRANCH>> : com.obs.android.shared.a.a/a:(Landroid/content/Context;)Z:35601c  =>  com.obs.android.shared.a.a/a:(Landroid/content/Context;)Z:356026
Entry: 343c54
Entry: 355eb0
com.obs.android.shared.CBSApplication/b:(Landroid/content/Context;)Z: 3445f2 -> 344602
com.obs.android.shared.a.a/a:(Landroid/content/Context;)Z: 35601c -> 356026
		com.obs.android.shared.a.a/a:(Landroid/content/Context;)Z: 16c -> 176
		com.obs.android.shared.CBSApplication/b:(Landroid/content/Context;)Z: 99e -> 9ae
addPatchReadme: java.lang.Class<com.obs.android.shared.a.a>a(Landroid/content/Context;)Z 16c t
addPatchReadme: java.lang.Class<com.obs.android.shared.CBSApplication>b(Landroid/content/Context;)Z 99e t
159ceeed: [+] Patches found in this round: 1
b29e6a69: [+] Patches found in this round: 1
159ceeed: [*] Found Patch size: 1
b29e6a69: [*] Found Patch size: 1
Target PID : 
Target PID : 
ExitReason-Code: 6 (/home/santapark/Extended3/DEEPerence/reEx/devRoot_sample21@devRoot-D-R@devDebug-D-R.obfuscated_flattened.ilog)
b29e6a69: 	@@@Found patch addr: 344602
b29e6a69: Querying offset: 3445f2
b29e6a69: 	--Add method name to patch = com.obs.android.shared.CBSApplication/b:(Landroid/content/Context;)Z 	3445f2
ExitReason-Code: 6 (/home/santapark/Extended3/DEEPerence/reEx/devDebug_sample21@devRoot-D-R@devDebug-D-R.obfuscated_flattened.ilog)
159ceeed: 	@@@Found patch addr: 35602c
159ceeed: Querying offset: 35601c
159ceeed: 	--Add method name to patch = com.obs.android.shared.a.a/a:(Landroid/content/Context;)Z 	35601c
Devices presenting anti-analysis: 
	devRoot
	devDebug
b29e6a69: patching method: com.obs.android.shared.CBSApplication/b:(Landroid/content/Context;)Z
b29e6a69: outDir - /home/santapark/Extended3/DEEPerence/reEx/sample21.apk@devRoot-D-R@devDebug-D-R.apk.obfuscated_flattened_devRoot
Wow!!!!!  --  com.obs.android.shared.CBSApplication/b:(Landroid/content/Context;)Z
fallthrough: 9a2
branchTarget: 9ae
label = cond_11
GOTO -- 9a2 	9ae
axmlPath: /home/santapark/Extended3/DEEPerence/reEx/sample21.apk@devRoot-D-R@devDebug-D-R.apk.obfuscated_flattened_devRoot/AndroidManifest.xml
outDir: /home/santapark/Extended3/DEEPerence/reEx/sample21.apk@devRoot-D-R@devDebug-D-R.apk.obfuscated_flattened_devRoot/sample21.apk@devRoot-D-R@devDebug-D-R.apk.obfuscated_flattened.apk
b29e6a69: Patched APK File: /home/santapark/Extended3/DEEPerence/reEx/sample21.apk@devRoot-D-R@devDebug-D-R.apk.obfuscated_flattened_devRoot/signed_sample21.apk@devRoot-D-R@devDebug-D-R.apk.obfuscated_flattened.apk
b29e6a69: First address of Lcom/obs/android/shared/CBSApplication;->b(Landroid/content/Context;)Z = 343c64
b29e6a69: Address - Lcom/obs/android/shared/CBSApplication;->b(Landroid/content/Context;)Z@99e	 lastOffset = 1b38
b29e6a69: Instruction@@: IF_NEZ
159ceeed: patching method: com.obs.android.shared.a.a/a:(Landroid/content/Context;)Z
159ceeed: outDir - /home/santapark/Extended3/DEEPerence/reEx/sample21.apk@devRoot-D-R@devDebug-D-R.apk.obfuscated_flattened_devDebug
Wow!!!!!  --  com.obs.android.shared.a.a/a:(Landroid/content/Context;)Z
fallthrough: 170
branchTarget: 176
label = cond_1
GOTO -- 170 	176
axmlPath: /home/santapark/Extended3/DEEPerence/reEx/sample21.apk@devRoot-D-R@devDebug-D-R.apk.obfuscated_flattened_devDebug/AndroidManifest.xml
outDir: /home/santapark/Extended3/DEEPerence/reEx/sample21.apk@devRoot-D-R@devDebug-D-R.apk.obfuscated_flattened_devDebug/sample21.apk@devRoot-D-R@devDebug-D-R.apk.obfuscated_flattened.apk
159ceeed: Patched APK File: /home/santapark/Extended3/DEEPerence/reEx/sample21.apk@devRoot-D-R@devDebug-D-R.apk.obfuscated_flattened_devDebug/signed_sample21.apk@devRoot-D-R@devDebug-D-R.apk.obfuscated_flattened.apk
159ceeed: First address of Lcom/obs/android/shared/a/a;->a(Landroid/content/Context;)Z = 355ec0
159ceeed: Address - Lcom/obs/android/shared/a/a;->a(Landroid/content/Context;)Z@16c	 lastOffset = 454
159ceeed: Instruction@@: IF_EQZ
b29e6a69: (Not Installed) Trying remove : true
159ceeed: (Not Installed) Trying remove : true
Installing apk: /home/santapark/Extended3/DEEPerence/reEx/sample21.apk@devRoot-D-R@devDebug-D-R.apk.obfuscated_flattened_devRoot/signed_sample21.apk@devRoot-D-R@devDebug-D-R.apk.obfuscated_flattened.apk
Installing apk: /home/santapark/Extended3/DEEPerence/reEx/sample21.apk@devRoot-D-R@devDebug-D-R.apk.obfuscated_flattened_devDebug/signed_sample21.apk@devRoot-D-R@devDebug-D-R.apk.obfuscated_flattened.apk
159ceeed: Installation Success
b29e6a69: Installation Success
b29e6a69: startApplication called! - devRoot
159ceeed: startApplication called! - devDebug
b29e6a69: Collecting logcat... (/home/santapark/Extended3/DEEPerence/reEx/devRoot_sample21@devRoot-D-R@devDebug-D-R.obfuscated_flattened.ilog)
b29e6a69: Running Application: com.obs.android.olm.woodforest.prod
159ceeed: Collecting logcat... (/home/santapark/Extended3/DEEPerence/reEx/devDebug_sample21@devRoot-D-R@devDebug-D-R.obfuscated_flattened.ilog)
PIDs--------------------------------------------------------------------------
u0_a782       11563    423 13816360 109192 0                  0 S com.obs.android.olm.woodforest.prod
forward tcp:35535 jdwp:11563
[*]Found JDWP Target: 11563
159ceeed: Running Application: com.obs.android.olm.woodforest.prod
PIDs--------------------------------------------------------------------------
u0_a782       11563    423 14109228 156600 0                  0 R com.obs.android.olm.woodforest.prod
159ceeed: Tryging attach jdb to 11563
jdb -connect com.sun.jdi.SocketAttach:hostname=localhost,port=35535
159ceeed: Running is done - starting comparing... : 10001
159ceeed: Terminated logcat thread...by itself
159ceeed: Top-activity: com.android.launcher3/.Launcher
PIDs--------------------------------------------------------------------------
159ceeed: savedPid = null
PIDs--------------------------------------------------------------------------
159ceeed: savedPid2 = null
Stopping app: com.obs.android.olm.woodforest.prod
Tryging remove : uninstall com.obs.android.olm.woodforest.prod(com.obs.android.olm.woodforest.prod)
159ceeed: Remove Success
159ceeed: ilog file size: 48490930
159ceeed: End of collecting logcat...
b29e6a69: Terminated logcat thread...by itself
b29e6a69: Top-activity: com.obs.android.olm.woodforest.prod/com.obs.android.shared.RegistrationActivity
PIDs--------------------------------------------------------------------------
u0_a443        9370    430 14250516 178308 0                  0 S com.obs.android.olm.woodforest.prod
b29e6a69: savedPid = 9370
PIDs--------------------------------------------------------------------------
u0_a443        9370    430 14250516 178308 0                  0 S com.obs.android.olm.woodforest.prod
b29e6a69: savedPid2 = 9370
Stopping app: com.obs.android.olm.woodforest.prod
Tryging remove : uninstall com.obs.android.olm.woodforest.prod(com.obs.android.olm.woodforest.prod)
b29e6a69: Remove Success
b29e6a69: ilog file size: 190616184
b29e6a69: End of collecting logcat...
HPFinder's try count remains: 28
Target PID : 14516
Target PID : 14516
ExitReason-Code: 1 (/home/santapark/Extended3/DEEPerence/reEx/devRef_sample21@devRoot-D-R@devDebug-D-R.obfuscated_flattened.ilog)
Target PID : 9370
ExitReason-Code: 1 (/home/santapark/Extended3/DEEPerence/reEx/devRef_sample21@devRoot-D-R@devDebug-D-R.obfuscated_flattened.ilog)
Target PID : 
ExitReason-Code: 6 (/home/santapark/Extended3/DEEPerence/reEx/devDebug_sample21@devRoot-D-R@devDebug-D-R.obfuscated_flattened.ilog)
159ceeed: adding filter -- 35601c
ExitReason-Code: 1 (/home/santapark/Extended3/DEEPerence/reEx/devRoot_sample21@devRoot-D-R@devDebug-D-R.obfuscated_flattened.ilog)
b29e6a69: adding filter -- 3445f2
[*] FlowManager: adjust finished.
-- current localPatchFilter: 35601c
Action is completely same :)
java.lang.System/exit:(I)V:343b16		=(rels)=>		1
[*] Unique action: 17:240231 : <<CALL>> : com.obs.android.shared.CBSApplication/b:()V:343b16  =>  java.lang.System/exit:(I)V:ea908
	1:compareBackwardBranch2: 15:1278 : <<BRANCH>> : com.obs.android.shared.a.a$1/run:()V:355d24  =>  com.obs.android.shared.a.a$1/run:()V:355d16
Entry: 355c6c
com.obs.android.shared.a.a$1/run:()V: 355d24 -> 355d16
		com.obs.android.shared.a.a$1/run:()V: b8 -> aa
addPatchReadme: java.lang.Class<com.obs.android.shared.a.a$1>run()V b8 t
159ceeed: [+] Patches found in this round: 1
159ceeed: [*] Found Patch size: 1
Target PID : 
ExitReason-Code: 6 (/home/santapark/Extended3/DEEPerence/reEx/devDebug_sample21@devRoot-D-R@devDebug-D-R.obfuscated_flattened.ilog)
159ceeed: @@localPatchFilter -- 35602c
159ceeed: 	@@@Found patch addr: 355d34
159ceeed: Querying offset: 355d24
159ceeed: 	--Add method name to patch = com.obs.android.shared.a.a$1/run:()V 	355d24
[*] FlowManager: adjust finished.
-- current localPatchFilter: 3445f2
Action is completely same :)
Action is completely same :)
b29e6a69: There is no difference. (tryAgain=false)
Devices presenting anti-analysis: 
	devDebug
159ceeed: patching method: com.obs.android.shared.a.a/a:(Landroid/content/Context;)Z
159ceeed: patching method: com.obs.android.shared.a.a$1/run:()V
159ceeed: outDir - /home/santapark/Extended3/DEEPerence/reEx/sample21.apk@devRoot-D-R@devDebug-D-R.apk.obfuscated_flattened_devDebug
Wow!!!!!  --  com.obs.android.shared.a.a$1/run:()V
fallthrough: bc
branchTarget: aa
label = cond_0
GOTO -- bc 	aa
Wow!!!!!  --  com.obs.android.shared.a.a/a:(Landroid/content/Context;)Z
fallthrough: 170
branchTarget: 176
label = cond_1
GOTO -- 170 	176
axmlPath: /home/santapark/Extended3/DEEPerence/reEx/sample21.apk@devRoot-D-R@devDebug-D-R.apk.obfuscated_flattened_devDebug/AndroidManifest.xml
outDir: /home/santapark/Extended3/DEEPerence/reEx/sample21.apk@devRoot-D-R@devDebug-D-R.apk.obfuscated_flattened_devDebug/sample21.apk@devRoot-D-R@devDebug-D-R.apk.obfuscated_flattened.apk
159ceeed: Patched APK File: /home/santapark/Extended3/DEEPerence/reEx/sample21.apk@devRoot-D-R@devDebug-D-R.apk.obfuscated_flattened_devDebug/signed_sample21.apk@devRoot-D-R@devDebug-D-R.apk.obfuscated_flattened.apk
159ceeed: First address of Lcom/obs/android/shared/a/a;->a(Landroid/content/Context;)Z = 355ec0
159ceeed: Address - Lcom/obs/android/shared/a/a;->a(Landroid/content/Context;)Z@16c	 lastOffset = 454
159ceeed: Instruction@@: IF_EQZ
159ceeed: First address of Lcom/obs/android/shared/a/a$1;->run()V = 355c7c
159ceeed: Address - Lcom/obs/android/shared/a/a$1;->run()V@b8	 lastOffset = 160
159ceeed: Instruction@@: IF_EQZ
159ceeed: (Not Installed) Trying remove : true
Installing apk: /home/santapark/Extended3/DEEPerence/reEx/sample21.apk@devRoot-D-R@devDebug-D-R.apk.obfuscated_flattened_devDebug/signed_sample21.apk@devRoot-D-R@devDebug-D-R.apk.obfuscated_flattened.apk
159ceeed: Installation Success
159ceeed: startApplication called! - devDebug
159ceeed: Collecting logcat... (/home/santapark/Extended3/DEEPerence/reEx/devDebug_sample21@devRoot-D-R@devDebug-D-R.obfuscated_flattened.ilog)
PIDs--------------------------------------------------------------------------
u0_a783       11699    423 13816360 109084 0                  0 R com.obs.android.olm.woodforest.prod
forward tcp:35535 jdwp:11699
[*]Found JDWP Target: 11699
159ceeed: Running Application: com.obs.android.olm.woodforest.prod
PIDs--------------------------------------------------------------------------
u0_a783       11699    423 14109228 157216 0                  0 R com.obs.android.olm.woodforest.prod
159ceeed: Tryging attach jdb to 11699
jdb -connect com.sun.jdi.SocketAttach:hostname=localhost,port=35535
159ceeed: Terminated logcat thread...by itself
159ceeed: Top-activity: com.obs.android.olm.woodforest.prod/com.obs.android.shared.RegistrationActivity
PIDs--------------------------------------------------------------------------
u0_a783       11699    423 14230740 190212 0                  0 S com.obs.android.olm.woodforest.prod
159ceeed: savedPid = 11699
PIDs--------------------------------------------------------------------------
u0_a783       11699    423 14230740 190212 0                  0 S com.obs.android.olm.woodforest.prod
159ceeed: savedPid2 = 11699
Stopping app: com.obs.android.olm.woodforest.prod
Tryging remove : uninstall com.obs.android.olm.woodforest.prod(com.obs.android.olm.woodforest.prod)
159ceeed: Remove Success
159ceeed: ilog file size: 111874179
159ceeed: End of collecting logcat...
HPFinder's try count remains: 27
Target PID : 14516
ExitReason-Code: 1 (/home/santapark/Extended3/DEEPerence/reEx/devRef_sample21@devRoot-D-R@devDebug-D-R.obfuscated_flattened.ilog)
Target PID : 11699
ExitReason-Code: 1 (/home/santapark/Extended3/DEEPerence/reEx/devDebug_sample21@devRoot-D-R@devDebug-D-R.obfuscated_flattened.ilog)
159ceeed: adding filter -- 35601c
159ceeed: adding filter -- 355d24
[*] FlowManager: adjust finished.
-- current localPatchFilter: 355d24
-- current localPatchFilter: 35601c
Action is completely same :)
Action is completely same :)
159ceeed: There is no difference. (tryAgain=false)
-- HPFinder will be done in this iteration :)
hasAntiAnalysis? - devTamper: false on com.obs.android.messenger.MainActivity
hasAntiAnalysis? - devRoot: true on com.obs.android.messenger.MainActivity
	isRemovedThem? - devRoot: true on com.obs.android.messenger.MainActivity	-	tryCount: 1
hasAntiAnalysis? - devDebug: true on com.obs.android.messenger.MainActivity
	isRemovedThem? - devDebug: true on com.obs.android.messenger.MainActivity	-	tryCount: 2
*****REPORT: com.obs.android.olm.woodforest.prod
* Package name: com.obs.android.olm.woodforest.prod
* Running time: 540
* FileSize: 5742674
devTamper : 111786091
devRef : 188527515
devRoot : 190616184
devDebug : 111874179
hasAntiAnalysis? - devTamper: false on com.obs.android.messenger.MainActivity
hasAntiAnalysis? - devRoot: true on com.obs.android.messenger.MainActivity
	isRemovedThem? - devRoot: true on com.obs.android.messenger.MainActivity	-	tryCount: 1
hasAntiAnalysis? - devDebug: true on com.obs.android.messenger.MainActivity
	isRemovedThem? - devDebug: true on com.obs.android.messenger.MainActivity	-	tryCount: 2
46604b9f: trying remove : com.obs.android.olm.woodforest.prod
3601a6ff: trying remove : com.obs.android.olm.woodforest.prod
b29e6a69: trying remove : com.obs.android.olm.woodforest.prod
159ceeed: trying remove : com.obs.android.olm.woodforest.prod
159ceeed: (Not Installed) Trying remove : true
159ceeed: -- Success
b29e6a69: (Not Installed) Trying remove : true
b29e6a69: -- Success
159ceeed: result = true
b29e6a69: result = true
46604b9f: (Not Installed) Trying remove : true
46604b9f: -- Success
46604b9f: result = true
3601a6ff: (Not Installed) Trying remove : true
3601a6ff: -- Success
3601a6ff: result = true
3601a6ff: isFailedToLaunch: com.obs.android.olm.woodforest.prod/com.obs.android.shared.RegistrationActivity
3601a6ff: 	--result: Good :)
