axmlPath: /home/santapark/Extended3/DEEPerence/reEx/62abc03c769cd55e9755085f982b76549b0b1f4608f88308d366b0b022b10a1c.apk@devRoot-D-R.apk.obfuscated/AndroidManifest.xml
launchable-activity: name='com.z4mod.z4root2.z4root'  label='一键安全root工具' icon=''
{ACTIVITY, z4root, android.intent.action.MAIN}
{ACTIVITY, Phase1}
{ACTIVITY, Phase2}
{ACTIVITY, PhaseRemove}
{ACTIVITY, com.admob.android.ads.AdMobActivity}
{ACTIVITY, z4root, android.intent.action.MAIN}
{ACTIVITY, Phase1}
{ACTIVITY, Phase2}
{ACTIVITY, PhaseRemove}
{ACTIVITY, com.admob.android.ads.AdMobActivity}
_getAllDexFiles: /home/santapark/Extended3/DEEPerence/reEx/62abc03c769cd55e9755085f982b76549b0b1f4608f88308d366b0b022b10a1c.apk@devRoot-D-R.apk.obfuscated/classes.dex
----------------/home/santapark/Extended3/DEEPerence/reEx/62abc03c769cd55e9755085f982b76549b0b1f4608f88308d366b0b022b10a1c.apk@devRoot-D-R.apk.obfuscated.apk
dexFile = org.jf.dexlib2.dexbacked.DexBackedDexFile@1dfe2924
com.z4mod.z4root2
com.z4mod.z4root2.z4root
debuggable: false
159ceeed: (Not Installed) Trying remove : true
159ceeed: -- Success
b29e6a69: (Not Installed) Trying remove : true
b29e6a69: -- Success
46604b9f: (Not Installed) Trying remove : true
46604b9f: -- Success
3601a6ff: (Not Installed) Trying remove : true
3601a6ff: -- Success
Installing apk: /home/santapark/Extended3/DEEPerence/reEx/62abc03c769cd55e9755085f982b76549b0b1f4608f88308d366b0b022b10a1c.apk@devRoot-D-R.apk.obfuscated.apk
Installing apk: /home/santapark/Extended3/DEEPerence/reEx/62abc03c769cd55e9755085f982b76549b0b1f4608f88308d366b0b022b10a1c.apk@devRoot-D-R.apk.obfuscated.apk
Installing apk: /home/santapark/Extended3/DEEPerence/reEx/62abc03c769cd55e9755085f982b76549b0b1f4608f88308d366b0b022b10a1c.apk@devRoot-D-R.apk.obfuscated.apk
axmlPath: /home/santapark/Extended3/DEEPerence/reEx/62abc03c769cd55e9755085f982b76549b0b1f4608f88308d366b0b022b10a1c.apk@devRoot-D-R.apk.obfuscated_46604b9f/AndroidManifest.xml
outDir: /home/santapark/Extended3/DEEPerence/reEx/62abc03c769cd55e9755085f982b76549b0b1f4608f88308d366b0b022b10a1c.apk@devRoot-D-R.apk.obfuscated_46604b9f/62abc03c769cd55e9755085f982b76549b0b1f4608f88308d366b0b022b10a1c.apk@devRoot-D-R.apk.obfuscated.apk
46604b9f: Installing repackaged apk File: 
Installing apk: /home/santapark/Extended3/DEEPerence/reEx/62abc03c769cd55e9755085f982b76549b0b1f4608f88308d366b0b022b10a1c.apk@devRoot-D-R.apk.obfuscated_46604b9f/signed_62abc03c769cd55e9755085f982b76549b0b1f4608f88308d366b0b022b10a1c.apk@devRoot-D-R.apk.obfuscated.apk
159ceeed: Installation Success
3601a6ff: Installation Success
b29e6a69: Installation Success
46604b9f: Installation Success
46604b9f: startApplication called! - devTamper
3601a6ff: startApplication called! - devRef
b29e6a69: startApplication called! - devRoot
159ceeed: startApplication called! - devDebug
46604b9f: Collecting logcat... (/home/santapark/Extended3/DEEPerence/reEx/devTamper_62abc03c769cd55e9755085f982b76549b0b1f4608f88308d366b0b022b10a1c@devRoot-D-R.obfuscated.ilog)
b29e6a69: Collecting logcat... (/home/santapark/Extended3/DEEPerence/reEx/devRoot_62abc03c769cd55e9755085f982b76549b0b1f4608f88308d366b0b022b10a1c@devRoot-D-R.obfuscated.ilog)
3601a6ff: Collecting logcat... (/home/santapark/Extended3/DEEPerence/reEx/devRef_62abc03c769cd55e9755085f982b76549b0b1f4608f88308d366b0b022b10a1c@devRoot-D-R.obfuscated.ilog)
159ceeed: Collecting logcat... (/home/santapark/Extended3/DEEPerence/reEx/devDebug_62abc03c769cd55e9755085f982b76549b0b1f4608f88308d366b0b022b10a1c@devRoot-D-R.obfuscated.ilog)
46604b9f: Running Application: com.z4mod.z4root2
b29e6a69: Running Application: com.z4mod.z4root2
3601a6ff: Running Application: com.z4mod.z4root2
PIDs--------------------------------------------------------------------------
u0_a894       11484    424 1037460 104772 0                   0 S com.z4mod.z4root2:three
forward tcp:35535 jdwp:11484
[*]Found JDWP Target: 11484
159ceeed: Running Application: com.z4mod.z4root2
3601a6ff: Running is done - starting comparing... : 10001
3601a6ff: Terminated logcat thread...by itself
b29e6a69: Running is done - starting comparing... : 10001
b29e6a69: Terminated logcat thread...by itself
46604b9f: Running is done - starting comparing... : 10001
46604b9f: Terminated logcat thread...by itself
159ceeed: Running is done - starting comparing... : 10001
159ceeed: Terminated logcat thread...by itself
46604b9f: Top-activity: com.z4mod.z4root2/.z4root
3601a6ff: Top-activity: com.z4mod.z4root2/.z4root
PIDs--------------------------------------------------------------------------
u0_a432        9401    426 1035700 101028 0                   0 S com.z4mod.z4root2:three
46604b9f: savedPid = 9401
PIDs--------------------------------------------------------------------------
u0_a465        8453    415 1035156 100480 0                   0 S com.z4mod.z4root2:three
3601a6ff: savedPid = 8453
PIDs--------------------------------------------------------------------------
u0_a432        9401    426 1035700 101028 0                   0 S com.z4mod.z4root2:three
46604b9f: savedPid2 = 9401
Stopping app: com.z4mod.z4root2
159ceeed: Top-activity: com.z4mod.z4root2/.z4root
PIDs--------------------------------------------------------------------------
u0_a465        8453    415 1035156 100480 0                   0 S com.z4mod.z4root2:three
3601a6ff: savedPid2 = 8453
Stopping app: com.z4mod.z4root2
PIDs--------------------------------------------------------------------------
u0_a894       11484    424 1037480 103380 0                   0 S com.z4mod.z4root2:three
159ceeed: savedPid = 11484
PIDs--------------------------------------------------------------------------
u0_a894       11484    424 1037480 103380 0                   0 S com.z4mod.z4root2:three
159ceeed: savedPid2 = 11484
Stopping app: com.z4mod.z4root2
b29e6a69: Top-activity: com.z4mod.z4root2/.z4root
PIDs--------------------------------------------------------------------------
u0_a578       10543    431 1039388 106236 0                   0 S com.z4mod.z4root2:three
b29e6a69: savedPid = 10543
PIDs--------------------------------------------------------------------------
u0_a578       10543    431 1039388 106236 0                   0 S com.z4mod.z4root2:three
b29e6a69: savedPid2 = 10543
Stopping app: com.z4mod.z4root2
Tryging remove : uninstall com.z4mod.z4root2(com.z4mod.z4root2)
3601a6ff: Remove Success
3601a6ff: ilog file size: 2041926
3601a6ff: End of collecting logcat...
Tryging remove : uninstall com.z4mod.z4root2(com.z4mod.z4root2)
159ceeed: Remove Success
159ceeed: ilog file size: 2041460
159ceeed: End of collecting logcat...
Tryging remove : uninstall com.z4mod.z4root2(com.z4mod.z4root2)
46604b9f: Remove Success
46604b9f: ilog file size: 2041460
46604b9f: End of collecting logcat...
Tryging remove : uninstall com.z4mod.z4root2(com.z4mod.z4root2)
b29e6a69: Remove Success
b29e6a69: ilog file size: 2068722
b29e6a69: End of collecting logcat...
HPFinder's try count remains: 29
Target PID : 8453
Target PID : 8453
Target PID : 8453
ExitReason-Code: 1 (/home/santapark/Extended3/DEEPerence/reEx/devRef_62abc03c769cd55e9755085f982b76549b0b1f4608f88308d366b0b022b10a1c@devRoot-D-R.obfuscated.ilog)
Target PID : 9401
ExitReason-Code: 1 (/home/santapark/Extended3/DEEPerence/reEx/devRef_62abc03c769cd55e9755085f982b76549b0b1f4608f88308d366b0b022b10a1c@devRoot-D-R.obfuscated.ilog)
Target PID : 11484
ExitReason-Code: 1 (/home/santapark/Extended3/DEEPerence/reEx/devRef_62abc03c769cd55e9755085f982b76549b0b1f4608f88308d366b0b022b10a1c@devRoot-D-R.obfuscated.ilog)
Target PID : 10543
ExitReason-Code: 1 (/home/santapark/Extended3/DEEPerence/reEx/devRoot_62abc03c769cd55e9755085f982b76549b0b1f4608f88308d366b0b022b10a1c@devRoot-D-R.obfuscated.ilog)
ExitReason-Code: 1 (/home/santapark/Extended3/DEEPerence/reEx/devTamper_62abc03c769cd55e9755085f982b76549b0b1f4608f88308d366b0b022b10a1c@devRoot-D-R.obfuscated.ilog)
ExitReason-Code: 1 (/home/santapark/Extended3/DEEPerence/reEx/devDebug_62abc03c769cd55e9755085f982b76549b0b1f4608f88308d366b0b022b10a1c@devRoot-D-R.obfuscated.ilog)
[*] FlowManager: adjust finished.
[*] FlowManager: adjust finished.
[*] FlowManager: adjust finished.
Action is completely same :)
Action is completely same :)
Action is completely same :)
Action is completely same :)
Action is completely same :)
46604b9f: There is no difference. (tryAgain=false)
b29e6a69: There is no difference. (tryAgain=false)
Action is completely same :)
159ceeed: There is no difference. (tryAgain=false)
-- HPFinder will be done in this iteration :)
hasAntiAnalysis? - devTamper: false on com.z4mod.z4root2.z4root
hasAntiAnalysis? - devRoot: false on com.z4mod.z4root2.z4root
hasAntiAnalysis? - devDebug: false on com.z4mod.z4root2.z4root
*****REPORT: com.z4mod.z4root2
* Package name: com.z4mod.z4root2
* Running time: 29
* FileSize: 1138671
devTamper : 2041460
devRef : 2041926
devRoot : 2068722
devDebug : 2041460
hasAntiAnalysis? - devTamper: false on com.z4mod.z4root2.z4root
hasAntiAnalysis? - devRoot: false on com.z4mod.z4root2.z4root
hasAntiAnalysis? - devDebug: false on com.z4mod.z4root2.z4root
46604b9f: trying remove : com.z4mod.z4root2
3601a6ff: trying remove : com.z4mod.z4root2
b29e6a69: trying remove : com.z4mod.z4root2
159ceeed: trying remove : com.z4mod.z4root2
46604b9f: (Not Installed) Trying remove : true
46604b9f: -- Success
46604b9f: result = true
159ceeed: (Not Installed) Trying remove : true
159ceeed: -- Success
159ceeed: result = true
b29e6a69: (Not Installed) Trying remove : true
b29e6a69: -- Success
b29e6a69: result = true
3601a6ff: (Not Installed) Trying remove : true
3601a6ff: -- Success
3601a6ff: result = true
3601a6ff: isFailedToLaunch: com.z4mod.z4root2/.z4root
3601a6ff: 	--result: Good :)
